[5.283s] Invoking command in '/root/GZ_DiNiu/src/motor_control_py': PYTHONPATH=/root/GZ_DiNiu/build/motor_control_py/prefix_override:/usr/lib/python3/dist-packages/colcon_core/task/python/colcon_distutils_commands:/root/GZ_DiNiu/install/motor_control_py/lib/python3.10/site-packages:${PYTHONPATH} /usr/bin/python3 -W ignore:setup.py install is deprecated -W ignore:easy_install command is deprecated setup.py egg_info --egg-base ../../build/motor_control_py build --build-base /root/GZ_DiNiu/build/motor_control_py/build install --record /root/GZ_DiNiu/build/motor_control_py/install.log --single-version-externally-managed install_data
[6.768s] running egg_info
[6.771s] writing ../../build/motor_control_py/motor_control_py.egg-info/PKG-INFO
[6.773s] writing dependency_links to ../../build/motor_control_py/motor_control_py.egg-info/dependency_links.txt
[6.776s] writing entry points to ../../build/motor_control_py/motor_control_py.egg-info/entry_points.txt
[6.779s] writing requirements to ../../build/motor_control_py/motor_control_py.egg-info/requires.txt
[6.780s] writing top-level names to ../../build/motor_control_py/motor_control_py.egg-info/top_level.txt
[6.787s] reading manifest file '../../build/motor_control_py/motor_control_py.egg-info/SOURCES.txt'
[6.792s] writing manifest file '../../build/motor_control_py/motor_control_py.egg-info/SOURCES.txt'
[6.793s] running build
[6.795s] running build_py
[6.796s] running install
[6.797s] running install_lib
[6.805s] running install_data
[6.807s] running install_egg_info
[6.817s] removing '/root/GZ_DiNiu/install/motor_control_py/lib/python3.10/site-packages/motor_control_py-0.0.1-py3.10.egg-info' (and everything under it)
[6.818s] Copying ../../build/motor_control_py/motor_control_py.egg-info to /root/GZ_DiNiu/install/motor_control_py/lib/python3.10/site-packages/motor_control_py-0.0.1-py3.10.egg-info
[6.825s] running install_scripts
[6.928s] Installing motor_control_node script to /root/GZ_DiNiu/install/motor_control_py/lib/motor_control_py
[6.930s] Installing steer_control_node script to /root/GZ_DiNiu/install/motor_control_py/lib/motor_control_py
[6.933s] writing list of installed files to '/root/GZ_DiNiu/build/motor_control_py/install.log'
[7.136s] Invoked command in '/root/GZ_DiNiu/src/motor_control_py' returned '0': PYTHONPATH=/root/GZ_DiNiu/build/motor_control_py/prefix_override:/usr/lib/python3/dist-packages/colcon_core/task/python/colcon_distutils_commands:/root/GZ_DiNiu/install/motor_control_py/lib/python3.10/site-packages:${PYTHONPATH} /usr/bin/python3 -W ignore:setup.py install is deprecated -W ignore:easy_install command is deprecated setup.py egg_info --egg-base ../../build/motor_control_py build --build-base /root/GZ_DiNiu/build/motor_control_py/build install --record /root/GZ_DiNiu/build/motor_control_py/install.log --single-version-externally-managed install_data
