[6.538s] Invoking command in '/root/GZ_DiNiu/src/motor_control_py': PYTHONPATH=/root/GZ_DiNiu/build/motor_control_py/prefix_override:/usr/lib/python3/dist-packages/colcon_core/task/python/colcon_distutils_commands:/root/GZ_DiNiu/install/motor_control_py/lib/python3.10/site-packages:${PYTHONPATH} /usr/bin/python3 -W ignore:setup.py install is deprecated -W ignore:easy_install command is deprecated setup.py egg_info --egg-base ../../build/motor_control_py build --build-base /root/GZ_DiNiu/build/motor_control_py/build install --record /root/GZ_DiNiu/build/motor_control_py/install.log --single-version-externally-managed install_data
[8.168s] running egg_info
[8.173s] writing ../../build/motor_control_py/motor_control_py.egg-info/PKG-INFO
[8.174s] writing dependency_links to ../../build/motor_control_py/motor_control_py.egg-info/dependency_links.txt
[8.178s] writing entry points to ../../build/motor_control_py/motor_control_py.egg-info/entry_points.txt
[8.181s] writing requirements to ../../build/motor_control_py/motor_control_py.egg-info/requires.txt
[8.183s] writing top-level names to ../../build/motor_control_py/motor_control_py.egg-info/top_level.txt
[8.199s] reading manifest file '../../build/motor_control_py/motor_control_py.egg-info/SOURCES.txt'
[8.203s] writing manifest file '../../build/motor_control_py/motor_control_py.egg-info/SOURCES.txt'
[8.204s] running build
[8.208s] running build_py
[8.213s] copying motor_control_py/motor_control_node.py -> /root/GZ_DiNiu/build/motor_control_py/build/lib/motor_control_py
[8.214s] running install
[8.215s] running install_lib
[8.218s] copying /root/GZ_DiNiu/build/motor_control_py/build/lib/motor_control_py/motor_control_node.py -> /root/GZ_DiNiu/install/motor_control_py/lib/python3.10/site-packages/motor_control_py
[8.224s] byte-compiling /root/GZ_DiNiu/install/motor_control_py/lib/python3.10/site-packages/motor_control_py/motor_control_node.py to motor_control_node.cpython-310.pyc
[8.239s] running install_data
[8.240s] running install_egg_info
[8.251s] removing '/root/GZ_DiNiu/install/motor_control_py/lib/python3.10/site-packages/motor_control_py-0.0.1-py3.10.egg-info' (and everything under it)
[8.254s] Copying ../../build/motor_control_py/motor_control_py.egg-info to /root/GZ_DiNiu/install/motor_control_py/lib/python3.10/site-packages/motor_control_py-0.0.1-py3.10.egg-info
[8.265s] running install_scripts
[8.402s] Installing motor_control_node script to /root/GZ_DiNiu/install/motor_control_py/lib/motor_control_py
[8.413s] Installing steer_control_node script to /root/GZ_DiNiu/install/motor_control_py/lib/motor_control_py
[8.419s] writing list of installed files to '/root/GZ_DiNiu/build/motor_control_py/install.log'
[8.739s] Invoked command in '/root/GZ_DiNiu/src/motor_control_py' returned '0': PYTHONPATH=/root/GZ_DiNiu/build/motor_control_py/prefix_override:/usr/lib/python3/dist-packages/colcon_core/task/python/colcon_distutils_commands:/root/GZ_DiNiu/install/motor_control_py/lib/python3.10/site-packages:${PYTHONPATH} /usr/bin/python3 -W ignore:setup.py install is deprecated -W ignore:easy_install command is deprecated setup.py egg_info --egg-base ../../build/motor_control_py build --build-base /root/GZ_DiNiu/build/motor_control_py/build install --record /root/GZ_DiNiu/build/motor_control_py/install.log --single-version-externally-managed install_data
