[0.144s] Invoking command in '/root/GZ_DiNiu/build/encoder_vel': CMAKE_PREFIX_PATH=${CMAKE_PREFIX_PATH}:/root/GZ_DiNiu/install/motor_control_py:/root/GZ_DiNiu/install/imu_bno08x:/opt/ros/humble /usr/bin/cmake --build /root/GZ_DiNiu/build/encoder_vel -- -j4 -l4
[4.327s] [100%] Built target encoder_vel_node
[4.358s] Invoked command in '/root/GZ_DiNiu/build/encoder_vel' returned '0': CMAKE_PREFIX_PATH=${CMAKE_PREFIX_PATH}:/root/GZ_DiNiu/install/motor_control_py:/root/GZ_DiNiu/install/imu_bno08x:/opt/ros/humble /usr/bin/cmake --build /root/GZ_DiNiu/build/encoder_vel -- -j4 -l4
[4.400s] Invoking command in '/root/GZ_DiNiu/build/encoder_vel': CMAKE_PREFIX_PATH=${CMAKE_PREFIX_PATH}:/root/GZ_DiNiu/install/motor_control_py:/root/GZ_DiNiu/install/imu_bno08x:/opt/ros/humble /usr/bin/cmake --install /root/GZ_DiNiu/build/encoder_vel
[4.431s] -- Install configuration: ""
[4.439s] -- Up-to-date: /root/GZ_DiNiu/install/encoder_vel/lib/encoder_vel/encoder_vel_node
[4.440s] -- Up-to-date: /root/GZ_DiNiu/install/encoder_vel/share/ament_index/resource_index/package_run_dependencies/encoder_vel
[4.441s] -- Up-to-date: /root/GZ_DiNiu/install/encoder_vel/share/ament_index/resource_index/parent_prefix_path/encoder_vel
[4.442s] -- Up-to-date: /root/GZ_DiNiu/install/encoder_vel/share/encoder_vel/environment/ament_prefix_path.sh
[4.444s] -- Up-to-date: /root/GZ_DiNiu/install/encoder_vel/share/encoder_vel/environment/ament_prefix_path.dsv
[4.446s] -- Up-to-date: /root/GZ_DiNiu/install/encoder_vel/share/encoder_vel/environment/path.sh
[4.450s] -- Up-to-date: /root/GZ_DiNiu/install/encoder_vel/share/encoder_vel/environment/path.dsv
[4.450s] -- Up-to-date: /root/GZ_DiNiu/install/encoder_vel/share/encoder_vel/local_setup.bash
[4.451s] -- Up-to-date: /root/GZ_DiNiu/install/encoder_vel/share/encoder_vel/local_setup.sh
[4.451s] -- Up-to-date: /root/GZ_DiNiu/install/encoder_vel/share/encoder_vel/local_setup.zsh
[4.454s] -- Up-to-date: /root/GZ_DiNiu/install/encoder_vel/share/encoder_vel/local_setup.dsv
[4.455s] -- Installing: /root/GZ_DiNiu/install/encoder_vel/share/encoder_vel/package.dsv
[4.464s] -- Up-to-date: /root/GZ_DiNiu/install/encoder_vel/share/ament_index/resource_index/packages/encoder_vel
[4.466s] -- Up-to-date: /root/GZ_DiNiu/install/encoder_vel/share/encoder_vel/cmake/encoder_velConfig.cmake
[4.466s] -- Up-to-date: /root/GZ_DiNiu/install/encoder_vel/share/encoder_vel/cmake/encoder_velConfig-version.cmake
[4.467s] -- Up-to-date: /root/GZ_DiNiu/install/encoder_vel/share/encoder_vel/package.xml
[4.480s] Invoked command in '/root/GZ_DiNiu/build/encoder_vel' returned '0': CMAKE_PREFIX_PATH=${CMAKE_PREFIX_PATH}:/root/GZ_DiNiu/install/motor_control_py:/root/GZ_DiNiu/install/imu_bno08x:/opt/ros/humble /usr/bin/cmake --install /root/GZ_DiNiu/build/encoder_vel
