[0.914s] DEBUG:colcon:Command line arguments: ['/usr/bin/colcon', 'build']
[0.915s] DEBUG:colcon:Parsed command line arguments: Namespace(log_base=None, log_level=None, verb_name='build', build_base='build', install_base='install', merge_install=False, symlink_install=False, test_result_base=None, continue_on_error=False, executor='parallel', parallel_workers=4, event_handlers=None, ignore_user_meta=False, metas=['./colcon.meta'], base_paths=['.'], packages_ignore=None, packages_ignore_regex=None, paths=None, packages_up_to=None, packages_up_to_regex=None, packages_above=None, packages_above_and_dependencies=None, packages_above_depth=None, packages_select_by_dep=None, packages_skip_by_dep=None, packages_skip_up_to=None, packages_select_build_failed=False, packages_skip_build_finished=False, packages_select_test_failures=False, packages_skip_test_passed=False, packages_select=None, packages_skip=None, packages_select_regex=None, packages_skip_regex=None, packages_start=None, packages_end=None, allow_overriding=[], cmake_args=None, cmake_target=None, cmake_target_skip_unavailable=False, cmake_clean_cache=False, cmake_clean_first=False, cmake_force_configure=False, ament_cmake_args=None, catkin_cmake_args=None, catkin_skip_building_tests=False, verb_parser=<colcon_defaults.argument_parser.defaults.DefaultArgumentsDecorator object at 0xffff99d4f970>, verb_extension=<colcon_core.verb.build.BuildVerb object at 0xffff99f30df0>, main=<bound method BuildVerb.main of <colcon_core.verb.build.BuildVerb object at 0xffff99f30df0>>)
[2.597s] Level 1:colcon.colcon_core.package_discovery:discover_packages(colcon_meta) check parameters
[2.599s] Level 1:colcon.colcon_core.package_discovery:discover_packages(recursive) check parameters
[2.599s] Level 1:colcon.colcon_core.package_discovery:discover_packages(ignore) check parameters
[2.600s] Level 1:colcon.colcon_core.package_discovery:discover_packages(path) check parameters
[2.600s] Level 1:colcon.colcon_core.package_discovery:discover_packages(colcon_meta) discover
[2.601s] Level 1:colcon.colcon_core.package_discovery:discover_packages(recursive) discover
[2.602s] INFO:colcon.colcon_core.package_discovery:Crawling recursively for packages in '/root/GZ_DiNiu'
[2.603s] Level 1:colcon.colcon_core.package_identification:_identify(.) by extensions ['ignore', 'ignore_ament_install']
[2.603s] Level 1:colcon.colcon_core.package_identification:_identify(.) by extension 'ignore'
[2.604s] Level 1:colcon.colcon_core.package_identification:_identify(.) by extension 'ignore_ament_install'
[2.605s] Level 1:colcon.colcon_core.package_identification:_identify(.) by extensions ['colcon_pkg']
[2.605s] Level 1:colcon.colcon_core.package_identification:_identify(.) by extension 'colcon_pkg'
[2.605s] Level 1:colcon.colcon_core.package_identification:_identify(.) by extensions ['colcon_meta']
[2.606s] Level 1:colcon.colcon_core.package_identification:_identify(.) by extension 'colcon_meta'
[2.606s] Level 1:colcon.colcon_core.package_identification:_identify(.) by extensions ['ros']
[2.607s] Level 1:colcon.colcon_core.package_identification:_identify(.) by extension 'ros'
[2.678s] Level 1:colcon.colcon_core.package_identification:_identify(.) by extensions ['cmake', 'python']
[2.679s] Level 1:colcon.colcon_core.package_identification:_identify(.) by extension 'cmake'
[2.680s] Level 1:colcon.colcon_core.package_identification:_identify(.) by extension 'python'
[2.680s] Level 1:colcon.colcon_core.package_identification:_identify(.) by extensions ['python_setup_py']
[2.680s] Level 1:colcon.colcon_core.package_identification:_identify(.) by extension 'python_setup_py'
[2.682s] Level 1:colcon.colcon_core.package_identification:_identify(build) by extensions ['ignore', 'ignore_ament_install']
[2.686s] Level 1:colcon.colcon_core.package_identification:_identify(build) by extension 'ignore'
[2.686s] Level 1:colcon.colcon_core.package_identification:_identify(build) ignored
[2.688s] Level 1:colcon.colcon_core.package_identification:_identify(install) by extensions ['ignore', 'ignore_ament_install']
[2.689s] Level 1:colcon.colcon_core.package_identification:_identify(install) by extension 'ignore'
[2.690s] Level 1:colcon.colcon_core.package_identification:_identify(install) ignored
[2.693s] Level 1:colcon.colcon_core.package_identification:_identify(log) by extensions ['ignore', 'ignore_ament_install']
[2.694s] Level 1:colcon.colcon_core.package_identification:_identify(log) by extension 'ignore'
[2.695s] Level 1:colcon.colcon_core.package_identification:_identify(log) ignored
[2.695s] Level 1:colcon.colcon_core.package_identification:_identify(src) by extensions ['ignore', 'ignore_ament_install']
[2.696s] Level 1:colcon.colcon_core.package_identification:_identify(src) by extension 'ignore'
[2.697s] Level 1:colcon.colcon_core.package_identification:_identify(src) by extension 'ignore_ament_install'
[2.698s] Level 1:colcon.colcon_core.package_identification:_identify(src) by extensions ['colcon_pkg']
[2.698s] Level 1:colcon.colcon_core.package_identification:_identify(src) by extension 'colcon_pkg'
[2.699s] Level 1:colcon.colcon_core.package_identification:_identify(src) by extensions ['colcon_meta']
[2.699s] Level 1:colcon.colcon_core.package_identification:_identify(src) by extension 'colcon_meta'
[2.700s] Level 1:colcon.colcon_core.package_identification:_identify(src) by extensions ['ros']
[2.700s] Level 1:colcon.colcon_core.package_identification:_identify(src) by extension 'ros'
[2.701s] Level 1:colcon.colcon_core.package_identification:_identify(src) by extensions ['cmake', 'python']
[2.702s] Level 1:colcon.colcon_core.package_identification:_identify(src) by extension 'cmake'
[2.703s] Level 1:colcon.colcon_core.package_identification:_identify(src) by extension 'python'
[2.703s] Level 1:colcon.colcon_core.package_identification:_identify(src) by extensions ['python_setup_py']
[2.704s] Level 1:colcon.colcon_core.package_identification:_identify(src) by extension 'python_setup_py'
[2.705s] Level 1:colcon.colcon_core.package_identification:_identify(src/encoder_vel) by extensions ['ignore', 'ignore_ament_install']
[2.706s] Level 1:colcon.colcon_core.package_identification:_identify(src/encoder_vel) by extension 'ignore'
[2.707s] Level 1:colcon.colcon_core.package_identification:_identify(src/encoder_vel) by extension 'ignore_ament_install'
[2.708s] Level 1:colcon.colcon_core.package_identification:_identify(src/encoder_vel) by extensions ['colcon_pkg']
[2.708s] Level 1:colcon.colcon_core.package_identification:_identify(src/encoder_vel) by extension 'colcon_pkg'
[2.709s] Level 1:colcon.colcon_core.package_identification:_identify(src/encoder_vel) by extensions ['colcon_meta']
[2.709s] Level 1:colcon.colcon_core.package_identification:_identify(src/encoder_vel) by extension 'colcon_meta'
[2.710s] Level 1:colcon.colcon_core.package_identification:_identify(src/encoder_vel) by extensions ['ros']
[2.710s] Level 1:colcon.colcon_core.package_identification:_identify(src/encoder_vel) by extension 'ros'
[2.726s] DEBUG:colcon.colcon_core.package_identification:Package 'src/encoder_vel' with type 'ros.ament_cmake' and name 'encoder_vel'
[2.727s] Level 1:colcon.colcon_core.package_identification:_identify(src/imu_bno08x) by extensions ['ignore', 'ignore_ament_install']
[2.728s] Level 1:colcon.colcon_core.package_identification:_identify(src/imu_bno08x) by extension 'ignore'
[2.729s] Level 1:colcon.colcon_core.package_identification:_identify(src/imu_bno08x) by extension 'ignore_ament_install'
[2.729s] Level 1:colcon.colcon_core.package_identification:_identify(src/imu_bno08x) by extensions ['colcon_pkg']
[2.730s] Level 1:colcon.colcon_core.package_identification:_identify(src/imu_bno08x) by extension 'colcon_pkg'
[2.730s] Level 1:colcon.colcon_core.package_identification:_identify(src/imu_bno08x) by extensions ['colcon_meta']
[2.731s] Level 1:colcon.colcon_core.package_identification:_identify(src/imu_bno08x) by extension 'colcon_meta'
[2.731s] Level 1:colcon.colcon_core.package_identification:_identify(src/imu_bno08x) by extensions ['ros']
[2.732s] Level 1:colcon.colcon_core.package_identification:_identify(src/imu_bno08x) by extension 'ros'
[2.735s] DEBUG:colcon.colcon_core.package_identification:Package 'src/imu_bno08x' with type 'ros.ament_python' and name 'imu_bno08x'
[2.737s] Level 1:colcon.colcon_core.package_identification:_identify(src/motor_control_py) by extensions ['ignore', 'ignore_ament_install']
[2.738s] Level 1:colcon.colcon_core.package_identification:_identify(src/motor_control_py) by extension 'ignore'
[2.739s] Level 1:colcon.colcon_core.package_identification:_identify(src/motor_control_py) by extension 'ignore_ament_install'
[2.739s] Level 1:colcon.colcon_core.package_identification:_identify(src/motor_control_py) by extensions ['colcon_pkg']
[2.740s] Level 1:colcon.colcon_core.package_identification:_identify(src/motor_control_py) by extension 'colcon_pkg'
[2.740s] Level 1:colcon.colcon_core.package_identification:_identify(src/motor_control_py) by extensions ['colcon_meta']
[2.741s] Level 1:colcon.colcon_core.package_identification:_identify(src/motor_control_py) by extension 'colcon_meta'
[2.741s] Level 1:colcon.colcon_core.package_identification:_identify(src/motor_control_py) by extensions ['ros']
[2.742s] Level 1:colcon.colcon_core.package_identification:_identify(src/motor_control_py) by extension 'ros'
[2.745s] DEBUG:colcon.colcon_core.package_identification:Package 'src/motor_control_py' with type 'ros.ament_python' and name 'motor_control_py'
[2.746s] Level 1:colcon.colcon_core.package_identification:_identify(src/steer_closed_loop) by extensions ['ignore', 'ignore_ament_install']
[2.747s] Level 1:colcon.colcon_core.package_identification:_identify(src/steer_closed_loop) by extension 'ignore'
[2.747s] Level 1:colcon.colcon_core.package_identification:_identify(src/steer_closed_loop) by extension 'ignore_ament_install'
[2.748s] Level 1:colcon.colcon_core.package_identification:_identify(src/steer_closed_loop) by extensions ['colcon_pkg']
[2.748s] Level 1:colcon.colcon_core.package_identification:_identify(src/steer_closed_loop) by extension 'colcon_pkg'
[2.749s] Level 1:colcon.colcon_core.package_identification:_identify(src/steer_closed_loop) by extensions ['colcon_meta']
[2.749s] Level 1:colcon.colcon_core.package_identification:_identify(src/steer_closed_loop) by extension 'colcon_meta'
[2.750s] Level 1:colcon.colcon_core.package_identification:_identify(src/steer_closed_loop) by extensions ['ros']
[2.750s] Level 1:colcon.colcon_core.package_identification:_identify(src/steer_closed_loop) by extension 'ros'
[2.754s] DEBUG:colcon.colcon_core.package_identification:Package 'src/steer_closed_loop' with type 'ros.ament_cmake' and name 'steer_closed_loop'
[2.755s] Level 1:colcon.colcon_core.package_discovery:discover_packages(recursive) using defaults
[2.755s] Level 1:colcon.colcon_core.package_discovery:discover_packages(ignore) discover
[2.755s] Level 1:colcon.colcon_core.package_discovery:discover_packages(ignore) using defaults
[2.756s] Level 1:colcon.colcon_core.package_discovery:discover_packages(path) discover
[2.756s] Level 1:colcon.colcon_core.package_discovery:discover_packages(path) using defaults
[2.897s] Level 1:colcon.colcon_core.package_discovery:discover_packages(prefix_path) check parameters
[2.898s] Level 1:colcon.colcon_core.package_discovery:discover_packages(prefix_path) discover
[2.915s] DEBUG:colcon.colcon_installed_package_information.package_discovery:Found 4 installed packages in /root/GZ_DiNiu/install
[2.926s] DEBUG:colcon.colcon_installed_package_information.package_discovery:Found 272 installed packages in /opt/ros/humble
[2.987s] Level 1:colcon.colcon_core.package_discovery:discover_packages(prefix_path) using defaults
[3.299s] Level 5:colcon.colcon_core.verb:set package 'encoder_vel' build argument 'cmake_args' from command line to 'None'
[3.300s] Level 5:colcon.colcon_core.verb:set package 'encoder_vel' build argument 'cmake_target' from command line to 'None'
[3.301s] Level 5:colcon.colcon_core.verb:set package 'encoder_vel' build argument 'cmake_target_skip_unavailable' from command line to 'False'
[3.301s] Level 5:colcon.colcon_core.verb:set package 'encoder_vel' build argument 'cmake_clean_cache' from command line to 'False'
[3.301s] Level 5:colcon.colcon_core.verb:set package 'encoder_vel' build argument 'cmake_clean_first' from command line to 'False'
[3.302s] Level 5:colcon.colcon_core.verb:set package 'encoder_vel' build argument 'cmake_force_configure' from command line to 'False'
[3.302s] Level 5:colcon.colcon_core.verb:set package 'encoder_vel' build argument 'ament_cmake_args' from command line to 'None'
[3.302s] Level 5:colcon.colcon_core.verb:set package 'encoder_vel' build argument 'catkin_cmake_args' from command line to 'None'
[3.303s] Level 5:colcon.colcon_core.verb:set package 'encoder_vel' build argument 'catkin_skip_building_tests' from command line to 'False'
[3.303s] DEBUG:colcon.colcon_core.verb:Building package 'encoder_vel' with the following arguments: {'ament_cmake_args': None, 'build_base': '/root/GZ_DiNiu/build/encoder_vel', 'catkin_cmake_args': None, 'catkin_skip_building_tests': False, 'cmake_args': None, 'cmake_clean_cache': False, 'cmake_clean_first': False, 'cmake_force_configure': False, 'cmake_target': None, 'cmake_target_skip_unavailable': False, 'install_base': '/root/GZ_DiNiu/install/encoder_vel', 'merge_install': False, 'path': '/root/GZ_DiNiu/src/encoder_vel', 'symlink_install': False, 'test_result_base': None}
[3.305s] Level 5:colcon.colcon_core.verb:set package 'imu_bno08x' build argument 'cmake_args' from command line to 'None'
[3.305s] Level 5:colcon.colcon_core.verb:set package 'imu_bno08x' build argument 'cmake_target' from command line to 'None'
[3.305s] Level 5:colcon.colcon_core.verb:set package 'imu_bno08x' build argument 'cmake_target_skip_unavailable' from command line to 'False'
[3.306s] Level 5:colcon.colcon_core.verb:set package 'imu_bno08x' build argument 'cmake_clean_cache' from command line to 'False'
[3.306s] Level 5:colcon.colcon_core.verb:set package 'imu_bno08x' build argument 'cmake_clean_first' from command line to 'False'
[3.306s] Level 5:colcon.colcon_core.verb:set package 'imu_bno08x' build argument 'cmake_force_configure' from command line to 'False'
[3.306s] Level 5:colcon.colcon_core.verb:set package 'imu_bno08x' build argument 'ament_cmake_args' from command line to 'None'
[3.306s] Level 5:colcon.colcon_core.verb:set package 'imu_bno08x' build argument 'catkin_cmake_args' from command line to 'None'
[3.307s] Level 5:colcon.colcon_core.verb:set package 'imu_bno08x' build argument 'catkin_skip_building_tests' from command line to 'False'
[3.307s] DEBUG:colcon.colcon_core.verb:Building package 'imu_bno08x' with the following arguments: {'ament_cmake_args': None, 'build_base': '/root/GZ_DiNiu/build/imu_bno08x', 'catkin_cmake_args': None, 'catkin_skip_building_tests': False, 'cmake_args': None, 'cmake_clean_cache': False, 'cmake_clean_first': False, 'cmake_force_configure': False, 'cmake_target': None, 'cmake_target_skip_unavailable': False, 'install_base': '/root/GZ_DiNiu/install/imu_bno08x', 'merge_install': False, 'path': '/root/GZ_DiNiu/src/imu_bno08x', 'symlink_install': False, 'test_result_base': None}
[3.310s] Level 5:colcon.colcon_core.verb:set package 'motor_control_py' build argument 'cmake_args' from command line to 'None'
[3.310s] Level 5:colcon.colcon_core.verb:set package 'motor_control_py' build argument 'cmake_target' from command line to 'None'
[3.310s] Level 5:colcon.colcon_core.verb:set package 'motor_control_py' build argument 'cmake_target_skip_unavailable' from command line to 'False'
[3.310s] Level 5:colcon.colcon_core.verb:set package 'motor_control_py' build argument 'cmake_clean_cache' from command line to 'False'
[3.310s] Level 5:colcon.colcon_core.verb:set package 'motor_control_py' build argument 'cmake_clean_first' from command line to 'False'
[3.311s] Level 5:colcon.colcon_core.verb:set package 'motor_control_py' build argument 'cmake_force_configure' from command line to 'False'
[3.311s] Level 5:colcon.colcon_core.verb:set package 'motor_control_py' build argument 'ament_cmake_args' from command line to 'None'
[3.311s] Level 5:colcon.colcon_core.verb:set package 'motor_control_py' build argument 'catkin_cmake_args' from command line to 'None'
[3.311s] Level 5:colcon.colcon_core.verb:set package 'motor_control_py' build argument 'catkin_skip_building_tests' from command line to 'False'
[3.311s] DEBUG:colcon.colcon_core.verb:Building package 'motor_control_py' with the following arguments: {'ament_cmake_args': None, 'build_base': '/root/GZ_DiNiu/build/motor_control_py', 'catkin_cmake_args': None, 'catkin_skip_building_tests': False, 'cmake_args': None, 'cmake_clean_cache': False, 'cmake_clean_first': False, 'cmake_force_configure': False, 'cmake_target': None, 'cmake_target_skip_unavailable': False, 'install_base': '/root/GZ_DiNiu/install/motor_control_py', 'merge_install': False, 'path': '/root/GZ_DiNiu/src/motor_control_py', 'symlink_install': False, 'test_result_base': None}
[3.313s] Level 5:colcon.colcon_core.verb:set package 'steer_closed_loop' build argument 'cmake_args' from command line to 'None'
[3.314s] Level 5:colcon.colcon_core.verb:set package 'steer_closed_loop' build argument 'cmake_target' from command line to 'None'
[3.314s] Level 5:colcon.colcon_core.verb:set package 'steer_closed_loop' build argument 'cmake_target_skip_unavailable' from command line to 'False'
[3.314s] Level 5:colcon.colcon_core.verb:set package 'steer_closed_loop' build argument 'cmake_clean_cache' from command line to 'False'
[3.314s] Level 5:colcon.colcon_core.verb:set package 'steer_closed_loop' build argument 'cmake_clean_first' from command line to 'False'
[3.314s] Level 5:colcon.colcon_core.verb:set package 'steer_closed_loop' build argument 'cmake_force_configure' from command line to 'False'
[3.314s] Level 5:colcon.colcon_core.verb:set package 'steer_closed_loop' build argument 'ament_cmake_args' from command line to 'None'
[3.315s] Level 5:colcon.colcon_core.verb:set package 'steer_closed_loop' build argument 'catkin_cmake_args' from command line to 'None'
[3.315s] Level 5:colcon.colcon_core.verb:set package 'steer_closed_loop' build argument 'catkin_skip_building_tests' from command line to 'False'
[3.315s] DEBUG:colcon.colcon_core.verb:Building package 'steer_closed_loop' with the following arguments: {'ament_cmake_args': None, 'build_base': '/root/GZ_DiNiu/build/steer_closed_loop', 'catkin_cmake_args': None, 'catkin_skip_building_tests': False, 'cmake_args': None, 'cmake_clean_cache': False, 'cmake_clean_first': False, 'cmake_force_configure': False, 'cmake_target': None, 'cmake_target_skip_unavailable': False, 'install_base': '/root/GZ_DiNiu/install/steer_closed_loop', 'merge_install': False, 'path': '/root/GZ_DiNiu/src/steer_closed_loop', 'symlink_install': False, 'test_result_base': None}
[3.316s] INFO:colcon.colcon_core.executor:Executing jobs using 'parallel' executor
[3.320s] DEBUG:colcon.colcon_parallel_executor.executor.parallel:run_until_complete
[3.322s] INFO:colcon.colcon_ros.task.ament_cmake.build:Building ROS package in '/root/GZ_DiNiu/src/encoder_vel' with build type 'ament_cmake'
[3.325s] INFO:colcon.colcon_cmake.task.cmake.build:Building CMake package in '/root/GZ_DiNiu/src/encoder_vel'
[3.342s] INFO:colcon.colcon_core.plugin_system:Skipping extension 'colcon_core.shell.bat': Not used on non-Windows systems
[3.345s] INFO:colcon.colcon_core.shell:Skip shell extension 'powershell' for command environment: Not usable outside of PowerShell
[3.346s] DEBUG:colcon.colcon_core.shell:Skip shell extension 'dsv' for command environment
[3.379s] INFO:colcon.colcon_ros.task.ament_python.build:Building ROS package in '/root/GZ_DiNiu/src/imu_bno08x' with build type 'ament_python'
[3.381s] Level 1:colcon.colcon_core.shell:create_environment_hook('imu_bno08x', 'ament_prefix_path')
[3.382s] INFO:colcon.colcon_core.shell:Creating environment hook '/root/GZ_DiNiu/install/imu_bno08x/share/imu_bno08x/hook/ament_prefix_path.ps1'
[3.389s] INFO:colcon.colcon_core.shell:Creating environment descriptor '/root/GZ_DiNiu/install/imu_bno08x/share/imu_bno08x/hook/ament_prefix_path.dsv'
[3.392s] INFO:colcon.colcon_core.shell:Creating environment hook '/root/GZ_DiNiu/install/imu_bno08x/share/imu_bno08x/hook/ament_prefix_path.sh'
[3.396s] INFO:colcon.colcon_core.shell:Skip shell extension 'powershell' for command environment: Not usable outside of PowerShell
[3.396s] DEBUG:colcon.colcon_core.shell:Skip shell extension 'dsv' for command environment
[3.416s] INFO:colcon.colcon_ros.task.ament_python.build:Building ROS package in '/root/GZ_DiNiu/src/motor_control_py' with build type 'ament_python'
[3.417s] Level 1:colcon.colcon_core.shell:create_environment_hook('motor_control_py', 'ament_prefix_path')
[3.418s] INFO:colcon.colcon_core.shell:Creating environment hook '/root/GZ_DiNiu/install/motor_control_py/share/motor_control_py/hook/ament_prefix_path.ps1'
[3.424s] INFO:colcon.colcon_core.shell:Creating environment descriptor '/root/GZ_DiNiu/install/motor_control_py/share/motor_control_py/hook/ament_prefix_path.dsv'
[3.428s] INFO:colcon.colcon_core.shell:Creating environment hook '/root/GZ_DiNiu/install/motor_control_py/share/motor_control_py/hook/ament_prefix_path.sh'
[3.431s] INFO:colcon.colcon_core.shell:Skip shell extension 'powershell' for command environment: Not usable outside of PowerShell
[3.432s] DEBUG:colcon.colcon_core.shell:Skip shell extension 'dsv' for command environment
[3.453s] INFO:colcon.colcon_ros.task.ament_cmake.build:Building ROS package in '/root/GZ_DiNiu/src/steer_closed_loop' with build type 'ament_cmake'
[3.455s] INFO:colcon.colcon_cmake.task.cmake.build:Building CMake package in '/root/GZ_DiNiu/src/steer_closed_loop'
[3.457s] INFO:colcon.colcon_core.shell:Skip shell extension 'powershell' for command environment: Not usable outside of PowerShell
[3.458s] DEBUG:colcon.colcon_core.shell:Skip shell extension 'dsv' for command environment
[3.517s] DEBUG:colcon.colcon_core.event_handler.log_command:Invoking command in '/root/GZ_DiNiu/build/encoder_vel': CMAKE_PREFIX_PATH=${CMAKE_PREFIX_PATH}:/root/GZ_DiNiu/install/motor_control_py:/root/GZ_DiNiu/install/imu_bno08x:/opt/ros/humble /usr/bin/cmake --build /root/GZ_DiNiu/build/encoder_vel -- -j4 -l4
[5.033s] INFO:colcon.colcon_core.task.python.build:Building Python package in '/root/GZ_DiNiu/src/imu_bno08x'
[5.034s] INFO:colcon.colcon_core.shell:Skip shell extension 'powershell' for command environment: Not usable outside of PowerShell
[5.035s] DEBUG:colcon.colcon_core.shell:Skip shell extension 'dsv' for command environment
[6.482s] INFO:colcon.colcon_core.task.python.build:Building Python package in '/root/GZ_DiNiu/src/motor_control_py'
[6.484s] INFO:colcon.colcon_core.shell:Skip shell extension 'powershell' for command environment: Not usable outside of PowerShell
[6.484s] DEBUG:colcon.colcon_core.shell:Skip shell extension 'dsv' for command environment
[6.517s] DEBUG:colcon.colcon_core.event_handler.log_command:Invoked command in '/root/GZ_DiNiu/build/encoder_vel' returned '0': CMAKE_PREFIX_PATH=${CMAKE_PREFIX_PATH}:/root/GZ_DiNiu/install/motor_control_py:/root/GZ_DiNiu/install/imu_bno08x:/opt/ros/humble /usr/bin/cmake --build /root/GZ_DiNiu/build/encoder_vel -- -j4 -l4
[6.563s] DEBUG:colcon.colcon_core.event_handler.log_command:Invoking command in '/root/GZ_DiNiu/build/encoder_vel': CMAKE_PREFIX_PATH=${CMAKE_PREFIX_PATH}:/root/GZ_DiNiu/install/motor_control_py:/root/GZ_DiNiu/install/imu_bno08x:/opt/ros/humble /usr/bin/cmake --install /root/GZ_DiNiu/build/encoder_vel
[6.580s] DEBUG:colcon.colcon_core.event_handler.log_command:Invoking command in '/root/GZ_DiNiu/build/steer_closed_loop': CMAKE_PREFIX_PATH=${CMAKE_PREFIX_PATH}:/root/GZ_DiNiu/install/motor_control_py:/root/GZ_DiNiu/install/imu_bno08x:/opt/ros/humble /usr/bin/cmake --build /root/GZ_DiNiu/build/steer_closed_loop -- -j4 -l4
[6.690s] Level 1:colcon.colcon_core.environment:create_environment_scripts_only(encoder_vel)
[6.692s] DEBUG:colcon.colcon_core.event_handler.log_command:Invoked command in '/root/GZ_DiNiu/build/encoder_vel' returned '0': CMAKE_PREFIX_PATH=${CMAKE_PREFIX_PATH}:/root/GZ_DiNiu/install/motor_control_py:/root/GZ_DiNiu/install/imu_bno08x:/opt/ros/humble /usr/bin/cmake --install /root/GZ_DiNiu/build/encoder_vel
[6.722s] Level 1:colcon.colcon_core.environment:checking '/root/GZ_DiNiu/install/encoder_vel' for CMake module files
[6.729s] Level 1:colcon.colcon_core.environment:checking '/root/GZ_DiNiu/install/encoder_vel' for CMake config files
[6.731s] Level 1:colcon.colcon_core.shell:create_environment_hook('encoder_vel', 'cmake_prefix_path')
[6.734s] INFO:colcon.colcon_core.shell:Creating environment hook '/root/GZ_DiNiu/install/encoder_vel/share/encoder_vel/hook/cmake_prefix_path.ps1'
[6.743s] INFO:colcon.colcon_core.shell:Creating environment descriptor '/root/GZ_DiNiu/install/encoder_vel/share/encoder_vel/hook/cmake_prefix_path.dsv'
[6.750s] INFO:colcon.colcon_core.shell:Creating environment hook '/root/GZ_DiNiu/install/encoder_vel/share/encoder_vel/hook/cmake_prefix_path.sh'
[6.763s] Level 1:colcon.colcon_core.environment:checking '/root/GZ_DiNiu/install/encoder_vel/lib'
[6.768s] Level 1:colcon.colcon_core.environment:checking '/root/GZ_DiNiu/install/encoder_vel/bin'
[6.769s] Level 1:colcon.colcon_core.environment:checking '/root/GZ_DiNiu/install/encoder_vel/lib/pkgconfig/encoder_vel.pc'
[6.771s] Level 1:colcon.colcon_core.environment:checking '/root/GZ_DiNiu/install/encoder_vel/lib/python3.10/site-packages'
[6.773s] Level 1:colcon.colcon_core.environment:checking '/root/GZ_DiNiu/install/encoder_vel/bin'
[6.781s] INFO:colcon.colcon_core.shell:Creating package script '/root/GZ_DiNiu/install/encoder_vel/share/encoder_vel/package.ps1'
[6.790s] INFO:colcon.colcon_core.shell:Creating package descriptor '/root/GZ_DiNiu/install/encoder_vel/share/encoder_vel/package.dsv'
[6.799s] INFO:colcon.colcon_core.shell:Creating package script '/root/GZ_DiNiu/install/encoder_vel/share/encoder_vel/package.sh'
[6.816s] INFO:colcon.colcon_core.shell:Creating package script '/root/GZ_DiNiu/install/encoder_vel/share/encoder_vel/package.bash'
[6.828s] INFO:colcon.colcon_core.shell:Creating package script '/root/GZ_DiNiu/install/encoder_vel/share/encoder_vel/package.zsh'
[6.834s] Level 1:colcon.colcon_core.environment:create_file_with_runtime_dependencies(/root/GZ_DiNiu/install/encoder_vel/share/colcon-core/packages/encoder_vel)
[6.842s] Level 1:colcon.colcon_core.environment:create_environment_scripts_only(encoder_vel)
[6.844s] Level 1:colcon.colcon_core.environment:checking '/root/GZ_DiNiu/install/encoder_vel' for CMake module files
[6.852s] Level 1:colcon.colcon_core.environment:checking '/root/GZ_DiNiu/install/encoder_vel' for CMake config files
[6.857s] Level 1:colcon.colcon_core.shell:create_environment_hook('encoder_vel', 'cmake_prefix_path')
[6.864s] INFO:colcon.colcon_core.shell:Creating environment hook '/root/GZ_DiNiu/install/encoder_vel/share/encoder_vel/hook/cmake_prefix_path.ps1'
[6.871s] INFO:colcon.colcon_core.shell:Creating environment descriptor '/root/GZ_DiNiu/install/encoder_vel/share/encoder_vel/hook/cmake_prefix_path.dsv'
[6.875s] INFO:colcon.colcon_core.shell:Creating environment hook '/root/GZ_DiNiu/install/encoder_vel/share/encoder_vel/hook/cmake_prefix_path.sh'
[6.883s] Level 1:colcon.colcon_core.environment:checking '/root/GZ_DiNiu/install/encoder_vel/lib'
[6.887s] Level 1:colcon.colcon_core.environment:checking '/root/GZ_DiNiu/install/encoder_vel/bin'
[6.888s] Level 1:colcon.colcon_core.environment:checking '/root/GZ_DiNiu/install/encoder_vel/lib/pkgconfig/encoder_vel.pc'
[6.889s] Level 1:colcon.colcon_core.environment:checking '/root/GZ_DiNiu/install/encoder_vel/lib/python3.10/site-packages'
[6.891s] Level 1:colcon.colcon_core.environment:checking '/root/GZ_DiNiu/install/encoder_vel/bin'
[6.893s] INFO:colcon.colcon_core.shell:Creating package script '/root/GZ_DiNiu/install/encoder_vel/share/encoder_vel/package.ps1'
[6.899s] INFO:colcon.colcon_core.shell:Creating package descriptor '/root/GZ_DiNiu/install/encoder_vel/share/encoder_vel/package.dsv'
[6.902s] INFO:colcon.colcon_core.shell:Creating package script '/root/GZ_DiNiu/install/encoder_vel/share/encoder_vel/package.sh'
[6.909s] INFO:colcon.colcon_core.shell:Creating package script '/root/GZ_DiNiu/install/encoder_vel/share/encoder_vel/package.bash'
[6.913s] INFO:colcon.colcon_core.shell:Creating package script '/root/GZ_DiNiu/install/encoder_vel/share/encoder_vel/package.zsh'
[6.921s] Level 1:colcon.colcon_core.environment:create_file_with_runtime_dependencies(/root/GZ_DiNiu/install/encoder_vel/share/colcon-core/packages/encoder_vel)
[7.213s] DEBUG:colcon.colcon_core.event_handler.log_command:Invoked command in '/root/GZ_DiNiu/build/steer_closed_loop' returned '0': CMAKE_PREFIX_PATH=${CMAKE_PREFIX_PATH}:/root/GZ_DiNiu/install/motor_control_py:/root/GZ_DiNiu/install/imu_bno08x:/opt/ros/humble /usr/bin/cmake --build /root/GZ_DiNiu/build/steer_closed_loop -- -j4 -l4
[7.215s] DEBUG:colcon.colcon_core.event_handler.log_command:Invoking command in '/root/GZ_DiNiu/build/steer_closed_loop': CMAKE_PREFIX_PATH=${CMAKE_PREFIX_PATH}:/root/GZ_DiNiu/install/motor_control_py:/root/GZ_DiNiu/install/imu_bno08x:/opt/ros/humble /usr/bin/cmake --install /root/GZ_DiNiu/build/steer_closed_loop
[7.342s] Level 1:colcon.colcon_core.environment:create_environment_scripts_only(steer_closed_loop)
[7.344s] Level 1:colcon.colcon_core.environment:checking '/root/GZ_DiNiu/install/steer_closed_loop' for CMake module files
[7.355s] Level 1:colcon.colcon_core.environment:checking '/root/GZ_DiNiu/install/steer_closed_loop' for CMake config files
[7.358s] Level 1:colcon.colcon_core.shell:create_environment_hook('steer_closed_loop', 'cmake_prefix_path')
[7.363s] INFO:colcon.colcon_core.shell:Creating environment hook '/root/GZ_DiNiu/install/steer_closed_loop/share/steer_closed_loop/hook/cmake_prefix_path.ps1'
[7.372s] INFO:colcon.colcon_core.shell:Creating environment descriptor '/root/GZ_DiNiu/install/steer_closed_loop/share/steer_closed_loop/hook/cmake_prefix_path.dsv'
[7.379s] DEBUG:colcon.colcon_core.event_handler.log_command:Invoked command in '/root/GZ_DiNiu/build/steer_closed_loop' returned '0': CMAKE_PREFIX_PATH=${CMAKE_PREFIX_PATH}:/root/GZ_DiNiu/install/motor_control_py:/root/GZ_DiNiu/install/imu_bno08x:/opt/ros/humble /usr/bin/cmake --install /root/GZ_DiNiu/build/steer_closed_loop
[7.381s] INFO:colcon.colcon_core.shell:Creating environment hook '/root/GZ_DiNiu/install/steer_closed_loop/share/steer_closed_loop/hook/cmake_prefix_path.sh'
[7.386s] Level 1:colcon.colcon_core.environment:checking '/root/GZ_DiNiu/install/steer_closed_loop/lib'
[7.387s] Level 1:colcon.colcon_core.environment:checking '/root/GZ_DiNiu/install/steer_closed_loop/bin'
[7.388s] Level 1:colcon.colcon_core.environment:checking '/root/GZ_DiNiu/install/steer_closed_loop/lib/pkgconfig/steer_closed_loop.pc'
[7.390s] Level 1:colcon.colcon_core.environment:checking '/root/GZ_DiNiu/install/steer_closed_loop/lib/python3.10/site-packages'
[7.392s] Level 1:colcon.colcon_core.environment:checking '/root/GZ_DiNiu/install/steer_closed_loop/bin'
[7.394s] INFO:colcon.colcon_core.shell:Creating package script '/root/GZ_DiNiu/install/steer_closed_loop/share/steer_closed_loop/package.ps1'
[7.399s] INFO:colcon.colcon_core.shell:Creating package descriptor '/root/GZ_DiNiu/install/steer_closed_loop/share/steer_closed_loop/package.dsv'
[7.403s] INFO:colcon.colcon_core.shell:Creating package script '/root/GZ_DiNiu/install/steer_closed_loop/share/steer_closed_loop/package.sh'
[7.407s] INFO:colcon.colcon_core.shell:Creating package script '/root/GZ_DiNiu/install/steer_closed_loop/share/steer_closed_loop/package.bash'
[7.411s] INFO:colcon.colcon_core.shell:Creating package script '/root/GZ_DiNiu/install/steer_closed_loop/share/steer_closed_loop/package.zsh'
[7.417s] Level 1:colcon.colcon_core.environment:create_file_with_runtime_dependencies(/root/GZ_DiNiu/install/steer_closed_loop/share/colcon-core/packages/steer_closed_loop)
[7.424s] Level 1:colcon.colcon_core.environment:create_environment_scripts_only(steer_closed_loop)
[7.426s] Level 1:colcon.colcon_core.environment:checking '/root/GZ_DiNiu/install/steer_closed_loop' for CMake module files
[7.430s] Level 1:colcon.colcon_core.environment:checking '/root/GZ_DiNiu/install/steer_closed_loop' for CMake config files
[7.434s] Level 1:colcon.colcon_core.shell:create_environment_hook('steer_closed_loop', 'cmake_prefix_path')
[7.436s] INFO:colcon.colcon_core.shell:Creating environment hook '/root/GZ_DiNiu/install/steer_closed_loop/share/steer_closed_loop/hook/cmake_prefix_path.ps1'
[7.440s] INFO:colcon.colcon_core.shell:Creating environment descriptor '/root/GZ_DiNiu/install/steer_closed_loop/share/steer_closed_loop/hook/cmake_prefix_path.dsv'
[7.444s] INFO:colcon.colcon_core.shell:Creating environment hook '/root/GZ_DiNiu/install/steer_closed_loop/share/steer_closed_loop/hook/cmake_prefix_path.sh'
[7.450s] Level 1:colcon.colcon_core.environment:checking '/root/GZ_DiNiu/install/steer_closed_loop/lib'
[7.451s] Level 1:colcon.colcon_core.environment:checking '/root/GZ_DiNiu/install/steer_closed_loop/bin'
[7.453s] Level 1:colcon.colcon_core.environment:checking '/root/GZ_DiNiu/install/steer_closed_loop/lib/pkgconfig/steer_closed_loop.pc'
[7.455s] Level 1:colcon.colcon_core.environment:checking '/root/GZ_DiNiu/install/steer_closed_loop/lib/python3.10/site-packages'
[7.457s] Level 1:colcon.colcon_core.environment:checking '/root/GZ_DiNiu/install/steer_closed_loop/bin'
[7.459s] INFO:colcon.colcon_core.shell:Creating package script '/root/GZ_DiNiu/install/steer_closed_loop/share/steer_closed_loop/package.ps1'
[7.464s] INFO:colcon.colcon_core.shell:Creating package descriptor '/root/GZ_DiNiu/install/steer_closed_loop/share/steer_closed_loop/package.dsv'
[7.469s] INFO:colcon.colcon_core.shell:Creating package script '/root/GZ_DiNiu/install/steer_closed_loop/share/steer_closed_loop/package.sh'
[7.473s] INFO:colcon.colcon_core.shell:Creating package script '/root/GZ_DiNiu/install/steer_closed_loop/share/steer_closed_loop/package.bash'
[7.478s] INFO:colcon.colcon_core.shell:Creating package script '/root/GZ_DiNiu/install/steer_closed_loop/share/steer_closed_loop/package.zsh'
[7.482s] Level 1:colcon.colcon_core.environment:create_file_with_runtime_dependencies(/root/GZ_DiNiu/install/steer_closed_loop/share/colcon-core/packages/steer_closed_loop)
[8.981s] DEBUG:colcon.colcon_core.event_handler.log_command:Invoking command in '/root/GZ_DiNiu/src/motor_control_py': PYTHONPATH=/root/GZ_DiNiu/build/motor_control_py/prefix_override:/usr/lib/python3/dist-packages/colcon_core/task/python/colcon_distutils_commands:/root/GZ_DiNiu/install/motor_control_py/lib/python3.10/site-packages:${PYTHONPATH} /usr/bin/python3 -W ignore:setup.py install is deprecated -W ignore:easy_install command is deprecated setup.py egg_info --egg-base ../../build/motor_control_py build --build-base /root/GZ_DiNiu/build/motor_control_py/build install --record /root/GZ_DiNiu/build/motor_control_py/install.log --single-version-externally-managed install_data
[9.303s] DEBUG:colcon.colcon_core.event_handler.log_command:Invoking command in '/root/GZ_DiNiu/src/imu_bno08x': PYTHONPATH=/root/GZ_DiNiu/build/imu_bno08x/prefix_override:/usr/lib/python3/dist-packages/colcon_core/task/python/colcon_distutils_commands:/root/GZ_DiNiu/install/imu_bno08x/lib/python3.10/site-packages:${PYTHONPATH} /usr/bin/python3 -W ignore:setup.py install is deprecated -W ignore:easy_install command is deprecated setup.py egg_info --egg-base ../../build/imu_bno08x build --build-base /root/GZ_DiNiu/build/imu_bno08x/build install --record /root/GZ_DiNiu/build/imu_bno08x/install.log --single-version-externally-managed install_data
[11.120s] Level 1:colcon.colcon_core.environment:checking '/root/GZ_DiNiu/install/motor_control_py' for CMake module files
[11.123s] DEBUG:colcon.colcon_core.event_handler.log_command:Invoked command in '/root/GZ_DiNiu/src/motor_control_py' returned '0': PYTHONPATH=/root/GZ_DiNiu/build/motor_control_py/prefix_override:/usr/lib/python3/dist-packages/colcon_core/task/python/colcon_distutils_commands:/root/GZ_DiNiu/install/motor_control_py/lib/python3.10/site-packages:${PYTHONPATH} /usr/bin/python3 -W ignore:setup.py install is deprecated -W ignore:easy_install command is deprecated setup.py egg_info --egg-base ../../build/motor_control_py build --build-base /root/GZ_DiNiu/build/motor_control_py/build install --record /root/GZ_DiNiu/build/motor_control_py/install.log --single-version-externally-managed install_data
[11.128s] Level 1:colcon.colcon_core.environment:checking '/root/GZ_DiNiu/install/motor_control_py' for CMake config files
[11.133s] Level 1:colcon.colcon_core.environment:checking '/root/GZ_DiNiu/install/motor_control_py/lib'
[11.135s] Level 1:colcon.colcon_core.environment:checking '/root/GZ_DiNiu/install/motor_control_py/bin'
[11.136s] Level 1:colcon.colcon_core.environment:checking '/root/GZ_DiNiu/install/motor_control_py/lib/pkgconfig/motor_control_py.pc'
[11.138s] Level 1:colcon.colcon_core.environment:checking '/root/GZ_DiNiu/install/motor_control_py/lib/python3.10/site-packages'
[11.139s] Level 1:colcon.colcon_core.shell:create_environment_hook('motor_control_py', 'pythonpath')
[11.141s] INFO:colcon.colcon_core.shell:Creating environment hook '/root/GZ_DiNiu/install/motor_control_py/share/motor_control_py/hook/pythonpath.ps1'
[11.152s] INFO:colcon.colcon_core.shell:Creating environment descriptor '/root/GZ_DiNiu/install/motor_control_py/share/motor_control_py/hook/pythonpath.dsv'
[11.157s] INFO:colcon.colcon_core.shell:Creating environment hook '/root/GZ_DiNiu/install/motor_control_py/share/motor_control_py/hook/pythonpath.sh'
[11.163s] Level 1:colcon.colcon_core.environment:checking '/root/GZ_DiNiu/install/motor_control_py/bin'
[11.164s] Level 1:colcon.colcon_core.environment:create_environment_scripts_only(motor_control_py)
[11.167s] INFO:colcon.colcon_core.shell:Creating package script '/root/GZ_DiNiu/install/motor_control_py/share/motor_control_py/package.ps1'
[11.174s] INFO:colcon.colcon_core.shell:Creating package descriptor '/root/GZ_DiNiu/install/motor_control_py/share/motor_control_py/package.dsv'
[11.179s] INFO:colcon.colcon_core.shell:Creating package script '/root/GZ_DiNiu/install/motor_control_py/share/motor_control_py/package.sh'
[11.187s] INFO:colcon.colcon_core.shell:Creating package script '/root/GZ_DiNiu/install/motor_control_py/share/motor_control_py/package.bash'
[11.192s] INFO:colcon.colcon_core.shell:Creating package script '/root/GZ_DiNiu/install/motor_control_py/share/motor_control_py/package.zsh'
[11.197s] Level 1:colcon.colcon_core.environment:create_file_with_runtime_dependencies(/root/GZ_DiNiu/install/motor_control_py/share/colcon-core/packages/motor_control_py)
[11.544s] Level 1:colcon.colcon_core.environment:checking '/root/GZ_DiNiu/install/imu_bno08x' for CMake module files
[11.546s] Level 1:colcon.colcon_core.environment:checking '/root/GZ_DiNiu/install/imu_bno08x' for CMake config files
[11.554s] DEBUG:colcon.colcon_core.event_handler.log_command:Invoked command in '/root/GZ_DiNiu/src/imu_bno08x' returned '0': PYTHONPATH=/root/GZ_DiNiu/build/imu_bno08x/prefix_override:/usr/lib/python3/dist-packages/colcon_core/task/python/colcon_distutils_commands:/root/GZ_DiNiu/install/imu_bno08x/lib/python3.10/site-packages:${PYTHONPATH} /usr/bin/python3 -W ignore:setup.py install is deprecated -W ignore:easy_install command is deprecated setup.py egg_info --egg-base ../../build/imu_bno08x build --build-base /root/GZ_DiNiu/build/imu_bno08x/build install --record /root/GZ_DiNiu/build/imu_bno08x/install.log --single-version-externally-managed install_data
[11.557s] Level 1:colcon.colcon_core.environment:checking '/root/GZ_DiNiu/install/imu_bno08x/lib'
[11.558s] Level 1:colcon.colcon_core.environment:checking '/root/GZ_DiNiu/install/imu_bno08x/bin'
[11.558s] Level 1:colcon.colcon_core.environment:checking '/root/GZ_DiNiu/install/imu_bno08x/lib/pkgconfig/imu_bno08x.pc'
[11.560s] Level 1:colcon.colcon_core.environment:checking '/root/GZ_DiNiu/install/imu_bno08x/lib/python3.10/site-packages'
[11.561s] Level 1:colcon.colcon_core.shell:create_environment_hook('imu_bno08x', 'pythonpath')
[11.563s] INFO:colcon.colcon_core.shell:Creating environment hook '/root/GZ_DiNiu/install/imu_bno08x/share/imu_bno08x/hook/pythonpath.ps1'
[11.567s] INFO:colcon.colcon_core.shell:Creating environment descriptor '/root/GZ_DiNiu/install/imu_bno08x/share/imu_bno08x/hook/pythonpath.dsv'
[11.571s] INFO:colcon.colcon_core.shell:Creating environment hook '/root/GZ_DiNiu/install/imu_bno08x/share/imu_bno08x/hook/pythonpath.sh'
[11.577s] Level 1:colcon.colcon_core.environment:checking '/root/GZ_DiNiu/install/imu_bno08x/bin'
[11.577s] Level 1:colcon.colcon_core.environment:create_environment_scripts_only(imu_bno08x)
[11.579s] INFO:colcon.colcon_core.shell:Creating package script '/root/GZ_DiNiu/install/imu_bno08x/share/imu_bno08x/package.ps1'
[11.583s] INFO:colcon.colcon_core.shell:Creating package descriptor '/root/GZ_DiNiu/install/imu_bno08x/share/imu_bno08x/package.dsv'
[11.587s] INFO:colcon.colcon_core.shell:Creating package script '/root/GZ_DiNiu/install/imu_bno08x/share/imu_bno08x/package.sh'
[11.592s] INFO:colcon.colcon_core.shell:Creating package script '/root/GZ_DiNiu/install/imu_bno08x/share/imu_bno08x/package.bash'
[11.597s] INFO:colcon.colcon_core.shell:Creating package script '/root/GZ_DiNiu/install/imu_bno08x/share/imu_bno08x/package.zsh'
[11.601s] Level 1:colcon.colcon_core.environment:create_file_with_runtime_dependencies(/root/GZ_DiNiu/install/imu_bno08x/share/colcon-core/packages/imu_bno08x)
[11.606s] DEBUG:colcon.colcon_parallel_executor.executor.parallel:closing loop
[11.607s] DEBUG:colcon.colcon_parallel_executor.executor.parallel:loop closed
[11.608s] DEBUG:colcon.colcon_parallel_executor.executor.parallel:run_until_complete finished with '0'
[11.609s] DEBUG:colcon.colcon_core.event_reactor:joining thread
[11.645s] INFO:colcon.colcon_core.plugin_system:Skipping extension 'colcon_notification.desktop_notification.terminal_notifier': Not used on non-Darwin systems
[11.646s] INFO:colcon.colcon_core.plugin_system:Skipping extension 'colcon_notification.desktop_notification.win32': Not used on non-Windows systems
[11.647s] INFO:colcon.colcon_notification.desktop_notification:Sending desktop notification using 'notify2'
[11.654s] DEBUG:colcon.colcon_notification.desktop_notification.notify2:Failed to initialize notify2: org.freedesktop.DBus.Error.ServiceUnknown: The name org.freedesktop.Notifications was not provided by any .service files
[11.655s] DEBUG:colcon.colcon_core.event_reactor:joined thread
[11.658s] INFO:colcon.colcon_core.shell:Creating prefix script '/root/GZ_DiNiu/install/local_setup.ps1'
[11.665s] INFO:colcon.colcon_core.shell:Creating prefix util module '/root/GZ_DiNiu/install/_local_setup_util_ps1.py'
[11.678s] INFO:colcon.colcon_core.shell:Creating prefix chain script '/root/GZ_DiNiu/install/setup.ps1'
[11.690s] INFO:colcon.colcon_core.shell:Creating prefix script '/root/GZ_DiNiu/install/local_setup.sh'
[11.698s] INFO:colcon.colcon_core.shell:Creating prefix util module '/root/GZ_DiNiu/install/_local_setup_util_sh.py'
[11.707s] INFO:colcon.colcon_core.shell:Creating prefix chain script '/root/GZ_DiNiu/install/setup.sh'
[11.721s] INFO:colcon.colcon_core.shell:Creating prefix script '/root/GZ_DiNiu/install/local_setup.bash'
[11.726s] INFO:colcon.colcon_core.shell:Creating prefix chain script '/root/GZ_DiNiu/install/setup.bash'
[11.735s] INFO:colcon.colcon_core.shell:Creating prefix script '/root/GZ_DiNiu/install/local_setup.zsh'
[11.740s] INFO:colcon.colcon_core.shell:Creating prefix chain script '/root/GZ_DiNiu/install/setup.zsh'
