[0.145s] Invoking command in '/root/GZ_DiNiu/build/encoder_vel': CMAKE_PREFIX_PATH=${CMAKE_PREFIX_PATH}:/root/GZ_DiNiu/install/motor_control_py:/root/GZ_DiNiu/install/imu_bno08x:/opt/ros/humble /usr/bin/cmake --build /root/GZ_DiNiu/build/encoder_vel -- -j4 -l4
[3.066s] [100%] Built target encoder_vel_node
[3.088s] Invoked command in '/root/GZ_DiNiu/build/encoder_vel' returned '0': CMAKE_PREFIX_PATH=${CMAKE_PREFIX_PATH}:/root/GZ_DiNiu/install/motor_control_py:/root/GZ_DiNiu/install/imu_bno08x:/opt/ros/humble /usr/bin/cmake --build /root/GZ_DiNiu/build/encoder_vel -- -j4 -l4
[3.150s] Invoking command in '/root/GZ_DiNiu/build/encoder_vel': CMAKE_PREFIX_PATH=${CMAKE_PREFIX_PATH}:/root/GZ_DiNiu/install/motor_control_py:/root/GZ_DiNiu/install/imu_bno08x:/opt/ros/humble /usr/bin/cmake --install /root/GZ_DiNiu/build/encoder_vel
[3.184s] -- Install configuration: ""
[3.191s] -- Up-to-date: /root/GZ_DiNiu/install/encoder_vel/lib/encoder_vel/encoder_vel_node
[3.215s] -- Up-to-date: /root/GZ_DiNiu/install/encoder_vel/share/ament_index/resource_index/package_run_dependencies/encoder_vel
[3.216s] -- Up-to-date: /root/GZ_DiNiu/install/encoder_vel/share/ament_index/resource_index/parent_prefix_path/encoder_vel
[3.216s] -- Up-to-date: /root/GZ_DiNiu/install/encoder_vel/share/encoder_vel/environment/ament_prefix_path.sh
[3.217s] -- Up-to-date: /root/GZ_DiNiu/install/encoder_vel/share/encoder_vel/environment/ament_prefix_path.dsv
[3.225s] -- Up-to-date: /root/GZ_DiNiu/install/encoder_vel/share/encoder_vel/environment/path.sh
[3.229s] -- Up-to-date: /root/GZ_DiNiu/install/encoder_vel/share/encoder_vel/environment/path.dsv
[3.234s] -- Up-to-date: /root/GZ_DiNiu/install/encoder_vel/share/encoder_vel/local_setup.bash
[3.244s] -- Up-to-date: /root/GZ_DiNiu/install/encoder_vel/share/encoder_vel/local_setup.sh
[3.246s] -- Up-to-date: /root/GZ_DiNiu/install/encoder_vel/share/encoder_vel/local_setup.zsh
[3.247s] -- Up-to-date: /root/GZ_DiNiu/install/encoder_vel/share/encoder_vel/local_setup.dsv
[3.258s] -- Installing: /root/GZ_DiNiu/install/encoder_vel/share/encoder_vel/package.dsv
[3.259s] -- Up-to-date: /root/GZ_DiNiu/install/encoder_vel/share/ament_index/resource_index/packages/encoder_vel
[3.260s] -- Up-to-date: /root/GZ_DiNiu/install/encoder_vel/share/encoder_vel/cmake/encoder_velConfig.cmake
[3.263s] -- Up-to-date: /root/GZ_DiNiu/install/encoder_vel/share/encoder_vel/cmake/encoder_velConfig-version.cmake
[3.264s] -- Up-to-date: /root/GZ_DiNiu/install/encoder_vel/share/encoder_vel/package.xml
[3.265s] Invoked command in '/root/GZ_DiNiu/build/encoder_vel' returned '0': CMAKE_PREFIX_PATH=${CMAKE_PREFIX_PATH}:/root/GZ_DiNiu/install/motor_control_py:/root/GZ_DiNiu/install/imu_bno08x:/opt/ros/humble /usr/bin/cmake --install /root/GZ_DiNiu/build/encoder_vel
