[5.998s] Invoking command in '/root/GZ_DiNiu/src/imu_bno08x': PYTHONPATH=/root/GZ_DiNiu/build/imu_bno08x/prefix_override:/usr/lib/python3/dist-packages/colcon_core/task/python/colcon_distutils_commands:/root/GZ_DiNiu/install/imu_bno08x/lib/python3.10/site-packages:${PYTHONPATH} /usr/bin/python3 -W ignore:setup.py install is deprecated -W ignore:easy_install command is deprecated setup.py egg_info --egg-base ../../build/imu_bno08x build --build-base /root/GZ_DiNiu/build/imu_bno08x/build install --record /root/GZ_DiNiu/build/imu_bno08x/install.log --single-version-externally-managed install_data
[7.484s] running egg_info
[7.489s] writing ../../build/imu_bno08x/imu_bno08x.egg-info/PKG-INFO
[7.490s] writing dependency_links to ../../build/imu_bno08x/imu_bno08x.egg-info/dependency_links.txt
[7.492s] writing entry points to ../../build/imu_bno08x/imu_bno08x.egg-info/entry_points.txt
[7.493s] writing requirements to ../../build/imu_bno08x/imu_bno08x.egg-info/requires.txt
[7.496s] writing top-level names to ../../build/imu_bno08x/imu_bno08x.egg-info/top_level.txt
[7.503s] reading manifest file '../../build/imu_bno08x/imu_bno08x.egg-info/SOURCES.txt'
[7.507s] writing manifest file '../../build/imu_bno08x/imu_bno08x.egg-info/SOURCES.txt'
[7.509s] running build
[7.512s] running build_py
[7.513s] running install
[7.518s] running install_lib
[7.541s] running install_data
[7.546s] running install_egg_info
[7.549s] removing '/root/GZ_DiNiu/install/imu_bno08x/lib/python3.10/site-packages/imu_bno08x-0.0.1-py3.10.egg-info' (and everything under it)
[7.552s] Copying ../../build/imu_bno08x/imu_bno08x.egg-info to /root/GZ_DiNiu/install/imu_bno08x/lib/python3.10/site-packages/imu_bno08x-0.0.1-py3.10.egg-info
[7.562s] running install_scripts
[7.727s] Installing imu_bno08x_node script to /root/GZ_DiNiu/install/imu_bno08x/lib/imu_bno08x
[7.731s] writing list of installed files to '/root/GZ_DiNiu/build/imu_bno08x/install.log'
[7.870s] Invoked command in '/root/GZ_DiNiu/src/imu_bno08x' returned '0': PYTHONPATH=/root/GZ_DiNiu/build/imu_bno08x/prefix_override:/usr/lib/python3/dist-packages/colcon_core/task/python/colcon_distutils_commands:/root/GZ_DiNiu/install/imu_bno08x/lib/python3.10/site-packages:${PYTHONPATH} /usr/bin/python3 -W ignore:setup.py install is deprecated -W ignore:easy_install command is deprecated setup.py egg_info --egg-base ../../build/imu_bno08x build --build-base /root/GZ_DiNiu/build/imu_bno08x/build install --record /root/GZ_DiNiu/build/imu_bno08x/install.log --single-version-externally-managed install_data
