[7.192s] Invoking command in '/root/GZ_DiNiu/src/motor_control_py': PYTHONPATH=/root/GZ_DiNiu/build/motor_control_py/prefix_override:/usr/lib/python3/dist-packages/colcon_core/task/python/colcon_distutils_commands:/root/GZ_DiNiu/install/motor_control_py/lib/python3.10/site-packages:${PYTHONPATH} /usr/bin/python3 -W ignore:setup.py install is deprecated -W ignore:easy_install command is deprecated setup.py egg_info --egg-base ../../build/motor_control_py build --build-base /root/GZ_DiNiu/build/motor_control_py/build install --record /root/GZ_DiNiu/build/motor_control_py/install.log --single-version-externally-managed install_data
[9.323s] running egg_info
[9.325s] writing ../../build/motor_control_py/motor_control_py.egg-info/PKG-INFO
[9.326s] writing dependency_links to ../../build/motor_control_py/motor_control_py.egg-info/dependency_links.txt
[9.327s] writing entry points to ../../build/motor_control_py/motor_control_py.egg-info/entry_points.txt
[9.328s] writing requirements to ../../build/motor_control_py/motor_control_py.egg-info/requires.txt
[9.328s] writing top-level names to ../../build/motor_control_py/motor_control_py.egg-info/top_level.txt
[9.346s] reading manifest file '../../build/motor_control_py/motor_control_py.egg-info/SOURCES.txt'
[9.352s] writing manifest file '../../build/motor_control_py/motor_control_py.egg-info/SOURCES.txt'
[9.354s] running build
[9.355s] running build_py
[9.361s] copying motor_control_py/motor_control_node.py -> /root/GZ_DiNiu/build/motor_control_py/build/lib/motor_control_py
[9.365s] running install
[9.369s] running install_lib
[9.375s] copying /root/GZ_DiNiu/build/motor_control_py/build/lib/motor_control_py/motor_control_node.py -> /root/GZ_DiNiu/install/motor_control_py/lib/python3.10/site-packages/motor_control_py
[9.379s] byte-compiling /root/GZ_DiNiu/install/motor_control_py/lib/python3.10/site-packages/motor_control_py/motor_control_node.py to motor_control_node.cpython-310.pyc
[9.388s] running install_data
[9.393s] running install_egg_info
[9.408s] removing '/root/GZ_DiNiu/install/motor_control_py/lib/python3.10/site-packages/motor_control_py-0.0.1-py3.10.egg-info' (and everything under it)
[9.409s] Copying ../../build/motor_control_py/motor_control_py.egg-info to /root/GZ_DiNiu/install/motor_control_py/lib/python3.10/site-packages/motor_control_py-0.0.1-py3.10.egg-info
[9.431s] running install_scripts
[9.552s] Installing motor_control_node script to /root/GZ_DiNiu/install/motor_control_py/lib/motor_control_py
[9.552s] Installing steer_control_node script to /root/GZ_DiNiu/install/motor_control_py/lib/motor_control_py
[9.559s] writing list of installed files to '/root/GZ_DiNiu/build/motor_control_py/install.log'
[9.734s] Invoked command in '/root/GZ_DiNiu/src/motor_control_py' returned '0': PYTHONPATH=/root/GZ_DiNiu/build/motor_control_py/prefix_override:/usr/lib/python3/dist-packages/colcon_core/task/python/colcon_distutils_commands:/root/GZ_DiNiu/install/motor_control_py/lib/python3.10/site-packages:${PYTHONPATH} /usr/bin/python3 -W ignore:setup.py install is deprecated -W ignore:easy_install command is deprecated setup.py egg_info --egg-base ../../build/motor_control_py build --build-base /root/GZ_DiNiu/build/motor_control_py/build install --record /root/GZ_DiNiu/build/motor_control_py/install.log --single-version-externally-managed install_data
