[4.982s] Invoking command in '/root/GZ_DiNiu/build/steer_closed_loop': CMAKE_PREFIX_PATH=${CMAKE_PREFIX_PATH}:/root/GZ_DiNiu/install/motor_control_py:/root/GZ_DiNiu/install/imu_bno08x:/opt/ros/humble /usr/bin/cmake --build /root/GZ_DiNiu/build/steer_closed_loop -- -j4 -l4
[6.364s] [100%] Built target steer_closed_loop_node
[6.576s] Invoked command in '/root/GZ_DiNiu/build/steer_closed_loop' returned '0': CMAKE_PREFIX_PATH=${CMAKE_PREFIX_PATH}:/root/GZ_DiNiu/install/motor_control_py:/root/GZ_DiNiu/install/imu_bno08x:/opt/ros/humble /usr/bin/cmake --build /root/GZ_DiNiu/build/steer_closed_loop -- -j4 -l4
[6.621s] Invoking command in '/root/GZ_DiNiu/build/steer_closed_loop': CMAKE_PREFIX_PATH=${CMAKE_PREFIX_PATH}:/root/GZ_DiNiu/install/motor_control_py:/root/GZ_DiNiu/install/imu_bno08x:/opt/ros/humble /usr/bin/cmake --install /root/GZ_DiNiu/build/steer_closed_loop
[6.810s] -- Install configuration: ""
[6.828s] -- Up-to-date: /root/GZ_DiNiu/install/steer_closed_loop/lib/steer_closed_loop/steer_closed_loop_node
[6.831s] -- Up-to-date: /root/GZ_DiNiu/install/steer_closed_loop/share/ament_index/resource_index/package_run_dependencies/steer_closed_loop
[6.884s] -- Up-to-date: /root/GZ_DiNiu/install/steer_closed_loop/share/ament_index/resource_index/parent_prefix_path/steer_closed_loop
[6.886s] -- Up-to-date: /root/GZ_DiNiu/install/steer_closed_loop/share/steer_closed_loop/environment/ament_prefix_path.sh
[6.887s] -- Up-to-date: /root/GZ_DiNiu/install/steer_closed_loop/share/steer_closed_loop/environment/ament_prefix_path.dsv
[6.887s] -- Up-to-date: /root/GZ_DiNiu/install/steer_closed_loop/share/steer_closed_loop/environment/path.sh
[6.888s] -- Up-to-date: /root/GZ_DiNiu/install/steer_closed_loop/share/steer_closed_loop/environment/path.dsv
[6.888s] -- Up-to-date: /root/GZ_DiNiu/install/steer_closed_loop/share/steer_closed_loop/local_setup.bash
[6.889s] -- Up-to-date: /root/GZ_DiNiu/install/steer_closed_loop/share/steer_closed_loop/local_setup.sh
[6.889s] -- Up-to-date: /root/GZ_DiNiu/install/steer_closed_loop/share/steer_closed_loop/local_setup.zsh
[6.890s] -- Up-to-date: /root/GZ_DiNiu/install/steer_closed_loop/share/steer_closed_loop/local_setup.dsv
[6.890s] -- Installing: /root/GZ_DiNiu/install/steer_closed_loop/share/steer_closed_loop/package.dsv
[6.891s] -- Up-to-date: /root/GZ_DiNiu/install/steer_closed_loop/share/ament_index/resource_index/packages/steer_closed_loop
[6.891s] -- Up-to-date: /root/GZ_DiNiu/install/steer_closed_loop/share/steer_closed_loop/cmake/steer_closed_loopConfig.cmake
[6.892s] -- Up-to-date: /root/GZ_DiNiu/install/steer_closed_loop/share/steer_closed_loop/cmake/steer_closed_loopConfig-version.cmake
[6.930s] -- Up-to-date: /root/GZ_DiNiu/install/steer_closed_loop/share/steer_closed_loop/package.xml
[6.943s] Invoked command in '/root/GZ_DiNiu/build/steer_closed_loop' returned '0': CMAKE_PREFIX_PATH=${CMAKE_PREFIX_PATH}:/root/GZ_DiNiu/install/motor_control_py:/root/GZ_DiNiu/install/imu_bno08x:/opt/ros/humble /usr/bin/cmake --install /root/GZ_DiNiu/build/steer_closed_loop
