[0.137s] Invoking command in '/root/GZ_DiNiu/build/encoder_vel': CMAKE_PREFIX_PATH=${CMAKE_PREFIX_PATH}:/root/GZ_DiNiu/install/motor_control_py:/root/GZ_DiNiu/install/imu_bno08x:/opt/ros/humble /usr/bin/cmake --build /root/GZ_DiNiu/build/encoder_vel -- -j4 -l4
[3.203s] [100%] Built target encoder_vel_node
[3.328s] Invoked command in '/root/GZ_DiNiu/build/encoder_vel' returned '0': CMAKE_PREFIX_PATH=${CMAKE_PREFIX_PATH}:/root/GZ_DiNiu/install/motor_control_py:/root/GZ_DiNiu/install/imu_bno08x:/opt/ros/humble /usr/bin/cmake --build /root/GZ_DiNiu/build/encoder_vel -- -j4 -l4
[3.441s] Invoking command in '/root/GZ_DiNiu/build/encoder_vel': CMAKE_PREFIX_PATH=${CMAKE_PREFIX_PATH}:/root/GZ_DiNiu/install/motor_control_py:/root/GZ_DiNiu/install/imu_bno08x:/opt/ros/humble /usr/bin/cmake --install /root/GZ_DiNiu/build/encoder_vel
[3.570s] -- Install configuration: ""
[3.579s] -- Up-to-date: /root/GZ_DiNiu/install/encoder_vel/lib/encoder_vel/encoder_vel_node
[3.582s] -- Up-to-date: /root/GZ_DiNiu/install/encoder_vel/share/ament_index/resource_index/package_run_dependencies/encoder_vel
[3.586s] -- Up-to-date: /root/GZ_DiNiu/install/encoder_vel/share/ament_index/resource_index/parent_prefix_path/encoder_vel
[3.595s] -- Up-to-date: /root/GZ_DiNiu/install/encoder_vel/share/encoder_vel/environment/ament_prefix_path.sh
[3.598s] -- Up-to-date: /root/GZ_DiNiu/install/encoder_vel/share/encoder_vel/environment/ament_prefix_path.dsv
[3.600s] -- Up-to-date: /root/GZ_DiNiu/install/encoder_vel/share/encoder_vel/environment/path.sh
[3.601s] -- Up-to-date: /root/GZ_DiNiu/install/encoder_vel/share/encoder_vel/environment/path.dsv
[3.608s] -- Up-to-date: /root/GZ_DiNiu/install/encoder_vel/share/encoder_vel/local_setup.bash
[3.617s] -- Up-to-date: /root/GZ_DiNiu/install/encoder_vel/share/encoder_vel/local_setup.sh
[3.620s] -- Up-to-date: /root/GZ_DiNiu/install/encoder_vel/share/encoder_vel/local_setup.zsh
[3.622s] -- Up-to-date: /root/GZ_DiNiu/install/encoder_vel/share/encoder_vel/local_setup.dsv
[3.624s] -- Installing: /root/GZ_DiNiu/install/encoder_vel/share/encoder_vel/package.dsv
[3.629s] -- Up-to-date: /root/GZ_DiNiu/install/encoder_vel/share/ament_index/resource_index/packages/encoder_vel
[3.631s] -- Up-to-date: /root/GZ_DiNiu/install/encoder_vel/share/encoder_vel/cmake/encoder_velConfig.cmake
[3.633s] -- Up-to-date: /root/GZ_DiNiu/install/encoder_vel/share/encoder_vel/cmake/encoder_velConfig-version.cmake
[3.638s] -- Up-to-date: /root/GZ_DiNiu/install/encoder_vel/share/encoder_vel/package.xml
[3.671s] Invoked command in '/root/GZ_DiNiu/build/encoder_vel' returned '0': CMAKE_PREFIX_PATH=${CMAKE_PREFIX_PATH}:/root/GZ_DiNiu/install/motor_control_py:/root/GZ_DiNiu/install/imu_bno08x:/opt/ros/humble /usr/bin/cmake --install /root/GZ_DiNiu/build/encoder_vel
