[2.824s] Invoking command in '/home/y/GZ_DiNiu/src/motor_control_py': PYTHONPATH=/home/y/GZ_DiNiu/build/motor_control_py/prefix_override:/usr/lib/python3/dist-packages/colcon_core/task/python/colcon_distutils_commands:/home/y/GZ_DiNiu/install/motor_control_py/lib/python3.10/site-packages:${PYTHONPATH} /usr/bin/python3 -W ignore:setup.py install is deprecated -W ignore:easy_install command is deprecated setup.py egg_info --egg-base ../../build/motor_control_py build --build-base /home/y/GZ_DiNiu/build/motor_control_py/build install --record /home/y/GZ_DiNiu/build/motor_control_py/install.log --single-version-externally-managed install_data
[3.969s] running egg_info
[3.973s] writing ../../build/motor_control_py/motor_control_py.egg-info/PKG-INFO
[3.974s] writing dependency_links to ../../build/motor_control_py/motor_control_py.egg-info/dependency_links.txt
[3.975s] writing entry points to ../../build/motor_control_py/motor_control_py.egg-info/entry_points.txt
[3.975s] writing requirements to ../../build/motor_control_py/motor_control_py.egg-info/requires.txt
[3.976s] writing top-level names to ../../build/motor_control_py/motor_control_py.egg-info/top_level.txt
[3.984s] reading manifest file '../../build/motor_control_py/motor_control_py.egg-info/SOURCES.txt'
[3.988s] writing manifest file '../../build/motor_control_py/motor_control_py.egg-info/SOURCES.txt'
[3.989s] running build
[3.989s] running build_py
[3.990s] copying motor_control_py/motor_control_node.py -> /home/y/GZ_DiNiu/build/motor_control_py/build/lib/motor_control_py
[3.992s] running install
[3.994s] running install_lib
[3.997s] copying /home/y/GZ_DiNiu/build/motor_control_py/build/lib/motor_control_py/motor_control_node.py -> /home/y/GZ_DiNiu/install/motor_control_py/lib/python3.10/site-packages/motor_control_py
[4.000s] byte-compiling /home/y/GZ_DiNiu/install/motor_control_py/lib/python3.10/site-packages/motor_control_py/motor_control_node.py to motor_control_node.cpython-310.pyc
[4.005s] running install_data
[4.006s] running install_egg_info
[4.013s] removing '/home/y/GZ_DiNiu/install/motor_control_py/lib/python3.10/site-packages/motor_control_py-0.0.1-py3.10.egg-info' (and everything under it)
[4.015s] Copying ../../build/motor_control_py/motor_control_py.egg-info to /home/y/GZ_DiNiu/install/motor_control_py/lib/python3.10/site-packages/motor_control_py-0.0.1-py3.10.egg-info
[4.020s] running install_scripts
[4.102s] Installing motor_control_node script to /home/y/GZ_DiNiu/install/motor_control_py/lib/motor_control_py
[4.104s] writing list of installed files to '/home/y/GZ_DiNiu/build/motor_control_py/install.log'
[4.227s] Invoked command in '/home/y/GZ_DiNiu/src/motor_control_py' returned '0': PYTHONPATH=/home/y/GZ_DiNiu/build/motor_control_py/prefix_override:/usr/lib/python3/dist-packages/colcon_core/task/python/colcon_distutils_commands:/home/y/GZ_DiNiu/install/motor_control_py/lib/python3.10/site-packages:${PYTHONPATH} /usr/bin/python3 -W ignore:setup.py install is deprecated -W ignore:easy_install command is deprecated setup.py egg_info --egg-base ../../build/motor_control_py build --build-base /home/y/GZ_DiNiu/build/motor_control_py/build install --record /home/y/GZ_DiNiu/build/motor_control_py/install.log --single-version-externally-managed install_data
