running egg_info
creating ../../build/motor_control_py/motor_control_py.egg-info
writing ../../build/motor_control_py/motor_control_py.egg-info/PKG-INFO
writing dependency_links to ../../build/motor_control_py/motor_control_py.egg-info/dependency_links.txt
writing entry points to ../../build/motor_control_py/motor_control_py.egg-info/entry_points.txt
writing requirements to ../../build/motor_control_py/motor_control_py.egg-info/requires.txt
writing top-level names to ../../build/motor_control_py/motor_control_py.egg-info/top_level.txt
writing manifest file '../../build/motor_control_py/motor_control_py.egg-info/SOURCES.txt'
reading manifest file '../../build/motor_control_py/motor_control_py.egg-info/SOURCES.txt'
writing manifest file '../../build/motor_control_py/motor_control_py.egg-info/SOURCES.txt'
running build
running build_py
creating /home/y/GZ_DiNiu/build/motor_control_py/build
creating /home/y/GZ_DiNiu/build/motor_control_py/build/lib
creating /home/y/GZ_DiNiu/build/motor_control_py/build/lib/motor_control_py
copying motor_control_py/motor_control_node.py -> /home/y/GZ_DiNiu/build/motor_control_py/build/lib/motor_control_py
copying motor_control_py/__init__.py -> /home/y/GZ_DiNiu/build/motor_control_py/build/lib/motor_control_py
running install
running install_lib
creating /home/y/GZ_DiNiu/install/motor_control_py/lib/python3.10/site-packages/motor_control_py
copying /home/y/GZ_DiNiu/build/motor_control_py/build/lib/motor_control_py/motor_control_node.py -> /home/y/GZ_DiNiu/install/motor_control_py/lib/python3.10/site-packages/motor_control_py
copying /home/y/GZ_DiNiu/build/motor_control_py/build/lib/motor_control_py/__init__.py -> /home/y/GZ_DiNiu/install/motor_control_py/lib/python3.10/site-packages/motor_control_py
byte-compiling /home/y/GZ_DiNiu/install/motor_control_py/lib/python3.10/site-packages/motor_control_py/motor_control_node.py to motor_control_node.cpython-310.pyc
byte-compiling /home/y/GZ_DiNiu/install/motor_control_py/lib/python3.10/site-packages/motor_control_py/__init__.py to __init__.cpython-310.pyc
running install_data
creating /home/y/GZ_DiNiu/install/motor_control_py/share/ament_index
creating /home/y/GZ_DiNiu/install/motor_control_py/share/ament_index/resource_index
creating /home/y/GZ_DiNiu/install/motor_control_py/share/ament_index/resource_index/packages
copying resource/motor_control_py -> /home/y/GZ_DiNiu/install/motor_control_py/share/ament_index/resource_index/packages
copying package.xml -> /home/y/GZ_DiNiu/install/motor_control_py/share/motor_control_py
running install_egg_info
Copying ../../build/motor_control_py/motor_control_py.egg-info to /home/y/GZ_DiNiu/install/motor_control_py/lib/python3.10/site-packages/motor_control_py-0.0.1-py3.10.egg-info
running install_scripts
Installing motor_control_node script to /home/y/GZ_DiNiu/install/motor_control_py/lib/motor_control_py
writing list of installed files to '/home/y/GZ_DiNiu/build/motor_control_py/install.log'
