[0.056s] Invoking command in '/home/y/GZ_DiNiu/build/encoder_vel': CMAKE_PREFIX_PATH=${CMAKE_PREFIX_PATH}:/opt/ros/humble /usr/bin/cmake --build /home/y/GZ_DiNiu/build/encoder_vel -- -j4 -l4
[0.226s] [35m[1mConsolidate compiler generated dependencies of target motor_control_node[0m
[0.284s] [ 50%] Built target encoder_vel_node
[0.324s] [100%] Built target motor_control_node
[0.361s] Invoked command in '/home/y/GZ_DiNiu/build/encoder_vel' returned '0': CMAKE_PREFIX_PATH=${CMAKE_PREFIX_PATH}:/opt/ros/humble /usr/bin/cmake --build /home/y/GZ_DiNiu/build/encoder_vel -- -j4 -l4
[0.402s] Invoking command in '/home/y/GZ_DiNiu/build/encoder_vel': CMAKE_PREFIX_PATH=${CMAKE_PREFIX_PATH}:/opt/ros/humble /usr/bin/cmake --install /home/y/GZ_DiNiu/build/encoder_vel
[0.429s] -- Install configuration: ""
[0.430s] -- Up-to-date: /home/y/GZ_DiNiu/install/encoder_vel/lib/encoder_vel/encoder_vel_node
[0.432s] -- Up-to-date: /home/y/GZ_DiNiu/install/encoder_vel/lib/encoder_vel/motor_control_node
[0.434s] -- Up-to-date: /home/y/GZ_DiNiu/install/encoder_vel/share/ament_index/resource_index/package_run_dependencies/encoder_vel
[0.435s] -- Up-to-date: /home/y/GZ_DiNiu/install/encoder_vel/share/ament_index/resource_index/parent_prefix_path/encoder_vel
[0.435s] -- Up-to-date: /home/y/GZ_DiNiu/install/encoder_vel/share/encoder_vel/environment/ament_prefix_path.sh
[0.437s] -- Up-to-date: /home/y/GZ_DiNiu/install/encoder_vel/share/encoder_vel/environment/ament_prefix_path.dsv
[0.437s] -- Up-to-date: /home/y/GZ_DiNiu/install/encoder_vel/share/encoder_vel/environment/path.sh
[0.438s] -- Up-to-date: /home/y/GZ_DiNiu/install/encoder_vel/share/encoder_vel/environment/path.dsv
[0.438s] -- Up-to-date: /home/y/GZ_DiNiu/install/encoder_vel/share/encoder_vel/local_setup.bash
[0.438s] -- Up-to-date: /home/y/GZ_DiNiu/install/encoder_vel/share/encoder_vel/local_setup.sh
[0.439s] -- Up-to-date: /home/y/GZ_DiNiu/install/encoder_vel/share/encoder_vel/local_setup.zsh
[0.439s] -- Up-to-date: /home/y/GZ_DiNiu/install/encoder_vel/share/encoder_vel/local_setup.dsv
[0.440s] -- Installing: /home/y/GZ_DiNiu/install/encoder_vel/share/encoder_vel/package.dsv
[0.440s] -- Up-to-date: /home/y/GZ_DiNiu/install/encoder_vel/share/ament_index/resource_index/packages/encoder_vel
[0.441s] -- Up-to-date: /home/y/GZ_DiNiu/install/encoder_vel/share/encoder_vel/cmake/encoder_velConfig.cmake
[0.441s] -- Up-to-date: /home/y/GZ_DiNiu/install/encoder_vel/share/encoder_vel/cmake/encoder_velConfig-version.cmake
[0.441s] -- Up-to-date: /home/y/GZ_DiNiu/install/encoder_vel/share/encoder_vel/package.xml
[0.446s] Invoked command in '/home/y/GZ_DiNiu/build/encoder_vel' returned '0': CMAKE_PREFIX_PATH=${CMAKE_PREFIX_PATH}:/opt/ros/humble /usr/bin/cmake --install /home/y/GZ_DiNiu/build/encoder_vel
