[6.055s] Invoking command in '/root/GZ_DiNiu/src/imu_bno08x': PYTHONPATH=/root/GZ_DiNiu/build/imu_bno08x/prefix_override:/usr/lib/python3/dist-packages/colcon_core/task/python/colcon_distutils_commands:/root/GZ_DiNiu/install/imu_bno08x/lib/python3.10/site-packages:${PYTHONPATH} /usr/bin/python3 -W ignore:setup.py install is deprecated -W ignore:easy_install command is deprecated setup.py egg_info --egg-base ../../build/imu_bno08x build --build-base /root/GZ_DiNiu/build/imu_bno08x/build install --record /root/GZ_DiNiu/build/imu_bno08x/install.log --single-version-externally-managed install_data
[8.119s] running egg_info
[8.130s] writing ../../build/imu_bno08x/imu_bno08x.egg-info/PKG-INFO
[8.131s] writing dependency_links to ../../build/imu_bno08x/imu_bno08x.egg-info/dependency_links.txt
[8.131s] writing entry points to ../../build/imu_bno08x/imu_bno08x.egg-info/entry_points.txt
[8.139s] writing requirements to ../../build/imu_bno08x/imu_bno08x.egg-info/requires.txt
[8.140s] writing top-level names to ../../build/imu_bno08x/imu_bno08x.egg-info/top_level.txt
[8.142s] reading manifest file '../../build/imu_bno08x/imu_bno08x.egg-info/SOURCES.txt'
[8.160s] writing manifest file '../../build/imu_bno08x/imu_bno08x.egg-info/SOURCES.txt'
[8.160s] running build
[8.161s] running build_py
[8.178s] running install
[8.179s] running install_lib
[8.180s] running install_data
[8.181s] running install_egg_info
[8.182s] removing '/root/GZ_DiNiu/install/imu_bno08x/lib/python3.10/site-packages/imu_bno08x-0.0.1-py3.10.egg-info' (and everything under it)
[8.182s] Copying ../../build/imu_bno08x/imu_bno08x.egg-info to /root/GZ_DiNiu/install/imu_bno08x/lib/python3.10/site-packages/imu_bno08x-0.0.1-py3.10.egg-info
[8.191s] running install_scripts
[8.425s] Installing imu_bno08x_node script to /root/GZ_DiNiu/install/imu_bno08x/lib/imu_bno08x
[8.433s] writing list of installed files to '/root/GZ_DiNiu/build/imu_bno08x/install.log'
[8.755s] Invoked command in '/root/GZ_DiNiu/src/imu_bno08x' returned '0': PYTHONPATH=/root/GZ_DiNiu/build/imu_bno08x/prefix_override:/usr/lib/python3/dist-packages/colcon_core/task/python/colcon_distutils_commands:/root/GZ_DiNiu/install/imu_bno08x/lib/python3.10/site-packages:${PYTHONPATH} /usr/bin/python3 -W ignore:setup.py install is deprecated -W ignore:easy_install command is deprecated setup.py egg_info --egg-base ../../build/imu_bno08x build --build-base /root/GZ_DiNiu/build/imu_bno08x/build install --record /root/GZ_DiNiu/build/imu_bno08x/install.log --single-version-externally-managed install_data
