[3.311s] Invoking command in '/root/GZ_DiNiu/src/motor_control_py': PYTHONPATH=/root/GZ_DiNiu/build/motor_control_py/prefix_override:/usr/lib/python3/dist-packages/colcon_core/task/python/colcon_distutils_commands:/root/GZ_DiNiu/install/motor_control_py/lib/python3.10/site-packages:${PYTHONPATH} /usr/bin/python3 -W ignore:setup.py install is deprecated -W ignore:easy_install command is deprecated setup.py egg_info --egg-base ../../build/motor_control_py build --build-base /root/GZ_DiNiu/build/motor_control_py/build install --record /root/GZ_DiNiu/build/motor_control_py/install.log --single-version-externally-managed install_data
[4.660s] running egg_info
[4.663s] writing ../../build/motor_control_py/motor_control_py.egg-info/PKG-INFO
[4.664s] writing dependency_links to ../../build/motor_control_py/motor_control_py.egg-info/dependency_links.txt
[4.665s] writing entry points to ../../build/motor_control_py/motor_control_py.egg-info/entry_points.txt
[4.667s] writing requirements to ../../build/motor_control_py/motor_control_py.egg-info/requires.txt
[4.668s] writing top-level names to ../../build/motor_control_py/motor_control_py.egg-info/top_level.txt
[4.678s] reading manifest file '../../build/motor_control_py/motor_control_py.egg-info/SOURCES.txt'
[4.683s] writing manifest file '../../build/motor_control_py/motor_control_py.egg-info/SOURCES.txt'
[4.684s] running build
[4.685s] running build_py
[4.685s] copying motor_control_py/motor_control_node.py -> /root/GZ_DiNiu/build/motor_control_py/build/lib/motor_control_py
[4.687s] running install
[4.689s] running install_lib
[4.693s] copying /root/GZ_DiNiu/build/motor_control_py/build/lib/motor_control_py/motor_control_node.py -> /root/GZ_DiNiu/install/motor_control_py/lib/python3.10/site-packages/motor_control_py
[4.698s] byte-compiling /root/GZ_DiNiu/install/motor_control_py/lib/python3.10/site-packages/motor_control_py/motor_control_node.py to motor_control_node.cpython-310.pyc
[4.706s] running install_data
[4.706s] running install_egg_info
[4.714s] removing '/root/GZ_DiNiu/install/motor_control_py/lib/python3.10/site-packages/motor_control_py-0.0.1-py3.10.egg-info' (and everything under it)
[4.716s] Copying ../../build/motor_control_py/motor_control_py.egg-info to /root/GZ_DiNiu/install/motor_control_py/lib/python3.10/site-packages/motor_control_py-0.0.1-py3.10.egg-info
[4.722s] running install_scripts
[4.811s] Installing motor_control_node script to /root/GZ_DiNiu/install/motor_control_py/lib/motor_control_py
[4.812s] Installing steer_control_node script to /root/GZ_DiNiu/install/motor_control_py/lib/motor_control_py
[4.814s] writing list of installed files to '/root/GZ_DiNiu/build/motor_control_py/install.log'
[4.960s] Invoked command in '/root/GZ_DiNiu/src/motor_control_py' returned '0': PYTHONPATH=/root/GZ_DiNiu/build/motor_control_py/prefix_override:/usr/lib/python3/dist-packages/colcon_core/task/python/colcon_distutils_commands:/root/GZ_DiNiu/install/motor_control_py/lib/python3.10/site-packages:${PYTHONPATH} /usr/bin/python3 -W ignore:setup.py install is deprecated -W ignore:easy_install command is deprecated setup.py egg_info --egg-base ../../build/motor_control_py build --build-base /root/GZ_DiNiu/build/motor_control_py/build install --record /root/GZ_DiNiu/build/motor_control_py/install.log --single-version-externally-managed install_data
