[6.250s] Invoking command in '/root/GZ_DiNiu/src/imu_bno08x': PYTHONPATH=/root/GZ_DiNiu/build/imu_bno08x/prefix_override:/usr/lib/python3/dist-packages/colcon_core/task/python/colcon_distutils_commands:/root/GZ_DiNiu/install/imu_bno08x/lib/python3.10/site-packages:${PYTHONPATH} /usr/bin/python3 -W ignore:setup.py install is deprecated -W ignore:easy_install command is deprecated setup.py egg_info --egg-base ../../build/imu_bno08x build --build-base /root/GZ_DiNiu/build/imu_bno08x/build install --record /root/GZ_DiNiu/build/imu_bno08x/install.log --single-version-externally-managed install_data
[7.874s] running egg_info
[7.884s] writing ../../build/imu_bno08x/imu_bno08x.egg-info/PKG-INFO
[7.890s] writing dependency_links to ../../build/imu_bno08x/imu_bno08x.egg-info/dependency_links.txt
[7.892s] writing entry points to ../../build/imu_bno08x/imu_bno08x.egg-info/entry_points.txt
[7.895s] writing requirements to ../../build/imu_bno08x/imu_bno08x.egg-info/requires.txt
[7.898s] writing top-level names to ../../build/imu_bno08x/imu_bno08x.egg-info/top_level.txt
[7.900s] reading manifest file '../../build/imu_bno08x/imu_bno08x.egg-info/SOURCES.txt'
[7.906s] writing manifest file '../../build/imu_bno08x/imu_bno08x.egg-info/SOURCES.txt'
[7.922s] running build
[7.923s] running build_py
[7.924s] running install
[7.924s] running install_lib
[7.926s] running install_data
[7.926s] running install_egg_info
[7.929s] removing '/root/GZ_DiNiu/install/imu_bno08x/lib/python3.10/site-packages/imu_bno08x-0.0.1-py3.10.egg-info' (and everything under it)
[7.930s] Copying ../../build/imu_bno08x/imu_bno08x.egg-info to /root/GZ_DiNiu/install/imu_bno08x/lib/python3.10/site-packages/imu_bno08x-0.0.1-py3.10.egg-info
[7.932s] running install_scripts
[8.026s] Installing imu_bno08x_node script to /root/GZ_DiNiu/install/imu_bno08x/lib/imu_bno08x
[8.028s] writing list of installed files to '/root/GZ_DiNiu/build/imu_bno08x/install.log'
[8.251s] Invoked command in '/root/GZ_DiNiu/src/imu_bno08x' returned '0': PYTHONPATH=/root/GZ_DiNiu/build/imu_bno08x/prefix_override:/usr/lib/python3/dist-packages/colcon_core/task/python/colcon_distutils_commands:/root/GZ_DiNiu/install/imu_bno08x/lib/python3.10/site-packages:${PYTHONPATH} /usr/bin/python3 -W ignore:setup.py install is deprecated -W ignore:easy_install command is deprecated setup.py egg_info --egg-base ../../build/imu_bno08x build --build-base /root/GZ_DiNiu/build/imu_bno08x/build install --record /root/GZ_DiNiu/build/imu_bno08x/install.log --single-version-externally-managed install_data
