[0.847s] DEBUG:colcon:Command line arguments: ['/usr/bin/colcon', 'build']
[0.848s] DEBUG:colcon:Parsed command line arguments: Namespace(log_base=None, log_level=None, verb_name='build', build_base='build', install_base='install', merge_install=False, symlink_install=False, test_result_base=None, continue_on_error=False, executor='parallel', parallel_workers=4, event_handlers=None, ignore_user_meta=False, metas=['./colcon.meta'], base_paths=['.'], packages_ignore=None, packages_ignore_regex=None, paths=None, packages_up_to=None, packages_up_to_regex=None, packages_above=None, packages_above_and_dependencies=None, packages_above_depth=None, packages_select_by_dep=None, packages_skip_by_dep=None, packages_skip_up_to=None, packages_select_build_failed=False, packages_skip_build_finished=False, packages_select_test_failures=False, packages_skip_test_passed=False, packages_select=None, packages_skip=None, packages_select_regex=None, packages_skip_regex=None, packages_start=None, packages_end=None, allow_overriding=[], cmake_args=None, cmake_target=None, cmake_target_skip_unavailable=False, cmake_clean_cache=False, cmake_clean_first=False, cmake_force_configure=False, ament_cmake_args=None, catkin_cmake_args=None, catkin_skip_building_tests=False, verb_parser=<colcon_defaults.argument_parser.defaults.DefaultArgumentsDecorator object at 0xffffbbaff970>, verb_extension=<colcon_core.verb.build.BuildVerb object at 0xffffbbce0df0>, main=<bound method BuildVerb.main of <colcon_core.verb.build.BuildVerb object at 0xffffbbce0df0>>)
[2.343s] Level 1:colcon.colcon_core.package_discovery:discover_packages(colcon_meta) check parameters
[2.344s] Level 1:colcon.colcon_core.package_discovery:discover_packages(recursive) check parameters
[2.344s] Level 1:colcon.colcon_core.package_discovery:discover_packages(ignore) check parameters
[2.345s] Level 1:colcon.colcon_core.package_discovery:discover_packages(path) check parameters
[2.345s] Level 1:colcon.colcon_core.package_discovery:discover_packages(colcon_meta) discover
[2.345s] Level 1:colcon.colcon_core.package_discovery:discover_packages(recursive) discover
[2.345s] INFO:colcon.colcon_core.package_discovery:Crawling recursively for packages in '/root/GZ_DiNiu'
[2.346s] Level 1:colcon.colcon_core.package_identification:_identify(.) by extensions ['ignore', 'ignore_ament_install']
[2.347s] Level 1:colcon.colcon_core.package_identification:_identify(.) by extension 'ignore'
[2.347s] Level 1:colcon.colcon_core.package_identification:_identify(.) by extension 'ignore_ament_install'
[2.348s] Level 1:colcon.colcon_core.package_identification:_identify(.) by extensions ['colcon_pkg']
[2.348s] Level 1:colcon.colcon_core.package_identification:_identify(.) by extension 'colcon_pkg'
[2.348s] Level 1:colcon.colcon_core.package_identification:_identify(.) by extensions ['colcon_meta']
[2.348s] Level 1:colcon.colcon_core.package_identification:_identify(.) by extension 'colcon_meta'
[2.348s] Level 1:colcon.colcon_core.package_identification:_identify(.) by extensions ['ros']
[2.349s] Level 1:colcon.colcon_core.package_identification:_identify(.) by extension 'ros'
[2.405s] Level 1:colcon.colcon_core.package_identification:_identify(.) by extensions ['cmake', 'python']
[2.405s] Level 1:colcon.colcon_core.package_identification:_identify(.) by extension 'cmake'
[2.405s] Level 1:colcon.colcon_core.package_identification:_identify(.) by extension 'python'
[2.406s] Level 1:colcon.colcon_core.package_identification:_identify(.) by extensions ['python_setup_py']
[2.406s] Level 1:colcon.colcon_core.package_identification:_identify(.) by extension 'python_setup_py'
[2.407s] Level 1:colcon.colcon_core.package_identification:_identify(build) by extensions ['ignore', 'ignore_ament_install']
[2.407s] Level 1:colcon.colcon_core.package_identification:_identify(build) by extension 'ignore'
[2.408s] Level 1:colcon.colcon_core.package_identification:_identify(build) ignored
[2.409s] Level 1:colcon.colcon_core.package_identification:_identify(install) by extensions ['ignore', 'ignore_ament_install']
[2.409s] Level 1:colcon.colcon_core.package_identification:_identify(install) by extension 'ignore'
[2.410s] Level 1:colcon.colcon_core.package_identification:_identify(install) ignored
[2.412s] Level 1:colcon.colcon_core.package_identification:_identify(log) by extensions ['ignore', 'ignore_ament_install']
[2.413s] Level 1:colcon.colcon_core.package_identification:_identify(log) by extension 'ignore'
[2.413s] Level 1:colcon.colcon_core.package_identification:_identify(log) ignored
[2.414s] Level 1:colcon.colcon_core.package_identification:_identify(src) by extensions ['ignore', 'ignore_ament_install']
[2.414s] Level 1:colcon.colcon_core.package_identification:_identify(src) by extension 'ignore'
[2.414s] Level 1:colcon.colcon_core.package_identification:_identify(src) by extension 'ignore_ament_install'
[2.415s] Level 1:colcon.colcon_core.package_identification:_identify(src) by extensions ['colcon_pkg']
[2.415s] Level 1:colcon.colcon_core.package_identification:_identify(src) by extension 'colcon_pkg'
[2.416s] Level 1:colcon.colcon_core.package_identification:_identify(src) by extensions ['colcon_meta']
[2.416s] Level 1:colcon.colcon_core.package_identification:_identify(src) by extension 'colcon_meta'
[2.416s] Level 1:colcon.colcon_core.package_identification:_identify(src) by extensions ['ros']
[2.416s] Level 1:colcon.colcon_core.package_identification:_identify(src) by extension 'ros'
[2.417s] Level 1:colcon.colcon_core.package_identification:_identify(src) by extensions ['cmake', 'python']
[2.417s] Level 1:colcon.colcon_core.package_identification:_identify(src) by extension 'cmake'
[2.418s] Level 1:colcon.colcon_core.package_identification:_identify(src) by extension 'python'
[2.418s] Level 1:colcon.colcon_core.package_identification:_identify(src) by extensions ['python_setup_py']
[2.418s] Level 1:colcon.colcon_core.package_identification:_identify(src) by extension 'python_setup_py'
[2.419s] Level 1:colcon.colcon_core.package_identification:_identify(src/encoder_vel) by extensions ['ignore', 'ignore_ament_install']
[2.419s] Level 1:colcon.colcon_core.package_identification:_identify(src/encoder_vel) by extension 'ignore'
[2.420s] Level 1:colcon.colcon_core.package_identification:_identify(src/encoder_vel) by extension 'ignore_ament_install'
[2.420s] Level 1:colcon.colcon_core.package_identification:_identify(src/encoder_vel) by extensions ['colcon_pkg']
[2.421s] Level 1:colcon.colcon_core.package_identification:_identify(src/encoder_vel) by extension 'colcon_pkg'
[2.421s] Level 1:colcon.colcon_core.package_identification:_identify(src/encoder_vel) by extensions ['colcon_meta']
[2.421s] Level 1:colcon.colcon_core.package_identification:_identify(src/encoder_vel) by extension 'colcon_meta'
[2.422s] Level 1:colcon.colcon_core.package_identification:_identify(src/encoder_vel) by extensions ['ros']
[2.422s] Level 1:colcon.colcon_core.package_identification:_identify(src/encoder_vel) by extension 'ros'
[2.436s] DEBUG:colcon.colcon_core.package_identification:Package 'src/encoder_vel' with type 'ros.ament_cmake' and name 'encoder_vel'
[2.436s] Level 1:colcon.colcon_core.package_identification:_identify(src/imu_bno08x) by extensions ['ignore', 'ignore_ament_install']
[2.437s] Level 1:colcon.colcon_core.package_identification:_identify(src/imu_bno08x) by extension 'ignore'
[2.437s] Level 1:colcon.colcon_core.package_identification:_identify(src/imu_bno08x) by extension 'ignore_ament_install'
[2.438s] Level 1:colcon.colcon_core.package_identification:_identify(src/imu_bno08x) by extensions ['colcon_pkg']
[2.438s] Level 1:colcon.colcon_core.package_identification:_identify(src/imu_bno08x) by extension 'colcon_pkg'
[2.438s] Level 1:colcon.colcon_core.package_identification:_identify(src/imu_bno08x) by extensions ['colcon_meta']
[2.438s] Level 1:colcon.colcon_core.package_identification:_identify(src/imu_bno08x) by extension 'colcon_meta'
[2.439s] Level 1:colcon.colcon_core.package_identification:_identify(src/imu_bno08x) by extensions ['ros']
[2.439s] Level 1:colcon.colcon_core.package_identification:_identify(src/imu_bno08x) by extension 'ros'
[2.441s] DEBUG:colcon.colcon_core.package_identification:Package 'src/imu_bno08x' with type 'ros.ament_python' and name 'imu_bno08x'
[2.442s] Level 1:colcon.colcon_core.package_identification:_identify(src/motor_control_py) by extensions ['ignore', 'ignore_ament_install']
[2.443s] Level 1:colcon.colcon_core.package_identification:_identify(src/motor_control_py) by extension 'ignore'
[2.443s] Level 1:colcon.colcon_core.package_identification:_identify(src/motor_control_py) by extension 'ignore_ament_install'
[2.444s] Level 1:colcon.colcon_core.package_identification:_identify(src/motor_control_py) by extensions ['colcon_pkg']
[2.444s] Level 1:colcon.colcon_core.package_identification:_identify(src/motor_control_py) by extension 'colcon_pkg'
[2.444s] Level 1:colcon.colcon_core.package_identification:_identify(src/motor_control_py) by extensions ['colcon_meta']
[2.444s] Level 1:colcon.colcon_core.package_identification:_identify(src/motor_control_py) by extension 'colcon_meta'
[2.445s] Level 1:colcon.colcon_core.package_identification:_identify(src/motor_control_py) by extensions ['ros']
[2.445s] Level 1:colcon.colcon_core.package_identification:_identify(src/motor_control_py) by extension 'ros'
[2.447s] DEBUG:colcon.colcon_core.package_identification:Package 'src/motor_control_py' with type 'ros.ament_python' and name 'motor_control_py'
[2.448s] Level 1:colcon.colcon_core.package_identification:_identify(src/steer_closed_loop) by extensions ['ignore', 'ignore_ament_install']
[2.448s] Level 1:colcon.colcon_core.package_identification:_identify(src/steer_closed_loop) by extension 'ignore'
[2.449s] Level 1:colcon.colcon_core.package_identification:_identify(src/steer_closed_loop) by extension 'ignore_ament_install'
[2.449s] Level 1:colcon.colcon_core.package_identification:_identify(src/steer_closed_loop) by extensions ['colcon_pkg']
[2.450s] Level 1:colcon.colcon_core.package_identification:_identify(src/steer_closed_loop) by extension 'colcon_pkg'
[2.450s] Level 1:colcon.colcon_core.package_identification:_identify(src/steer_closed_loop) by extensions ['colcon_meta']
[2.450s] Level 1:colcon.colcon_core.package_identification:_identify(src/steer_closed_loop) by extension 'colcon_meta'
[2.450s] Level 1:colcon.colcon_core.package_identification:_identify(src/steer_closed_loop) by extensions ['ros']
[2.451s] Level 1:colcon.colcon_core.package_identification:_identify(src/steer_closed_loop) by extension 'ros'
[2.453s] DEBUG:colcon.colcon_core.package_identification:Package 'src/steer_closed_loop' with type 'ros.ament_cmake' and name 'steer_closed_loop'
[2.454s] Level 1:colcon.colcon_core.package_discovery:discover_packages(recursive) using defaults
[2.454s] Level 1:colcon.colcon_core.package_discovery:discover_packages(ignore) discover
[2.454s] Level 1:colcon.colcon_core.package_discovery:discover_packages(ignore) using defaults
[2.455s] Level 1:colcon.colcon_core.package_discovery:discover_packages(path) discover
[2.455s] Level 1:colcon.colcon_core.package_discovery:discover_packages(path) using defaults
[2.558s] Level 1:colcon.colcon_core.package_discovery:discover_packages(prefix_path) check parameters
[2.559s] Level 1:colcon.colcon_core.package_discovery:discover_packages(prefix_path) discover
[2.570s] DEBUG:colcon.colcon_installed_package_information.package_discovery:Found 4 installed packages in /root/GZ_DiNiu/install
[2.580s] DEBUG:colcon.colcon_installed_package_information.package_discovery:Found 272 installed packages in /opt/ros/humble
[2.643s] Level 1:colcon.colcon_core.package_discovery:discover_packages(prefix_path) using defaults
[2.912s] Level 5:colcon.colcon_core.verb:set package 'encoder_vel' build argument 'cmake_args' from command line to 'None'
[2.912s] Level 5:colcon.colcon_core.verb:set package 'encoder_vel' build argument 'cmake_target' from command line to 'None'
[2.912s] Level 5:colcon.colcon_core.verb:set package 'encoder_vel' build argument 'cmake_target_skip_unavailable' from command line to 'False'
[2.912s] Level 5:colcon.colcon_core.verb:set package 'encoder_vel' build argument 'cmake_clean_cache' from command line to 'False'
[2.912s] Level 5:colcon.colcon_core.verb:set package 'encoder_vel' build argument 'cmake_clean_first' from command line to 'False'
[2.913s] Level 5:colcon.colcon_core.verb:set package 'encoder_vel' build argument 'cmake_force_configure' from command line to 'False'
[2.913s] Level 5:colcon.colcon_core.verb:set package 'encoder_vel' build argument 'ament_cmake_args' from command line to 'None'
[2.913s] Level 5:colcon.colcon_core.verb:set package 'encoder_vel' build argument 'catkin_cmake_args' from command line to 'None'
[2.913s] Level 5:colcon.colcon_core.verb:set package 'encoder_vel' build argument 'catkin_skip_building_tests' from command line to 'False'
[2.913s] DEBUG:colcon.colcon_core.verb:Building package 'encoder_vel' with the following arguments: {'ament_cmake_args': None, 'build_base': '/root/GZ_DiNiu/build/encoder_vel', 'catkin_cmake_args': None, 'catkin_skip_building_tests': False, 'cmake_args': None, 'cmake_clean_cache': False, 'cmake_clean_first': False, 'cmake_force_configure': False, 'cmake_target': None, 'cmake_target_skip_unavailable': False, 'install_base': '/root/GZ_DiNiu/install/encoder_vel', 'merge_install': False, 'path': '/root/GZ_DiNiu/src/encoder_vel', 'symlink_install': False, 'test_result_base': None}
[2.915s] Level 5:colcon.colcon_core.verb:set package 'imu_bno08x' build argument 'cmake_args' from command line to 'None'
[2.915s] Level 5:colcon.colcon_core.verb:set package 'imu_bno08x' build argument 'cmake_target' from command line to 'None'
[2.916s] Level 5:colcon.colcon_core.verb:set package 'imu_bno08x' build argument 'cmake_target_skip_unavailable' from command line to 'False'
[2.916s] Level 5:colcon.colcon_core.verb:set package 'imu_bno08x' build argument 'cmake_clean_cache' from command line to 'False'
[2.916s] Level 5:colcon.colcon_core.verb:set package 'imu_bno08x' build argument 'cmake_clean_first' from command line to 'False'
[2.916s] Level 5:colcon.colcon_core.verb:set package 'imu_bno08x' build argument 'cmake_force_configure' from command line to 'False'
[2.916s] Level 5:colcon.colcon_core.verb:set package 'imu_bno08x' build argument 'ament_cmake_args' from command line to 'None'
[2.916s] Level 5:colcon.colcon_core.verb:set package 'imu_bno08x' build argument 'catkin_cmake_args' from command line to 'None'
[2.916s] Level 5:colcon.colcon_core.verb:set package 'imu_bno08x' build argument 'catkin_skip_building_tests' from command line to 'False'
[2.917s] DEBUG:colcon.colcon_core.verb:Building package 'imu_bno08x' with the following arguments: {'ament_cmake_args': None, 'build_base': '/root/GZ_DiNiu/build/imu_bno08x', 'catkin_cmake_args': None, 'catkin_skip_building_tests': False, 'cmake_args': None, 'cmake_clean_cache': False, 'cmake_clean_first': False, 'cmake_force_configure': False, 'cmake_target': None, 'cmake_target_skip_unavailable': False, 'install_base': '/root/GZ_DiNiu/install/imu_bno08x', 'merge_install': False, 'path': '/root/GZ_DiNiu/src/imu_bno08x', 'symlink_install': False, 'test_result_base': None}
[2.918s] Level 5:colcon.colcon_core.verb:set package 'motor_control_py' build argument 'cmake_args' from command line to 'None'
[2.918s] Level 5:colcon.colcon_core.verb:set package 'motor_control_py' build argument 'cmake_target' from command line to 'None'
[2.919s] Level 5:colcon.colcon_core.verb:set package 'motor_control_py' build argument 'cmake_target_skip_unavailable' from command line to 'False'
[2.919s] Level 5:colcon.colcon_core.verb:set package 'motor_control_py' build argument 'cmake_clean_cache' from command line to 'False'
[2.919s] Level 5:colcon.colcon_core.verb:set package 'motor_control_py' build argument 'cmake_clean_first' from command line to 'False'
[2.919s] Level 5:colcon.colcon_core.verb:set package 'motor_control_py' build argument 'cmake_force_configure' from command line to 'False'
[2.919s] Level 5:colcon.colcon_core.verb:set package 'motor_control_py' build argument 'ament_cmake_args' from command line to 'None'
[2.919s] Level 5:colcon.colcon_core.verb:set package 'motor_control_py' build argument 'catkin_cmake_args' from command line to 'None'
[2.920s] Level 5:colcon.colcon_core.verb:set package 'motor_control_py' build argument 'catkin_skip_building_tests' from command line to 'False'
[2.920s] DEBUG:colcon.colcon_core.verb:Building package 'motor_control_py' with the following arguments: {'ament_cmake_args': None, 'build_base': '/root/GZ_DiNiu/build/motor_control_py', 'catkin_cmake_args': None, 'catkin_skip_building_tests': False, 'cmake_args': None, 'cmake_clean_cache': False, 'cmake_clean_first': False, 'cmake_force_configure': False, 'cmake_target': None, 'cmake_target_skip_unavailable': False, 'install_base': '/root/GZ_DiNiu/install/motor_control_py', 'merge_install': False, 'path': '/root/GZ_DiNiu/src/motor_control_py', 'symlink_install': False, 'test_result_base': None}
[2.921s] Level 5:colcon.colcon_core.verb:set package 'steer_closed_loop' build argument 'cmake_args' from command line to 'None'
[2.922s] Level 5:colcon.colcon_core.verb:set package 'steer_closed_loop' build argument 'cmake_target' from command line to 'None'
[2.922s] Level 5:colcon.colcon_core.verb:set package 'steer_closed_loop' build argument 'cmake_target_skip_unavailable' from command line to 'False'
[2.922s] Level 5:colcon.colcon_core.verb:set package 'steer_closed_loop' build argument 'cmake_clean_cache' from command line to 'False'
[2.922s] Level 5:colcon.colcon_core.verb:set package 'steer_closed_loop' build argument 'cmake_clean_first' from command line to 'False'
[2.922s] Level 5:colcon.colcon_core.verb:set package 'steer_closed_loop' build argument 'cmake_force_configure' from command line to 'False'
[2.923s] Level 5:colcon.colcon_core.verb:set package 'steer_closed_loop' build argument 'ament_cmake_args' from command line to 'None'
[2.923s] Level 5:colcon.colcon_core.verb:set package 'steer_closed_loop' build argument 'catkin_cmake_args' from command line to 'None'
[2.923s] Level 5:colcon.colcon_core.verb:set package 'steer_closed_loop' build argument 'catkin_skip_building_tests' from command line to 'False'
[2.923s] DEBUG:colcon.colcon_core.verb:Building package 'steer_closed_loop' with the following arguments: {'ament_cmake_args': None, 'build_base': '/root/GZ_DiNiu/build/steer_closed_loop', 'catkin_cmake_args': None, 'catkin_skip_building_tests': False, 'cmake_args': None, 'cmake_clean_cache': False, 'cmake_clean_first': False, 'cmake_force_configure': False, 'cmake_target': None, 'cmake_target_skip_unavailable': False, 'install_base': '/root/GZ_DiNiu/install/steer_closed_loop', 'merge_install': False, 'path': '/root/GZ_DiNiu/src/steer_closed_loop', 'symlink_install': False, 'test_result_base': None}
[2.924s] INFO:colcon.colcon_core.executor:Executing jobs using 'parallel' executor
[2.928s] DEBUG:colcon.colcon_parallel_executor.executor.parallel:run_until_complete
[2.929s] INFO:colcon.colcon_ros.task.ament_cmake.build:Building ROS package in '/root/GZ_DiNiu/src/encoder_vel' with build type 'ament_cmake'
[2.931s] INFO:colcon.colcon_cmake.task.cmake.build:Building CMake package in '/root/GZ_DiNiu/src/encoder_vel'
[2.941s] INFO:colcon.colcon_core.plugin_system:Skipping extension 'colcon_core.shell.bat': Not used on non-Windows systems
[2.942s] INFO:colcon.colcon_core.shell:Skip shell extension 'powershell' for command environment: Not usable outside of PowerShell
[2.942s] DEBUG:colcon.colcon_core.shell:Skip shell extension 'dsv' for command environment
[2.964s] INFO:colcon.colcon_ros.task.ament_python.build:Building ROS package in '/root/GZ_DiNiu/src/imu_bno08x' with build type 'ament_python'
[2.965s] Level 1:colcon.colcon_core.shell:create_environment_hook('imu_bno08x', 'ament_prefix_path')
[2.967s] INFO:colcon.colcon_core.shell:Creating environment hook '/root/GZ_DiNiu/install/imu_bno08x/share/imu_bno08x/hook/ament_prefix_path.ps1'
[2.971s] INFO:colcon.colcon_core.shell:Creating environment descriptor '/root/GZ_DiNiu/install/imu_bno08x/share/imu_bno08x/hook/ament_prefix_path.dsv'
[2.976s] INFO:colcon.colcon_core.shell:Creating environment hook '/root/GZ_DiNiu/install/imu_bno08x/share/imu_bno08x/hook/ament_prefix_path.sh'
[2.981s] INFO:colcon.colcon_core.shell:Skip shell extension 'powershell' for command environment: Not usable outside of PowerShell
[2.981s] DEBUG:colcon.colcon_core.shell:Skip shell extension 'dsv' for command environment
[3.002s] INFO:colcon.colcon_ros.task.ament_python.build:Building ROS package in '/root/GZ_DiNiu/src/motor_control_py' with build type 'ament_python'
[3.003s] Level 1:colcon.colcon_core.shell:create_environment_hook('motor_control_py', 'ament_prefix_path')
[3.005s] INFO:colcon.colcon_core.shell:Creating environment hook '/root/GZ_DiNiu/install/motor_control_py/share/motor_control_py/hook/ament_prefix_path.ps1'
[3.009s] INFO:colcon.colcon_core.shell:Creating environment descriptor '/root/GZ_DiNiu/install/motor_control_py/share/motor_control_py/hook/ament_prefix_path.dsv'
[3.013s] INFO:colcon.colcon_core.shell:Creating environment hook '/root/GZ_DiNiu/install/motor_control_py/share/motor_control_py/hook/ament_prefix_path.sh'
[3.018s] INFO:colcon.colcon_core.shell:Skip shell extension 'powershell' for command environment: Not usable outside of PowerShell
[3.019s] DEBUG:colcon.colcon_core.shell:Skip shell extension 'dsv' for command environment
[3.044s] INFO:colcon.colcon_ros.task.ament_cmake.build:Building ROS package in '/root/GZ_DiNiu/src/steer_closed_loop' with build type 'ament_cmake'
[3.045s] INFO:colcon.colcon_cmake.task.cmake.build:Building CMake package in '/root/GZ_DiNiu/src/steer_closed_loop'
[3.047s] INFO:colcon.colcon_core.shell:Skip shell extension 'powershell' for command environment: Not usable outside of PowerShell
[3.048s] DEBUG:colcon.colcon_core.shell:Skip shell extension 'dsv' for command environment
[3.099s] DEBUG:colcon.colcon_core.event_handler.log_command:Invoking command in '/root/GZ_DiNiu/build/encoder_vel': CMAKE_PREFIX_PATH=${CMAKE_PREFIX_PATH}:/root/GZ_DiNiu/install/motor_control_py:/root/GZ_DiNiu/install/imu_bno08x:/opt/ros/humble /usr/bin/cmake --build /root/GZ_DiNiu/build/encoder_vel -- -j4 -l4
[5.080s] INFO:colcon.colcon_core.task.python.build:Building Python package in '/root/GZ_DiNiu/src/imu_bno08x'
[5.081s] INFO:colcon.colcon_core.shell:Skip shell extension 'powershell' for command environment: Not usable outside of PowerShell
[5.082s] DEBUG:colcon.colcon_core.shell:Skip shell extension 'dsv' for command environment
[6.476s] INFO:colcon.colcon_core.task.python.build:Building Python package in '/root/GZ_DiNiu/src/motor_control_py'
[6.477s] INFO:colcon.colcon_core.shell:Skip shell extension 'powershell' for command environment: Not usable outside of PowerShell
[6.478s] DEBUG:colcon.colcon_core.shell:Skip shell extension 'dsv' for command environment
[6.514s] DEBUG:colcon.colcon_core.event_handler.log_command:Invoked command in '/root/GZ_DiNiu/build/encoder_vel' returned '0': CMAKE_PREFIX_PATH=${CMAKE_PREFIX_PATH}:/root/GZ_DiNiu/install/motor_control_py:/root/GZ_DiNiu/install/imu_bno08x:/opt/ros/humble /usr/bin/cmake --build /root/GZ_DiNiu/build/encoder_vel -- -j4 -l4
[6.556s] DEBUG:colcon.colcon_core.event_handler.log_command:Invoking command in '/root/GZ_DiNiu/build/encoder_vel': CMAKE_PREFIX_PATH=${CMAKE_PREFIX_PATH}:/root/GZ_DiNiu/install/motor_control_py:/root/GZ_DiNiu/install/imu_bno08x:/opt/ros/humble /usr/bin/cmake --install /root/GZ_DiNiu/build/encoder_vel
[6.597s] DEBUG:colcon.colcon_core.event_handler.log_command:Invoking command in '/root/GZ_DiNiu/build/steer_closed_loop': CMAKE_PREFIX_PATH=${CMAKE_PREFIX_PATH}:/root/GZ_DiNiu/install/motor_control_py:/root/GZ_DiNiu/install/imu_bno08x:/opt/ros/humble /usr/bin/cmake --build /root/GZ_DiNiu/build/steer_closed_loop -- -j4 -l4
[6.665s] Level 1:colcon.colcon_core.environment:create_environment_scripts_only(encoder_vel)
[6.667s] DEBUG:colcon.colcon_core.event_handler.log_command:Invoked command in '/root/GZ_DiNiu/build/encoder_vel' returned '0': CMAKE_PREFIX_PATH=${CMAKE_PREFIX_PATH}:/root/GZ_DiNiu/install/motor_control_py:/root/GZ_DiNiu/install/imu_bno08x:/opt/ros/humble /usr/bin/cmake --install /root/GZ_DiNiu/build/encoder_vel
[6.683s] Level 1:colcon.colcon_core.environment:checking '/root/GZ_DiNiu/install/encoder_vel' for CMake module files
[6.700s] Level 1:colcon.colcon_core.environment:checking '/root/GZ_DiNiu/install/encoder_vel' for CMake config files
[6.703s] Level 1:colcon.colcon_core.shell:create_environment_hook('encoder_vel', 'cmake_prefix_path')
[6.707s] INFO:colcon.colcon_core.shell:Creating environment hook '/root/GZ_DiNiu/install/encoder_vel/share/encoder_vel/hook/cmake_prefix_path.ps1'
[6.712s] INFO:colcon.colcon_core.shell:Creating environment descriptor '/root/GZ_DiNiu/install/encoder_vel/share/encoder_vel/hook/cmake_prefix_path.dsv'
[6.717s] INFO:colcon.colcon_core.shell:Creating environment hook '/root/GZ_DiNiu/install/encoder_vel/share/encoder_vel/hook/cmake_prefix_path.sh'
[6.724s] Level 1:colcon.colcon_core.environment:checking '/root/GZ_DiNiu/install/encoder_vel/lib'
[6.726s] Level 1:colcon.colcon_core.environment:checking '/root/GZ_DiNiu/install/encoder_vel/bin'
[6.727s] Level 1:colcon.colcon_core.environment:checking '/root/GZ_DiNiu/install/encoder_vel/lib/pkgconfig/encoder_vel.pc'
[6.729s] Level 1:colcon.colcon_core.environment:checking '/root/GZ_DiNiu/install/encoder_vel/lib/python3.10/site-packages'
[6.732s] Level 1:colcon.colcon_core.environment:checking '/root/GZ_DiNiu/install/encoder_vel/bin'
[6.734s] INFO:colcon.colcon_core.shell:Creating package script '/root/GZ_DiNiu/install/encoder_vel/share/encoder_vel/package.ps1'
[6.741s] INFO:colcon.colcon_core.shell:Creating package descriptor '/root/GZ_DiNiu/install/encoder_vel/share/encoder_vel/package.dsv'
[6.747s] INFO:colcon.colcon_core.shell:Creating package script '/root/GZ_DiNiu/install/encoder_vel/share/encoder_vel/package.sh'
[6.753s] INFO:colcon.colcon_core.shell:Creating package script '/root/GZ_DiNiu/install/encoder_vel/share/encoder_vel/package.bash'
[6.761s] INFO:colcon.colcon_core.shell:Creating package script '/root/GZ_DiNiu/install/encoder_vel/share/encoder_vel/package.zsh'
[6.766s] Level 1:colcon.colcon_core.environment:create_file_with_runtime_dependencies(/root/GZ_DiNiu/install/encoder_vel/share/colcon-core/packages/encoder_vel)
[6.771s] Level 1:colcon.colcon_core.environment:create_environment_scripts_only(encoder_vel)
[6.773s] Level 1:colcon.colcon_core.environment:checking '/root/GZ_DiNiu/install/encoder_vel' for CMake module files
[6.776s] Level 1:colcon.colcon_core.environment:checking '/root/GZ_DiNiu/install/encoder_vel' for CMake config files
[6.779s] Level 1:colcon.colcon_core.shell:create_environment_hook('encoder_vel', 'cmake_prefix_path')
[6.780s] INFO:colcon.colcon_core.shell:Creating environment hook '/root/GZ_DiNiu/install/encoder_vel/share/encoder_vel/hook/cmake_prefix_path.ps1'
[6.784s] INFO:colcon.colcon_core.shell:Creating environment descriptor '/root/GZ_DiNiu/install/encoder_vel/share/encoder_vel/hook/cmake_prefix_path.dsv'
[6.788s] INFO:colcon.colcon_core.shell:Creating environment hook '/root/GZ_DiNiu/install/encoder_vel/share/encoder_vel/hook/cmake_prefix_path.sh'
[6.793s] Level 1:colcon.colcon_core.environment:checking '/root/GZ_DiNiu/install/encoder_vel/lib'
[6.794s] Level 1:colcon.colcon_core.environment:checking '/root/GZ_DiNiu/install/encoder_vel/bin'
[6.796s] Level 1:colcon.colcon_core.environment:checking '/root/GZ_DiNiu/install/encoder_vel/lib/pkgconfig/encoder_vel.pc'
[6.799s] Level 1:colcon.colcon_core.environment:checking '/root/GZ_DiNiu/install/encoder_vel/lib/python3.10/site-packages'
[6.813s] Level 1:colcon.colcon_core.environment:checking '/root/GZ_DiNiu/install/encoder_vel/bin'
[6.832s] INFO:colcon.colcon_core.shell:Creating package script '/root/GZ_DiNiu/install/encoder_vel/share/encoder_vel/package.ps1'
[6.838s] INFO:colcon.colcon_core.shell:Creating package descriptor '/root/GZ_DiNiu/install/encoder_vel/share/encoder_vel/package.dsv'
[6.852s] INFO:colcon.colcon_core.shell:Creating package script '/root/GZ_DiNiu/install/encoder_vel/share/encoder_vel/package.sh'
[6.858s] INFO:colcon.colcon_core.shell:Creating package script '/root/GZ_DiNiu/install/encoder_vel/share/encoder_vel/package.bash'
[6.872s] INFO:colcon.colcon_core.shell:Creating package script '/root/GZ_DiNiu/install/encoder_vel/share/encoder_vel/package.zsh'
[6.878s] Level 1:colcon.colcon_core.environment:create_file_with_runtime_dependencies(/root/GZ_DiNiu/install/encoder_vel/share/colcon-core/packages/encoder_vel)
[7.113s] DEBUG:colcon.colcon_core.event_handler.log_command:Invoked command in '/root/GZ_DiNiu/build/steer_closed_loop' returned '0': CMAKE_PREFIX_PATH=${CMAKE_PREFIX_PATH}:/root/GZ_DiNiu/install/motor_control_py:/root/GZ_DiNiu/install/imu_bno08x:/opt/ros/humble /usr/bin/cmake --build /root/GZ_DiNiu/build/steer_closed_loop -- -j4 -l4
[7.128s] DEBUG:colcon.colcon_core.event_handler.log_command:Invoking command in '/root/GZ_DiNiu/build/steer_closed_loop': CMAKE_PREFIX_PATH=${CMAKE_PREFIX_PATH}:/root/GZ_DiNiu/install/motor_control_py:/root/GZ_DiNiu/install/imu_bno08x:/opt/ros/humble /usr/bin/cmake --install /root/GZ_DiNiu/build/steer_closed_loop
[7.273s] Level 1:colcon.colcon_core.environment:create_environment_scripts_only(steer_closed_loop)
[7.275s] Level 1:colcon.colcon_core.environment:checking '/root/GZ_DiNiu/install/steer_closed_loop' for CMake module files
[7.278s] DEBUG:colcon.colcon_core.event_handler.log_command:Invoked command in '/root/GZ_DiNiu/build/steer_closed_loop' returned '0': CMAKE_PREFIX_PATH=${CMAKE_PREFIX_PATH}:/root/GZ_DiNiu/install/motor_control_py:/root/GZ_DiNiu/install/imu_bno08x:/opt/ros/humble /usr/bin/cmake --install /root/GZ_DiNiu/build/steer_closed_loop
[7.282s] Level 1:colcon.colcon_core.environment:checking '/root/GZ_DiNiu/install/steer_closed_loop' for CMake config files
[7.285s] Level 1:colcon.colcon_core.shell:create_environment_hook('steer_closed_loop', 'cmake_prefix_path')
[7.287s] INFO:colcon.colcon_core.shell:Creating environment hook '/root/GZ_DiNiu/install/steer_closed_loop/share/steer_closed_loop/hook/cmake_prefix_path.ps1'
[7.292s] INFO:colcon.colcon_core.shell:Creating environment descriptor '/root/GZ_DiNiu/install/steer_closed_loop/share/steer_closed_loop/hook/cmake_prefix_path.dsv'
[7.296s] INFO:colcon.colcon_core.shell:Creating environment hook '/root/GZ_DiNiu/install/steer_closed_loop/share/steer_closed_loop/hook/cmake_prefix_path.sh'
[7.301s] Level 1:colcon.colcon_core.environment:checking '/root/GZ_DiNiu/install/steer_closed_loop/lib'
[7.302s] Level 1:colcon.colcon_core.environment:checking '/root/GZ_DiNiu/install/steer_closed_loop/bin'
[7.303s] Level 1:colcon.colcon_core.environment:checking '/root/GZ_DiNiu/install/steer_closed_loop/lib/pkgconfig/steer_closed_loop.pc'
[7.305s] Level 1:colcon.colcon_core.environment:checking '/root/GZ_DiNiu/install/steer_closed_loop/lib/python3.10/site-packages'
[7.308s] Level 1:colcon.colcon_core.environment:checking '/root/GZ_DiNiu/install/steer_closed_loop/bin'
[7.310s] INFO:colcon.colcon_core.shell:Creating package script '/root/GZ_DiNiu/install/steer_closed_loop/share/steer_closed_loop/package.ps1'
[7.315s] INFO:colcon.colcon_core.shell:Creating package descriptor '/root/GZ_DiNiu/install/steer_closed_loop/share/steer_closed_loop/package.dsv'
[7.321s] INFO:colcon.colcon_core.shell:Creating package script '/root/GZ_DiNiu/install/steer_closed_loop/share/steer_closed_loop/package.sh'
[7.326s] INFO:colcon.colcon_core.shell:Creating package script '/root/GZ_DiNiu/install/steer_closed_loop/share/steer_closed_loop/package.bash'
[7.330s] INFO:colcon.colcon_core.shell:Creating package script '/root/GZ_DiNiu/install/steer_closed_loop/share/steer_closed_loop/package.zsh'
[7.336s] Level 1:colcon.colcon_core.environment:create_file_with_runtime_dependencies(/root/GZ_DiNiu/install/steer_closed_loop/share/colcon-core/packages/steer_closed_loop)
[7.341s] Level 1:colcon.colcon_core.environment:create_environment_scripts_only(steer_closed_loop)
[7.343s] Level 1:colcon.colcon_core.environment:checking '/root/GZ_DiNiu/install/steer_closed_loop' for CMake module files
[7.347s] Level 1:colcon.colcon_core.environment:checking '/root/GZ_DiNiu/install/steer_closed_loop' for CMake config files
[7.353s] Level 1:colcon.colcon_core.shell:create_environment_hook('steer_closed_loop', 'cmake_prefix_path')
[7.355s] INFO:colcon.colcon_core.shell:Creating environment hook '/root/GZ_DiNiu/install/steer_closed_loop/share/steer_closed_loop/hook/cmake_prefix_path.ps1'
[7.361s] INFO:colcon.colcon_core.shell:Creating environment descriptor '/root/GZ_DiNiu/install/steer_closed_loop/share/steer_closed_loop/hook/cmake_prefix_path.dsv'
[7.366s] INFO:colcon.colcon_core.shell:Creating environment hook '/root/GZ_DiNiu/install/steer_closed_loop/share/steer_closed_loop/hook/cmake_prefix_path.sh'
[7.371s] Level 1:colcon.colcon_core.environment:checking '/root/GZ_DiNiu/install/steer_closed_loop/lib'
[7.373s] Level 1:colcon.colcon_core.environment:checking '/root/GZ_DiNiu/install/steer_closed_loop/bin'
[7.374s] Level 1:colcon.colcon_core.environment:checking '/root/GZ_DiNiu/install/steer_closed_loop/lib/pkgconfig/steer_closed_loop.pc'
[7.376s] Level 1:colcon.colcon_core.environment:checking '/root/GZ_DiNiu/install/steer_closed_loop/lib/python3.10/site-packages'
[7.378s] Level 1:colcon.colcon_core.environment:checking '/root/GZ_DiNiu/install/steer_closed_loop/bin'
[7.380s] INFO:colcon.colcon_core.shell:Creating package script '/root/GZ_DiNiu/install/steer_closed_loop/share/steer_closed_loop/package.ps1'
[7.385s] INFO:colcon.colcon_core.shell:Creating package descriptor '/root/GZ_DiNiu/install/steer_closed_loop/share/steer_closed_loop/package.dsv'
[7.389s] INFO:colcon.colcon_core.shell:Creating package script '/root/GZ_DiNiu/install/steer_closed_loop/share/steer_closed_loop/package.sh'
[7.394s] INFO:colcon.colcon_core.shell:Creating package script '/root/GZ_DiNiu/install/steer_closed_loop/share/steer_closed_loop/package.bash'
[7.399s] INFO:colcon.colcon_core.shell:Creating package script '/root/GZ_DiNiu/install/steer_closed_loop/share/steer_closed_loop/package.zsh'
[7.402s] Level 1:colcon.colcon_core.environment:create_file_with_runtime_dependencies(/root/GZ_DiNiu/install/steer_closed_loop/share/colcon-core/packages/steer_closed_loop)
[9.102s] DEBUG:colcon.colcon_core.event_handler.log_command:Invoking command in '/root/GZ_DiNiu/src/motor_control_py': PYTHONPATH=/root/GZ_DiNiu/build/motor_control_py/prefix_override:/usr/lib/python3/dist-packages/colcon_core/task/python/colcon_distutils_commands:/root/GZ_DiNiu/install/motor_control_py/lib/python3.10/site-packages:${PYTHONPATH} /usr/bin/python3 -W ignore:setup.py install is deprecated -W ignore:easy_install command is deprecated setup.py egg_info --egg-base ../../build/motor_control_py build --build-base /root/GZ_DiNiu/build/motor_control_py/build install --record /root/GZ_DiNiu/build/motor_control_py/install.log --single-version-externally-managed install_data
[9.290s] DEBUG:colcon.colcon_core.event_handler.log_command:Invoking command in '/root/GZ_DiNiu/src/imu_bno08x': PYTHONPATH=/root/GZ_DiNiu/build/imu_bno08x/prefix_override:/usr/lib/python3/dist-packages/colcon_core/task/python/colcon_distutils_commands:/root/GZ_DiNiu/install/imu_bno08x/lib/python3.10/site-packages:${PYTHONPATH} /usr/bin/python3 -W ignore:setup.py install is deprecated -W ignore:easy_install command is deprecated setup.py egg_info --egg-base ../../build/imu_bno08x build --build-base /root/GZ_DiNiu/build/imu_bno08x/build install --record /root/GZ_DiNiu/build/imu_bno08x/install.log --single-version-externally-managed install_data
[11.041s] Level 1:colcon.colcon_core.environment:checking '/root/GZ_DiNiu/install/motor_control_py' for CMake module files
[11.048s] Level 1:colcon.colcon_core.environment:checking '/root/GZ_DiNiu/install/motor_control_py' for CMake config files
[11.058s] DEBUG:colcon.colcon_core.event_handler.log_command:Invoked command in '/root/GZ_DiNiu/src/motor_control_py' returned '0': PYTHONPATH=/root/GZ_DiNiu/build/motor_control_py/prefix_override:/usr/lib/python3/dist-packages/colcon_core/task/python/colcon_distutils_commands:/root/GZ_DiNiu/install/motor_control_py/lib/python3.10/site-packages:${PYTHONPATH} /usr/bin/python3 -W ignore:setup.py install is deprecated -W ignore:easy_install command is deprecated setup.py egg_info --egg-base ../../build/motor_control_py build --build-base /root/GZ_DiNiu/build/motor_control_py/build install --record /root/GZ_DiNiu/build/motor_control_py/install.log --single-version-externally-managed install_data
[11.071s] Level 1:colcon.colcon_core.environment:checking '/root/GZ_DiNiu/install/motor_control_py/lib'
[11.073s] Level 1:colcon.colcon_core.environment:checking '/root/GZ_DiNiu/install/motor_control_py/bin'
[11.075s] Level 1:colcon.colcon_core.environment:checking '/root/GZ_DiNiu/install/motor_control_py/lib/pkgconfig/motor_control_py.pc'
[11.080s] Level 1:colcon.colcon_core.environment:checking '/root/GZ_DiNiu/install/motor_control_py/lib/python3.10/site-packages'
[11.082s] Level 1:colcon.colcon_core.shell:create_environment_hook('motor_control_py', 'pythonpath')
[11.087s] INFO:colcon.colcon_core.shell:Creating environment hook '/root/GZ_DiNiu/install/motor_control_py/share/motor_control_py/hook/pythonpath.ps1'
[11.107s] INFO:colcon.colcon_core.shell:Creating environment descriptor '/root/GZ_DiNiu/install/motor_control_py/share/motor_control_py/hook/pythonpath.dsv'
[11.115s] INFO:colcon.colcon_core.shell:Creating environment hook '/root/GZ_DiNiu/install/motor_control_py/share/motor_control_py/hook/pythonpath.sh'
[11.124s] Level 1:colcon.colcon_core.environment:checking '/root/GZ_DiNiu/install/motor_control_py/bin'
[11.125s] Level 1:colcon.colcon_core.environment:create_environment_scripts_only(motor_control_py)
[11.129s] INFO:colcon.colcon_core.shell:Creating package script '/root/GZ_DiNiu/install/motor_control_py/share/motor_control_py/package.ps1'
[11.137s] INFO:colcon.colcon_core.shell:Creating package descriptor '/root/GZ_DiNiu/install/motor_control_py/share/motor_control_py/package.dsv'
[11.143s] INFO:colcon.colcon_core.shell:Creating package script '/root/GZ_DiNiu/install/motor_control_py/share/motor_control_py/package.sh'
[11.149s] INFO:colcon.colcon_core.shell:Creating package script '/root/GZ_DiNiu/install/motor_control_py/share/motor_control_py/package.bash'
[11.155s] INFO:colcon.colcon_core.shell:Creating package script '/root/GZ_DiNiu/install/motor_control_py/share/motor_control_py/package.zsh'
[11.160s] Level 1:colcon.colcon_core.environment:create_file_with_runtime_dependencies(/root/GZ_DiNiu/install/motor_control_py/share/colcon-core/packages/motor_control_py)
[11.278s] Level 1:colcon.colcon_core.environment:checking '/root/GZ_DiNiu/install/imu_bno08x' for CMake module files
[11.281s] Level 1:colcon.colcon_core.environment:checking '/root/GZ_DiNiu/install/imu_bno08x' for CMake config files
[11.285s] Level 1:colcon.colcon_core.environment:checking '/root/GZ_DiNiu/install/imu_bno08x/lib'
[11.288s] DEBUG:colcon.colcon_core.event_handler.log_command:Invoked command in '/root/GZ_DiNiu/src/imu_bno08x' returned '0': PYTHONPATH=/root/GZ_DiNiu/build/imu_bno08x/prefix_override:/usr/lib/python3/dist-packages/colcon_core/task/python/colcon_distutils_commands:/root/GZ_DiNiu/install/imu_bno08x/lib/python3.10/site-packages:${PYTHONPATH} /usr/bin/python3 -W ignore:setup.py install is deprecated -W ignore:easy_install command is deprecated setup.py egg_info --egg-base ../../build/imu_bno08x build --build-base /root/GZ_DiNiu/build/imu_bno08x/build install --record /root/GZ_DiNiu/build/imu_bno08x/install.log --single-version-externally-managed install_data
[11.289s] Level 1:colcon.colcon_core.environment:checking '/root/GZ_DiNiu/install/imu_bno08x/bin'
[11.291s] Level 1:colcon.colcon_core.environment:checking '/root/GZ_DiNiu/install/imu_bno08x/lib/pkgconfig/imu_bno08x.pc'
[11.292s] Level 1:colcon.colcon_core.environment:checking '/root/GZ_DiNiu/install/imu_bno08x/lib/python3.10/site-packages'
[11.293s] Level 1:colcon.colcon_core.shell:create_environment_hook('imu_bno08x', 'pythonpath')
[11.295s] INFO:colcon.colcon_core.shell:Creating environment hook '/root/GZ_DiNiu/install/imu_bno08x/share/imu_bno08x/hook/pythonpath.ps1'
[11.299s] INFO:colcon.colcon_core.shell:Creating environment descriptor '/root/GZ_DiNiu/install/imu_bno08x/share/imu_bno08x/hook/pythonpath.dsv'
[11.303s] INFO:colcon.colcon_core.shell:Creating environment hook '/root/GZ_DiNiu/install/imu_bno08x/share/imu_bno08x/hook/pythonpath.sh'
[11.307s] Level 1:colcon.colcon_core.environment:checking '/root/GZ_DiNiu/install/imu_bno08x/bin'
[11.307s] Level 1:colcon.colcon_core.environment:create_environment_scripts_only(imu_bno08x)
[11.309s] INFO:colcon.colcon_core.shell:Creating package script '/root/GZ_DiNiu/install/imu_bno08x/share/imu_bno08x/package.ps1'
[11.312s] INFO:colcon.colcon_core.shell:Creating package descriptor '/root/GZ_DiNiu/install/imu_bno08x/share/imu_bno08x/package.dsv'
[11.315s] INFO:colcon.colcon_core.shell:Creating package script '/root/GZ_DiNiu/install/imu_bno08x/share/imu_bno08x/package.sh'
[11.318s] INFO:colcon.colcon_core.shell:Creating package script '/root/GZ_DiNiu/install/imu_bno08x/share/imu_bno08x/package.bash'
[11.321s] INFO:colcon.colcon_core.shell:Creating package script '/root/GZ_DiNiu/install/imu_bno08x/share/imu_bno08x/package.zsh'
[11.324s] Level 1:colcon.colcon_core.environment:create_file_with_runtime_dependencies(/root/GZ_DiNiu/install/imu_bno08x/share/colcon-core/packages/imu_bno08x)
[11.327s] DEBUG:colcon.colcon_parallel_executor.executor.parallel:closing loop
[11.328s] DEBUG:colcon.colcon_parallel_executor.executor.parallel:loop closed
[11.328s] DEBUG:colcon.colcon_parallel_executor.executor.parallel:run_until_complete finished with '0'
[11.329s] DEBUG:colcon.colcon_core.event_reactor:joining thread
[11.376s] INFO:colcon.colcon_core.plugin_system:Skipping extension 'colcon_notification.desktop_notification.terminal_notifier': Not used on non-Darwin systems
[11.377s] INFO:colcon.colcon_core.plugin_system:Skipping extension 'colcon_notification.desktop_notification.win32': Not used on non-Windows systems
[11.377s] INFO:colcon.colcon_notification.desktop_notification:Sending desktop notification using 'notify2'
[11.385s] DEBUG:colcon.colcon_notification.desktop_notification.notify2:Failed to initialize notify2: org.freedesktop.DBus.Error.ServiceUnknown: The name org.freedesktop.Notifications was not provided by any .service files
[11.385s] DEBUG:colcon.colcon_core.event_reactor:joined thread
[11.387s] INFO:colcon.colcon_core.shell:Creating prefix script '/root/GZ_DiNiu/install/local_setup.ps1'
[11.394s] INFO:colcon.colcon_core.shell:Creating prefix util module '/root/GZ_DiNiu/install/_local_setup_util_ps1.py'
[11.402s] INFO:colcon.colcon_core.shell:Creating prefix chain script '/root/GZ_DiNiu/install/setup.ps1'
[11.409s] INFO:colcon.colcon_core.shell:Creating prefix script '/root/GZ_DiNiu/install/local_setup.sh'
[11.413s] INFO:colcon.colcon_core.shell:Creating prefix util module '/root/GZ_DiNiu/install/_local_setup_util_sh.py'
[11.417s] INFO:colcon.colcon_core.shell:Creating prefix chain script '/root/GZ_DiNiu/install/setup.sh'
[11.424s] INFO:colcon.colcon_core.shell:Creating prefix script '/root/GZ_DiNiu/install/local_setup.bash'
[11.429s] INFO:colcon.colcon_core.shell:Creating prefix chain script '/root/GZ_DiNiu/install/setup.bash'
[11.436s] INFO:colcon.colcon_core.shell:Creating prefix script '/root/GZ_DiNiu/install/local_setup.zsh'
[11.440s] INFO:colcon.colcon_core.shell:Creating prefix chain script '/root/GZ_DiNiu/install/setup.zsh'
