[7.198s] Invoking command in '/root/GZ_DiNiu/src/motor_control_py': PYTHONPATH=/root/GZ_DiNiu/build/motor_control_py/prefix_override:/usr/lib/python3/dist-packages/colcon_core/task/python/colcon_distutils_commands:/root/GZ_DiNiu/install/motor_control_py/lib/python3.10/site-packages:${PYTHONPATH} /usr/bin/python3 -W ignore:setup.py install is deprecated -W ignore:easy_install command is deprecated setup.py egg_info --egg-base ../../build/motor_control_py build --build-base /root/GZ_DiNiu/build/motor_control_py/build install --record /root/GZ_DiNiu/build/motor_control_py/install.log --single-version-externally-managed install_data
[9.043s] running egg_info
[9.047s] writing ../../build/motor_control_py/motor_control_py.egg-info/PKG-INFO
[9.049s] writing dependency_links to ../../build/motor_control_py/motor_control_py.egg-info/dependency_links.txt
[9.050s] writing entry points to ../../build/motor_control_py/motor_control_py.egg-info/entry_points.txt
[9.052s] writing requirements to ../../build/motor_control_py/motor_control_py.egg-info/requires.txt
[9.053s] writing top-level names to ../../build/motor_control_py/motor_control_py.egg-info/top_level.txt
[9.069s] reading manifest file '../../build/motor_control_py/motor_control_py.egg-info/SOURCES.txt'
[9.074s] writing manifest file '../../build/motor_control_py/motor_control_py.egg-info/SOURCES.txt'
[9.076s] running build
[9.078s] running build_py
[9.079s] copying motor_control_py/motor_control_node.py -> /root/GZ_DiNiu/build/motor_control_py/build/lib/motor_control_py
[9.082s] running install
[9.085s] running install_lib
[9.090s] copying /root/GZ_DiNiu/build/motor_control_py/build/lib/motor_control_py/motor_control_node.py -> /root/GZ_DiNiu/install/motor_control_py/lib/python3.10/site-packages/motor_control_py
[9.093s] byte-compiling /root/GZ_DiNiu/install/motor_control_py/lib/python3.10/site-packages/motor_control_py/motor_control_node.py to motor_control_node.cpython-310.pyc
[9.106s] running install_data
[9.110s] running install_egg_info
[9.130s] removing '/root/GZ_DiNiu/install/motor_control_py/lib/python3.10/site-packages/motor_control_py-0.0.1-py3.10.egg-info' (and everything under it)
[9.132s] Copying ../../build/motor_control_py/motor_control_py.egg-info to /root/GZ_DiNiu/install/motor_control_py/lib/python3.10/site-packages/motor_control_py-0.0.1-py3.10.egg-info
[9.152s] running install_scripts
[9.312s] Installing motor_control_node script to /root/GZ_DiNiu/install/motor_control_py/lib/motor_control_py
[9.315s] Installing steer_control_node script to /root/GZ_DiNiu/install/motor_control_py/lib/motor_control_py
[9.326s] writing list of installed files to '/root/GZ_DiNiu/build/motor_control_py/install.log'
[9.661s] Invoked command in '/root/GZ_DiNiu/src/motor_control_py' returned '0': PYTHONPATH=/root/GZ_DiNiu/build/motor_control_py/prefix_override:/usr/lib/python3/dist-packages/colcon_core/task/python/colcon_distutils_commands:/root/GZ_DiNiu/install/motor_control_py/lib/python3.10/site-packages:${PYTHONPATH} /usr/bin/python3 -W ignore:setup.py install is deprecated -W ignore:easy_install command is deprecated setup.py egg_info --egg-base ../../build/motor_control_py build --build-base /root/GZ_DiNiu/build/motor_control_py/build install --record /root/GZ_DiNiu/build/motor_control_py/install.log --single-version-externally-managed install_data
