[4.333s] Invoking command in '/root/GZ_DiNiu/src/motor_control_py': PYTHONPATH=/root/GZ_DiNiu/build/motor_control_py/prefix_override:/usr/lib/python3/dist-packages/colcon_core/task/python/colcon_distutils_commands:/root/GZ_DiNiu/install/motor_control_py/lib/python3.10/site-packages:${PYTHONPATH} /usr/bin/python3 -W ignore:setup.py install is deprecated -W ignore:easy_install command is deprecated setup.py egg_info --egg-base ../../build/motor_control_py build --build-base /root/GZ_DiNiu/build/motor_control_py/build install --record /root/GZ_DiNiu/build/motor_control_py/install.log --single-version-externally-managed install_data
[6.106s] running egg_info
[6.111s] writing ../../build/motor_control_py/motor_control_py.egg-info/PKG-INFO
[6.114s] writing dependency_links to ../../build/motor_control_py/motor_control_py.egg-info/dependency_links.txt
[6.117s] writing entry points to ../../build/motor_control_py/motor_control_py.egg-info/entry_points.txt
[6.120s] writing requirements to ../../build/motor_control_py/motor_control_py.egg-info/requires.txt
[6.122s] writing top-level names to ../../build/motor_control_py/motor_control_py.egg-info/top_level.txt
[6.138s] reading manifest file '../../build/motor_control_py/motor_control_py.egg-info/SOURCES.txt'
[6.149s] writing manifest file '../../build/motor_control_py/motor_control_py.egg-info/SOURCES.txt'
[6.149s] running build
[6.150s] running build_py
[6.155s] copying motor_control_py/motor_control_node.py -> /root/GZ_DiNiu/build/motor_control_py/build/lib/motor_control_py
[6.156s] running install
[6.161s] running install_lib
[6.168s] copying /root/GZ_DiNiu/build/motor_control_py/build/lib/motor_control_py/motor_control_node.py -> /root/GZ_DiNiu/install/motor_control_py/lib/python3.10/site-packages/motor_control_py
[6.168s] byte-compiling /root/GZ_DiNiu/install/motor_control_py/lib/python3.10/site-packages/motor_control_py/motor_control_node.py to motor_control_node.cpython-310.pyc
[6.173s] running install_data
[6.176s] running install_egg_info
[6.188s] removing '/root/GZ_DiNiu/install/motor_control_py/lib/python3.10/site-packages/motor_control_py-0.0.1-py3.10.egg-info' (and everything under it)
[6.191s] Copying ../../build/motor_control_py/motor_control_py.egg-info to /root/GZ_DiNiu/install/motor_control_py/lib/python3.10/site-packages/motor_control_py-0.0.1-py3.10.egg-info
[6.201s] running install_scripts
[6.329s] Installing motor_control_node script to /root/GZ_DiNiu/install/motor_control_py/lib/motor_control_py
[6.331s] Installing steer_control_node script to /root/GZ_DiNiu/install/motor_control_py/lib/motor_control_py
[6.334s] writing list of installed files to '/root/GZ_DiNiu/build/motor_control_py/install.log'
[6.540s] Invoked command in '/root/GZ_DiNiu/src/motor_control_py' returned '0': PYTHONPATH=/root/GZ_DiNiu/build/motor_control_py/prefix_override:/usr/lib/python3/dist-packages/colcon_core/task/python/colcon_distutils_commands:/root/GZ_DiNiu/install/motor_control_py/lib/python3.10/site-packages:${PYTHONPATH} /usr/bin/python3 -W ignore:setup.py install is deprecated -W ignore:easy_install command is deprecated setup.py egg_info --egg-base ../../build/motor_control_py build --build-base /root/GZ_DiNiu/build/motor_control_py/build install --record /root/GZ_DiNiu/build/motor_control_py/install.log --single-version-externally-managed install_data
