[6.814s] Invoking command in '/root/GZ_DiNiu/src/motor_control_py': PYTHONPATH=/root/GZ_DiNiu/build/motor_control_py/prefix_override:/usr/lib/python3/dist-packages/colcon_core/task/python/colcon_distutils_commands:/root/GZ_DiNiu/install/motor_control_py/lib/python3.10/site-packages:${PYTHONPATH} /usr/bin/python3 -W ignore:setup.py install is deprecated -W ignore:easy_install command is deprecated setup.py egg_info --egg-base ../../build/motor_control_py build --build-base /root/GZ_DiNiu/build/motor_control_py/build install --record /root/GZ_DiNiu/build/motor_control_py/install.log --single-version-externally-managed install_data
[8.793s] running egg_info
[8.799s] writing ../../build/motor_control_py/motor_control_py.egg-info/PKG-INFO
[8.801s] writing dependency_links to ../../build/motor_control_py/motor_control_py.egg-info/dependency_links.txt
[8.806s] writing entry points to ../../build/motor_control_py/motor_control_py.egg-info/entry_points.txt
[8.813s] writing requirements to ../../build/motor_control_py/motor_control_py.egg-info/requires.txt
[8.813s] writing top-level names to ../../build/motor_control_py/motor_control_py.egg-info/top_level.txt
[8.827s] reading manifest file '../../build/motor_control_py/motor_control_py.egg-info/SOURCES.txt'
[8.834s] writing manifest file '../../build/motor_control_py/motor_control_py.egg-info/SOURCES.txt'
[8.834s] running build
[8.835s] running build_py
[8.839s] copying motor_control_py/motor_control_node.py -> /root/GZ_DiNiu/build/motor_control_py/build/lib/motor_control_py
[8.848s] running install
[8.850s] running install_lib
[8.855s] copying /root/GZ_DiNiu/build/motor_control_py/build/lib/motor_control_py/motor_control_node.py -> /root/GZ_DiNiu/install/motor_control_py/lib/python3.10/site-packages/motor_control_py
[8.861s] byte-compiling /root/GZ_DiNiu/install/motor_control_py/lib/python3.10/site-packages/motor_control_py/motor_control_node.py to motor_control_node.cpython-310.pyc
[8.875s] running install_data
[8.876s] running install_egg_info
[8.886s] removing '/root/GZ_DiNiu/install/motor_control_py/lib/python3.10/site-packages/motor_control_py-0.0.1-py3.10.egg-info' (and everything under it)
[8.889s] Copying ../../build/motor_control_py/motor_control_py.egg-info to /root/GZ_DiNiu/install/motor_control_py/lib/python3.10/site-packages/motor_control_py-0.0.1-py3.10.egg-info
[8.910s] running install_scripts
[9.148s] Installing motor_control_node script to /root/GZ_DiNiu/install/motor_control_py/lib/motor_control_py
[9.160s] Installing steer_control_node script to /root/GZ_DiNiu/install/motor_control_py/lib/motor_control_py
[9.177s] writing list of installed files to '/root/GZ_DiNiu/build/motor_control_py/install.log'
[9.374s] Invoked command in '/root/GZ_DiNiu/src/motor_control_py' returned '0': PYTHONPATH=/root/GZ_DiNiu/build/motor_control_py/prefix_override:/usr/lib/python3/dist-packages/colcon_core/task/python/colcon_distutils_commands:/root/GZ_DiNiu/install/motor_control_py/lib/python3.10/site-packages:${PYTHONPATH} /usr/bin/python3 -W ignore:setup.py install is deprecated -W ignore:easy_install command is deprecated setup.py egg_info --egg-base ../../build/motor_control_py build --build-base /root/GZ_DiNiu/build/motor_control_py/build install --record /root/GZ_DiNiu/build/motor_control_py/install.log --single-version-externally-managed install_data
