[11.203s] Invoking command in '/root/GZ_DiNiu/src/motor_control_py': PYTHONPATH=/root/GZ_DiNiu/build/motor_control_py/prefix_override:/usr/lib/python3/dist-packages/colcon_core/task/python/colcon_distutils_commands:/root/GZ_DiNiu/install/motor_control_py/lib/python3.10/site-packages:${PYTHONPATH} /usr/bin/python3 -W ignore:setup.py install is deprecated -W ignore:easy_install command is deprecated setup.py egg_info --egg-base ../../build/motor_control_py build --build-base /root/GZ_DiNiu/build/motor_control_py/build install --record /root/GZ_DiNiu/build/motor_control_py/install.log --single-version-externally-managed install_data
[14.724s] running egg_info
[14.737s] writing ../../build/motor_control_py/motor_control_py.egg-info/PKG-INFO
[14.742s] writing dependency_links to ../../build/motor_control_py/motor_control_py.egg-info/dependency_links.txt
[14.747s] writing entry points to ../../build/motor_control_py/motor_control_py.egg-info/entry_points.txt
[14.748s] writing requirements to ../../build/motor_control_py/motor_control_py.egg-info/requires.txt
[14.750s] writing top-level names to ../../build/motor_control_py/motor_control_py.egg-info/top_level.txt
[14.775s] reading manifest file '../../build/motor_control_py/motor_control_py.egg-info/SOURCES.txt'
[14.785s] writing manifest file '../../build/motor_control_py/motor_control_py.egg-info/SOURCES.txt'
[14.787s] running build
[14.788s] running build_py
[14.792s] running install
[14.795s] running install_lib
[14.813s] running install_data
[14.818s] running install_egg_info
[14.841s] removing '/root/GZ_DiNiu/install/motor_control_py/lib/python3.10/site-packages/motor_control_py-0.0.1-py3.10.egg-info' (and everything under it)
[14.845s] Copying ../../build/motor_control_py/motor_control_py.egg-info to /root/GZ_DiNiu/install/motor_control_py/lib/python3.10/site-packages/motor_control_py-0.0.1-py3.10.egg-info
[14.868s] running install_scripts
[15.187s] Installing motor_control_node script to /root/GZ_DiNiu/install/motor_control_py/lib/motor_control_py
[15.192s] Installing steer_control_node script to /root/GZ_DiNiu/install/motor_control_py/lib/motor_control_py
[15.195s] writing list of installed files to '/root/GZ_DiNiu/build/motor_control_py/install.log'
[15.464s] Invoked command in '/root/GZ_DiNiu/src/motor_control_py' returned '0': PYTHONPATH=/root/GZ_DiNiu/build/motor_control_py/prefix_override:/usr/lib/python3/dist-packages/colcon_core/task/python/colcon_distutils_commands:/root/GZ_DiNiu/install/motor_control_py/lib/python3.10/site-packages:${PYTHONPATH} /usr/bin/python3 -W ignore:setup.py install is deprecated -W ignore:easy_install command is deprecated setup.py egg_info --egg-base ../../build/motor_control_py build --build-base /root/GZ_DiNiu/build/motor_control_py/build install --record /root/GZ_DiNiu/build/motor_control_py/install.log --single-version-externally-managed install_data
