[2.830s] Invoking command in '/home/y/GZ_DiNiu/src/motor_control_py': PYTHONPATH=/home/y/GZ_DiNiu/build/motor_control_py/prefix_override:/usr/lib/python3/dist-packages/colcon_core/task/python/colcon_distutils_commands:/home/y/GZ_DiNiu/install/motor_control_py/lib/python3.10/site-packages:${PYTHONPATH} /usr/bin/python3 -W ignore:setup.py install is deprecated -W ignore:easy_install command is deprecated setup.py egg_info --egg-base ../../build/motor_control_py build --build-base /home/y/GZ_DiNiu/build/motor_control_py/build install --record /home/y/GZ_DiNiu/build/motor_control_py/install.log --single-version-externally-managed install_data
[4.029s] running egg_info
[4.032s] writing ../../build/motor_control_py/motor_control_py.egg-info/PKG-INFO
[4.033s] writing dependency_links to ../../build/motor_control_py/motor_control_py.egg-info/dependency_links.txt
[4.034s] writing entry points to ../../build/motor_control_py/motor_control_py.egg-info/entry_points.txt
[4.035s] writing requirements to ../../build/motor_control_py/motor_control_py.egg-info/requires.txt
[4.036s] writing top-level names to ../../build/motor_control_py/motor_control_py.egg-info/top_level.txt
[4.044s] reading manifest file '../../build/motor_control_py/motor_control_py.egg-info/SOURCES.txt'
[4.048s] writing manifest file '../../build/motor_control_py/motor_control_py.egg-info/SOURCES.txt'
[4.049s] running build
[4.050s] running build_py
[4.050s] copying motor_control_py/motor_control_node.py -> /home/y/GZ_DiNiu/build/motor_control_py/build/lib/motor_control_py
[4.052s] running install
[4.053s] running install_lib
[4.056s] copying /home/y/GZ_DiNiu/build/motor_control_py/build/lib/motor_control_py/motor_control_node.py -> /home/y/GZ_DiNiu/install/motor_control_py/lib/python3.10/site-packages/motor_control_py
[4.060s] byte-compiling /home/y/GZ_DiNiu/install/motor_control_py/lib/python3.10/site-packages/motor_control_py/motor_control_node.py to motor_control_node.cpython-310.pyc
[4.064s] running install_data
[4.065s] running install_egg_info
[4.074s] removing '/home/y/GZ_DiNiu/install/motor_control_py/lib/python3.10/site-packages/motor_control_py-0.0.1-py3.10.egg-info' (and everything under it)
[4.075s] Copying ../../build/motor_control_py/motor_control_py.egg-info to /home/y/GZ_DiNiu/install/motor_control_py/lib/python3.10/site-packages/motor_control_py-0.0.1-py3.10.egg-info
[4.081s] running install_scripts
[4.166s] Installing motor_control_node script to /home/y/GZ_DiNiu/install/motor_control_py/lib/motor_control_py
[4.168s] writing list of installed files to '/home/y/GZ_DiNiu/build/motor_control_py/install.log'
[4.294s] Invoked command in '/home/y/GZ_DiNiu/src/motor_control_py' returned '0': PYTHONPATH=/home/y/GZ_DiNiu/build/motor_control_py/prefix_override:/usr/lib/python3/dist-packages/colcon_core/task/python/colcon_distutils_commands:/home/y/GZ_DiNiu/install/motor_control_py/lib/python3.10/site-packages:${PYTHONPATH} /usr/bin/python3 -W ignore:setup.py install is deprecated -W ignore:easy_install command is deprecated setup.py egg_info --egg-base ../../build/motor_control_py build --build-base /home/y/GZ_DiNiu/build/motor_control_py/build install --record /home/y/GZ_DiNiu/build/motor_control_py/install.log --single-version-externally-managed install_data
