[5.951s] Invoking command in '/root/GZ_DiNiu/src/motor_control_py': PYTHONPATH=/root/GZ_DiNiu/build/motor_control_py/prefix_override:/usr/lib/python3/dist-packages/colcon_core/task/python/colcon_distutils_commands:/root/GZ_DiNiu/install/motor_control_py/lib/python3.10/site-packages:${PYTHONPATH} /usr/bin/python3 -W ignore:setup.py install is deprecated -W ignore:easy_install command is deprecated setup.py egg_info --egg-base ../../build/motor_control_py build --build-base /root/GZ_DiNiu/build/motor_control_py/build install --record /root/GZ_DiNiu/build/motor_control_py/install.log --single-version-externally-managed install_data
[7.618s] running egg_info
[7.621s] writing ../../build/motor_control_py/motor_control_py.egg-info/PKG-INFO
[7.624s] writing dependency_links to ../../build/motor_control_py/motor_control_py.egg-info/dependency_links.txt
[7.625s] writing entry points to ../../build/motor_control_py/motor_control_py.egg-info/entry_points.txt
[7.626s] writing requirements to ../../build/motor_control_py/motor_control_py.egg-info/requires.txt
[7.626s] writing top-level names to ../../build/motor_control_py/motor_control_py.egg-info/top_level.txt
[7.643s] reading manifest file '../../build/motor_control_py/motor_control_py.egg-info/SOURCES.txt'
[7.648s] writing manifest file '../../build/motor_control_py/motor_control_py.egg-info/SOURCES.txt'
[7.650s] running build
[7.653s] running build_py
[7.664s] copying motor_control_py/motor_control_node.py -> /root/GZ_DiNiu/build/motor_control_py/build/lib/motor_control_py
[7.667s] running install
[7.669s] running install_lib
[7.683s] copying /root/GZ_DiNiu/build/motor_control_py/build/lib/motor_control_py/motor_control_node.py -> /root/GZ_DiNiu/install/motor_control_py/lib/python3.10/site-packages/motor_control_py
[7.688s] byte-compiling /root/GZ_DiNiu/install/motor_control_py/lib/python3.10/site-packages/motor_control_py/motor_control_node.py to motor_control_node.cpython-310.pyc
[7.713s] running install_data
[7.715s] running install_egg_info
[7.765s] removing '/root/GZ_DiNiu/install/motor_control_py/lib/python3.10/site-packages/motor_control_py-0.0.1-py3.10.egg-info' (and everything under it)
[7.773s] Copying ../../build/motor_control_py/motor_control_py.egg-info to /root/GZ_DiNiu/install/motor_control_py/lib/python3.10/site-packages/motor_control_py-0.0.1-py3.10.egg-info
[7.782s] running install_scripts
[7.897s] Installing motor_control_node script to /root/GZ_DiNiu/install/motor_control_py/lib/motor_control_py
[7.900s] Installing steer_control_node script to /root/GZ_DiNiu/install/motor_control_py/lib/motor_control_py
[7.908s] writing list of installed files to '/root/GZ_DiNiu/build/motor_control_py/install.log'
[8.105s] Invoked command in '/root/GZ_DiNiu/src/motor_control_py' returned '0': PYTHONPATH=/root/GZ_DiNiu/build/motor_control_py/prefix_override:/usr/lib/python3/dist-packages/colcon_core/task/python/colcon_distutils_commands:/root/GZ_DiNiu/install/motor_control_py/lib/python3.10/site-packages:${PYTHONPATH} /usr/bin/python3 -W ignore:setup.py install is deprecated -W ignore:easy_install command is deprecated setup.py egg_info --egg-base ../../build/motor_control_py build --build-base /root/GZ_DiNiu/build/motor_control_py/build install --record /root/GZ_DiNiu/build/motor_control_py/install.log --single-version-externally-managed install_data
