-- Found ament_cmake: 1.3.12 (/opt/ros/humble/share/ament_cmake/cmake)
-- Found rclcpp: 16.0.17 (/opt/ros/humble/share/rclcpp/cmake)
-- Found rosidl_generator_c: 3.1.8 (/opt/ros/humble/share/rosidl_generator_c/cmake)
-- Found rosidl_adapter: 3.1.8 (/opt/ros/humble/share/rosidl_adapter/cmake)
-- Found rosidl_generator_cpp: 3.1.8 (/opt/ros/humble/share/rosidl_generator_cpp/cmake)
-- Using all available rosidl_typesupport_c: rosidl_typesupport_fastrtps_c;rosidl_typesupport_introspection_c
-- Using all available rosidl_typesupport_cpp: rosidl_typesupport_fastrtps_cpp;rosidl_typesupport_introspection_cpp
-- Found rmw_implementation_cmake: 6.1.2 (/opt/ros/humble/share/rmw_implementation_cmake/cmake)
-- Found rmw_fastrtps_cpp: 6.2.9 (/opt/ros/humble/share/rmw_fastrtps_cpp/cmake)
-- Using RMW implementation 'rmw_fastrtps_cpp' as default
-- Configuring done
-- Generating done
-- Build files have been written to: /home/y/GZ_DiNiu/build/encoder_vel
[ 50%] [32mBuilding CXX object CMakeFiles/encoder_vel_node.dir/src/encoder_vel_node.cpp.o[0m
[100%] [32m[1mLinking CXX executable encoder_vel_node[0m
[100%] Built target encoder_vel_node
-- Install configuration: ""
-- Installing: /home/y/GZ_DiNiu/install/encoder_vel/lib/encoder_vel/encoder_vel_node
-- Set runtime path of "/home/y/GZ_DiNiu/install/encoder_vel/lib/encoder_vel/encoder_vel_node" to ""
-- Installing: /home/y/GZ_DiNiu/install/encoder_vel/share/ament_index/resource_index/package_run_dependencies/encoder_vel
-- Installing: /home/y/GZ_DiNiu/install/encoder_vel/share/ament_index/resource_index/parent_prefix_path/encoder_vel
-- Installing: /home/y/GZ_DiNiu/install/encoder_vel/share/encoder_vel/environment/ament_prefix_path.sh
-- Installing: /home/y/GZ_DiNiu/install/encoder_vel/share/encoder_vel/environment/ament_prefix_path.dsv
-- Installing: /home/y/GZ_DiNiu/install/encoder_vel/share/encoder_vel/environment/path.sh
-- Installing: /home/y/GZ_DiNiu/install/encoder_vel/share/encoder_vel/environment/path.dsv
-- Installing: /home/y/GZ_DiNiu/install/encoder_vel/share/encoder_vel/local_setup.bash
-- Installing: /home/y/GZ_DiNiu/install/encoder_vel/share/encoder_vel/local_setup.sh
-- Installing: /home/y/GZ_DiNiu/install/encoder_vel/share/encoder_vel/local_setup.zsh
-- Installing: /home/y/GZ_DiNiu/install/encoder_vel/share/encoder_vel/local_setup.dsv
-- Installing: /home/y/GZ_DiNiu/install/encoder_vel/share/encoder_vel/package.dsv
-- Installing: /home/y/GZ_DiNiu/install/encoder_vel/share/ament_index/resource_index/packages/encoder_vel
-- Installing: /home/y/GZ_DiNiu/install/encoder_vel/share/encoder_vel/cmake/encoder_velConfig.cmake
-- Installing: /home/y/GZ_DiNiu/install/encoder_vel/share/encoder_vel/cmake/encoder_velConfig-version.cmake
-- Installing: /home/y/GZ_DiNiu/install/encoder_vel/share/encoder_vel/package.xml
