[3.511s] Invoking command in '/root/GZ_DiNiu/src/motor_control_py': PYTHONPATH=/root/GZ_DiNiu/build/motor_control_py/prefix_override:/usr/lib/python3/dist-packages/colcon_core/task/python/colcon_distutils_commands:/root/GZ_DiNiu/install/motor_control_py/lib/python3.10/site-packages:${PYTHONPATH} /usr/bin/python3 -W ignore:setup.py install is deprecated -W ignore:easy_install command is deprecated setup.py egg_info --egg-base ../../build/motor_control_py build --build-base /root/GZ_DiNiu/build/motor_control_py/build install --record /root/GZ_DiNiu/build/motor_control_py/install.log --single-version-externally-managed install_data
[4.863s] running egg_info
[4.866s] writing ../../build/motor_control_py/motor_control_py.egg-info/PKG-INFO
[4.867s] writing dependency_links to ../../build/motor_control_py/motor_control_py.egg-info/dependency_links.txt
[4.868s] writing entry points to ../../build/motor_control_py/motor_control_py.egg-info/entry_points.txt
[4.869s] writing requirements to ../../build/motor_control_py/motor_control_py.egg-info/requires.txt
[4.870s] writing top-level names to ../../build/motor_control_py/motor_control_py.egg-info/top_level.txt
[4.879s] reading manifest file '../../build/motor_control_py/motor_control_py.egg-info/SOURCES.txt'
[4.885s] writing manifest file '../../build/motor_control_py/motor_control_py.egg-info/SOURCES.txt'
[4.885s] running build
[4.886s] running build_py
[4.886s] copying motor_control_py/motor_control_node.py -> /root/GZ_DiNiu/build/motor_control_py/build/lib/motor_control_py
[4.889s] running install
[4.889s] running install_lib
[4.894s] copying /root/GZ_DiNiu/build/motor_control_py/build/lib/motor_control_py/motor_control_node.py -> /root/GZ_DiNiu/install/motor_control_py/lib/python3.10/site-packages/motor_control_py
[4.899s] byte-compiling /root/GZ_DiNiu/install/motor_control_py/lib/python3.10/site-packages/motor_control_py/motor_control_node.py to motor_control_node.cpython-310.pyc
[4.907s] running install_data
[4.910s] running install_egg_info
[4.917s] removing '/root/GZ_DiNiu/install/motor_control_py/lib/python3.10/site-packages/motor_control_py-0.0.1-py3.10.egg-info' (and everything under it)
[4.919s] Copying ../../build/motor_control_py/motor_control_py.egg-info to /root/GZ_DiNiu/install/motor_control_py/lib/python3.10/site-packages/motor_control_py-0.0.1-py3.10.egg-info
[4.929s] running install_scripts
[5.018s] Installing motor_control_node script to /root/GZ_DiNiu/install/motor_control_py/lib/motor_control_py
[5.020s] Installing steer_control_node script to /root/GZ_DiNiu/install/motor_control_py/lib/motor_control_py
[5.026s] writing list of installed files to '/root/GZ_DiNiu/build/motor_control_py/install.log'
[5.170s] Invoked command in '/root/GZ_DiNiu/src/motor_control_py' returned '0': PYTHONPATH=/root/GZ_DiNiu/build/motor_control_py/prefix_override:/usr/lib/python3/dist-packages/colcon_core/task/python/colcon_distutils_commands:/root/GZ_DiNiu/install/motor_control_py/lib/python3.10/site-packages:${PYTHONPATH} /usr/bin/python3 -W ignore:setup.py install is deprecated -W ignore:easy_install command is deprecated setup.py egg_info --egg-base ../../build/motor_control_py build --build-base /root/GZ_DiNiu/build/motor_control_py/build install --record /root/GZ_DiNiu/build/motor_control_py/install.log --single-version-externally-managed install_data
