[0.179s] Invoking command in '/root/GZ_DiNiu/build/encoder_vel': CMAKE_PREFIX_PATH=${CMAKE_PREFIX_PATH}:/root/GZ_DiNiu/install/motor_control_py:/root/GZ_DiNiu/install/imu_bno08x:/opt/ros/humble /usr/bin/cmake --build /root/GZ_DiNiu/build/encoder_vel -- -j4 -l4
[3.288s] [100%] Built target encoder_vel_node
[3.309s] Invoked command in '/root/GZ_DiNiu/build/encoder_vel' returned '0': CMAKE_PREFIX_PATH=${CMAKE_PREFIX_PATH}:/root/GZ_DiNiu/install/motor_control_py:/root/GZ_DiNiu/install/imu_bno08x:/opt/ros/humble /usr/bin/cmake --build /root/GZ_DiNiu/build/encoder_vel -- -j4 -l4
[3.355s] Invoking command in '/root/GZ_DiNiu/build/encoder_vel': CMAKE_PREFIX_PATH=${CMAKE_PREFIX_PATH}:/root/GZ_DiNiu/install/motor_control_py:/root/GZ_DiNiu/install/imu_bno08x:/opt/ros/humble /usr/bin/cmake --install /root/GZ_DiNiu/build/encoder_vel
[3.413s] -- Install configuration: ""
[3.414s] -- Up-to-date: /root/GZ_DiNiu/install/encoder_vel/lib/encoder_vel/encoder_vel_node
[3.415s] -- Up-to-date: /root/GZ_DiNiu/install/encoder_vel/share/ament_index/resource_index/package_run_dependencies/encoder_vel
[3.415s] -- Up-to-date: /root/GZ_DiNiu/install/encoder_vel/share/ament_index/resource_index/parent_prefix_path/encoder_vel
[3.416s] -- Up-to-date: /root/GZ_DiNiu/install/encoder_vel/share/encoder_vel/environment/ament_prefix_path.sh
[3.420s] -- Up-to-date: /root/GZ_DiNiu/install/encoder_vel/share/encoder_vel/environment/ament_prefix_path.dsv
[3.424s] -- Up-to-date: /root/GZ_DiNiu/install/encoder_vel/share/encoder_vel/environment/path.sh
[3.424s] -- Up-to-date: /root/GZ_DiNiu/install/encoder_vel/share/encoder_vel/environment/path.dsv
[3.425s] -- Up-to-date: /root/GZ_DiNiu/install/encoder_vel/share/encoder_vel/local_setup.bash
[3.426s] -- Up-to-date: /root/GZ_DiNiu/install/encoder_vel/share/encoder_vel/local_setup.sh
[3.426s] -- Up-to-date: /root/GZ_DiNiu/install/encoder_vel/share/encoder_vel/local_setup.zsh
[3.427s] -- Up-to-date: /root/GZ_DiNiu/install/encoder_vel/share/encoder_vel/local_setup.dsv
[3.428s] -- Installing: /root/GZ_DiNiu/install/encoder_vel/share/encoder_vel/package.dsv
[3.428s] -- Up-to-date: /root/GZ_DiNiu/install/encoder_vel/share/ament_index/resource_index/packages/encoder_vel
[3.429s] -- Up-to-date: /root/GZ_DiNiu/install/encoder_vel/share/encoder_vel/cmake/encoder_velConfig.cmake
[3.430s] -- Up-to-date: /root/GZ_DiNiu/install/encoder_vel/share/encoder_vel/cmake/encoder_velConfig-version.cmake
[3.430s] -- Up-to-date: /root/GZ_DiNiu/install/encoder_vel/share/encoder_vel/package.xml
[3.483s] Invoked command in '/root/GZ_DiNiu/build/encoder_vel' returned '0': CMAKE_PREFIX_PATH=${CMAKE_PREFIX_PATH}:/root/GZ_DiNiu/install/motor_control_py:/root/GZ_DiNiu/install/imu_bno08x:/opt/ros/humble /usr/bin/cmake --install /root/GZ_DiNiu/build/encoder_vel
