[9.207s] Invoking command in '/root/GZ_DiNiu/src/motor_control_py': PYTHONPATH=/root/GZ_DiNiu/build/motor_control_py/prefix_override:/usr/lib/python3/dist-packages/colcon_core/task/python/colcon_distutils_commands:/root/GZ_DiNiu/install/motor_control_py/lib/python3.10/site-packages:${PYTHONPATH} /usr/bin/python3 -W ignore:setup.py install is deprecated -W ignore:easy_install command is deprecated setup.py egg_info --egg-base ../../build/motor_control_py build --build-base /root/GZ_DiNiu/build/motor_control_py/build install --record /root/GZ_DiNiu/build/motor_control_py/install.log --single-version-externally-managed install_data
[12.534s] running egg_info
[12.540s] writing ../../build/motor_control_py/motor_control_py.egg-info/PKG-INFO
[12.546s] writing dependency_links to ../../build/motor_control_py/motor_control_py.egg-info/dependency_links.txt
[12.552s] writing entry points to ../../build/motor_control_py/motor_control_py.egg-info/entry_points.txt
[12.555s] writing requirements to ../../build/motor_control_py/motor_control_py.egg-info/requires.txt
[12.559s] writing top-level names to ../../build/motor_control_py/motor_control_py.egg-info/top_level.txt
[12.562s] reading manifest file '../../build/motor_control_py/motor_control_py.egg-info/SOURCES.txt'
[12.566s] writing manifest file '../../build/motor_control_py/motor_control_py.egg-info/SOURCES.txt'
[12.569s] running build
[12.572s] running build_py
[12.583s] copying motor_control_py/motor_control_node.py -> /root/GZ_DiNiu/build/motor_control_py/build/lib/motor_control_py
[12.586s] running install
[12.590s] running install_lib
[12.596s] copying /root/GZ_DiNiu/build/motor_control_py/build/lib/motor_control_py/motor_control_node.py -> /root/GZ_DiNiu/install/motor_control_py/lib/python3.10/site-packages/motor_control_py
[12.615s] byte-compiling /root/GZ_DiNiu/install/motor_control_py/lib/python3.10/site-packages/motor_control_py/motor_control_node.py to motor_control_node.cpython-310.pyc
[12.616s] running install_data
[12.619s] running install_egg_info
[12.620s] removing '/root/GZ_DiNiu/install/motor_control_py/lib/python3.10/site-packages/motor_control_py-0.0.1-py3.10.egg-info' (and everything under it)
[12.621s] Copying ../../build/motor_control_py/motor_control_py.egg-info to /root/GZ_DiNiu/install/motor_control_py/lib/python3.10/site-packages/motor_control_py-0.0.1-py3.10.egg-info
[12.621s] running install_scripts
[12.758s] Installing motor_control_node script to /root/GZ_DiNiu/install/motor_control_py/lib/motor_control_py
[12.760s] Installing steer_control_node script to /root/GZ_DiNiu/install/motor_control_py/lib/motor_control_py
[12.765s] writing list of installed files to '/root/GZ_DiNiu/build/motor_control_py/install.log'
[13.196s] Invoked command in '/root/GZ_DiNiu/src/motor_control_py' returned '0': PYTHONPATH=/root/GZ_DiNiu/build/motor_control_py/prefix_override:/usr/lib/python3/dist-packages/colcon_core/task/python/colcon_distutils_commands:/root/GZ_DiNiu/install/motor_control_py/lib/python3.10/site-packages:${PYTHONPATH} /usr/bin/python3 -W ignore:setup.py install is deprecated -W ignore:easy_install command is deprecated setup.py egg_info --egg-base ../../build/motor_control_py build --build-base /root/GZ_DiNiu/build/motor_control_py/build install --record /root/GZ_DiNiu/build/motor_control_py/install.log --single-version-externally-managed install_data
