[0.135s] Invoking command in '/home/y/GZ_DiNiu/build/encoder_vel': CMAKE_PREFIX_PATH=/opt/ros/humble /usr/bin/cmake --build /home/y/GZ_DiNiu/build/encoder_vel -- -j4 -l4
[1.687s] [100%] Built target encoder_vel_node
[2.903s] Invoked command in '/home/y/GZ_DiNiu/build/encoder_vel' returned '0': CMAKE_PREFIX_PATH=/opt/ros/humble /usr/bin/cmake --build /home/y/GZ_DiNiu/build/encoder_vel -- -j4 -l4
[2.953s] Invoking command in '/home/y/GZ_DiNiu/build/encoder_vel': CMAKE_PREFIX_PATH=/opt/ros/humble /usr/bin/cmake --install /home/y/GZ_DiNiu/build/encoder_vel
[3.007s] -- Install configuration: ""
[3.015s] -- Up-to-date: /home/y/GZ_DiNiu/install/encoder_vel/lib/encoder_vel/encoder_vel_node
[3.018s] -- Up-to-date: /home/y/GZ_DiNiu/install/encoder_vel/share/ament_index/resource_index/package_run_dependencies/encoder_vel
[3.022s] -- Up-to-date: /home/y/GZ_DiNiu/install/encoder_vel/share/ament_index/resource_index/parent_prefix_path/encoder_vel
[3.031s] -- Up-to-date: /home/y/GZ_DiNiu/install/encoder_vel/share/encoder_vel/environment/ament_prefix_path.sh
[3.032s] -- Up-to-date: /home/y/GZ_DiNiu/install/encoder_vel/share/encoder_vel/environment/ament_prefix_path.dsv
[3.032s] -- Up-to-date: /home/y/GZ_DiNiu/install/encoder_vel/share/encoder_vel/environment/path.sh
[3.033s] -- Up-to-date: /home/y/GZ_DiNiu/install/encoder_vel/share/encoder_vel/environment/path.dsv
[3.034s] -- Up-to-date: /home/y/GZ_DiNiu/install/encoder_vel/share/encoder_vel/local_setup.bash
[3.034s] -- Up-to-date: /home/y/GZ_DiNiu/install/encoder_vel/share/encoder_vel/local_setup.sh
[3.035s] -- Up-to-date: /home/y/GZ_DiNiu/install/encoder_vel/share/encoder_vel/local_setup.zsh
[3.036s] -- Up-to-date: /home/y/GZ_DiNiu/install/encoder_vel/share/encoder_vel/local_setup.dsv
[3.036s] -- Installing: /home/y/GZ_DiNiu/install/encoder_vel/share/encoder_vel/package.dsv
[3.040s] -- Up-to-date: /home/y/GZ_DiNiu/install/encoder_vel/share/ament_index/resource_index/packages/encoder_vel
[3.042s] -- Up-to-date: /home/y/GZ_DiNiu/install/encoder_vel/share/encoder_vel/cmake/encoder_velConfig.cmake
[3.044s] -- Up-to-date: /home/y/GZ_DiNiu/install/encoder_vel/share/encoder_vel/cmake/encoder_velConfig-version.cmake
[3.045s] -- Up-to-date: /home/y/GZ_DiNiu/install/encoder_vel/share/encoder_vel/package.xml
[3.062s] Invoked command in '/home/y/GZ_DiNiu/build/encoder_vel' returned '0': CMAKE_PREFIX_PATH=/opt/ros/humble /usr/bin/cmake --install /home/y/GZ_DiNiu/build/encoder_vel
