[0.622s] DEBUG:colcon:Command line arguments: ['/usr/bin/colcon', 'build']
[0.622s] DEBUG:colcon:Parsed command line arguments: Namespace(log_base=None, log_level=None, verb_name='build', build_base='build', install_base='install', merge_install=False, symlink_install=False, test_result_base=None, continue_on_error=False, executor='parallel', parallel_workers=4, event_handlers=None, ignore_user_meta=False, metas=['./colcon.meta'], base_paths=['.'], packages_ignore=None, packages_ignore_regex=None, paths=None, packages_up_to=None, packages_up_to_regex=None, packages_above=None, packages_above_and_dependencies=None, packages_above_depth=None, packages_select_by_dep=None, packages_skip_by_dep=None, packages_skip_up_to=None, packages_select_build_failed=False, packages_skip_build_finished=False, packages_select_test_failures=False, packages_skip_test_passed=False, packages_select=None, packages_skip=None, packages_select_regex=None, packages_skip_regex=None, packages_start=None, packages_end=None, allow_overriding=[], cmake_args=None, cmake_target=None, cmake_target_skip_unavailable=False, cmake_clean_cache=False, cmake_clean_first=False, cmake_force_configure=False, ament_cmake_args=None, catkin_cmake_args=None, catkin_skip_building_tests=False, verb_parser=<colcon_defaults.argument_parser.defaults.DefaultArgumentsDecorator object at 0xffff98a2f9d0>, verb_extension=<colcon_core.verb.build.BuildVerb object at 0xffff98c10e50>, main=<bound method BuildVerb.main of <colcon_core.verb.build.BuildVerb object at 0xffff98c10e50>>)
[1.549s] Level 1:colcon.colcon_core.package_discovery:discover_packages(colcon_meta) check parameters
[1.549s] Level 1:colcon.colcon_core.package_discovery:discover_packages(recursive) check parameters
[1.550s] Level 1:colcon.colcon_core.package_discovery:discover_packages(ignore) check parameters
[1.550s] Level 1:colcon.colcon_core.package_discovery:discover_packages(path) check parameters
[1.550s] Level 1:colcon.colcon_core.package_discovery:discover_packages(colcon_meta) discover
[1.550s] Level 1:colcon.colcon_core.package_discovery:discover_packages(recursive) discover
[1.551s] INFO:colcon.colcon_core.package_discovery:Crawling recursively for packages in '/root/GZ_DiNiu'
[1.551s] Level 1:colcon.colcon_core.package_identification:_identify(.) by extensions ['ignore', 'ignore_ament_install']
[1.552s] Level 1:colcon.colcon_core.package_identification:_identify(.) by extension 'ignore'
[1.552s] Level 1:colcon.colcon_core.package_identification:_identify(.) by extension 'ignore_ament_install'
[1.552s] Level 1:colcon.colcon_core.package_identification:_identify(.) by extensions ['colcon_pkg']
[1.553s] Level 1:colcon.colcon_core.package_identification:_identify(.) by extension 'colcon_pkg'
[1.553s] Level 1:colcon.colcon_core.package_identification:_identify(.) by extensions ['colcon_meta']
[1.553s] Level 1:colcon.colcon_core.package_identification:_identify(.) by extension 'colcon_meta'
[1.553s] Level 1:colcon.colcon_core.package_identification:_identify(.) by extensions ['ros']
[1.553s] Level 1:colcon.colcon_core.package_identification:_identify(.) by extension 'ros'
[1.603s] Level 1:colcon.colcon_core.package_identification:_identify(.) by extensions ['cmake', 'python']
[1.603s] Level 1:colcon.colcon_core.package_identification:_identify(.) by extension 'cmake'
[1.604s] Level 1:colcon.colcon_core.package_identification:_identify(.) by extension 'python'
[1.604s] Level 1:colcon.colcon_core.package_identification:_identify(.) by extensions ['python_setup_py']
[1.604s] Level 1:colcon.colcon_core.package_identification:_identify(.) by extension 'python_setup_py'
[1.605s] Level 1:colcon.colcon_core.package_identification:_identify(build) by extensions ['ignore', 'ignore_ament_install']
[1.605s] Level 1:colcon.colcon_core.package_identification:_identify(build) by extension 'ignore'
[1.606s] Level 1:colcon.colcon_core.package_identification:_identify(build) ignored
[1.606s] Level 1:colcon.colcon_core.package_identification:_identify(install) by extensions ['ignore', 'ignore_ament_install']
[1.607s] Level 1:colcon.colcon_core.package_identification:_identify(install) by extension 'ignore'
[1.607s] Level 1:colcon.colcon_core.package_identification:_identify(install) ignored
[1.610s] Level 1:colcon.colcon_core.package_identification:_identify(log) by extensions ['ignore', 'ignore_ament_install']
[1.611s] Level 1:colcon.colcon_core.package_identification:_identify(log) by extension 'ignore'
[1.611s] Level 1:colcon.colcon_core.package_identification:_identify(log) ignored
[1.612s] Level 1:colcon.colcon_core.package_identification:_identify(src) by extensions ['ignore', 'ignore_ament_install']
[1.612s] Level 1:colcon.colcon_core.package_identification:_identify(src) by extension 'ignore'
[1.612s] Level 1:colcon.colcon_core.package_identification:_identify(src) by extension 'ignore_ament_install'
[1.613s] Level 1:colcon.colcon_core.package_identification:_identify(src) by extensions ['colcon_pkg']
[1.613s] Level 1:colcon.colcon_core.package_identification:_identify(src) by extension 'colcon_pkg'
[1.613s] Level 1:colcon.colcon_core.package_identification:_identify(src) by extensions ['colcon_meta']
[1.613s] Level 1:colcon.colcon_core.package_identification:_identify(src) by extension 'colcon_meta'
[1.613s] Level 1:colcon.colcon_core.package_identification:_identify(src) by extensions ['ros']
[1.614s] Level 1:colcon.colcon_core.package_identification:_identify(src) by extension 'ros'
[1.614s] Level 1:colcon.colcon_core.package_identification:_identify(src) by extensions ['cmake', 'python']
[1.614s] Level 1:colcon.colcon_core.package_identification:_identify(src) by extension 'cmake'
[1.614s] Level 1:colcon.colcon_core.package_identification:_identify(src) by extension 'python'
[1.614s] Level 1:colcon.colcon_core.package_identification:_identify(src) by extensions ['python_setup_py']
[1.615s] Level 1:colcon.colcon_core.package_identification:_identify(src) by extension 'python_setup_py'
[1.615s] Level 1:colcon.colcon_core.package_identification:_identify(src/encoder_vel) by extensions ['ignore', 'ignore_ament_install']
[1.616s] Level 1:colcon.colcon_core.package_identification:_identify(src/encoder_vel) by extension 'ignore'
[1.616s] Level 1:colcon.colcon_core.package_identification:_identify(src/encoder_vel) by extension 'ignore_ament_install'
[1.616s] Level 1:colcon.colcon_core.package_identification:_identify(src/encoder_vel) by extensions ['colcon_pkg']
[1.617s] Level 1:colcon.colcon_core.package_identification:_identify(src/encoder_vel) by extension 'colcon_pkg'
[1.617s] Level 1:colcon.colcon_core.package_identification:_identify(src/encoder_vel) by extensions ['colcon_meta']
[1.617s] Level 1:colcon.colcon_core.package_identification:_identify(src/encoder_vel) by extension 'colcon_meta'
[1.617s] Level 1:colcon.colcon_core.package_identification:_identify(src/encoder_vel) by extensions ['ros']
[1.617s] Level 1:colcon.colcon_core.package_identification:_identify(src/encoder_vel) by extension 'ros'
[1.628s] DEBUG:colcon.colcon_core.package_identification:Package 'src/encoder_vel' with type 'ros.ament_cmake' and name 'encoder_vel'
[1.628s] Level 1:colcon.colcon_core.package_identification:_identify(src/imu_bno08x) by extensions ['ignore', 'ignore_ament_install']
[1.629s] Level 1:colcon.colcon_core.package_identification:_identify(src/imu_bno08x) by extension 'ignore'
[1.629s] Level 1:colcon.colcon_core.package_identification:_identify(src/imu_bno08x) by extension 'ignore_ament_install'
[1.630s] Level 1:colcon.colcon_core.package_identification:_identify(src/imu_bno08x) by extensions ['colcon_pkg']
[1.630s] Level 1:colcon.colcon_core.package_identification:_identify(src/imu_bno08x) by extension 'colcon_pkg'
[1.630s] Level 1:colcon.colcon_core.package_identification:_identify(src/imu_bno08x) by extensions ['colcon_meta']
[1.630s] Level 1:colcon.colcon_core.package_identification:_identify(src/imu_bno08x) by extension 'colcon_meta'
[1.631s] Level 1:colcon.colcon_core.package_identification:_identify(src/imu_bno08x) by extensions ['ros']
[1.631s] Level 1:colcon.colcon_core.package_identification:_identify(src/imu_bno08x) by extension 'ros'
[1.633s] DEBUG:colcon.colcon_core.package_identification:Package 'src/imu_bno08x' with type 'ros.ament_python' and name 'imu_bno08x'
[1.634s] Level 1:colcon.colcon_core.package_identification:_identify(src/motor_control_py) by extensions ['ignore', 'ignore_ament_install']
[1.634s] Level 1:colcon.colcon_core.package_identification:_identify(src/motor_control_py) by extension 'ignore'
[1.635s] Level 1:colcon.colcon_core.package_identification:_identify(src/motor_control_py) by extension 'ignore_ament_install'
[1.635s] Level 1:colcon.colcon_core.package_identification:_identify(src/motor_control_py) by extensions ['colcon_pkg']
[1.635s] Level 1:colcon.colcon_core.package_identification:_identify(src/motor_control_py) by extension 'colcon_pkg'
[1.635s] Level 1:colcon.colcon_core.package_identification:_identify(src/motor_control_py) by extensions ['colcon_meta']
[1.636s] Level 1:colcon.colcon_core.package_identification:_identify(src/motor_control_py) by extension 'colcon_meta'
[1.636s] Level 1:colcon.colcon_core.package_identification:_identify(src/motor_control_py) by extensions ['ros']
[1.636s] Level 1:colcon.colcon_core.package_identification:_identify(src/motor_control_py) by extension 'ros'
[1.638s] DEBUG:colcon.colcon_core.package_identification:Package 'src/motor_control_py' with type 'ros.ament_python' and name 'motor_control_py'
[1.639s] Level 1:colcon.colcon_core.package_identification:_identify(src/steer_closed_loop) by extensions ['ignore', 'ignore_ament_install']
[1.639s] Level 1:colcon.colcon_core.package_identification:_identify(src/steer_closed_loop) by extension 'ignore'
[1.640s] Level 1:colcon.colcon_core.package_identification:_identify(src/steer_closed_loop) by extension 'ignore_ament_install'
[1.640s] Level 1:colcon.colcon_core.package_identification:_identify(src/steer_closed_loop) by extensions ['colcon_pkg']
[1.640s] Level 1:colcon.colcon_core.package_identification:_identify(src/steer_closed_loop) by extension 'colcon_pkg'
[1.640s] Level 1:colcon.colcon_core.package_identification:_identify(src/steer_closed_loop) by extensions ['colcon_meta']
[1.640s] Level 1:colcon.colcon_core.package_identification:_identify(src/steer_closed_loop) by extension 'colcon_meta'
[1.641s] Level 1:colcon.colcon_core.package_identification:_identify(src/steer_closed_loop) by extensions ['ros']
[1.641s] Level 1:colcon.colcon_core.package_identification:_identify(src/steer_closed_loop) by extension 'ros'
[1.643s] DEBUG:colcon.colcon_core.package_identification:Package 'src/steer_closed_loop' with type 'ros.ament_cmake' and name 'steer_closed_loop'
[1.644s] Level 1:colcon.colcon_core.package_identification:_identify(test) by extensions ['ignore', 'ignore_ament_install']
[1.644s] Level 1:colcon.colcon_core.package_identification:_identify(test) by extension 'ignore'
[1.644s] Level 1:colcon.colcon_core.package_identification:_identify(test) by extension 'ignore_ament_install'
[1.645s] Level 1:colcon.colcon_core.package_identification:_identify(test) by extensions ['colcon_pkg']
[1.645s] Level 1:colcon.colcon_core.package_identification:_identify(test) by extension 'colcon_pkg'
[1.645s] Level 1:colcon.colcon_core.package_identification:_identify(test) by extensions ['colcon_meta']
[1.645s] Level 1:colcon.colcon_core.package_identification:_identify(test) by extension 'colcon_meta'
[1.646s] Level 1:colcon.colcon_core.package_identification:_identify(test) by extensions ['ros']
[1.646s] Level 1:colcon.colcon_core.package_identification:_identify(test) by extension 'ros'
[1.646s] Level 1:colcon.colcon_core.package_identification:_identify(test) by extensions ['cmake', 'python']
[1.646s] Level 1:colcon.colcon_core.package_identification:_identify(test) by extension 'cmake'
[1.647s] Level 1:colcon.colcon_core.package_identification:_identify(test) by extension 'python'
[1.647s] Level 1:colcon.colcon_core.package_identification:_identify(test) by extensions ['python_setup_py']
[1.647s] Level 1:colcon.colcon_core.package_identification:_identify(test) by extension 'python_setup_py'
[1.647s] Level 1:colcon.colcon_core.package_identification:_identify(test/__pycache__) by extensions ['ignore', 'ignore_ament_install']
[1.648s] Level 1:colcon.colcon_core.package_identification:_identify(test/__pycache__) by extension 'ignore'
[1.649s] Level 1:colcon.colcon_core.package_identification:_identify(test/__pycache__) by extension 'ignore_ament_install'
[1.649s] Level 1:colcon.colcon_core.package_identification:_identify(test/__pycache__) by extensions ['colcon_pkg']
[1.649s] Level 1:colcon.colcon_core.package_identification:_identify(test/__pycache__) by extension 'colcon_pkg'
[1.649s] Level 1:colcon.colcon_core.package_identification:_identify(test/__pycache__) by extensions ['colcon_meta']
[1.650s] Level 1:colcon.colcon_core.package_identification:_identify(test/__pycache__) by extension 'colcon_meta'
[1.650s] Level 1:colcon.colcon_core.package_identification:_identify(test/__pycache__) by extensions ['ros']
[1.650s] Level 1:colcon.colcon_core.package_identification:_identify(test/__pycache__) by extension 'ros'
[1.651s] Level 1:colcon.colcon_core.package_identification:_identify(test/__pycache__) by extensions ['cmake', 'python']
[1.651s] Level 1:colcon.colcon_core.package_identification:_identify(test/__pycache__) by extension 'cmake'
[1.651s] Level 1:colcon.colcon_core.package_identification:_identify(test/__pycache__) by extension 'python'
[1.651s] Level 1:colcon.colcon_core.package_identification:_identify(test/__pycache__) by extensions ['python_setup_py']
[1.651s] Level 1:colcon.colcon_core.package_identification:_identify(test/__pycache__) by extension 'python_setup_py'
[1.652s] Level 1:colcon.colcon_core.package_discovery:discover_packages(recursive) using defaults
[1.652s] Level 1:colcon.colcon_core.package_discovery:discover_packages(ignore) discover
[1.652s] Level 1:colcon.colcon_core.package_discovery:discover_packages(ignore) using defaults
[1.652s] Level 1:colcon.colcon_core.package_discovery:discover_packages(path) discover
[1.652s] Level 1:colcon.colcon_core.package_discovery:discover_packages(path) using defaults
[1.742s] Level 1:colcon.colcon_core.package_discovery:discover_packages(prefix_path) check parameters
[1.743s] Level 1:colcon.colcon_core.package_discovery:discover_packages(prefix_path) discover
[1.753s] DEBUG:colcon.colcon_installed_package_information.package_discovery:Found 4 installed packages in /root/GZ_DiNiu/install
[1.762s] DEBUG:colcon.colcon_installed_package_information.package_discovery:Found 272 installed packages in /opt/ros/humble
[1.808s] Level 1:colcon.colcon_core.package_discovery:discover_packages(prefix_path) using defaults
[1.991s] Level 5:colcon.colcon_core.verb:set package 'encoder_vel' build argument 'cmake_args' from command line to 'None'
[1.991s] Level 5:colcon.colcon_core.verb:set package 'encoder_vel' build argument 'cmake_target' from command line to 'None'
[1.991s] Level 5:colcon.colcon_core.verb:set package 'encoder_vel' build argument 'cmake_target_skip_unavailable' from command line to 'False'
[1.991s] Level 5:colcon.colcon_core.verb:set package 'encoder_vel' build argument 'cmake_clean_cache' from command line to 'False'
[1.992s] Level 5:colcon.colcon_core.verb:set package 'encoder_vel' build argument 'cmake_clean_first' from command line to 'False'
[1.992s] Level 5:colcon.colcon_core.verb:set package 'encoder_vel' build argument 'cmake_force_configure' from command line to 'False'
[1.992s] Level 5:colcon.colcon_core.verb:set package 'encoder_vel' build argument 'ament_cmake_args' from command line to 'None'
[1.992s] Level 5:colcon.colcon_core.verb:set package 'encoder_vel' build argument 'catkin_cmake_args' from command line to 'None'
[1.992s] Level 5:colcon.colcon_core.verb:set package 'encoder_vel' build argument 'catkin_skip_building_tests' from command line to 'False'
[1.993s] DEBUG:colcon.colcon_core.verb:Building package 'encoder_vel' with the following arguments: {'ament_cmake_args': None, 'build_base': '/root/GZ_DiNiu/build/encoder_vel', 'catkin_cmake_args': None, 'catkin_skip_building_tests': False, 'cmake_args': None, 'cmake_clean_cache': False, 'cmake_clean_first': False, 'cmake_force_configure': False, 'cmake_target': None, 'cmake_target_skip_unavailable': False, 'install_base': '/root/GZ_DiNiu/install/encoder_vel', 'merge_install': False, 'path': '/root/GZ_DiNiu/src/encoder_vel', 'symlink_install': False, 'test_result_base': None}
[1.994s] Level 5:colcon.colcon_core.verb:set package 'imu_bno08x' build argument 'cmake_args' from command line to 'None'
[1.994s] Level 5:colcon.colcon_core.verb:set package 'imu_bno08x' build argument 'cmake_target' from command line to 'None'
[1.995s] Level 5:colcon.colcon_core.verb:set package 'imu_bno08x' build argument 'cmake_target_skip_unavailable' from command line to 'False'
[1.995s] Level 5:colcon.colcon_core.verb:set package 'imu_bno08x' build argument 'cmake_clean_cache' from command line to 'False'
[1.995s] Level 5:colcon.colcon_core.verb:set package 'imu_bno08x' build argument 'cmake_clean_first' from command line to 'False'
[1.995s] Level 5:colcon.colcon_core.verb:set package 'imu_bno08x' build argument 'cmake_force_configure' from command line to 'False'
[1.995s] Level 5:colcon.colcon_core.verb:set package 'imu_bno08x' build argument 'ament_cmake_args' from command line to 'None'
[1.995s] Level 5:colcon.colcon_core.verb:set package 'imu_bno08x' build argument 'catkin_cmake_args' from command line to 'None'
[1.995s] Level 5:colcon.colcon_core.verb:set package 'imu_bno08x' build argument 'catkin_skip_building_tests' from command line to 'False'
[1.995s] DEBUG:colcon.colcon_core.verb:Building package 'imu_bno08x' with the following arguments: {'ament_cmake_args': None, 'build_base': '/root/GZ_DiNiu/build/imu_bno08x', 'catkin_cmake_args': None, 'catkin_skip_building_tests': False, 'cmake_args': None, 'cmake_clean_cache': False, 'cmake_clean_first': False, 'cmake_force_configure': False, 'cmake_target': None, 'cmake_target_skip_unavailable': False, 'install_base': '/root/GZ_DiNiu/install/imu_bno08x', 'merge_install': False, 'path': '/root/GZ_DiNiu/src/imu_bno08x', 'symlink_install': False, 'test_result_base': None}
[1.997s] Level 5:colcon.colcon_core.verb:set package 'motor_control_py' build argument 'cmake_args' from command line to 'None'
[1.997s] Level 5:colcon.colcon_core.verb:set package 'motor_control_py' build argument 'cmake_target' from command line to 'None'
[1.997s] Level 5:colcon.colcon_core.verb:set package 'motor_control_py' build argument 'cmake_target_skip_unavailable' from command line to 'False'
[1.997s] Level 5:colcon.colcon_core.verb:set package 'motor_control_py' build argument 'cmake_clean_cache' from command line to 'False'
[1.998s] Level 5:colcon.colcon_core.verb:set package 'motor_control_py' build argument 'cmake_clean_first' from command line to 'False'
[1.998s] Level 5:colcon.colcon_core.verb:set package 'motor_control_py' build argument 'cmake_force_configure' from command line to 'False'
[1.998s] Level 5:colcon.colcon_core.verb:set package 'motor_control_py' build argument 'ament_cmake_args' from command line to 'None'
[1.998s] Level 5:colcon.colcon_core.verb:set package 'motor_control_py' build argument 'catkin_cmake_args' from command line to 'None'
[1.998s] Level 5:colcon.colcon_core.verb:set package 'motor_control_py' build argument 'catkin_skip_building_tests' from command line to 'False'
[1.998s] DEBUG:colcon.colcon_core.verb:Building package 'motor_control_py' with the following arguments: {'ament_cmake_args': None, 'build_base': '/root/GZ_DiNiu/build/motor_control_py', 'catkin_cmake_args': None, 'catkin_skip_building_tests': False, 'cmake_args': None, 'cmake_clean_cache': False, 'cmake_clean_first': False, 'cmake_force_configure': False, 'cmake_target': None, 'cmake_target_skip_unavailable': False, 'install_base': '/root/GZ_DiNiu/install/motor_control_py', 'merge_install': False, 'path': '/root/GZ_DiNiu/src/motor_control_py', 'symlink_install': False, 'test_result_base': None}
[2.000s] Level 5:colcon.colcon_core.verb:set package 'steer_closed_loop' build argument 'cmake_args' from command line to 'None'
[2.000s] Level 5:colcon.colcon_core.verb:set package 'steer_closed_loop' build argument 'cmake_target' from command line to 'None'
[2.000s] Level 5:colcon.colcon_core.verb:set package 'steer_closed_loop' build argument 'cmake_target_skip_unavailable' from command line to 'False'
[2.000s] Level 5:colcon.colcon_core.verb:set package 'steer_closed_loop' build argument 'cmake_clean_cache' from command line to 'False'
[2.001s] Level 5:colcon.colcon_core.verb:set package 'steer_closed_loop' build argument 'cmake_clean_first' from command line to 'False'
[2.001s] Level 5:colcon.colcon_core.verb:set package 'steer_closed_loop' build argument 'cmake_force_configure' from command line to 'False'
[2.001s] Level 5:colcon.colcon_core.verb:set package 'steer_closed_loop' build argument 'ament_cmake_args' from command line to 'None'
[2.001s] Level 5:colcon.colcon_core.verb:set package 'steer_closed_loop' build argument 'catkin_cmake_args' from command line to 'None'
[2.001s] Level 5:colcon.colcon_core.verb:set package 'steer_closed_loop' build argument 'catkin_skip_building_tests' from command line to 'False'
[2.001s] DEBUG:colcon.colcon_core.verb:Building package 'steer_closed_loop' with the following arguments: {'ament_cmake_args': None, 'build_base': '/root/GZ_DiNiu/build/steer_closed_loop', 'catkin_cmake_args': None, 'catkin_skip_building_tests': False, 'cmake_args': None, 'cmake_clean_cache': False, 'cmake_clean_first': False, 'cmake_force_configure': False, 'cmake_target': None, 'cmake_target_skip_unavailable': False, 'install_base': '/root/GZ_DiNiu/install/steer_closed_loop', 'merge_install': False, 'path': '/root/GZ_DiNiu/src/steer_closed_loop', 'symlink_install': False, 'test_result_base': None}
[2.002s] INFO:colcon.colcon_core.executor:Executing jobs using 'parallel' executor
[2.005s] DEBUG:colcon.colcon_parallel_executor.executor.parallel:run_until_complete
[2.006s] INFO:colcon.colcon_ros.task.ament_cmake.build:Building ROS package in '/root/GZ_DiNiu/src/encoder_vel' with build type 'ament_cmake'
[2.007s] INFO:colcon.colcon_cmake.task.cmake.build:Building CMake package in '/root/GZ_DiNiu/src/encoder_vel'
[2.020s] INFO:colcon.colcon_core.plugin_system:Skipping extension 'colcon_core.shell.bat': Not used on non-Windows systems
[2.021s] INFO:colcon.colcon_core.shell:Skip shell extension 'powershell' for command environment: Not usable outside of PowerShell
[2.022s] DEBUG:colcon.colcon_core.shell:Skip shell extension 'dsv' for command environment
[2.043s] INFO:colcon.colcon_ros.task.ament_python.build:Building ROS package in '/root/GZ_DiNiu/src/imu_bno08x' with build type 'ament_python'
[2.044s] Level 1:colcon.colcon_core.shell:create_environment_hook('imu_bno08x', 'ament_prefix_path')
[2.046s] INFO:colcon.colcon_core.shell:Creating environment hook '/root/GZ_DiNiu/install/imu_bno08x/share/imu_bno08x/hook/ament_prefix_path.ps1'
[2.052s] INFO:colcon.colcon_core.shell:Creating environment descriptor '/root/GZ_DiNiu/install/imu_bno08x/share/imu_bno08x/hook/ament_prefix_path.dsv'
[2.056s] INFO:colcon.colcon_core.shell:Creating environment hook '/root/GZ_DiNiu/install/imu_bno08x/share/imu_bno08x/hook/ament_prefix_path.sh'
[2.061s] INFO:colcon.colcon_core.shell:Skip shell extension 'powershell' for command environment: Not usable outside of PowerShell
[2.061s] DEBUG:colcon.colcon_core.shell:Skip shell extension 'dsv' for command environment
[2.085s] INFO:colcon.colcon_ros.task.ament_python.build:Building ROS package in '/root/GZ_DiNiu/src/motor_control_py' with build type 'ament_python'
[2.086s] Level 1:colcon.colcon_core.shell:create_environment_hook('motor_control_py', 'ament_prefix_path')
[2.088s] INFO:colcon.colcon_core.shell:Creating environment hook '/root/GZ_DiNiu/install/motor_control_py/share/motor_control_py/hook/ament_prefix_path.ps1'
[2.091s] INFO:colcon.colcon_core.shell:Creating environment descriptor '/root/GZ_DiNiu/install/motor_control_py/share/motor_control_py/hook/ament_prefix_path.dsv'
[2.094s] INFO:colcon.colcon_core.shell:Creating environment hook '/root/GZ_DiNiu/install/motor_control_py/share/motor_control_py/hook/ament_prefix_path.sh'
[2.098s] INFO:colcon.colcon_core.shell:Skip shell extension 'powershell' for command environment: Not usable outside of PowerShell
[2.098s] DEBUG:colcon.colcon_core.shell:Skip shell extension 'dsv' for command environment
[2.123s] INFO:colcon.colcon_ros.task.ament_cmake.build:Building ROS package in '/root/GZ_DiNiu/src/steer_closed_loop' with build type 'ament_cmake'
[2.124s] INFO:colcon.colcon_cmake.task.cmake.build:Building CMake package in '/root/GZ_DiNiu/src/steer_closed_loop'
[2.126s] INFO:colcon.colcon_core.shell:Skip shell extension 'powershell' for command environment: Not usable outside of PowerShell
[2.127s] DEBUG:colcon.colcon_core.shell:Skip shell extension 'dsv' for command environment
[2.174s] DEBUG:colcon.colcon_core.event_handler.log_command:Invoking command in '/root/GZ_DiNiu/build/encoder_vel': CMAKE_PREFIX_PATH=${CMAKE_PREFIX_PATH}:/root/GZ_DiNiu/install/motor_control_py:/root/GZ_DiNiu/install/imu_bno08x:/opt/ros/humble /usr/bin/cmake --build /root/GZ_DiNiu/build/encoder_vel -- -j4 -l4
[3.585s] INFO:colcon.colcon_core.task.python.build:Building Python package in '/root/GZ_DiNiu/src/imu_bno08x'
[3.586s] INFO:colcon.colcon_core.shell:Skip shell extension 'powershell' for command environment: Not usable outside of PowerShell
[3.587s] DEBUG:colcon.colcon_core.shell:Skip shell extension 'dsv' for command environment
[4.937s] INFO:colcon.colcon_core.task.python.build:Building Python package in '/root/GZ_DiNiu/src/motor_control_py'
[4.938s] INFO:colcon.colcon_core.shell:Skip shell extension 'powershell' for command environment: Not usable outside of PowerShell
[4.939s] DEBUG:colcon.colcon_core.shell:Skip shell extension 'dsv' for command environment
[4.991s] DEBUG:colcon.colcon_core.event_handler.log_command:Invoking command in '/root/GZ_DiNiu/build/steer_closed_loop': CMAKE_PREFIX_PATH=${CMAKE_PREFIX_PATH}:/root/GZ_DiNiu/install/motor_control_py:/root/GZ_DiNiu/install/imu_bno08x:/opt/ros/humble /usr/bin/cmake --build /root/GZ_DiNiu/build/steer_closed_loop -- -j4 -l4
[4.997s] DEBUG:colcon.colcon_core.event_handler.log_command:Invoked command in '/root/GZ_DiNiu/build/encoder_vel' returned '0': CMAKE_PREFIX_PATH=${CMAKE_PREFIX_PATH}:/root/GZ_DiNiu/install/motor_control_py:/root/GZ_DiNiu/install/imu_bno08x:/opt/ros/humble /usr/bin/cmake --build /root/GZ_DiNiu/build/encoder_vel -- -j4 -l4
[5.052s] DEBUG:colcon.colcon_core.event_handler.log_command:Invoking command in '/root/GZ_DiNiu/build/encoder_vel': CMAKE_PREFIX_PATH=${CMAKE_PREFIX_PATH}:/root/GZ_DiNiu/install/motor_control_py:/root/GZ_DiNiu/install/imu_bno08x:/opt/ros/humble /usr/bin/cmake --install /root/GZ_DiNiu/build/encoder_vel
[5.132s] Level 1:colcon.colcon_core.environment:create_environment_scripts_only(encoder_vel)
[5.140s] DEBUG:colcon.colcon_core.event_handler.log_command:Invoked command in '/root/GZ_DiNiu/build/encoder_vel' returned '0': CMAKE_PREFIX_PATH=${CMAKE_PREFIX_PATH}:/root/GZ_DiNiu/install/motor_control_py:/root/GZ_DiNiu/install/imu_bno08x:/opt/ros/humble /usr/bin/cmake --install /root/GZ_DiNiu/build/encoder_vel
[5.155s] Level 1:colcon.colcon_core.environment:checking '/root/GZ_DiNiu/install/encoder_vel' for CMake module files
[5.158s] Level 1:colcon.colcon_core.environment:checking '/root/GZ_DiNiu/install/encoder_vel' for CMake config files
[5.160s] Level 1:colcon.colcon_core.shell:create_environment_hook('encoder_vel', 'cmake_prefix_path')
[5.162s] INFO:colcon.colcon_core.shell:Creating environment hook '/root/GZ_DiNiu/install/encoder_vel/share/encoder_vel/hook/cmake_prefix_path.ps1'
[5.165s] INFO:colcon.colcon_core.shell:Creating environment descriptor '/root/GZ_DiNiu/install/encoder_vel/share/encoder_vel/hook/cmake_prefix_path.dsv'
[5.168s] INFO:colcon.colcon_core.shell:Creating environment hook '/root/GZ_DiNiu/install/encoder_vel/share/encoder_vel/hook/cmake_prefix_path.sh'
[5.173s] Level 1:colcon.colcon_core.environment:checking '/root/GZ_DiNiu/install/encoder_vel/lib'
[5.175s] Level 1:colcon.colcon_core.environment:checking '/root/GZ_DiNiu/install/encoder_vel/bin'
[5.176s] Level 1:colcon.colcon_core.environment:checking '/root/GZ_DiNiu/install/encoder_vel/lib/pkgconfig/encoder_vel.pc'
[5.177s] Level 1:colcon.colcon_core.environment:checking '/root/GZ_DiNiu/install/encoder_vel/lib/python3.10/site-packages'
[5.180s] Level 1:colcon.colcon_core.environment:checking '/root/GZ_DiNiu/install/encoder_vel/bin'
[5.182s] INFO:colcon.colcon_core.shell:Creating package script '/root/GZ_DiNiu/install/encoder_vel/share/encoder_vel/package.ps1'
[5.191s] INFO:colcon.colcon_core.shell:Creating package descriptor '/root/GZ_DiNiu/install/encoder_vel/share/encoder_vel/package.dsv'
[5.196s] INFO:colcon.colcon_core.shell:Creating package script '/root/GZ_DiNiu/install/encoder_vel/share/encoder_vel/package.sh'
[5.202s] INFO:colcon.colcon_core.shell:Creating package script '/root/GZ_DiNiu/install/encoder_vel/share/encoder_vel/package.bash'
[5.208s] INFO:colcon.colcon_core.shell:Creating package script '/root/GZ_DiNiu/install/encoder_vel/share/encoder_vel/package.zsh'
[5.218s] Level 1:colcon.colcon_core.environment:create_file_with_runtime_dependencies(/root/GZ_DiNiu/install/encoder_vel/share/colcon-core/packages/encoder_vel)
[5.223s] Level 1:colcon.colcon_core.environment:create_environment_scripts_only(encoder_vel)
[5.225s] Level 1:colcon.colcon_core.environment:checking '/root/GZ_DiNiu/install/encoder_vel' for CMake module files
[5.229s] Level 1:colcon.colcon_core.environment:checking '/root/GZ_DiNiu/install/encoder_vel' for CMake config files
[5.233s] Level 1:colcon.colcon_core.shell:create_environment_hook('encoder_vel', 'cmake_prefix_path')
[5.235s] INFO:colcon.colcon_core.shell:Creating environment hook '/root/GZ_DiNiu/install/encoder_vel/share/encoder_vel/hook/cmake_prefix_path.ps1'
[5.239s] INFO:colcon.colcon_core.shell:Creating environment descriptor '/root/GZ_DiNiu/install/encoder_vel/share/encoder_vel/hook/cmake_prefix_path.dsv'
[5.242s] INFO:colcon.colcon_core.shell:Creating environment hook '/root/GZ_DiNiu/install/encoder_vel/share/encoder_vel/hook/cmake_prefix_path.sh'
[5.247s] Level 1:colcon.colcon_core.environment:checking '/root/GZ_DiNiu/install/encoder_vel/lib'
[5.248s] Level 1:colcon.colcon_core.environment:checking '/root/GZ_DiNiu/install/encoder_vel/bin'
[5.248s] Level 1:colcon.colcon_core.environment:checking '/root/GZ_DiNiu/install/encoder_vel/lib/pkgconfig/encoder_vel.pc'
[5.250s] Level 1:colcon.colcon_core.environment:checking '/root/GZ_DiNiu/install/encoder_vel/lib/python3.10/site-packages'
[5.253s] Level 1:colcon.colcon_core.environment:checking '/root/GZ_DiNiu/install/encoder_vel/bin'
[5.255s] INFO:colcon.colcon_core.shell:Creating package script '/root/GZ_DiNiu/install/encoder_vel/share/encoder_vel/package.ps1'
[5.259s] INFO:colcon.colcon_core.shell:Creating package descriptor '/root/GZ_DiNiu/install/encoder_vel/share/encoder_vel/package.dsv'
[5.264s] INFO:colcon.colcon_core.shell:Creating package script '/root/GZ_DiNiu/install/encoder_vel/share/encoder_vel/package.sh'
[5.267s] INFO:colcon.colcon_core.shell:Creating package script '/root/GZ_DiNiu/install/encoder_vel/share/encoder_vel/package.bash'
[5.271s] INFO:colcon.colcon_core.shell:Creating package script '/root/GZ_DiNiu/install/encoder_vel/share/encoder_vel/package.zsh'
[5.276s] Level 1:colcon.colcon_core.environment:create_file_with_runtime_dependencies(/root/GZ_DiNiu/install/encoder_vel/share/colcon-core/packages/encoder_vel)
[5.438s] DEBUG:colcon.colcon_core.event_handler.log_command:Invoked command in '/root/GZ_DiNiu/build/steer_closed_loop' returned '0': CMAKE_PREFIX_PATH=${CMAKE_PREFIX_PATH}:/root/GZ_DiNiu/install/motor_control_py:/root/GZ_DiNiu/install/imu_bno08x:/opt/ros/humble /usr/bin/cmake --build /root/GZ_DiNiu/build/steer_closed_loop -- -j4 -l4
[5.444s] DEBUG:colcon.colcon_core.event_handler.log_command:Invoking command in '/root/GZ_DiNiu/build/steer_closed_loop': CMAKE_PREFIX_PATH=${CMAKE_PREFIX_PATH}:/root/GZ_DiNiu/install/motor_control_py:/root/GZ_DiNiu/install/imu_bno08x:/opt/ros/humble /usr/bin/cmake --install /root/GZ_DiNiu/build/steer_closed_loop
[5.534s] Level 1:colcon.colcon_core.environment:create_environment_scripts_only(steer_closed_loop)
[5.538s] Level 1:colcon.colcon_core.environment:checking '/root/GZ_DiNiu/install/steer_closed_loop' for CMake module files
[5.544s] Level 1:colcon.colcon_core.environment:checking '/root/GZ_DiNiu/install/steer_closed_loop' for CMake config files
[5.557s] Level 1:colcon.colcon_core.shell:create_environment_hook('steer_closed_loop', 'cmake_prefix_path')
[5.561s] INFO:colcon.colcon_core.shell:Creating environment hook '/root/GZ_DiNiu/install/steer_closed_loop/share/steer_closed_loop/hook/cmake_prefix_path.ps1'
[5.565s] DEBUG:colcon.colcon_core.event_handler.log_command:Invoked command in '/root/GZ_DiNiu/build/steer_closed_loop' returned '0': CMAKE_PREFIX_PATH=${CMAKE_PREFIX_PATH}:/root/GZ_DiNiu/install/motor_control_py:/root/GZ_DiNiu/install/imu_bno08x:/opt/ros/humble /usr/bin/cmake --install /root/GZ_DiNiu/build/steer_closed_loop
[5.566s] INFO:colcon.colcon_core.shell:Creating environment descriptor '/root/GZ_DiNiu/install/steer_closed_loop/share/steer_closed_loop/hook/cmake_prefix_path.dsv'
[5.569s] INFO:colcon.colcon_core.shell:Creating environment hook '/root/GZ_DiNiu/install/steer_closed_loop/share/steer_closed_loop/hook/cmake_prefix_path.sh'
[5.576s] Level 1:colcon.colcon_core.environment:checking '/root/GZ_DiNiu/install/steer_closed_loop/lib'
[5.577s] Level 1:colcon.colcon_core.environment:checking '/root/GZ_DiNiu/install/steer_closed_loop/bin'
[5.577s] Level 1:colcon.colcon_core.environment:checking '/root/GZ_DiNiu/install/steer_closed_loop/lib/pkgconfig/steer_closed_loop.pc'
[5.578s] Level 1:colcon.colcon_core.environment:checking '/root/GZ_DiNiu/install/steer_closed_loop/lib/python3.10/site-packages'
[5.580s] Level 1:colcon.colcon_core.environment:checking '/root/GZ_DiNiu/install/steer_closed_loop/bin'
[5.582s] INFO:colcon.colcon_core.shell:Creating package script '/root/GZ_DiNiu/install/steer_closed_loop/share/steer_closed_loop/package.ps1'
[5.586s] INFO:colcon.colcon_core.shell:Creating package descriptor '/root/GZ_DiNiu/install/steer_closed_loop/share/steer_closed_loop/package.dsv'
[5.589s] INFO:colcon.colcon_core.shell:Creating package script '/root/GZ_DiNiu/install/steer_closed_loop/share/steer_closed_loop/package.sh'
[5.595s] INFO:colcon.colcon_core.shell:Creating package script '/root/GZ_DiNiu/install/steer_closed_loop/share/steer_closed_loop/package.bash'
[5.599s] INFO:colcon.colcon_core.shell:Creating package script '/root/GZ_DiNiu/install/steer_closed_loop/share/steer_closed_loop/package.zsh'
[5.607s] Level 1:colcon.colcon_core.environment:create_file_with_runtime_dependencies(/root/GZ_DiNiu/install/steer_closed_loop/share/colcon-core/packages/steer_closed_loop)
[5.614s] Level 1:colcon.colcon_core.environment:create_environment_scripts_only(steer_closed_loop)
[5.615s] Level 1:colcon.colcon_core.environment:checking '/root/GZ_DiNiu/install/steer_closed_loop' for CMake module files
[5.619s] Level 1:colcon.colcon_core.environment:checking '/root/GZ_DiNiu/install/steer_closed_loop' for CMake config files
[5.622s] Level 1:colcon.colcon_core.shell:create_environment_hook('steer_closed_loop', 'cmake_prefix_path')
[5.623s] INFO:colcon.colcon_core.shell:Creating environment hook '/root/GZ_DiNiu/install/steer_closed_loop/share/steer_closed_loop/hook/cmake_prefix_path.ps1'
[5.626s] INFO:colcon.colcon_core.shell:Creating environment descriptor '/root/GZ_DiNiu/install/steer_closed_loop/share/steer_closed_loop/hook/cmake_prefix_path.dsv'
[5.629s] INFO:colcon.colcon_core.shell:Creating environment hook '/root/GZ_DiNiu/install/steer_closed_loop/share/steer_closed_loop/hook/cmake_prefix_path.sh'
[5.632s] Level 1:colcon.colcon_core.environment:checking '/root/GZ_DiNiu/install/steer_closed_loop/lib'
[5.633s] Level 1:colcon.colcon_core.environment:checking '/root/GZ_DiNiu/install/steer_closed_loop/bin'
[5.634s] Level 1:colcon.colcon_core.environment:checking '/root/GZ_DiNiu/install/steer_closed_loop/lib/pkgconfig/steer_closed_loop.pc'
[5.636s] Level 1:colcon.colcon_core.environment:checking '/root/GZ_DiNiu/install/steer_closed_loop/lib/python3.10/site-packages'
[5.639s] Level 1:colcon.colcon_core.environment:checking '/root/GZ_DiNiu/install/steer_closed_loop/bin'
[5.645s] INFO:colcon.colcon_core.shell:Creating package script '/root/GZ_DiNiu/install/steer_closed_loop/share/steer_closed_loop/package.ps1'
[5.652s] INFO:colcon.colcon_core.shell:Creating package descriptor '/root/GZ_DiNiu/install/steer_closed_loop/share/steer_closed_loop/package.dsv'
[5.656s] INFO:colcon.colcon_core.shell:Creating package script '/root/GZ_DiNiu/install/steer_closed_loop/share/steer_closed_loop/package.sh'
[5.658s] INFO:colcon.colcon_core.shell:Creating package script '/root/GZ_DiNiu/install/steer_closed_loop/share/steer_closed_loop/package.bash'
[5.664s] INFO:colcon.colcon_core.shell:Creating package script '/root/GZ_DiNiu/install/steer_closed_loop/share/steer_closed_loop/package.zsh'
[5.667s] Level 1:colcon.colcon_core.environment:create_file_with_runtime_dependencies(/root/GZ_DiNiu/install/steer_closed_loop/share/colcon-core/packages/steer_closed_loop)
[7.305s] DEBUG:colcon.colcon_core.event_handler.log_command:Invoking command in '/root/GZ_DiNiu/src/motor_control_py': PYTHONPATH=/root/GZ_DiNiu/build/motor_control_py/prefix_override:/usr/lib/python3/dist-packages/colcon_core/task/python/colcon_distutils_commands:/root/GZ_DiNiu/install/motor_control_py/lib/python3.10/site-packages:${PYTHONPATH} /usr/bin/python3 -W ignore:setup.py install is deprecated -W ignore:easy_install command is deprecated setup.py egg_info --egg-base ../../build/motor_control_py build --build-base /root/GZ_DiNiu/build/motor_control_py/build install --record /root/GZ_DiNiu/build/motor_control_py/install.log --single-version-externally-managed install_data
[7.399s] DEBUG:colcon.colcon_core.event_handler.log_command:Invoking command in '/root/GZ_DiNiu/src/imu_bno08x': PYTHONPATH=/root/GZ_DiNiu/build/imu_bno08x/prefix_override:/usr/lib/python3/dist-packages/colcon_core/task/python/colcon_distutils_commands:/root/GZ_DiNiu/install/imu_bno08x/lib/python3.10/site-packages:${PYTHONPATH} /usr/bin/python3 -W ignore:setup.py install is deprecated -W ignore:easy_install command is deprecated setup.py egg_info --egg-base ../../build/imu_bno08x build --build-base /root/GZ_DiNiu/build/imu_bno08x/build install --record /root/GZ_DiNiu/build/imu_bno08x/install.log --single-version-externally-managed install_data
[9.195s] Level 1:colcon.colcon_core.environment:checking '/root/GZ_DiNiu/install/motor_control_py' for CMake module files
[9.199s] Level 1:colcon.colcon_core.environment:checking '/root/GZ_DiNiu/install/motor_control_py' for CMake config files
[9.207s] Level 1:colcon.colcon_core.environment:checking '/root/GZ_DiNiu/install/motor_control_py/lib'
[9.210s] DEBUG:colcon.colcon_core.event_handler.log_command:Invoked command in '/root/GZ_DiNiu/src/motor_control_py' returned '0': PYTHONPATH=/root/GZ_DiNiu/build/motor_control_py/prefix_override:/usr/lib/python3/dist-packages/colcon_core/task/python/colcon_distutils_commands:/root/GZ_DiNiu/install/motor_control_py/lib/python3.10/site-packages:${PYTHONPATH} /usr/bin/python3 -W ignore:setup.py install is deprecated -W ignore:easy_install command is deprecated setup.py egg_info --egg-base ../../build/motor_control_py build --build-base /root/GZ_DiNiu/build/motor_control_py/build install --record /root/GZ_DiNiu/build/motor_control_py/install.log --single-version-externally-managed install_data
[9.212s] Level 1:colcon.colcon_core.environment:checking '/root/GZ_DiNiu/install/motor_control_py/bin'
[9.213s] Level 1:colcon.colcon_core.environment:checking '/root/GZ_DiNiu/install/motor_control_py/lib/pkgconfig/motor_control_py.pc'
[9.216s] Level 1:colcon.colcon_core.environment:checking '/root/GZ_DiNiu/install/motor_control_py/lib/python3.10/site-packages'
[9.219s] Level 1:colcon.colcon_core.shell:create_environment_hook('motor_control_py', 'pythonpath')
[9.222s] INFO:colcon.colcon_core.shell:Creating environment hook '/root/GZ_DiNiu/install/motor_control_py/share/motor_control_py/hook/pythonpath.ps1'
[9.228s] INFO:colcon.colcon_core.shell:Creating environment descriptor '/root/GZ_DiNiu/install/motor_control_py/share/motor_control_py/hook/pythonpath.dsv'
[9.233s] INFO:colcon.colcon_core.shell:Creating environment hook '/root/GZ_DiNiu/install/motor_control_py/share/motor_control_py/hook/pythonpath.sh'
[9.237s] Level 1:colcon.colcon_core.environment:checking '/root/GZ_DiNiu/install/motor_control_py/bin'
[9.238s] Level 1:colcon.colcon_core.environment:create_environment_scripts_only(motor_control_py)
[9.240s] INFO:colcon.colcon_core.shell:Creating package script '/root/GZ_DiNiu/install/motor_control_py/share/motor_control_py/package.ps1'
[9.244s] INFO:colcon.colcon_core.shell:Creating package descriptor '/root/GZ_DiNiu/install/motor_control_py/share/motor_control_py/package.dsv'
[9.247s] INFO:colcon.colcon_core.shell:Creating package script '/root/GZ_DiNiu/install/motor_control_py/share/motor_control_py/package.sh'
[9.250s] INFO:colcon.colcon_core.shell:Creating package script '/root/GZ_DiNiu/install/motor_control_py/share/motor_control_py/package.bash'
[9.253s] INFO:colcon.colcon_core.shell:Creating package script '/root/GZ_DiNiu/install/motor_control_py/share/motor_control_py/package.zsh'
[9.255s] Level 1:colcon.colcon_core.environment:create_file_with_runtime_dependencies(/root/GZ_DiNiu/install/motor_control_py/share/colcon-core/packages/motor_control_py)
[9.264s] Level 1:colcon.colcon_core.environment:checking '/root/GZ_DiNiu/install/imu_bno08x' for CMake module files
[9.266s] DEBUG:colcon.colcon_core.event_handler.log_command:Invoked command in '/root/GZ_DiNiu/src/imu_bno08x' returned '0': PYTHONPATH=/root/GZ_DiNiu/build/imu_bno08x/prefix_override:/usr/lib/python3/dist-packages/colcon_core/task/python/colcon_distutils_commands:/root/GZ_DiNiu/install/imu_bno08x/lib/python3.10/site-packages:${PYTHONPATH} /usr/bin/python3 -W ignore:setup.py install is deprecated -W ignore:easy_install command is deprecated setup.py egg_info --egg-base ../../build/imu_bno08x build --build-base /root/GZ_DiNiu/build/imu_bno08x/build install --record /root/GZ_DiNiu/build/imu_bno08x/install.log --single-version-externally-managed install_data
[9.270s] Level 1:colcon.colcon_core.environment:checking '/root/GZ_DiNiu/install/imu_bno08x' for CMake config files
[9.274s] Level 1:colcon.colcon_core.environment:checking '/root/GZ_DiNiu/install/imu_bno08x/lib'
[9.275s] Level 1:colcon.colcon_core.environment:checking '/root/GZ_DiNiu/install/imu_bno08x/bin'
[9.275s] Level 1:colcon.colcon_core.environment:checking '/root/GZ_DiNiu/install/imu_bno08x/lib/pkgconfig/imu_bno08x.pc'
[9.277s] Level 1:colcon.colcon_core.environment:checking '/root/GZ_DiNiu/install/imu_bno08x/lib/python3.10/site-packages'
[9.277s] Level 1:colcon.colcon_core.shell:create_environment_hook('imu_bno08x', 'pythonpath')
[9.279s] INFO:colcon.colcon_core.shell:Creating environment hook '/root/GZ_DiNiu/install/imu_bno08x/share/imu_bno08x/hook/pythonpath.ps1'
[9.282s] INFO:colcon.colcon_core.shell:Creating environment descriptor '/root/GZ_DiNiu/install/imu_bno08x/share/imu_bno08x/hook/pythonpath.dsv'
[9.286s] INFO:colcon.colcon_core.shell:Creating environment hook '/root/GZ_DiNiu/install/imu_bno08x/share/imu_bno08x/hook/pythonpath.sh'
[9.293s] Level 1:colcon.colcon_core.environment:checking '/root/GZ_DiNiu/install/imu_bno08x/bin'
[9.294s] Level 1:colcon.colcon_core.environment:create_environment_scripts_only(imu_bno08x)
[9.296s] INFO:colcon.colcon_core.shell:Creating package script '/root/GZ_DiNiu/install/imu_bno08x/share/imu_bno08x/package.ps1'
[9.300s] INFO:colcon.colcon_core.shell:Creating package descriptor '/root/GZ_DiNiu/install/imu_bno08x/share/imu_bno08x/package.dsv'
[9.304s] INFO:colcon.colcon_core.shell:Creating package script '/root/GZ_DiNiu/install/imu_bno08x/share/imu_bno08x/package.sh'
[9.313s] INFO:colcon.colcon_core.shell:Creating package script '/root/GZ_DiNiu/install/imu_bno08x/share/imu_bno08x/package.bash'
[9.321s] INFO:colcon.colcon_core.shell:Creating package script '/root/GZ_DiNiu/install/imu_bno08x/share/imu_bno08x/package.zsh'
[9.325s] Level 1:colcon.colcon_core.environment:create_file_with_runtime_dependencies(/root/GZ_DiNiu/install/imu_bno08x/share/colcon-core/packages/imu_bno08x)
[9.328s] DEBUG:colcon.colcon_parallel_executor.executor.parallel:closing loop
[9.330s] DEBUG:colcon.colcon_parallel_executor.executor.parallel:loop closed
[9.330s] DEBUG:colcon.colcon_parallel_executor.executor.parallel:run_until_complete finished with '0'
[9.330s] DEBUG:colcon.colcon_core.event_reactor:joining thread
[9.373s] INFO:colcon.colcon_core.plugin_system:Skipping extension 'colcon_notification.desktop_notification.terminal_notifier': Not used on non-Darwin systems
[9.374s] INFO:colcon.colcon_core.plugin_system:Skipping extension 'colcon_notification.desktop_notification.win32': Not used on non-Windows systems
[9.374s] INFO:colcon.colcon_notification.desktop_notification:Sending desktop notification using 'notify2'
[9.381s] DEBUG:colcon.colcon_notification.desktop_notification.notify2:Failed to initialize notify2: org.freedesktop.DBus.Error.ServiceUnknown: The name org.freedesktop.Notifications was not provided by any .service files
[9.382s] DEBUG:colcon.colcon_core.event_reactor:joined thread
[9.383s] INFO:colcon.colcon_core.shell:Creating prefix script '/root/GZ_DiNiu/install/local_setup.ps1'
[9.388s] INFO:colcon.colcon_core.shell:Creating prefix util module '/root/GZ_DiNiu/install/_local_setup_util_ps1.py'
[9.397s] INFO:colcon.colcon_core.shell:Creating prefix chain script '/root/GZ_DiNiu/install/setup.ps1'
[9.405s] INFO:colcon.colcon_core.shell:Creating prefix script '/root/GZ_DiNiu/install/local_setup.sh'
[9.414s] INFO:colcon.colcon_core.shell:Creating prefix util module '/root/GZ_DiNiu/install/_local_setup_util_sh.py'
[9.419s] INFO:colcon.colcon_core.shell:Creating prefix chain script '/root/GZ_DiNiu/install/setup.sh'
[9.428s] INFO:colcon.colcon_core.shell:Creating prefix script '/root/GZ_DiNiu/install/local_setup.bash'
[9.431s] INFO:colcon.colcon_core.shell:Creating prefix chain script '/root/GZ_DiNiu/install/setup.bash'
[9.436s] INFO:colcon.colcon_core.shell:Creating prefix script '/root/GZ_DiNiu/install/local_setup.zsh'
[9.439s] INFO:colcon.colcon_core.shell:Creating prefix chain script '/root/GZ_DiNiu/install/setup.zsh'
