[1.116s] DEBUG:colcon:Command line arguments: ['/usr/bin/colcon', 'build']
[1.116s] DEBUG:colcon:Parsed command line arguments: Namespace(log_base=None, log_level=None, verb_name='build', build_base='build', install_base='install', merge_install=False, symlink_install=False, test_result_base=None, continue_on_error=False, executor='parallel', parallel_workers=4, event_handlers=None, ignore_user_meta=False, metas=['./colcon.meta'], base_paths=['.'], packages_ignore=None, packages_ignore_regex=None, paths=None, packages_up_to=None, packages_up_to_regex=None, packages_above=None, packages_above_and_dependencies=None, packages_above_depth=None, packages_select_by_dep=None, packages_skip_by_dep=None, packages_skip_up_to=None, packages_select_build_failed=False, packages_skip_build_finished=False, packages_select_test_failures=False, packages_skip_test_passed=False, packages_select=None, packages_skip=None, packages_select_regex=None, packages_skip_regex=None, packages_start=None, packages_end=None, allow_overriding=[], cmake_args=None, cmake_target=None, cmake_target_skip_unavailable=False, cmake_clean_cache=False, cmake_clean_first=False, cmake_force_configure=False, ament_cmake_args=None, catkin_cmake_args=None, catkin_skip_building_tests=False, verb_parser=<colcon_defaults.argument_parser.defaults.DefaultArgumentsDecorator object at 0xffff8e95fa00>, verb_extension=<colcon_core.verb.build.BuildVerb object at 0xffff8eb40e80>, main=<bound method BuildVerb.main of <colcon_core.verb.build.BuildVerb object at 0xffff8eb40e80>>)
[3.599s] Level 1:colcon.colcon_core.package_discovery:discover_packages(colcon_meta) check parameters
[3.599s] Level 1:colcon.colcon_core.package_discovery:discover_packages(recursive) check parameters
[3.600s] Level 1:colcon.colcon_core.package_discovery:discover_packages(ignore) check parameters
[3.600s] Level 1:colcon.colcon_core.package_discovery:discover_packages(path) check parameters
[3.601s] Level 1:colcon.colcon_core.package_discovery:discover_packages(colcon_meta) discover
[3.602s] Level 1:colcon.colcon_core.package_discovery:discover_packages(recursive) discover
[3.603s] INFO:colcon.colcon_core.package_discovery:Crawling recursively for packages in '/root/GZ_DiNiu'
[3.603s] Level 1:colcon.colcon_core.package_identification:_identify(.) by extensions ['ignore', 'ignore_ament_install']
[3.604s] Level 1:colcon.colcon_core.package_identification:_identify(.) by extension 'ignore'
[3.605s] Level 1:colcon.colcon_core.package_identification:_identify(.) by extension 'ignore_ament_install'
[3.605s] Level 1:colcon.colcon_core.package_identification:_identify(.) by extensions ['colcon_pkg']
[3.605s] Level 1:colcon.colcon_core.package_identification:_identify(.) by extension 'colcon_pkg'
[3.606s] Level 1:colcon.colcon_core.package_identification:_identify(.) by extensions ['colcon_meta']
[3.606s] Level 1:colcon.colcon_core.package_identification:_identify(.) by extension 'colcon_meta'
[3.606s] Level 1:colcon.colcon_core.package_identification:_identify(.) by extensions ['ros']
[3.607s] Level 1:colcon.colcon_core.package_identification:_identify(.) by extension 'ros'
[3.701s] Level 1:colcon.colcon_core.package_identification:_identify(.) by extensions ['cmake', 'python']
[3.702s] Level 1:colcon.colcon_core.package_identification:_identify(.) by extension 'cmake'
[3.703s] Level 1:colcon.colcon_core.package_identification:_identify(.) by extension 'python'
[3.703s] Level 1:colcon.colcon_core.package_identification:_identify(.) by extensions ['python_setup_py']
[3.703s] Level 1:colcon.colcon_core.package_identification:_identify(.) by extension 'python_setup_py'
[3.704s] Level 1:colcon.colcon_core.package_identification:_identify(build) by extensions ['ignore', 'ignore_ament_install']
[3.704s] Level 1:colcon.colcon_core.package_identification:_identify(build) by extension 'ignore'
[3.705s] Level 1:colcon.colcon_core.package_identification:_identify(build) ignored
[3.705s] Level 1:colcon.colcon_core.package_identification:_identify(install) by extensions ['ignore', 'ignore_ament_install']
[3.706s] Level 1:colcon.colcon_core.package_identification:_identify(install) by extension 'ignore'
[3.706s] Level 1:colcon.colcon_core.package_identification:_identify(install) ignored
[3.710s] Level 1:colcon.colcon_core.package_identification:_identify(log) by extensions ['ignore', 'ignore_ament_install']
[3.710s] Level 1:colcon.colcon_core.package_identification:_identify(log) by extension 'ignore'
[3.711s] Level 1:colcon.colcon_core.package_identification:_identify(log) ignored
[3.712s] Level 1:colcon.colcon_core.package_identification:_identify(src) by extensions ['ignore', 'ignore_ament_install']
[3.713s] Level 1:colcon.colcon_core.package_identification:_identify(src) by extension 'ignore'
[3.713s] Level 1:colcon.colcon_core.package_identification:_identify(src) by extension 'ignore_ament_install'
[3.714s] Level 1:colcon.colcon_core.package_identification:_identify(src) by extensions ['colcon_pkg']
[3.714s] Level 1:colcon.colcon_core.package_identification:_identify(src) by extension 'colcon_pkg'
[3.714s] Level 1:colcon.colcon_core.package_identification:_identify(src) by extensions ['colcon_meta']
[3.715s] Level 1:colcon.colcon_core.package_identification:_identify(src) by extension 'colcon_meta'
[3.715s] Level 1:colcon.colcon_core.package_identification:_identify(src) by extensions ['ros']
[3.715s] Level 1:colcon.colcon_core.package_identification:_identify(src) by extension 'ros'
[3.716s] Level 1:colcon.colcon_core.package_identification:_identify(src) by extensions ['cmake', 'python']
[3.716s] Level 1:colcon.colcon_core.package_identification:_identify(src) by extension 'cmake'
[3.717s] Level 1:colcon.colcon_core.package_identification:_identify(src) by extension 'python'
[3.717s] Level 1:colcon.colcon_core.package_identification:_identify(src) by extensions ['python_setup_py']
[3.717s] Level 1:colcon.colcon_core.package_identification:_identify(src) by extension 'python_setup_py'
[3.718s] Level 1:colcon.colcon_core.package_identification:_identify(src/encoder_vel) by extensions ['ignore', 'ignore_ament_install']
[3.719s] Level 1:colcon.colcon_core.package_identification:_identify(src/encoder_vel) by extension 'ignore'
[3.720s] Level 1:colcon.colcon_core.package_identification:_identify(src/encoder_vel) by extension 'ignore_ament_install'
[3.721s] Level 1:colcon.colcon_core.package_identification:_identify(src/encoder_vel) by extensions ['colcon_pkg']
[3.722s] Level 1:colcon.colcon_core.package_identification:_identify(src/encoder_vel) by extension 'colcon_pkg'
[3.722s] Level 1:colcon.colcon_core.package_identification:_identify(src/encoder_vel) by extensions ['colcon_meta']
[3.722s] Level 1:colcon.colcon_core.package_identification:_identify(src/encoder_vel) by extension 'colcon_meta'
[3.723s] Level 1:colcon.colcon_core.package_identification:_identify(src/encoder_vel) by extensions ['ros']
[3.723s] Level 1:colcon.colcon_core.package_identification:_identify(src/encoder_vel) by extension 'ros'
[3.738s] DEBUG:colcon.colcon_core.package_identification:Package 'src/encoder_vel' with type 'ros.ament_cmake' and name 'encoder_vel'
[3.739s] Level 1:colcon.colcon_core.package_identification:_identify(src/imu_bno08x) by extensions ['ignore', 'ignore_ament_install']
[3.740s] Level 1:colcon.colcon_core.package_identification:_identify(src/imu_bno08x) by extension 'ignore'
[3.741s] Level 1:colcon.colcon_core.package_identification:_identify(src/imu_bno08x) by extension 'ignore_ament_install'
[3.742s] Level 1:colcon.colcon_core.package_identification:_identify(src/imu_bno08x) by extensions ['colcon_pkg']
[3.742s] Level 1:colcon.colcon_core.package_identification:_identify(src/imu_bno08x) by extension 'colcon_pkg'
[3.743s] Level 1:colcon.colcon_core.package_identification:_identify(src/imu_bno08x) by extensions ['colcon_meta']
[3.743s] Level 1:colcon.colcon_core.package_identification:_identify(src/imu_bno08x) by extension 'colcon_meta'
[3.744s] Level 1:colcon.colcon_core.package_identification:_identify(src/imu_bno08x) by extensions ['ros']
[3.744s] Level 1:colcon.colcon_core.package_identification:_identify(src/imu_bno08x) by extension 'ros'
[3.747s] DEBUG:colcon.colcon_core.package_identification:Package 'src/imu_bno08x' with type 'ros.ament_python' and name 'imu_bno08x'
[3.748s] Level 1:colcon.colcon_core.package_identification:_identify(src/motor_control_py) by extensions ['ignore', 'ignore_ament_install']
[3.748s] Level 1:colcon.colcon_core.package_identification:_identify(src/motor_control_py) by extension 'ignore'
[3.749s] Level 1:colcon.colcon_core.package_identification:_identify(src/motor_control_py) by extension 'ignore_ament_install'
[3.749s] Level 1:colcon.colcon_core.package_identification:_identify(src/motor_control_py) by extensions ['colcon_pkg']
[3.750s] Level 1:colcon.colcon_core.package_identification:_identify(src/motor_control_py) by extension 'colcon_pkg'
[3.750s] Level 1:colcon.colcon_core.package_identification:_identify(src/motor_control_py) by extensions ['colcon_meta']
[3.750s] Level 1:colcon.colcon_core.package_identification:_identify(src/motor_control_py) by extension 'colcon_meta'
[3.751s] Level 1:colcon.colcon_core.package_identification:_identify(src/motor_control_py) by extensions ['ros']
[3.751s] Level 1:colcon.colcon_core.package_identification:_identify(src/motor_control_py) by extension 'ros'
[3.754s] DEBUG:colcon.colcon_core.package_identification:Package 'src/motor_control_py' with type 'ros.ament_python' and name 'motor_control_py'
[3.754s] Level 1:colcon.colcon_core.package_identification:_identify(src/steer_closed_loop) by extensions ['ignore', 'ignore_ament_install']
[3.755s] Level 1:colcon.colcon_core.package_identification:_identify(src/steer_closed_loop) by extension 'ignore'
[3.755s] Level 1:colcon.colcon_core.package_identification:_identify(src/steer_closed_loop) by extension 'ignore_ament_install'
[3.756s] Level 1:colcon.colcon_core.package_identification:_identify(src/steer_closed_loop) by extensions ['colcon_pkg']
[3.756s] Level 1:colcon.colcon_core.package_identification:_identify(src/steer_closed_loop) by extension 'colcon_pkg'
[3.757s] Level 1:colcon.colcon_core.package_identification:_identify(src/steer_closed_loop) by extensions ['colcon_meta']
[3.757s] Level 1:colcon.colcon_core.package_identification:_identify(src/steer_closed_loop) by extension 'colcon_meta'
[3.758s] Level 1:colcon.colcon_core.package_identification:_identify(src/steer_closed_loop) by extensions ['ros']
[3.758s] Level 1:colcon.colcon_core.package_identification:_identify(src/steer_closed_loop) by extension 'ros'
[3.762s] DEBUG:colcon.colcon_core.package_identification:Package 'src/steer_closed_loop' with type 'ros.ament_cmake' and name 'steer_closed_loop'
[3.763s] Level 1:colcon.colcon_core.package_identification:_identify(src _back) by extensions ['ignore', 'ignore_ament_install']
[3.764s] Level 1:colcon.colcon_core.package_identification:_identify(src _back) by extension 'ignore'
[3.764s] Level 1:colcon.colcon_core.package_identification:_identify(src _back) by extension 'ignore_ament_install'
[3.765s] Level 1:colcon.colcon_core.package_identification:_identify(src _back) by extensions ['colcon_pkg']
[3.765s] Level 1:colcon.colcon_core.package_identification:_identify(src _back) by extension 'colcon_pkg'
[3.765s] Level 1:colcon.colcon_core.package_identification:_identify(src _back) by extensions ['colcon_meta']
[3.766s] Level 1:colcon.colcon_core.package_identification:_identify(src _back) by extension 'colcon_meta'
[3.766s] Level 1:colcon.colcon_core.package_identification:_identify(src _back) by extensions ['ros']
[3.766s] Level 1:colcon.colcon_core.package_identification:_identify(src _back) by extension 'ros'
[3.767s] Level 1:colcon.colcon_core.package_identification:_identify(src _back) by extensions ['cmake', 'python']
[3.767s] Level 1:colcon.colcon_core.package_identification:_identify(src _back) by extension 'cmake'
[3.768s] Level 1:colcon.colcon_core.package_identification:_identify(src _back) by extension 'python'
[3.768s] Level 1:colcon.colcon_core.package_identification:_identify(src _back) by extensions ['python_setup_py']
[3.769s] Level 1:colcon.colcon_core.package_identification:_identify(src _back) by extension 'python_setup_py'
[3.769s] Level 1:colcon.colcon_core.package_identification:_identify(src _back/encoder_vel) by extensions ['ignore', 'ignore_ament_install']
[3.770s] Level 1:colcon.colcon_core.package_identification:_identify(src _back/encoder_vel) by extension 'ignore'
[3.771s] Level 1:colcon.colcon_core.package_identification:_identify(src _back/encoder_vel) by extension 'ignore_ament_install'
[3.772s] Level 1:colcon.colcon_core.package_identification:_identify(src _back/encoder_vel) by extensions ['colcon_pkg']
[3.772s] Level 1:colcon.colcon_core.package_identification:_identify(src _back/encoder_vel) by extension 'colcon_pkg'
[3.772s] Level 1:colcon.colcon_core.package_identification:_identify(src _back/encoder_vel) by extensions ['colcon_meta']
[3.773s] Level 1:colcon.colcon_core.package_identification:_identify(src _back/encoder_vel) by extension 'colcon_meta'
[3.773s] Level 1:colcon.colcon_core.package_identification:_identify(src _back/encoder_vel) by extensions ['ros']
[3.773s] Level 1:colcon.colcon_core.package_identification:_identify(src _back/encoder_vel) by extension 'ros'
[3.776s] DEBUG:colcon.colcon_core.package_identification:Package 'src _back/encoder_vel' with type 'ros.ament_cmake' and name 'encoder_vel'
[3.778s] Level 1:colcon.colcon_core.package_identification:_identify(src _back/imu_bno08x) by extensions ['ignore', 'ignore_ament_install']
[3.778s] Level 1:colcon.colcon_core.package_identification:_identify(src _back/imu_bno08x) by extension 'ignore'
[3.779s] Level 1:colcon.colcon_core.package_identification:_identify(src _back/imu_bno08x) by extension 'ignore_ament_install'
[3.779s] Level 1:colcon.colcon_core.package_identification:_identify(src _back/imu_bno08x) by extensions ['colcon_pkg']
[3.780s] Level 1:colcon.colcon_core.package_identification:_identify(src _back/imu_bno08x) by extension 'colcon_pkg'
[3.781s] Level 1:colcon.colcon_core.package_identification:_identify(src _back/imu_bno08x) by extensions ['colcon_meta']
[3.782s] Level 1:colcon.colcon_core.package_identification:_identify(src _back/imu_bno08x) by extension 'colcon_meta'
[3.782s] Level 1:colcon.colcon_core.package_identification:_identify(src _back/imu_bno08x) by extensions ['ros']
[3.783s] Level 1:colcon.colcon_core.package_identification:_identify(src _back/imu_bno08x) by extension 'ros'
[3.785s] DEBUG:colcon.colcon_core.package_identification:Package 'src _back/imu_bno08x' with type 'ros.ament_python' and name 'imu_bno08x'
[3.786s] Level 1:colcon.colcon_core.package_identification:_identify(src _back/motor_control_py) by extensions ['ignore', 'ignore_ament_install']
[3.787s] Level 1:colcon.colcon_core.package_identification:_identify(src _back/motor_control_py) by extension 'ignore'
[3.788s] Level 1:colcon.colcon_core.package_identification:_identify(src _back/motor_control_py) by extension 'ignore_ament_install'
[3.789s] Level 1:colcon.colcon_core.package_identification:_identify(src _back/motor_control_py) by extensions ['colcon_pkg']
[3.789s] Level 1:colcon.colcon_core.package_identification:_identify(src _back/motor_control_py) by extension 'colcon_pkg'
[3.790s] Level 1:colcon.colcon_core.package_identification:_identify(src _back/motor_control_py) by extensions ['colcon_meta']
[3.790s] Level 1:colcon.colcon_core.package_identification:_identify(src _back/motor_control_py) by extension 'colcon_meta'
[3.791s] Level 1:colcon.colcon_core.package_identification:_identify(src _back/motor_control_py) by extensions ['ros']
[3.791s] Level 1:colcon.colcon_core.package_identification:_identify(src _back/motor_control_py) by extension 'ros'
[3.794s] DEBUG:colcon.colcon_core.package_identification:Package 'src _back/motor_control_py' with type 'ros.ament_python' and name 'motor_control_py'
[3.795s] Level 1:colcon.colcon_core.package_identification:_identify(src _back/steer_closed_loop) by extensions ['ignore', 'ignore_ament_install']
[3.796s] Level 1:colcon.colcon_core.package_identification:_identify(src _back/steer_closed_loop) by extension 'ignore'
[3.796s] Level 1:colcon.colcon_core.package_identification:_identify(src _back/steer_closed_loop) by extension 'ignore_ament_install'
[3.797s] Level 1:colcon.colcon_core.package_identification:_identify(src _back/steer_closed_loop) by extensions ['colcon_pkg']
[3.798s] Level 1:colcon.colcon_core.package_identification:_identify(src _back/steer_closed_loop) by extension 'colcon_pkg'
[3.798s] Level 1:colcon.colcon_core.package_identification:_identify(src _back/steer_closed_loop) by extensions ['colcon_meta']
[3.799s] Level 1:colcon.colcon_core.package_identification:_identify(src _back/steer_closed_loop) by extension 'colcon_meta'
[3.799s] Level 1:colcon.colcon_core.package_identification:_identify(src _back/steer_closed_loop) by extensions ['ros']
[3.799s] Level 1:colcon.colcon_core.package_identification:_identify(src _back/steer_closed_loop) by extension 'ros'
[3.803s] DEBUG:colcon.colcon_core.package_identification:Package 'src _back/steer_closed_loop' with type 'ros.ament_cmake' and name 'steer_closed_loop'
[3.804s] Level 1:colcon.colcon_core.package_identification:_identify(test) by extensions ['ignore', 'ignore_ament_install']
[3.804s] Level 1:colcon.colcon_core.package_identification:_identify(test) by extension 'ignore'
[3.805s] Level 1:colcon.colcon_core.package_identification:_identify(test) by extension 'ignore_ament_install'
[3.805s] Level 1:colcon.colcon_core.package_identification:_identify(test) by extensions ['colcon_pkg']
[3.806s] Level 1:colcon.colcon_core.package_identification:_identify(test) by extension 'colcon_pkg'
[3.806s] Level 1:colcon.colcon_core.package_identification:_identify(test) by extensions ['colcon_meta']
[3.807s] Level 1:colcon.colcon_core.package_identification:_identify(test) by extension 'colcon_meta'
[3.807s] Level 1:colcon.colcon_core.package_identification:_identify(test) by extensions ['ros']
[3.808s] Level 1:colcon.colcon_core.package_identification:_identify(test) by extension 'ros'
[3.808s] Level 1:colcon.colcon_core.package_identification:_identify(test) by extensions ['cmake', 'python']
[3.809s] Level 1:colcon.colcon_core.package_identification:_identify(test) by extension 'cmake'
[3.810s] Level 1:colcon.colcon_core.package_identification:_identify(test) by extension 'python'
[3.810s] Level 1:colcon.colcon_core.package_identification:_identify(test) by extensions ['python_setup_py']
[3.810s] Level 1:colcon.colcon_core.package_identification:_identify(test) by extension 'python_setup_py'
[3.811s] Level 1:colcon.colcon_core.package_identification:_identify(test/__pycache__) by extensions ['ignore', 'ignore_ament_install']
[3.813s] Level 1:colcon.colcon_core.package_identification:_identify(test/__pycache__) by extension 'ignore'
[3.813s] Level 1:colcon.colcon_core.package_identification:_identify(test/__pycache__) by extension 'ignore_ament_install'
[3.814s] Level 1:colcon.colcon_core.package_identification:_identify(test/__pycache__) by extensions ['colcon_pkg']
[3.814s] Level 1:colcon.colcon_core.package_identification:_identify(test/__pycache__) by extension 'colcon_pkg'
[3.815s] Level 1:colcon.colcon_core.package_identification:_identify(test/__pycache__) by extensions ['colcon_meta']
[3.815s] Level 1:colcon.colcon_core.package_identification:_identify(test/__pycache__) by extension 'colcon_meta'
[3.816s] Level 1:colcon.colcon_core.package_identification:_identify(test/__pycache__) by extensions ['ros']
[3.816s] Level 1:colcon.colcon_core.package_identification:_identify(test/__pycache__) by extension 'ros'
[3.817s] Level 1:colcon.colcon_core.package_identification:_identify(test/__pycache__) by extensions ['cmake', 'python']
[3.818s] Level 1:colcon.colcon_core.package_identification:_identify(test/__pycache__) by extension 'cmake'
[3.818s] Level 1:colcon.colcon_core.package_identification:_identify(test/__pycache__) by extension 'python'
[3.819s] Level 1:colcon.colcon_core.package_identification:_identify(test/__pycache__) by extensions ['python_setup_py']
[3.820s] Level 1:colcon.colcon_core.package_identification:_identify(test/__pycache__) by extension 'python_setup_py'
[3.820s] Level 1:colcon.colcon_core.package_discovery:discover_packages(recursive) using defaults
[3.821s] Level 1:colcon.colcon_core.package_discovery:discover_packages(ignore) discover
[3.822s] Level 1:colcon.colcon_core.package_discovery:discover_packages(ignore) using defaults
[3.822s] Level 1:colcon.colcon_core.package_discovery:discover_packages(path) discover
[3.822s] Level 1:colcon.colcon_core.package_discovery:discover_packages(path) using defaults
[3.978s] Level 1:colcon.colcon_core.package_discovery:discover_packages(prefix_path) check parameters
[3.979s] Level 1:colcon.colcon_core.package_discovery:discover_packages(prefix_path) discover
[3.995s] DEBUG:colcon.colcon_installed_package_information.package_discovery:Found 4 installed packages in /root/GZ_DiNiu/install
[4.005s] DEBUG:colcon.colcon_installed_package_information.package_discovery:Found 272 installed packages in /opt/ros/humble
[4.065s] Level 1:colcon.colcon_core.package_discovery:discover_packages(prefix_path) using defaults
[4.344s] ERROR:colcon:colcon build: Duplicate package names not supported:
- encoder_vel:
  - src _back/encoder_vel
  - src/encoder_vel
- imu_bno08x:
  - src _back/imu_bno08x
  - src/imu_bno08x
- motor_control_py:
  - src _back/motor_control_py
  - src/motor_control_py
- steer_closed_loop:
  - src _back/steer_closed_loop
  - src/steer_closed_loop
