[6.386s] Invoking command in '/root/GZ_DiNiu/src/motor_control_py': PYTHONPATH=/root/GZ_DiNiu/build/motor_control_py/prefix_override:/usr/lib/python3/dist-packages/colcon_core/task/python/colcon_distutils_commands:/root/GZ_DiNiu/install/motor_control_py/lib/python3.10/site-packages:${PYTHONPATH} /usr/bin/python3 -W ignore:setup.py install is deprecated -W ignore:easy_install command is deprecated setup.py egg_info --egg-base ../../build/motor_control_py build --build-base /root/GZ_DiNiu/build/motor_control_py/build install --record /root/GZ_DiNiu/build/motor_control_py/install.log --single-version-externally-managed install_data
[8.643s] running egg_info
[8.651s] writing ../../build/motor_control_py/motor_control_py.egg-info/PKG-INFO
[8.667s] writing dependency_links to ../../build/motor_control_py/motor_control_py.egg-info/dependency_links.txt
[8.674s] writing entry points to ../../build/motor_control_py/motor_control_py.egg-info/entry_points.txt
[8.687s] writing requirements to ../../build/motor_control_py/motor_control_py.egg-info/requires.txt
[8.692s] writing top-level names to ../../build/motor_control_py/motor_control_py.egg-info/top_level.txt
[8.701s] reading manifest file '../../build/motor_control_py/motor_control_py.egg-info/SOURCES.txt'
[8.724s] writing manifest file '../../build/motor_control_py/motor_control_py.egg-info/SOURCES.txt'
[8.726s] running build
[8.727s] running build_py
[8.728s] copying motor_control_py/motor_control_node.py -> /root/GZ_DiNiu/build/motor_control_py/build/lib/motor_control_py
[8.729s] running install
[8.736s] running install_lib
[8.749s] copying /root/GZ_DiNiu/build/motor_control_py/build/lib/motor_control_py/motor_control_node.py -> /root/GZ_DiNiu/install/motor_control_py/lib/python3.10/site-packages/motor_control_py
[8.756s] byte-compiling /root/GZ_DiNiu/install/motor_control_py/lib/python3.10/site-packages/motor_control_py/motor_control_node.py to motor_control_node.cpython-310.pyc
[8.768s] running install_data
[8.771s] running install_egg_info
[8.772s] removing '/root/GZ_DiNiu/install/motor_control_py/lib/python3.10/site-packages/motor_control_py-0.0.1-py3.10.egg-info' (and everything under it)
[8.773s] Copying ../../build/motor_control_py/motor_control_py.egg-info to /root/GZ_DiNiu/install/motor_control_py/lib/python3.10/site-packages/motor_control_py-0.0.1-py3.10.egg-info
[8.774s] running install_scripts
[8.884s] Installing motor_control_node script to /root/GZ_DiNiu/install/motor_control_py/lib/motor_control_py
[8.888s] Installing steer_control_node script to /root/GZ_DiNiu/install/motor_control_py/lib/motor_control_py
[8.892s] writing list of installed files to '/root/GZ_DiNiu/build/motor_control_py/install.log'
[9.049s] Invoked command in '/root/GZ_DiNiu/src/motor_control_py' returned '0': PYTHONPATH=/root/GZ_DiNiu/build/motor_control_py/prefix_override:/usr/lib/python3/dist-packages/colcon_core/task/python/colcon_distutils_commands:/root/GZ_DiNiu/install/motor_control_py/lib/python3.10/site-packages:${PYTHONPATH} /usr/bin/python3 -W ignore:setup.py install is deprecated -W ignore:easy_install command is deprecated setup.py egg_info --egg-base ../../build/motor_control_py build --build-base /root/GZ_DiNiu/build/motor_control_py/build install --record /root/GZ_DiNiu/build/motor_control_py/install.log --single-version-externally-managed install_data
