[3.060s] Invoking command in '/root/GZ_DiNiu/build/steer_closed_loop': CMAKE_PREFIX_PATH=${CMAKE_PREFIX_PATH}:/root/GZ_DiNiu/install/motor_control_py:/root/GZ_DiNiu/install/imu_bno08x:/opt/ros/humble /usr/bin/cmake --build /root/GZ_DiNiu/build/steer_closed_loop -- -j4 -l4
[3.420s] [100%] Built target steer_closed_loop_node
[3.490s] Invoked command in '/root/GZ_DiNiu/build/steer_closed_loop' returned '0': CMAKE_PREFIX_PATH=${CMAKE_PREFIX_PATH}:/root/GZ_DiNiu/install/motor_control_py:/root/GZ_DiNiu/install/imu_bno08x:/opt/ros/humble /usr/bin/cmake --build /root/GZ_DiNiu/build/steer_closed_loop -- -j4 -l4
[3.501s] Invoking command in '/root/GZ_DiNiu/build/steer_closed_loop': CMAKE_PREFIX_PATH=${CMAKE_PREFIX_PATH}:/root/GZ_DiNiu/install/motor_control_py:/root/GZ_DiNiu/install/imu_bno08x:/opt/ros/humble /usr/bin/cmake --install /root/GZ_DiNiu/build/steer_closed_loop
[3.563s] -- Install configuration: ""
[3.567s] -- Up-to-date: /root/GZ_DiNiu/install/steer_closed_loop/lib/steer_closed_loop/steer_closed_loop_node
[3.567s] -- Up-to-date: /root/GZ_DiNiu/install/steer_closed_loop/share/ament_index/resource_index/package_run_dependencies/steer_closed_loop
[3.571s] -- Up-to-date: /root/GZ_DiNiu/install/steer_closed_loop/share/ament_index/resource_index/parent_prefix_path/steer_closed_loop
[3.571s] -- Up-to-date: /root/GZ_DiNiu/install/steer_closed_loop/share/steer_closed_loop/environment/ament_prefix_path.sh
[3.572s] -- Up-to-date: /root/GZ_DiNiu/install/steer_closed_loop/share/steer_closed_loop/environment/ament_prefix_path.dsv
[3.573s] -- Up-to-date: /root/GZ_DiNiu/install/steer_closed_loop/share/steer_closed_loop/environment/path.sh
[3.580s] -- Up-to-date: /root/GZ_DiNiu/install/steer_closed_loop/share/steer_closed_loop/environment/path.dsv
[3.583s] -- Up-to-date: /root/GZ_DiNiu/install/steer_closed_loop/share/steer_closed_loop/local_setup.bash
[3.596s] -- Up-to-date: /root/GZ_DiNiu/install/steer_closed_loop/share/steer_closed_loop/local_setup.sh
[3.597s] -- Up-to-date: /root/GZ_DiNiu/install/steer_closed_loop/share/steer_closed_loop/local_setup.zsh
[3.597s] -- Up-to-date: /root/GZ_DiNiu/install/steer_closed_loop/share/steer_closed_loop/local_setup.dsv
[3.598s] -- Installing: /root/GZ_DiNiu/install/steer_closed_loop/share/steer_closed_loop/package.dsv
[3.602s] -- Up-to-date: /root/GZ_DiNiu/install/steer_closed_loop/share/ament_index/resource_index/packages/steer_closed_loop
[3.603s] -- Up-to-date: /root/GZ_DiNiu/install/steer_closed_loop/share/steer_closed_loop/cmake/steer_closed_loopConfig.cmake
[3.607s] -- Up-to-date: /root/GZ_DiNiu/install/steer_closed_loop/share/steer_closed_loop/cmake/steer_closed_loopConfig-version.cmake
[3.611s] -- Up-to-date: /root/GZ_DiNiu/install/steer_closed_loop/share/steer_closed_loop/package.xml
[3.612s] Invoked command in '/root/GZ_DiNiu/build/steer_closed_loop' returned '0': CMAKE_PREFIX_PATH=${CMAKE_PREFIX_PATH}:/root/GZ_DiNiu/install/motor_control_py:/root/GZ_DiNiu/install/imu_bno08x:/opt/ros/humble /usr/bin/cmake --install /root/GZ_DiNiu/build/steer_closed_loop
