[0.882s] DEBUG:colcon:Command line arguments: ['/usr/bin/colcon', 'build']
[0.882s] DEBUG:colcon:Parsed command line arguments: Namespace(log_base=None, log_level=None, verb_name='build', build_base='build', install_base='install', merge_install=False, symlink_install=False, test_result_base=None, continue_on_error=False, executor='parallel', parallel_workers=4, event_handlers=None, ignore_user_meta=False, metas=['./colcon.meta'], base_paths=['.'], packages_ignore=None, packages_ignore_regex=None, paths=None, packages_up_to=None, packages_up_to_regex=None, packages_above=None, packages_above_and_dependencies=None, packages_above_depth=None, packages_select_by_dep=None, packages_skip_by_dep=None, packages_skip_up_to=None, packages_select_build_failed=False, packages_skip_build_finished=False, packages_select_test_failures=False, packages_skip_test_passed=False, packages_select=None, packages_skip=None, packages_select_regex=None, packages_skip_regex=None, packages_start=None, packages_end=None, allow_overriding=[], cmake_args=None, cmake_target=None, cmake_target_skip_unavailable=False, cmake_clean_cache=False, cmake_clean_first=False, cmake_force_configure=False, ament_cmake_args=None, catkin_cmake_args=None, catkin_skip_building_tests=False, verb_parser=<colcon_defaults.argument_parser.defaults.DefaultArgumentsDecorator object at 0xffffb7ebf9a0>, verb_extension=<colcon_core.verb.build.BuildVerb object at 0xffffb80a0e20>, main=<bound method BuildVerb.main of <colcon_core.verb.build.BuildVerb object at 0xffffb80a0e20>>)
[2.726s] Level 1:colcon.colcon_core.package_discovery:discover_packages(colcon_meta) check parameters
[2.727s] Level 1:colcon.colcon_core.package_discovery:discover_packages(recursive) check parameters
[2.728s] Level 1:colcon.colcon_core.package_discovery:discover_packages(ignore) check parameters
[2.729s] Level 1:colcon.colcon_core.package_discovery:discover_packages(path) check parameters
[2.730s] Level 1:colcon.colcon_core.package_discovery:discover_packages(colcon_meta) discover
[2.731s] Level 1:colcon.colcon_core.package_discovery:discover_packages(recursive) discover
[2.731s] INFO:colcon.colcon_core.package_discovery:Crawling recursively for packages in '/root/GZ_DiNiu'
[2.733s] Level 1:colcon.colcon_core.package_identification:_identify(.) by extensions ['ignore', 'ignore_ament_install']
[2.734s] Level 1:colcon.colcon_core.package_identification:_identify(.) by extension 'ignore'
[2.735s] Level 1:colcon.colcon_core.package_identification:_identify(.) by extension 'ignore_ament_install'
[2.737s] Level 1:colcon.colcon_core.package_identification:_identify(.) by extensions ['colcon_pkg']
[2.738s] Level 1:colcon.colcon_core.package_identification:_identify(.) by extension 'colcon_pkg'
[2.739s] Level 1:colcon.colcon_core.package_identification:_identify(.) by extensions ['colcon_meta']
[2.741s] Level 1:colcon.colcon_core.package_identification:_identify(.) by extension 'colcon_meta'
[2.742s] Level 1:colcon.colcon_core.package_identification:_identify(.) by extensions ['ros']
[2.742s] Level 1:colcon.colcon_core.package_identification:_identify(.) by extension 'ros'
[2.863s] Level 1:colcon.colcon_core.package_identification:_identify(.) by extensions ['cmake', 'python']
[2.863s] Level 1:colcon.colcon_core.package_identification:_identify(.) by extension 'cmake'
[2.864s] Level 1:colcon.colcon_core.package_identification:_identify(.) by extension 'python'
[2.865s] Level 1:colcon.colcon_core.package_identification:_identify(.) by extensions ['python_setup_py']
[2.866s] Level 1:colcon.colcon_core.package_identification:_identify(.) by extension 'python_setup_py'
[2.867s] Level 1:colcon.colcon_core.package_identification:_identify(build) by extensions ['ignore', 'ignore_ament_install']
[2.869s] Level 1:colcon.colcon_core.package_identification:_identify(build) by extension 'ignore'
[2.870s] Level 1:colcon.colcon_core.package_identification:_identify(build) ignored
[2.872s] Level 1:colcon.colcon_core.package_identification:_identify(install) by extensions ['ignore', 'ignore_ament_install']
[2.873s] Level 1:colcon.colcon_core.package_identification:_identify(install) by extension 'ignore'
[2.874s] Level 1:colcon.colcon_core.package_identification:_identify(install) ignored
[2.877s] Level 1:colcon.colcon_core.package_identification:_identify(log) by extensions ['ignore', 'ignore_ament_install']
[2.879s] Level 1:colcon.colcon_core.package_identification:_identify(log) by extension 'ignore'
[2.880s] Level 1:colcon.colcon_core.package_identification:_identify(log) ignored
[2.882s] Level 1:colcon.colcon_core.package_identification:_identify(src) by extensions ['ignore', 'ignore_ament_install']
[2.883s] Level 1:colcon.colcon_core.package_identification:_identify(src) by extension 'ignore'
[2.883s] Level 1:colcon.colcon_core.package_identification:_identify(src) by extension 'ignore_ament_install'
[2.885s] Level 1:colcon.colcon_core.package_identification:_identify(src) by extensions ['colcon_pkg']
[2.885s] Level 1:colcon.colcon_core.package_identification:_identify(src) by extension 'colcon_pkg'
[2.886s] Level 1:colcon.colcon_core.package_identification:_identify(src) by extensions ['colcon_meta']
[2.886s] Level 1:colcon.colcon_core.package_identification:_identify(src) by extension 'colcon_meta'
[2.887s] Level 1:colcon.colcon_core.package_identification:_identify(src) by extensions ['ros']
[2.887s] Level 1:colcon.colcon_core.package_identification:_identify(src) by extension 'ros'
[2.890s] Level 1:colcon.colcon_core.package_identification:_identify(src) by extensions ['cmake', 'python']
[2.890s] Level 1:colcon.colcon_core.package_identification:_identify(src) by extension 'cmake'
[2.891s] Level 1:colcon.colcon_core.package_identification:_identify(src) by extension 'python'
[2.893s] Level 1:colcon.colcon_core.package_identification:_identify(src) by extensions ['python_setup_py']
[2.894s] Level 1:colcon.colcon_core.package_identification:_identify(src) by extension 'python_setup_py'
[2.896s] Level 1:colcon.colcon_core.package_identification:_identify(src/encoder_vel) by extensions ['ignore', 'ignore_ament_install']
[2.897s] Level 1:colcon.colcon_core.package_identification:_identify(src/encoder_vel) by extension 'ignore'
[2.897s] Level 1:colcon.colcon_core.package_identification:_identify(src/encoder_vel) by extension 'ignore_ament_install'
[2.898s] Level 1:colcon.colcon_core.package_identification:_identify(src/encoder_vel) by extensions ['colcon_pkg']
[2.899s] Level 1:colcon.colcon_core.package_identification:_identify(src/encoder_vel) by extension 'colcon_pkg'
[2.899s] Level 1:colcon.colcon_core.package_identification:_identify(src/encoder_vel) by extensions ['colcon_meta']
[2.900s] Level 1:colcon.colcon_core.package_identification:_identify(src/encoder_vel) by extension 'colcon_meta'
[2.901s] Level 1:colcon.colcon_core.package_identification:_identify(src/encoder_vel) by extensions ['ros']
[2.902s] Level 1:colcon.colcon_core.package_identification:_identify(src/encoder_vel) by extension 'ros'
[2.918s] DEBUG:colcon.colcon_core.package_identification:Package 'src/encoder_vel' with type 'ros.ament_cmake' and name 'encoder_vel'
[2.919s] Level 1:colcon.colcon_core.package_identification:_identify(src/imu_bno08x) by extensions ['ignore', 'ignore_ament_install']
[2.919s] Level 1:colcon.colcon_core.package_identification:_identify(src/imu_bno08x) by extension 'ignore'
[2.920s] Level 1:colcon.colcon_core.package_identification:_identify(src/imu_bno08x) by extension 'ignore_ament_install'
[2.920s] Level 1:colcon.colcon_core.package_identification:_identify(src/imu_bno08x) by extensions ['colcon_pkg']
[2.921s] Level 1:colcon.colcon_core.package_identification:_identify(src/imu_bno08x) by extension 'colcon_pkg'
[2.921s] Level 1:colcon.colcon_core.package_identification:_identify(src/imu_bno08x) by extensions ['colcon_meta']
[2.922s] Level 1:colcon.colcon_core.package_identification:_identify(src/imu_bno08x) by extension 'colcon_meta'
[2.922s] Level 1:colcon.colcon_core.package_identification:_identify(src/imu_bno08x) by extensions ['ros']
[2.922s] Level 1:colcon.colcon_core.package_identification:_identify(src/imu_bno08x) by extension 'ros'
[2.925s] DEBUG:colcon.colcon_core.package_identification:Package 'src/imu_bno08x' with type 'ros.ament_python' and name 'imu_bno08x'
[2.926s] Level 1:colcon.colcon_core.package_identification:_identify(src/motor_control_py) by extensions ['ignore', 'ignore_ament_install']
[2.927s] Level 1:colcon.colcon_core.package_identification:_identify(src/motor_control_py) by extension 'ignore'
[2.927s] Level 1:colcon.colcon_core.package_identification:_identify(src/motor_control_py) by extension 'ignore_ament_install'
[2.928s] Level 1:colcon.colcon_core.package_identification:_identify(src/motor_control_py) by extensions ['colcon_pkg']
[2.929s] Level 1:colcon.colcon_core.package_identification:_identify(src/motor_control_py) by extension 'colcon_pkg'
[2.929s] Level 1:colcon.colcon_core.package_identification:_identify(src/motor_control_py) by extensions ['colcon_meta']
[2.930s] Level 1:colcon.colcon_core.package_identification:_identify(src/motor_control_py) by extension 'colcon_meta'
[2.930s] Level 1:colcon.colcon_core.package_identification:_identify(src/motor_control_py) by extensions ['ros']
[2.931s] Level 1:colcon.colcon_core.package_identification:_identify(src/motor_control_py) by extension 'ros'
[2.933s] DEBUG:colcon.colcon_core.package_identification:Package 'src/motor_control_py' with type 'ros.ament_python' and name 'motor_control_py'
[2.934s] Level 1:colcon.colcon_core.package_identification:_identify(src/steer_closed_loop) by extensions ['ignore', 'ignore_ament_install']
[2.935s] Level 1:colcon.colcon_core.package_identification:_identify(src/steer_closed_loop) by extension 'ignore'
[2.935s] Level 1:colcon.colcon_core.package_identification:_identify(src/steer_closed_loop) by extension 'ignore_ament_install'
[2.936s] Level 1:colcon.colcon_core.package_identification:_identify(src/steer_closed_loop) by extensions ['colcon_pkg']
[2.936s] Level 1:colcon.colcon_core.package_identification:_identify(src/steer_closed_loop) by extension 'colcon_pkg'
[2.937s] Level 1:colcon.colcon_core.package_identification:_identify(src/steer_closed_loop) by extensions ['colcon_meta']
[2.937s] Level 1:colcon.colcon_core.package_identification:_identify(src/steer_closed_loop) by extension 'colcon_meta'
[2.938s] Level 1:colcon.colcon_core.package_identification:_identify(src/steer_closed_loop) by extensions ['ros']
[2.938s] Level 1:colcon.colcon_core.package_identification:_identify(src/steer_closed_loop) by extension 'ros'
[2.941s] DEBUG:colcon.colcon_core.package_identification:Package 'src/steer_closed_loop' with type 'ros.ament_cmake' and name 'steer_closed_loop'
[2.942s] Level 1:colcon.colcon_core.package_discovery:discover_packages(recursive) using defaults
[2.942s] Level 1:colcon.colcon_core.package_discovery:discover_packages(ignore) discover
[2.943s] Level 1:colcon.colcon_core.package_discovery:discover_packages(ignore) using defaults
[2.943s] Level 1:colcon.colcon_core.package_discovery:discover_packages(path) discover
[2.943s] Level 1:colcon.colcon_core.package_discovery:discover_packages(path) using defaults
[3.101s] Level 1:colcon.colcon_core.package_discovery:discover_packages(prefix_path) check parameters
[3.101s] Level 1:colcon.colcon_core.package_discovery:discover_packages(prefix_path) discover
[3.116s] DEBUG:colcon.colcon_installed_package_information.package_discovery:Found 4 installed packages in /root/GZ_DiNiu/install
[3.126s] DEBUG:colcon.colcon_installed_package_information.package_discovery:Found 272 installed packages in /opt/ros/humble
[3.187s] Level 1:colcon.colcon_core.package_discovery:discover_packages(prefix_path) using defaults
[3.495s] Level 5:colcon.colcon_core.verb:set package 'encoder_vel' build argument 'cmake_args' from command line to 'None'
[3.495s] Level 5:colcon.colcon_core.verb:set package 'encoder_vel' build argument 'cmake_target' from command line to 'None'
[3.495s] Level 5:colcon.colcon_core.verb:set package 'encoder_vel' build argument 'cmake_target_skip_unavailable' from command line to 'False'
[3.495s] Level 5:colcon.colcon_core.verb:set package 'encoder_vel' build argument 'cmake_clean_cache' from command line to 'False'
[3.496s] Level 5:colcon.colcon_core.verb:set package 'encoder_vel' build argument 'cmake_clean_first' from command line to 'False'
[3.496s] Level 5:colcon.colcon_core.verb:set package 'encoder_vel' build argument 'cmake_force_configure' from command line to 'False'
[3.496s] Level 5:colcon.colcon_core.verb:set package 'encoder_vel' build argument 'ament_cmake_args' from command line to 'None'
[3.497s] Level 5:colcon.colcon_core.verb:set package 'encoder_vel' build argument 'catkin_cmake_args' from command line to 'None'
[3.497s] Level 5:colcon.colcon_core.verb:set package 'encoder_vel' build argument 'catkin_skip_building_tests' from command line to 'False'
[3.497s] DEBUG:colcon.colcon_core.verb:Building package 'encoder_vel' with the following arguments: {'ament_cmake_args': None, 'build_base': '/root/GZ_DiNiu/build/encoder_vel', 'catkin_cmake_args': None, 'catkin_skip_building_tests': False, 'cmake_args': None, 'cmake_clean_cache': False, 'cmake_clean_first': False, 'cmake_force_configure': False, 'cmake_target': None, 'cmake_target_skip_unavailable': False, 'install_base': '/root/GZ_DiNiu/install/encoder_vel', 'merge_install': False, 'path': '/root/GZ_DiNiu/src/encoder_vel', 'symlink_install': False, 'test_result_base': None}
[3.499s] Level 5:colcon.colcon_core.verb:set package 'imu_bno08x' build argument 'cmake_args' from command line to 'None'
[3.499s] Level 5:colcon.colcon_core.verb:set package 'imu_bno08x' build argument 'cmake_target' from command line to 'None'
[3.500s] Level 5:colcon.colcon_core.verb:set package 'imu_bno08x' build argument 'cmake_target_skip_unavailable' from command line to 'False'
[3.500s] Level 5:colcon.colcon_core.verb:set package 'imu_bno08x' build argument 'cmake_clean_cache' from command line to 'False'
[3.500s] Level 5:colcon.colcon_core.verb:set package 'imu_bno08x' build argument 'cmake_clean_first' from command line to 'False'
[3.501s] Level 5:colcon.colcon_core.verb:set package 'imu_bno08x' build argument 'cmake_force_configure' from command line to 'False'
[3.501s] Level 5:colcon.colcon_core.verb:set package 'imu_bno08x' build argument 'ament_cmake_args' from command line to 'None'
[3.501s] Level 5:colcon.colcon_core.verb:set package 'imu_bno08x' build argument 'catkin_cmake_args' from command line to 'None'
[3.501s] Level 5:colcon.colcon_core.verb:set package 'imu_bno08x' build argument 'catkin_skip_building_tests' from command line to 'False'
[3.502s] DEBUG:colcon.colcon_core.verb:Building package 'imu_bno08x' with the following arguments: {'ament_cmake_args': None, 'build_base': '/root/GZ_DiNiu/build/imu_bno08x', 'catkin_cmake_args': None, 'catkin_skip_building_tests': False, 'cmake_args': None, 'cmake_clean_cache': False, 'cmake_clean_first': False, 'cmake_force_configure': False, 'cmake_target': None, 'cmake_target_skip_unavailable': False, 'install_base': '/root/GZ_DiNiu/install/imu_bno08x', 'merge_install': False, 'path': '/root/GZ_DiNiu/src/imu_bno08x', 'symlink_install': False, 'test_result_base': None}
[3.504s] Level 5:colcon.colcon_core.verb:set package 'motor_control_py' build argument 'cmake_args' from command line to 'None'
[3.504s] Level 5:colcon.colcon_core.verb:set package 'motor_control_py' build argument 'cmake_target' from command line to 'None'
[3.505s] Level 5:colcon.colcon_core.verb:set package 'motor_control_py' build argument 'cmake_target_skip_unavailable' from command line to 'False'
[3.505s] Level 5:colcon.colcon_core.verb:set package 'motor_control_py' build argument 'cmake_clean_cache' from command line to 'False'
[3.505s] Level 5:colcon.colcon_core.verb:set package 'motor_control_py' build argument 'cmake_clean_first' from command line to 'False'
[3.506s] Level 5:colcon.colcon_core.verb:set package 'motor_control_py' build argument 'cmake_force_configure' from command line to 'False'
[3.506s] Level 5:colcon.colcon_core.verb:set package 'motor_control_py' build argument 'ament_cmake_args' from command line to 'None'
[3.506s] Level 5:colcon.colcon_core.verb:set package 'motor_control_py' build argument 'catkin_cmake_args' from command line to 'None'
[3.506s] Level 5:colcon.colcon_core.verb:set package 'motor_control_py' build argument 'catkin_skip_building_tests' from command line to 'False'
[3.507s] DEBUG:colcon.colcon_core.verb:Building package 'motor_control_py' with the following arguments: {'ament_cmake_args': None, 'build_base': '/root/GZ_DiNiu/build/motor_control_py', 'catkin_cmake_args': None, 'catkin_skip_building_tests': False, 'cmake_args': None, 'cmake_clean_cache': False, 'cmake_clean_first': False, 'cmake_force_configure': False, 'cmake_target': None, 'cmake_target_skip_unavailable': False, 'install_base': '/root/GZ_DiNiu/install/motor_control_py', 'merge_install': False, 'path': '/root/GZ_DiNiu/src/motor_control_py', 'symlink_install': False, 'test_result_base': None}
[3.509s] Level 5:colcon.colcon_core.verb:set package 'steer_closed_loop' build argument 'cmake_args' from command line to 'None'
[3.509s] Level 5:colcon.colcon_core.verb:set package 'steer_closed_loop' build argument 'cmake_target' from command line to 'None'
[3.510s] Level 5:colcon.colcon_core.verb:set package 'steer_closed_loop' build argument 'cmake_target_skip_unavailable' from command line to 'False'
[3.510s] Level 5:colcon.colcon_core.verb:set package 'steer_closed_loop' build argument 'cmake_clean_cache' from command line to 'False'
[3.510s] Level 5:colcon.colcon_core.verb:set package 'steer_closed_loop' build argument 'cmake_clean_first' from command line to 'False'
[3.510s] Level 5:colcon.colcon_core.verb:set package 'steer_closed_loop' build argument 'cmake_force_configure' from command line to 'False'
[3.511s] Level 5:colcon.colcon_core.verb:set package 'steer_closed_loop' build argument 'ament_cmake_args' from command line to 'None'
[3.511s] Level 5:colcon.colcon_core.verb:set package 'steer_closed_loop' build argument 'catkin_cmake_args' from command line to 'None'
[3.511s] Level 5:colcon.colcon_core.verb:set package 'steer_closed_loop' build argument 'catkin_skip_building_tests' from command line to 'False'
[3.512s] DEBUG:colcon.colcon_core.verb:Building package 'steer_closed_loop' with the following arguments: {'ament_cmake_args': None, 'build_base': '/root/GZ_DiNiu/build/steer_closed_loop', 'catkin_cmake_args': None, 'catkin_skip_building_tests': False, 'cmake_args': None, 'cmake_clean_cache': False, 'cmake_clean_first': False, 'cmake_force_configure': False, 'cmake_target': None, 'cmake_target_skip_unavailable': False, 'install_base': '/root/GZ_DiNiu/install/steer_closed_loop', 'merge_install': False, 'path': '/root/GZ_DiNiu/src/steer_closed_loop', 'symlink_install': False, 'test_result_base': None}
[3.514s] INFO:colcon.colcon_core.executor:Executing jobs using 'parallel' executor
[3.520s] DEBUG:colcon.colcon_parallel_executor.executor.parallel:run_until_complete
[3.523s] INFO:colcon.colcon_ros.task.ament_cmake.build:Building ROS package in '/root/GZ_DiNiu/src/encoder_vel' with build type 'ament_cmake'
[3.524s] INFO:colcon.colcon_cmake.task.cmake.build:Building CMake package in '/root/GZ_DiNiu/src/encoder_vel'
[3.543s] INFO:colcon.colcon_core.plugin_system:Skipping extension 'colcon_core.shell.bat': Not used on non-Windows systems
[3.544s] INFO:colcon.colcon_core.shell:Skip shell extension 'powershell' for command environment: Not usable outside of PowerShell
[3.545s] DEBUG:colcon.colcon_core.shell:Skip shell extension 'dsv' for command environment
[3.580s] INFO:colcon.colcon_ros.task.ament_python.build:Building ROS package in '/root/GZ_DiNiu/src/imu_bno08x' with build type 'ament_python'
[3.580s] Level 1:colcon.colcon_core.shell:create_environment_hook('imu_bno08x', 'ament_prefix_path')
[3.582s] INFO:colcon.colcon_core.shell:Creating environment hook '/root/GZ_DiNiu/install/imu_bno08x/share/imu_bno08x/hook/ament_prefix_path.ps1'
[3.587s] INFO:colcon.colcon_core.shell:Creating environment descriptor '/root/GZ_DiNiu/install/imu_bno08x/share/imu_bno08x/hook/ament_prefix_path.dsv'
[3.592s] INFO:colcon.colcon_core.shell:Creating environment hook '/root/GZ_DiNiu/install/imu_bno08x/share/imu_bno08x/hook/ament_prefix_path.sh'
[3.601s] INFO:colcon.colcon_core.shell:Skip shell extension 'powershell' for command environment: Not usable outside of PowerShell
[3.602s] DEBUG:colcon.colcon_core.shell:Skip shell extension 'dsv' for command environment
[3.633s] INFO:colcon.colcon_ros.task.ament_python.build:Building ROS package in '/root/GZ_DiNiu/src/motor_control_py' with build type 'ament_python'
[3.635s] Level 1:colcon.colcon_core.shell:create_environment_hook('motor_control_py', 'ament_prefix_path')
[3.637s] INFO:colcon.colcon_core.shell:Creating environment hook '/root/GZ_DiNiu/install/motor_control_py/share/motor_control_py/hook/ament_prefix_path.ps1'
[3.644s] INFO:colcon.colcon_core.shell:Creating environment descriptor '/root/GZ_DiNiu/install/motor_control_py/share/motor_control_py/hook/ament_prefix_path.dsv'
[3.652s] INFO:colcon.colcon_core.shell:Creating environment hook '/root/GZ_DiNiu/install/motor_control_py/share/motor_control_py/hook/ament_prefix_path.sh'
[3.660s] INFO:colcon.colcon_core.shell:Skip shell extension 'powershell' for command environment: Not usable outside of PowerShell
[3.660s] DEBUG:colcon.colcon_core.shell:Skip shell extension 'dsv' for command environment
[3.697s] INFO:colcon.colcon_ros.task.ament_cmake.build:Building ROS package in '/root/GZ_DiNiu/src/steer_closed_loop' with build type 'ament_cmake'
[3.699s] INFO:colcon.colcon_cmake.task.cmake.build:Building CMake package in '/root/GZ_DiNiu/src/steer_closed_loop'
[3.703s] INFO:colcon.colcon_core.shell:Skip shell extension 'powershell' for command environment: Not usable outside of PowerShell
[3.707s] DEBUG:colcon.colcon_core.shell:Skip shell extension 'dsv' for command environment
[3.796s] DEBUG:colcon.colcon_core.event_handler.log_command:Invoking command in '/root/GZ_DiNiu/build/encoder_vel': CMAKE_PREFIX_PATH=${CMAKE_PREFIX_PATH}:/root/GZ_DiNiu/install/motor_control_py:/root/GZ_DiNiu/install/imu_bno08x:/opt/ros/humble /usr/bin/cmake --build /root/GZ_DiNiu/build/encoder_vel -- -j4 -l4
[5.863s] INFO:colcon.colcon_core.task.python.build:Building Python package in '/root/GZ_DiNiu/src/imu_bno08x'
[5.865s] INFO:colcon.colcon_core.shell:Skip shell extension 'powershell' for command environment: Not usable outside of PowerShell
[5.865s] DEBUG:colcon.colcon_core.shell:Skip shell extension 'dsv' for command environment
[7.373s] INFO:colcon.colcon_core.task.python.build:Building Python package in '/root/GZ_DiNiu/src/motor_control_py'
[7.374s] INFO:colcon.colcon_core.shell:Skip shell extension 'powershell' for command environment: Not usable outside of PowerShell
[7.374s] DEBUG:colcon.colcon_core.shell:Skip shell extension 'dsv' for command environment
[7.429s] DEBUG:colcon.colcon_core.event_handler.log_command:Invoking command in '/root/GZ_DiNiu/build/steer_closed_loop': CMAKE_PREFIX_PATH=${CMAKE_PREFIX_PATH}:/root/GZ_DiNiu/install/motor_control_py:/root/GZ_DiNiu/install/imu_bno08x:/opt/ros/humble /usr/bin/cmake --build /root/GZ_DiNiu/build/steer_closed_loop -- -j4 -l4
[7.434s] DEBUG:colcon.colcon_core.event_handler.log_command:Invoked command in '/root/GZ_DiNiu/build/encoder_vel' returned '0': CMAKE_PREFIX_PATH=${CMAKE_PREFIX_PATH}:/root/GZ_DiNiu/install/motor_control_py:/root/GZ_DiNiu/install/imu_bno08x:/opt/ros/humble /usr/bin/cmake --build /root/GZ_DiNiu/build/encoder_vel -- -j4 -l4
[7.472s] DEBUG:colcon.colcon_core.event_handler.log_command:Invoking command in '/root/GZ_DiNiu/build/encoder_vel': CMAKE_PREFIX_PATH=${CMAKE_PREFIX_PATH}:/root/GZ_DiNiu/install/motor_control_py:/root/GZ_DiNiu/install/imu_bno08x:/opt/ros/humble /usr/bin/cmake --install /root/GZ_DiNiu/build/encoder_vel
[7.559s] Level 1:colcon.colcon_core.environment:create_environment_scripts_only(encoder_vel)
[7.610s] Level 1:colcon.colcon_core.environment:checking '/root/GZ_DiNiu/install/encoder_vel' for CMake module files
[7.631s] DEBUG:colcon.colcon_core.event_handler.log_command:Invoked command in '/root/GZ_DiNiu/build/encoder_vel' returned '0': CMAKE_PREFIX_PATH=${CMAKE_PREFIX_PATH}:/root/GZ_DiNiu/install/motor_control_py:/root/GZ_DiNiu/install/imu_bno08x:/opt/ros/humble /usr/bin/cmake --install /root/GZ_DiNiu/build/encoder_vel
[7.632s] Level 1:colcon.colcon_core.environment:checking '/root/GZ_DiNiu/install/encoder_vel' for CMake config files
[7.635s] Level 1:colcon.colcon_core.shell:create_environment_hook('encoder_vel', 'cmake_prefix_path')
[7.636s] INFO:colcon.colcon_core.shell:Creating environment hook '/root/GZ_DiNiu/install/encoder_vel/share/encoder_vel/hook/cmake_prefix_path.ps1'
[7.641s] INFO:colcon.colcon_core.shell:Creating environment descriptor '/root/GZ_DiNiu/install/encoder_vel/share/encoder_vel/hook/cmake_prefix_path.dsv'
[7.645s] INFO:colcon.colcon_core.shell:Creating environment hook '/root/GZ_DiNiu/install/encoder_vel/share/encoder_vel/hook/cmake_prefix_path.sh'
[7.652s] Level 1:colcon.colcon_core.environment:checking '/root/GZ_DiNiu/install/encoder_vel/lib'
[7.654s] Level 1:colcon.colcon_core.environment:checking '/root/GZ_DiNiu/install/encoder_vel/bin'
[7.655s] Level 1:colcon.colcon_core.environment:checking '/root/GZ_DiNiu/install/encoder_vel/lib/pkgconfig/encoder_vel.pc'
[7.656s] Level 1:colcon.colcon_core.environment:checking '/root/GZ_DiNiu/install/encoder_vel/lib/python3.10/site-packages'
[7.659s] Level 1:colcon.colcon_core.environment:checking '/root/GZ_DiNiu/install/encoder_vel/bin'
[7.662s] INFO:colcon.colcon_core.shell:Creating package script '/root/GZ_DiNiu/install/encoder_vel/share/encoder_vel/package.ps1'
[7.674s] INFO:colcon.colcon_core.shell:Creating package descriptor '/root/GZ_DiNiu/install/encoder_vel/share/encoder_vel/package.dsv'
[7.683s] INFO:colcon.colcon_core.shell:Creating package script '/root/GZ_DiNiu/install/encoder_vel/share/encoder_vel/package.sh'
[7.692s] INFO:colcon.colcon_core.shell:Creating package script '/root/GZ_DiNiu/install/encoder_vel/share/encoder_vel/package.bash'
[7.704s] INFO:colcon.colcon_core.shell:Creating package script '/root/GZ_DiNiu/install/encoder_vel/share/encoder_vel/package.zsh'
[7.714s] Level 1:colcon.colcon_core.environment:create_file_with_runtime_dependencies(/root/GZ_DiNiu/install/encoder_vel/share/colcon-core/packages/encoder_vel)
[7.734s] Level 1:colcon.colcon_core.environment:create_environment_scripts_only(encoder_vel)
[7.743s] Level 1:colcon.colcon_core.environment:checking '/root/GZ_DiNiu/install/encoder_vel' for CMake module files
[7.767s] Level 1:colcon.colcon_core.environment:checking '/root/GZ_DiNiu/install/encoder_vel' for CMake config files
[7.784s] Level 1:colcon.colcon_core.shell:create_environment_hook('encoder_vel', 'cmake_prefix_path')
[7.791s] INFO:colcon.colcon_core.shell:Creating environment hook '/root/GZ_DiNiu/install/encoder_vel/share/encoder_vel/hook/cmake_prefix_path.ps1'
[7.801s] INFO:colcon.colcon_core.shell:Creating environment descriptor '/root/GZ_DiNiu/install/encoder_vel/share/encoder_vel/hook/cmake_prefix_path.dsv'
[7.812s] INFO:colcon.colcon_core.shell:Creating environment hook '/root/GZ_DiNiu/install/encoder_vel/share/encoder_vel/hook/cmake_prefix_path.sh'
[7.828s] Level 1:colcon.colcon_core.environment:checking '/root/GZ_DiNiu/install/encoder_vel/lib'
[7.835s] Level 1:colcon.colcon_core.environment:checking '/root/GZ_DiNiu/install/encoder_vel/bin'
[7.839s] Level 1:colcon.colcon_core.environment:checking '/root/GZ_DiNiu/install/encoder_vel/lib/pkgconfig/encoder_vel.pc'
[7.846s] Level 1:colcon.colcon_core.environment:checking '/root/GZ_DiNiu/install/encoder_vel/lib/python3.10/site-packages'
[7.855s] Level 1:colcon.colcon_core.environment:checking '/root/GZ_DiNiu/install/encoder_vel/bin'
[7.862s] INFO:colcon.colcon_core.shell:Creating package script '/root/GZ_DiNiu/install/encoder_vel/share/encoder_vel/package.ps1'
[7.877s] INFO:colcon.colcon_core.shell:Creating package descriptor '/root/GZ_DiNiu/install/encoder_vel/share/encoder_vel/package.dsv'
[7.885s] INFO:colcon.colcon_core.shell:Creating package script '/root/GZ_DiNiu/install/encoder_vel/share/encoder_vel/package.sh'
[7.889s] INFO:colcon.colcon_core.shell:Creating package script '/root/GZ_DiNiu/install/encoder_vel/share/encoder_vel/package.bash'
[7.906s] INFO:colcon.colcon_core.shell:Creating package script '/root/GZ_DiNiu/install/encoder_vel/share/encoder_vel/package.zsh'
[7.912s] Level 1:colcon.colcon_core.environment:create_file_with_runtime_dependencies(/root/GZ_DiNiu/install/encoder_vel/share/colcon-core/packages/encoder_vel)
[8.118s] DEBUG:colcon.colcon_core.event_handler.log_command:Invoked command in '/root/GZ_DiNiu/build/steer_closed_loop' returned '0': CMAKE_PREFIX_PATH=${CMAKE_PREFIX_PATH}:/root/GZ_DiNiu/install/motor_control_py:/root/GZ_DiNiu/install/imu_bno08x:/opt/ros/humble /usr/bin/cmake --build /root/GZ_DiNiu/build/steer_closed_loop -- -j4 -l4
[8.130s] DEBUG:colcon.colcon_core.event_handler.log_command:Invoking command in '/root/GZ_DiNiu/build/steer_closed_loop': CMAKE_PREFIX_PATH=${CMAKE_PREFIX_PATH}:/root/GZ_DiNiu/install/motor_control_py:/root/GZ_DiNiu/install/imu_bno08x:/opt/ros/humble /usr/bin/cmake --install /root/GZ_DiNiu/build/steer_closed_loop
[8.251s] Level 1:colcon.colcon_core.environment:create_environment_scripts_only(steer_closed_loop)
[8.252s] Level 1:colcon.colcon_core.environment:checking '/root/GZ_DiNiu/install/steer_closed_loop' for CMake module files
[8.256s] Level 1:colcon.colcon_core.environment:checking '/root/GZ_DiNiu/install/steer_closed_loop' for CMake config files
[8.266s] DEBUG:colcon.colcon_core.event_handler.log_command:Invoked command in '/root/GZ_DiNiu/build/steer_closed_loop' returned '0': CMAKE_PREFIX_PATH=${CMAKE_PREFIX_PATH}:/root/GZ_DiNiu/install/motor_control_py:/root/GZ_DiNiu/install/imu_bno08x:/opt/ros/humble /usr/bin/cmake --install /root/GZ_DiNiu/build/steer_closed_loop
[8.267s] Level 1:colcon.colcon_core.shell:create_environment_hook('steer_closed_loop', 'cmake_prefix_path')
[8.270s] INFO:colcon.colcon_core.shell:Creating environment hook '/root/GZ_DiNiu/install/steer_closed_loop/share/steer_closed_loop/hook/cmake_prefix_path.ps1'
[8.278s] INFO:colcon.colcon_core.shell:Creating environment descriptor '/root/GZ_DiNiu/install/steer_closed_loop/share/steer_closed_loop/hook/cmake_prefix_path.dsv'
[8.291s] INFO:colcon.colcon_core.shell:Creating environment hook '/root/GZ_DiNiu/install/steer_closed_loop/share/steer_closed_loop/hook/cmake_prefix_path.sh'
[8.297s] Level 1:colcon.colcon_core.environment:checking '/root/GZ_DiNiu/install/steer_closed_loop/lib'
[8.298s] Level 1:colcon.colcon_core.environment:checking '/root/GZ_DiNiu/install/steer_closed_loop/bin'
[8.300s] Level 1:colcon.colcon_core.environment:checking '/root/GZ_DiNiu/install/steer_closed_loop/lib/pkgconfig/steer_closed_loop.pc'
[8.303s] Level 1:colcon.colcon_core.environment:checking '/root/GZ_DiNiu/install/steer_closed_loop/lib/python3.10/site-packages'
[8.307s] Level 1:colcon.colcon_core.environment:checking '/root/GZ_DiNiu/install/steer_closed_loop/bin'
[8.312s] INFO:colcon.colcon_core.shell:Creating package script '/root/GZ_DiNiu/install/steer_closed_loop/share/steer_closed_loop/package.ps1'
[8.331s] INFO:colcon.colcon_core.shell:Creating package descriptor '/root/GZ_DiNiu/install/steer_closed_loop/share/steer_closed_loop/package.dsv'
[8.336s] INFO:colcon.colcon_core.shell:Creating package script '/root/GZ_DiNiu/install/steer_closed_loop/share/steer_closed_loop/package.sh'
[8.340s] INFO:colcon.colcon_core.shell:Creating package script '/root/GZ_DiNiu/install/steer_closed_loop/share/steer_closed_loop/package.bash'
[8.355s] INFO:colcon.colcon_core.shell:Creating package script '/root/GZ_DiNiu/install/steer_closed_loop/share/steer_closed_loop/package.zsh'
[8.364s] Level 1:colcon.colcon_core.environment:create_file_with_runtime_dependencies(/root/GZ_DiNiu/install/steer_closed_loop/share/colcon-core/packages/steer_closed_loop)
[8.372s] Level 1:colcon.colcon_core.environment:create_environment_scripts_only(steer_closed_loop)
[8.375s] Level 1:colcon.colcon_core.environment:checking '/root/GZ_DiNiu/install/steer_closed_loop' for CMake module files
[8.382s] Level 1:colcon.colcon_core.environment:checking '/root/GZ_DiNiu/install/steer_closed_loop' for CMake config files
[8.392s] Level 1:colcon.colcon_core.shell:create_environment_hook('steer_closed_loop', 'cmake_prefix_path')
[8.394s] INFO:colcon.colcon_core.shell:Creating environment hook '/root/GZ_DiNiu/install/steer_closed_loop/share/steer_closed_loop/hook/cmake_prefix_path.ps1'
[8.413s] INFO:colcon.colcon_core.shell:Creating environment descriptor '/root/GZ_DiNiu/install/steer_closed_loop/share/steer_closed_loop/hook/cmake_prefix_path.dsv'
[8.440s] INFO:colcon.colcon_core.shell:Creating environment hook '/root/GZ_DiNiu/install/steer_closed_loop/share/steer_closed_loop/hook/cmake_prefix_path.sh'
[8.456s] Level 1:colcon.colcon_core.environment:checking '/root/GZ_DiNiu/install/steer_closed_loop/lib'
[8.458s] Level 1:colcon.colcon_core.environment:checking '/root/GZ_DiNiu/install/steer_closed_loop/bin'
[8.459s] Level 1:colcon.colcon_core.environment:checking '/root/GZ_DiNiu/install/steer_closed_loop/lib/pkgconfig/steer_closed_loop.pc'
[8.465s] Level 1:colcon.colcon_core.environment:checking '/root/GZ_DiNiu/install/steer_closed_loop/lib/python3.10/site-packages'
[8.472s] Level 1:colcon.colcon_core.environment:checking '/root/GZ_DiNiu/install/steer_closed_loop/bin'
[8.478s] INFO:colcon.colcon_core.shell:Creating package script '/root/GZ_DiNiu/install/steer_closed_loop/share/steer_closed_loop/package.ps1'
[8.515s] INFO:colcon.colcon_core.shell:Creating package descriptor '/root/GZ_DiNiu/install/steer_closed_loop/share/steer_closed_loop/package.dsv'
[8.524s] INFO:colcon.colcon_core.shell:Creating package script '/root/GZ_DiNiu/install/steer_closed_loop/share/steer_closed_loop/package.sh'
[8.533s] INFO:colcon.colcon_core.shell:Creating package script '/root/GZ_DiNiu/install/steer_closed_loop/share/steer_closed_loop/package.bash'
[8.549s] INFO:colcon.colcon_core.shell:Creating package script '/root/GZ_DiNiu/install/steer_closed_loop/share/steer_closed_loop/package.zsh'
[8.593s] Level 1:colcon.colcon_core.environment:create_file_with_runtime_dependencies(/root/GZ_DiNiu/install/steer_closed_loop/share/colcon-core/packages/steer_closed_loop)
[10.229s] DEBUG:colcon.colcon_core.event_handler.log_command:Invoking command in '/root/GZ_DiNiu/src/motor_control_py': PYTHONPATH=/root/GZ_DiNiu/build/motor_control_py/prefix_override:/usr/lib/python3/dist-packages/colcon_core/task/python/colcon_distutils_commands:/root/GZ_DiNiu/install/motor_control_py/lib/python3.10/site-packages:${PYTHONPATH} /usr/bin/python3 -W ignore:setup.py install is deprecated -W ignore:easy_install command is deprecated setup.py egg_info --egg-base ../../build/motor_control_py build --build-base /root/GZ_DiNiu/build/motor_control_py/build install --record /root/GZ_DiNiu/build/motor_control_py/install.log --single-version-externally-managed install_data
[10.445s] DEBUG:colcon.colcon_core.event_handler.log_command:Invoking command in '/root/GZ_DiNiu/src/imu_bno08x': PYTHONPATH=/root/GZ_DiNiu/build/imu_bno08x/prefix_override:/usr/lib/python3/dist-packages/colcon_core/task/python/colcon_distutils_commands:/root/GZ_DiNiu/install/imu_bno08x/lib/python3.10/site-packages:${PYTHONPATH} /usr/bin/python3 -W ignore:setup.py install is deprecated -W ignore:easy_install command is deprecated setup.py egg_info --egg-base ../../build/imu_bno08x build --build-base /root/GZ_DiNiu/build/imu_bno08x/build install --record /root/GZ_DiNiu/build/imu_bno08x/install.log --single-version-externally-managed install_data
[12.466s] Level 1:colcon.colcon_core.environment:checking '/root/GZ_DiNiu/install/motor_control_py' for CMake module files
[12.474s] DEBUG:colcon.colcon_core.event_handler.log_command:Invoked command in '/root/GZ_DiNiu/src/motor_control_py' returned '0': PYTHONPATH=/root/GZ_DiNiu/build/motor_control_py/prefix_override:/usr/lib/python3/dist-packages/colcon_core/task/python/colcon_distutils_commands:/root/GZ_DiNiu/install/motor_control_py/lib/python3.10/site-packages:${PYTHONPATH} /usr/bin/python3 -W ignore:setup.py install is deprecated -W ignore:easy_install command is deprecated setup.py egg_info --egg-base ../../build/motor_control_py build --build-base /root/GZ_DiNiu/build/motor_control_py/build install --record /root/GZ_DiNiu/build/motor_control_py/install.log --single-version-externally-managed install_data
[12.479s] Level 1:colcon.colcon_core.environment:checking '/root/GZ_DiNiu/install/motor_control_py' for CMake config files
[12.494s] Level 1:colcon.colcon_core.environment:checking '/root/GZ_DiNiu/install/motor_control_py/lib'
[12.495s] Level 1:colcon.colcon_core.environment:checking '/root/GZ_DiNiu/install/motor_control_py/bin'
[12.498s] Level 1:colcon.colcon_core.environment:checking '/root/GZ_DiNiu/install/motor_control_py/lib/pkgconfig/motor_control_py.pc'
[12.501s] Level 1:colcon.colcon_core.environment:checking '/root/GZ_DiNiu/install/motor_control_py/lib/python3.10/site-packages'
[12.502s] Level 1:colcon.colcon_core.shell:create_environment_hook('motor_control_py', 'pythonpath')
[12.504s] INFO:colcon.colcon_core.shell:Creating environment hook '/root/GZ_DiNiu/install/motor_control_py/share/motor_control_py/hook/pythonpath.ps1'
[12.509s] INFO:colcon.colcon_core.shell:Creating environment descriptor '/root/GZ_DiNiu/install/motor_control_py/share/motor_control_py/hook/pythonpath.dsv'
[12.514s] INFO:colcon.colcon_core.shell:Creating environment hook '/root/GZ_DiNiu/install/motor_control_py/share/motor_control_py/hook/pythonpath.sh'
[12.522s] Level 1:colcon.colcon_core.environment:checking '/root/GZ_DiNiu/install/motor_control_py/bin'
[12.523s] Level 1:colcon.colcon_core.environment:create_environment_scripts_only(motor_control_py)
[12.525s] INFO:colcon.colcon_core.shell:Creating package script '/root/GZ_DiNiu/install/motor_control_py/share/motor_control_py/package.ps1'
[12.532s] INFO:colcon.colcon_core.shell:Creating package descriptor '/root/GZ_DiNiu/install/motor_control_py/share/motor_control_py/package.dsv'
[12.541s] INFO:colcon.colcon_core.shell:Creating package script '/root/GZ_DiNiu/install/motor_control_py/share/motor_control_py/package.sh'
[12.546s] INFO:colcon.colcon_core.shell:Creating package script '/root/GZ_DiNiu/install/motor_control_py/share/motor_control_py/package.bash'
[12.553s] INFO:colcon.colcon_core.shell:Creating package script '/root/GZ_DiNiu/install/motor_control_py/share/motor_control_py/package.zsh'
[12.559s] Level 1:colcon.colcon_core.environment:create_file_with_runtime_dependencies(/root/GZ_DiNiu/install/motor_control_py/share/colcon-core/packages/motor_control_py)
[12.601s] Level 1:colcon.colcon_core.environment:checking '/root/GZ_DiNiu/install/imu_bno08x' for CMake module files
[12.605s] DEBUG:colcon.colcon_core.event_handler.log_command:Invoked command in '/root/GZ_DiNiu/src/imu_bno08x' returned '0': PYTHONPATH=/root/GZ_DiNiu/build/imu_bno08x/prefix_override:/usr/lib/python3/dist-packages/colcon_core/task/python/colcon_distutils_commands:/root/GZ_DiNiu/install/imu_bno08x/lib/python3.10/site-packages:${PYTHONPATH} /usr/bin/python3 -W ignore:setup.py install is deprecated -W ignore:easy_install command is deprecated setup.py egg_info --egg-base ../../build/imu_bno08x build --build-base /root/GZ_DiNiu/build/imu_bno08x/build install --record /root/GZ_DiNiu/build/imu_bno08x/install.log --single-version-externally-managed install_data
[12.607s] Level 1:colcon.colcon_core.environment:checking '/root/GZ_DiNiu/install/imu_bno08x' for CMake config files
[12.610s] Level 1:colcon.colcon_core.environment:checking '/root/GZ_DiNiu/install/imu_bno08x/lib'
[12.611s] Level 1:colcon.colcon_core.environment:checking '/root/GZ_DiNiu/install/imu_bno08x/bin'
[12.611s] Level 1:colcon.colcon_core.environment:checking '/root/GZ_DiNiu/install/imu_bno08x/lib/pkgconfig/imu_bno08x.pc'
[12.612s] Level 1:colcon.colcon_core.environment:checking '/root/GZ_DiNiu/install/imu_bno08x/lib/python3.10/site-packages'
[12.613s] Level 1:colcon.colcon_core.shell:create_environment_hook('imu_bno08x', 'pythonpath')
[12.614s] INFO:colcon.colcon_core.shell:Creating environment hook '/root/GZ_DiNiu/install/imu_bno08x/share/imu_bno08x/hook/pythonpath.ps1'
[12.616s] INFO:colcon.colcon_core.shell:Creating environment descriptor '/root/GZ_DiNiu/install/imu_bno08x/share/imu_bno08x/hook/pythonpath.dsv'
[12.618s] INFO:colcon.colcon_core.shell:Creating environment hook '/root/GZ_DiNiu/install/imu_bno08x/share/imu_bno08x/hook/pythonpath.sh'
[12.623s] Level 1:colcon.colcon_core.environment:checking '/root/GZ_DiNiu/install/imu_bno08x/bin'
[12.623s] Level 1:colcon.colcon_core.environment:create_environment_scripts_only(imu_bno08x)
[12.625s] INFO:colcon.colcon_core.shell:Creating package script '/root/GZ_DiNiu/install/imu_bno08x/share/imu_bno08x/package.ps1'
[12.628s] INFO:colcon.colcon_core.shell:Creating package descriptor '/root/GZ_DiNiu/install/imu_bno08x/share/imu_bno08x/package.dsv'
[12.630s] INFO:colcon.colcon_core.shell:Creating package script '/root/GZ_DiNiu/install/imu_bno08x/share/imu_bno08x/package.sh'
[12.633s] INFO:colcon.colcon_core.shell:Creating package script '/root/GZ_DiNiu/install/imu_bno08x/share/imu_bno08x/package.bash'
[12.635s] INFO:colcon.colcon_core.shell:Creating package script '/root/GZ_DiNiu/install/imu_bno08x/share/imu_bno08x/package.zsh'
[12.637s] Level 1:colcon.colcon_core.environment:create_file_with_runtime_dependencies(/root/GZ_DiNiu/install/imu_bno08x/share/colcon-core/packages/imu_bno08x)
[12.639s] DEBUG:colcon.colcon_parallel_executor.executor.parallel:closing loop
[12.641s] DEBUG:colcon.colcon_parallel_executor.executor.parallel:loop closed
[12.642s] DEBUG:colcon.colcon_parallel_executor.executor.parallel:run_until_complete finished with '0'
[12.642s] DEBUG:colcon.colcon_core.event_reactor:joining thread
[12.673s] INFO:colcon.colcon_core.plugin_system:Skipping extension 'colcon_notification.desktop_notification.terminal_notifier': Not used on non-Darwin systems
[12.673s] INFO:colcon.colcon_core.plugin_system:Skipping extension 'colcon_notification.desktop_notification.win32': Not used on non-Windows systems
[12.673s] INFO:colcon.colcon_notification.desktop_notification:Sending desktop notification using 'notify2'
[12.679s] DEBUG:colcon.colcon_notification.desktop_notification.notify2:Failed to initialize notify2: org.freedesktop.DBus.Error.ServiceUnknown: The name org.freedesktop.Notifications was not provided by any .service files
[12.679s] DEBUG:colcon.colcon_core.event_reactor:joined thread
[12.681s] INFO:colcon.colcon_core.shell:Creating prefix script '/root/GZ_DiNiu/install/local_setup.ps1'
[12.686s] INFO:colcon.colcon_core.shell:Creating prefix util module '/root/GZ_DiNiu/install/_local_setup_util_ps1.py'
[12.693s] INFO:colcon.colcon_core.shell:Creating prefix chain script '/root/GZ_DiNiu/install/setup.ps1'
[12.700s] INFO:colcon.colcon_core.shell:Creating prefix script '/root/GZ_DiNiu/install/local_setup.sh'
[12.703s] INFO:colcon.colcon_core.shell:Creating prefix util module '/root/GZ_DiNiu/install/_local_setup_util_sh.py'
[12.706s] INFO:colcon.colcon_core.shell:Creating prefix chain script '/root/GZ_DiNiu/install/setup.sh'
[12.713s] INFO:colcon.colcon_core.shell:Creating prefix script '/root/GZ_DiNiu/install/local_setup.bash'
[12.717s] INFO:colcon.colcon_core.shell:Creating prefix chain script '/root/GZ_DiNiu/install/setup.bash'
[12.725s] INFO:colcon.colcon_core.shell:Creating prefix script '/root/GZ_DiNiu/install/local_setup.zsh'
[12.729s] INFO:colcon.colcon_core.shell:Creating prefix chain script '/root/GZ_DiNiu/install/setup.zsh'
