[0.082s] Invoking command in '/home/y/GZ_DiNiu/build/encoder_vel': CMAKE_PREFIX_PATH=${CMAKE_PREFIX_PATH}:/home/y/GZ_DiNiu/install/motor_control_py:/opt/ros/humble /usr/bin/cmake --build /home/y/GZ_DiNiu/build/encoder_vel -- -j4 -l4
[0.327s] [100%] Built target encoder_vel_node
[1.407s] Invoked command in '/home/y/GZ_DiNiu/build/encoder_vel' returned '0': CMAKE_PREFIX_PATH=${CMAKE_PREFIX_PATH}:/home/y/GZ_DiNiu/install/motor_control_py:/opt/ros/humble /usr/bin/cmake --build /home/y/GZ_DiNiu/build/encoder_vel -- -j4 -l4
[1.447s] Invoking command in '/home/y/GZ_DiNiu/build/encoder_vel': CMAKE_PREFIX_PATH=${CMAKE_PREFIX_PATH}:/home/y/GZ_DiNiu/install/motor_control_py:/opt/ros/humble /usr/bin/cmake --install /home/y/GZ_DiNiu/build/encoder_vel
[1.478s] -- Install configuration: ""
[1.479s] -- Up-to-date: /home/y/GZ_DiNiu/install/encoder_vel/lib/encoder_vel/encoder_vel_node
[1.481s] -- Up-to-date: /home/y/GZ_DiNiu/install/encoder_vel/share/ament_index/resource_index/package_run_dependencies/encoder_vel
[1.482s] -- Up-to-date: /home/y/GZ_DiNiu/install/encoder_vel/share/ament_index/resource_index/parent_prefix_path/encoder_vel
[1.482s] -- Up-to-date: /home/y/GZ_DiNiu/install/encoder_vel/share/encoder_vel/environment/ament_prefix_path.sh
[1.483s] -- Up-to-date: /home/y/GZ_DiNiu/install/encoder_vel/share/encoder_vel/environment/ament_prefix_path.dsv
[1.483s] -- Up-to-date: /home/y/GZ_DiNiu/install/encoder_vel/share/encoder_vel/environment/path.sh
[1.484s] -- Up-to-date: /home/y/GZ_DiNiu/install/encoder_vel/share/encoder_vel/environment/path.dsv
[1.485s] -- Up-to-date: /home/y/GZ_DiNiu/install/encoder_vel/share/encoder_vel/local_setup.bash
[1.486s] -- Up-to-date: /home/y/GZ_DiNiu/install/encoder_vel/share/encoder_vel/local_setup.sh
[1.487s] -- Up-to-date: /home/y/GZ_DiNiu/install/encoder_vel/share/encoder_vel/local_setup.zsh
[1.488s] -- Up-to-date: /home/y/GZ_DiNiu/install/encoder_vel/share/encoder_vel/local_setup.dsv
[1.489s] -- Installing: /home/y/GZ_DiNiu/install/encoder_vel/share/encoder_vel/package.dsv
[1.489s] -- Up-to-date: /home/y/GZ_DiNiu/install/encoder_vel/share/ament_index/resource_index/packages/encoder_vel
[1.490s] -- Up-to-date: /home/y/GZ_DiNiu/install/encoder_vel/share/encoder_vel/cmake/encoder_velConfig.cmake
[1.491s] -- Up-to-date: /home/y/GZ_DiNiu/install/encoder_vel/share/encoder_vel/cmake/encoder_velConfig-version.cmake
[1.491s] -- Up-to-date: /home/y/GZ_DiNiu/install/encoder_vel/share/encoder_vel/package.xml
[1.497s] Invoked command in '/home/y/GZ_DiNiu/build/encoder_vel' returned '0': CMAKE_PREFIX_PATH=${CMAKE_PREFIX_PATH}:/home/y/GZ_DiNiu/install/motor_control_py:/opt/ros/humble /usr/bin/cmake --install /home/y/GZ_DiNiu/build/encoder_vel
