[0.674s] DEBUG:colcon:Command line arguments: ['/usr/bin/colcon', 'build']
[0.675s] DEBUG:colcon:Parsed command line arguments: Namespace(log_base=None, log_level=None, verb_name='build', build_base='build', install_base='install', merge_install=False, symlink_install=False, test_result_base=None, continue_on_error=False, executor='parallel', parallel_workers=4, event_handlers=None, ignore_user_meta=False, metas=['./colcon.meta'], base_paths=['.'], packages_ignore=None, packages_ignore_regex=None, paths=None, packages_up_to=None, packages_up_to_regex=None, packages_above=None, packages_above_and_dependencies=None, packages_above_depth=None, packages_select_by_dep=None, packages_skip_by_dep=None, packages_skip_up_to=None, packages_select_build_failed=False, packages_skip_build_finished=False, packages_select_test_failures=False, packages_skip_test_passed=False, packages_select=None, packages_skip=None, packages_select_regex=None, packages_skip_regex=None, packages_start=None, packages_end=None, allow_overriding=[], cmake_args=None, cmake_target=None, cmake_target_skip_unavailable=False, cmake_clean_cache=False, cmake_clean_first=False, cmake_force_configure=False, ament_cmake_args=None, catkin_cmake_args=None, catkin_skip_building_tests=False, verb_parser=<colcon_defaults.argument_parser.defaults.DefaultArgumentsDecorator object at 0xffffa556f9a0>, verb_extension=<colcon_core.verb.build.BuildVerb object at 0xffffa5750e20>, main=<bound method BuildVerb.main of <colcon_core.verb.build.BuildVerb object at 0xffffa5750e20>>)
[2.133s] Level 1:colcon.colcon_core.package_discovery:discover_packages(colcon_meta) check parameters
[2.134s] Level 1:colcon.colcon_core.package_discovery:discover_packages(recursive) check parameters
[2.134s] Level 1:colcon.colcon_core.package_discovery:discover_packages(ignore) check parameters
[2.134s] Level 1:colcon.colcon_core.package_discovery:discover_packages(path) check parameters
[2.134s] Level 1:colcon.colcon_core.package_discovery:discover_packages(colcon_meta) discover
[2.135s] Level 1:colcon.colcon_core.package_discovery:discover_packages(recursive) discover
[2.135s] INFO:colcon.colcon_core.package_discovery:Crawling recursively for packages in '/root/GZ_DiNiu'
[2.136s] Level 1:colcon.colcon_core.package_identification:_identify(.) by extensions ['ignore', 'ignore_ament_install']
[2.136s] Level 1:colcon.colcon_core.package_identification:_identify(.) by extension 'ignore'
[2.137s] Level 1:colcon.colcon_core.package_identification:_identify(.) by extension 'ignore_ament_install'
[2.137s] Level 1:colcon.colcon_core.package_identification:_identify(.) by extensions ['colcon_pkg']
[2.137s] Level 1:colcon.colcon_core.package_identification:_identify(.) by extension 'colcon_pkg'
[2.137s] Level 1:colcon.colcon_core.package_identification:_identify(.) by extensions ['colcon_meta']
[2.137s] Level 1:colcon.colcon_core.package_identification:_identify(.) by extension 'colcon_meta'
[2.138s] Level 1:colcon.colcon_core.package_identification:_identify(.) by extensions ['ros']
[2.138s] Level 1:colcon.colcon_core.package_identification:_identify(.) by extension 'ros'
[2.192s] Level 1:colcon.colcon_core.package_identification:_identify(.) by extensions ['cmake', 'python']
[2.193s] Level 1:colcon.colcon_core.package_identification:_identify(.) by extension 'cmake'
[2.193s] Level 1:colcon.colcon_core.package_identification:_identify(.) by extension 'python'
[2.194s] Level 1:colcon.colcon_core.package_identification:_identify(.) by extensions ['python_setup_py']
[2.194s] Level 1:colcon.colcon_core.package_identification:_identify(.) by extension 'python_setup_py'
[2.195s] Level 1:colcon.colcon_core.package_identification:_identify(build) by extensions ['ignore', 'ignore_ament_install']
[2.196s] Level 1:colcon.colcon_core.package_identification:_identify(build) by extension 'ignore'
[2.196s] Level 1:colcon.colcon_core.package_identification:_identify(build) ignored
[2.197s] Level 1:colcon.colcon_core.package_identification:_identify(install) by extensions ['ignore', 'ignore_ament_install']
[2.197s] Level 1:colcon.colcon_core.package_identification:_identify(install) by extension 'ignore'
[2.198s] Level 1:colcon.colcon_core.package_identification:_identify(install) ignored
[2.199s] Level 1:colcon.colcon_core.package_identification:_identify(log) by extensions ['ignore', 'ignore_ament_install']
[2.200s] Level 1:colcon.colcon_core.package_identification:_identify(log) by extension 'ignore'
[2.200s] Level 1:colcon.colcon_core.package_identification:_identify(log) ignored
[2.201s] Level 1:colcon.colcon_core.package_identification:_identify(src) by extensions ['ignore', 'ignore_ament_install']
[2.201s] Level 1:colcon.colcon_core.package_identification:_identify(src) by extension 'ignore'
[2.202s] Level 1:colcon.colcon_core.package_identification:_identify(src) by extension 'ignore_ament_install'
[2.202s] Level 1:colcon.colcon_core.package_identification:_identify(src) by extensions ['colcon_pkg']
[2.202s] Level 1:colcon.colcon_core.package_identification:_identify(src) by extension 'colcon_pkg'
[2.202s] Level 1:colcon.colcon_core.package_identification:_identify(src) by extensions ['colcon_meta']
[2.203s] Level 1:colcon.colcon_core.package_identification:_identify(src) by extension 'colcon_meta'
[2.203s] Level 1:colcon.colcon_core.package_identification:_identify(src) by extensions ['ros']
[2.203s] Level 1:colcon.colcon_core.package_identification:_identify(src) by extension 'ros'
[2.204s] Level 1:colcon.colcon_core.package_identification:_identify(src) by extensions ['cmake', 'python']
[2.204s] Level 1:colcon.colcon_core.package_identification:_identify(src) by extension 'cmake'
[2.204s] Level 1:colcon.colcon_core.package_identification:_identify(src) by extension 'python'
[2.204s] Level 1:colcon.colcon_core.package_identification:_identify(src) by extensions ['python_setup_py']
[2.204s] Level 1:colcon.colcon_core.package_identification:_identify(src) by extension 'python_setup_py'
[2.205s] Level 1:colcon.colcon_core.package_identification:_identify(src/encoder_vel) by extensions ['ignore', 'ignore_ament_install']
[2.205s] Level 1:colcon.colcon_core.package_identification:_identify(src/encoder_vel) by extension 'ignore'
[2.206s] Level 1:colcon.colcon_core.package_identification:_identify(src/encoder_vel) by extension 'ignore_ament_install'
[2.206s] Level 1:colcon.colcon_core.package_identification:_identify(src/encoder_vel) by extensions ['colcon_pkg']
[2.206s] Level 1:colcon.colcon_core.package_identification:_identify(src/encoder_vel) by extension 'colcon_pkg'
[2.206s] Level 1:colcon.colcon_core.package_identification:_identify(src/encoder_vel) by extensions ['colcon_meta']
[2.206s] Level 1:colcon.colcon_core.package_identification:_identify(src/encoder_vel) by extension 'colcon_meta'
[2.207s] Level 1:colcon.colcon_core.package_identification:_identify(src/encoder_vel) by extensions ['ros']
[2.207s] Level 1:colcon.colcon_core.package_identification:_identify(src/encoder_vel) by extension 'ros'
[2.218s] DEBUG:colcon.colcon_core.package_identification:Package 'src/encoder_vel' with type 'ros.ament_cmake' and name 'encoder_vel'
[2.220s] Level 1:colcon.colcon_core.package_identification:_identify(src/imu_bno08x) by extensions ['ignore', 'ignore_ament_install']
[2.220s] Level 1:colcon.colcon_core.package_identification:_identify(src/imu_bno08x) by extension 'ignore'
[2.221s] Level 1:colcon.colcon_core.package_identification:_identify(src/imu_bno08x) by extension 'ignore_ament_install'
[2.221s] Level 1:colcon.colcon_core.package_identification:_identify(src/imu_bno08x) by extensions ['colcon_pkg']
[2.222s] Level 1:colcon.colcon_core.package_identification:_identify(src/imu_bno08x) by extension 'colcon_pkg'
[2.222s] Level 1:colcon.colcon_core.package_identification:_identify(src/imu_bno08x) by extensions ['colcon_meta']
[2.222s] Level 1:colcon.colcon_core.package_identification:_identify(src/imu_bno08x) by extension 'colcon_meta'
[2.223s] Level 1:colcon.colcon_core.package_identification:_identify(src/imu_bno08x) by extensions ['ros']
[2.223s] Level 1:colcon.colcon_core.package_identification:_identify(src/imu_bno08x) by extension 'ros'
[2.225s] DEBUG:colcon.colcon_core.package_identification:Package 'src/imu_bno08x' with type 'ros.ament_python' and name 'imu_bno08x'
[2.226s] Level 1:colcon.colcon_core.package_identification:_identify(src/motor_control_py) by extensions ['ignore', 'ignore_ament_install']
[2.226s] Level 1:colcon.colcon_core.package_identification:_identify(src/motor_control_py) by extension 'ignore'
[2.226s] Level 1:colcon.colcon_core.package_identification:_identify(src/motor_control_py) by extension 'ignore_ament_install'
[2.227s] Level 1:colcon.colcon_core.package_identification:_identify(src/motor_control_py) by extensions ['colcon_pkg']
[2.227s] Level 1:colcon.colcon_core.package_identification:_identify(src/motor_control_py) by extension 'colcon_pkg'
[2.227s] Level 1:colcon.colcon_core.package_identification:_identify(src/motor_control_py) by extensions ['colcon_meta']
[2.227s] Level 1:colcon.colcon_core.package_identification:_identify(src/motor_control_py) by extension 'colcon_meta'
[2.228s] Level 1:colcon.colcon_core.package_identification:_identify(src/motor_control_py) by extensions ['ros']
[2.228s] Level 1:colcon.colcon_core.package_identification:_identify(src/motor_control_py) by extension 'ros'
[2.230s] DEBUG:colcon.colcon_core.package_identification:Package 'src/motor_control_py' with type 'ros.ament_python' and name 'motor_control_py'
[2.231s] Level 1:colcon.colcon_core.package_identification:_identify(src/steer_closed_loop) by extensions ['ignore', 'ignore_ament_install']
[2.231s] Level 1:colcon.colcon_core.package_identification:_identify(src/steer_closed_loop) by extension 'ignore'
[2.232s] Level 1:colcon.colcon_core.package_identification:_identify(src/steer_closed_loop) by extension 'ignore_ament_install'
[2.232s] Level 1:colcon.colcon_core.package_identification:_identify(src/steer_closed_loop) by extensions ['colcon_pkg']
[2.233s] Level 1:colcon.colcon_core.package_identification:_identify(src/steer_closed_loop) by extension 'colcon_pkg'
[2.233s] Level 1:colcon.colcon_core.package_identification:_identify(src/steer_closed_loop) by extensions ['colcon_meta']
[2.233s] Level 1:colcon.colcon_core.package_identification:_identify(src/steer_closed_loop) by extension 'colcon_meta'
[2.234s] Level 1:colcon.colcon_core.package_identification:_identify(src/steer_closed_loop) by extensions ['ros']
[2.234s] Level 1:colcon.colcon_core.package_identification:_identify(src/steer_closed_loop) by extension 'ros'
[2.237s] DEBUG:colcon.colcon_core.package_identification:Package 'src/steer_closed_loop' with type 'ros.ament_cmake' and name 'steer_closed_loop'
[2.237s] Level 1:colcon.colcon_core.package_discovery:discover_packages(recursive) using defaults
[2.237s] Level 1:colcon.colcon_core.package_discovery:discover_packages(ignore) discover
[2.238s] Level 1:colcon.colcon_core.package_discovery:discover_packages(ignore) using defaults
[2.238s] Level 1:colcon.colcon_core.package_discovery:discover_packages(path) discover
[2.238s] Level 1:colcon.colcon_core.package_discovery:discover_packages(path) using defaults
[2.334s] Level 1:colcon.colcon_core.package_discovery:discover_packages(prefix_path) check parameters
[2.334s] Level 1:colcon.colcon_core.package_discovery:discover_packages(prefix_path) discover
[2.346s] DEBUG:colcon.colcon_installed_package_information.package_discovery:Found 4 installed packages in /root/GZ_DiNiu/install
[2.356s] DEBUG:colcon.colcon_installed_package_information.package_discovery:Found 272 installed packages in /opt/ros/humble
[2.407s] Level 1:colcon.colcon_core.package_discovery:discover_packages(prefix_path) using defaults
[2.604s] Level 5:colcon.colcon_core.verb:set package 'encoder_vel' build argument 'cmake_args' from command line to 'None'
[2.604s] Level 5:colcon.colcon_core.verb:set package 'encoder_vel' build argument 'cmake_target' from command line to 'None'
[2.605s] Level 5:colcon.colcon_core.verb:set package 'encoder_vel' build argument 'cmake_target_skip_unavailable' from command line to 'False'
[2.605s] Level 5:colcon.colcon_core.verb:set package 'encoder_vel' build argument 'cmake_clean_cache' from command line to 'False'
[2.605s] Level 5:colcon.colcon_core.verb:set package 'encoder_vel' build argument 'cmake_clean_first' from command line to 'False'
[2.605s] Level 5:colcon.colcon_core.verb:set package 'encoder_vel' build argument 'cmake_force_configure' from command line to 'False'
[2.605s] Level 5:colcon.colcon_core.verb:set package 'encoder_vel' build argument 'ament_cmake_args' from command line to 'None'
[2.605s] Level 5:colcon.colcon_core.verb:set package 'encoder_vel' build argument 'catkin_cmake_args' from command line to 'None'
[2.605s] Level 5:colcon.colcon_core.verb:set package 'encoder_vel' build argument 'catkin_skip_building_tests' from command line to 'False'
[2.605s] DEBUG:colcon.colcon_core.verb:Building package 'encoder_vel' with the following arguments: {'ament_cmake_args': None, 'build_base': '/root/GZ_DiNiu/build/encoder_vel', 'catkin_cmake_args': None, 'catkin_skip_building_tests': False, 'cmake_args': None, 'cmake_clean_cache': False, 'cmake_clean_first': False, 'cmake_force_configure': False, 'cmake_target': None, 'cmake_target_skip_unavailable': False, 'install_base': '/root/GZ_DiNiu/install/encoder_vel', 'merge_install': False, 'path': '/root/GZ_DiNiu/src/encoder_vel', 'symlink_install': False, 'test_result_base': None}
[2.607s] Level 5:colcon.colcon_core.verb:set package 'imu_bno08x' build argument 'cmake_args' from command line to 'None'
[2.607s] Level 5:colcon.colcon_core.verb:set package 'imu_bno08x' build argument 'cmake_target' from command line to 'None'
[2.608s] Level 5:colcon.colcon_core.verb:set package 'imu_bno08x' build argument 'cmake_target_skip_unavailable' from command line to 'False'
[2.608s] Level 5:colcon.colcon_core.verb:set package 'imu_bno08x' build argument 'cmake_clean_cache' from command line to 'False'
[2.608s] Level 5:colcon.colcon_core.verb:set package 'imu_bno08x' build argument 'cmake_clean_first' from command line to 'False'
[2.608s] Level 5:colcon.colcon_core.verb:set package 'imu_bno08x' build argument 'cmake_force_configure' from command line to 'False'
[2.608s] Level 5:colcon.colcon_core.verb:set package 'imu_bno08x' build argument 'ament_cmake_args' from command line to 'None'
[2.608s] Level 5:colcon.colcon_core.verb:set package 'imu_bno08x' build argument 'catkin_cmake_args' from command line to 'None'
[2.608s] Level 5:colcon.colcon_core.verb:set package 'imu_bno08x' build argument 'catkin_skip_building_tests' from command line to 'False'
[2.608s] DEBUG:colcon.colcon_core.verb:Building package 'imu_bno08x' with the following arguments: {'ament_cmake_args': None, 'build_base': '/root/GZ_DiNiu/build/imu_bno08x', 'catkin_cmake_args': None, 'catkin_skip_building_tests': False, 'cmake_args': None, 'cmake_clean_cache': False, 'cmake_clean_first': False, 'cmake_force_configure': False, 'cmake_target': None, 'cmake_target_skip_unavailable': False, 'install_base': '/root/GZ_DiNiu/install/imu_bno08x', 'merge_install': False, 'path': '/root/GZ_DiNiu/src/imu_bno08x', 'symlink_install': False, 'test_result_base': None}
[2.610s] Level 5:colcon.colcon_core.verb:set package 'motor_control_py' build argument 'cmake_args' from command line to 'None'
[2.610s] Level 5:colcon.colcon_core.verb:set package 'motor_control_py' build argument 'cmake_target' from command line to 'None'
[2.610s] Level 5:colcon.colcon_core.verb:set package 'motor_control_py' build argument 'cmake_target_skip_unavailable' from command line to 'False'
[2.611s] Level 5:colcon.colcon_core.verb:set package 'motor_control_py' build argument 'cmake_clean_cache' from command line to 'False'
[2.611s] Level 5:colcon.colcon_core.verb:set package 'motor_control_py' build argument 'cmake_clean_first' from command line to 'False'
[2.611s] Level 5:colcon.colcon_core.verb:set package 'motor_control_py' build argument 'cmake_force_configure' from command line to 'False'
[2.611s] Level 5:colcon.colcon_core.verb:set package 'motor_control_py' build argument 'ament_cmake_args' from command line to 'None'
[2.611s] Level 5:colcon.colcon_core.verb:set package 'motor_control_py' build argument 'catkin_cmake_args' from command line to 'None'
[2.611s] Level 5:colcon.colcon_core.verb:set package 'motor_control_py' build argument 'catkin_skip_building_tests' from command line to 'False'
[2.612s] DEBUG:colcon.colcon_core.verb:Building package 'motor_control_py' with the following arguments: {'ament_cmake_args': None, 'build_base': '/root/GZ_DiNiu/build/motor_control_py', 'catkin_cmake_args': None, 'catkin_skip_building_tests': False, 'cmake_args': None, 'cmake_clean_cache': False, 'cmake_clean_first': False, 'cmake_force_configure': False, 'cmake_target': None, 'cmake_target_skip_unavailable': False, 'install_base': '/root/GZ_DiNiu/install/motor_control_py', 'merge_install': False, 'path': '/root/GZ_DiNiu/src/motor_control_py', 'symlink_install': False, 'test_result_base': None}
[2.613s] Level 5:colcon.colcon_core.verb:set package 'steer_closed_loop' build argument 'cmake_args' from command line to 'None'
[2.614s] Level 5:colcon.colcon_core.verb:set package 'steer_closed_loop' build argument 'cmake_target' from command line to 'None'
[2.614s] Level 5:colcon.colcon_core.verb:set package 'steer_closed_loop' build argument 'cmake_target_skip_unavailable' from command line to 'False'
[2.614s] Level 5:colcon.colcon_core.verb:set package 'steer_closed_loop' build argument 'cmake_clean_cache' from command line to 'False'
[2.614s] Level 5:colcon.colcon_core.verb:set package 'steer_closed_loop' build argument 'cmake_clean_first' from command line to 'False'
[2.614s] Level 5:colcon.colcon_core.verb:set package 'steer_closed_loop' build argument 'cmake_force_configure' from command line to 'False'
[2.615s] Level 5:colcon.colcon_core.verb:set package 'steer_closed_loop' build argument 'ament_cmake_args' from command line to 'None'
[2.615s] Level 5:colcon.colcon_core.verb:set package 'steer_closed_loop' build argument 'catkin_cmake_args' from command line to 'None'
[2.615s] Level 5:colcon.colcon_core.verb:set package 'steer_closed_loop' build argument 'catkin_skip_building_tests' from command line to 'False'
[2.615s] DEBUG:colcon.colcon_core.verb:Building package 'steer_closed_loop' with the following arguments: {'ament_cmake_args': None, 'build_base': '/root/GZ_DiNiu/build/steer_closed_loop', 'catkin_cmake_args': None, 'catkin_skip_building_tests': False, 'cmake_args': None, 'cmake_clean_cache': False, 'cmake_clean_first': False, 'cmake_force_configure': False, 'cmake_target': None, 'cmake_target_skip_unavailable': False, 'install_base': '/root/GZ_DiNiu/install/steer_closed_loop', 'merge_install': False, 'path': '/root/GZ_DiNiu/src/steer_closed_loop', 'symlink_install': False, 'test_result_base': None}
[2.616s] INFO:colcon.colcon_core.executor:Executing jobs using 'parallel' executor
[2.620s] DEBUG:colcon.colcon_parallel_executor.executor.parallel:run_until_complete
[2.621s] INFO:colcon.colcon_ros.task.ament_cmake.build:Building ROS package in '/root/GZ_DiNiu/src/encoder_vel' with build type 'ament_cmake'
[2.622s] INFO:colcon.colcon_cmake.task.cmake.build:Building CMake package in '/root/GZ_DiNiu/src/encoder_vel'
[2.633s] INFO:colcon.colcon_core.plugin_system:Skipping extension 'colcon_core.shell.bat': Not used on non-Windows systems
[2.634s] INFO:colcon.colcon_core.shell:Skip shell extension 'powershell' for command environment: Not usable outside of PowerShell
[2.635s] DEBUG:colcon.colcon_core.shell:Skip shell extension 'dsv' for command environment
[2.657s] INFO:colcon.colcon_ros.task.ament_python.build:Building ROS package in '/root/GZ_DiNiu/src/imu_bno08x' with build type 'ament_python'
[2.658s] Level 1:colcon.colcon_core.shell:create_environment_hook('imu_bno08x', 'ament_prefix_path')
[2.659s] INFO:colcon.colcon_core.shell:Creating environment hook '/root/GZ_DiNiu/install/imu_bno08x/share/imu_bno08x/hook/ament_prefix_path.ps1'
[2.663s] INFO:colcon.colcon_core.shell:Creating environment descriptor '/root/GZ_DiNiu/install/imu_bno08x/share/imu_bno08x/hook/ament_prefix_path.dsv'
[2.667s] INFO:colcon.colcon_core.shell:Creating environment hook '/root/GZ_DiNiu/install/imu_bno08x/share/imu_bno08x/hook/ament_prefix_path.sh'
[2.671s] INFO:colcon.colcon_core.shell:Skip shell extension 'powershell' for command environment: Not usable outside of PowerShell
[2.672s] DEBUG:colcon.colcon_core.shell:Skip shell extension 'dsv' for command environment
[2.692s] INFO:colcon.colcon_ros.task.ament_python.build:Building ROS package in '/root/GZ_DiNiu/src/motor_control_py' with build type 'ament_python'
[2.694s] Level 1:colcon.colcon_core.shell:create_environment_hook('motor_control_py', 'ament_prefix_path')
[2.696s] INFO:colcon.colcon_core.shell:Creating environment hook '/root/GZ_DiNiu/install/motor_control_py/share/motor_control_py/hook/ament_prefix_path.ps1'
[2.701s] INFO:colcon.colcon_core.shell:Creating environment descriptor '/root/GZ_DiNiu/install/motor_control_py/share/motor_control_py/hook/ament_prefix_path.dsv'
[2.704s] INFO:colcon.colcon_core.shell:Creating environment hook '/root/GZ_DiNiu/install/motor_control_py/share/motor_control_py/hook/ament_prefix_path.sh'
[2.707s] INFO:colcon.colcon_core.shell:Skip shell extension 'powershell' for command environment: Not usable outside of PowerShell
[2.707s] DEBUG:colcon.colcon_core.shell:Skip shell extension 'dsv' for command environment
[2.728s] INFO:colcon.colcon_ros.task.ament_cmake.build:Building ROS package in '/root/GZ_DiNiu/src/steer_closed_loop' with build type 'ament_cmake'
[2.729s] INFO:colcon.colcon_cmake.task.cmake.build:Building CMake package in '/root/GZ_DiNiu/src/steer_closed_loop'
[2.730s] INFO:colcon.colcon_core.shell:Skip shell extension 'powershell' for command environment: Not usable outside of PowerShell
[2.731s] DEBUG:colcon.colcon_core.shell:Skip shell extension 'dsv' for command environment
[2.789s] DEBUG:colcon.colcon_core.event_handler.log_command:Invoking command in '/root/GZ_DiNiu/build/encoder_vel': CMAKE_PREFIX_PATH=${CMAKE_PREFIX_PATH}:/root/GZ_DiNiu/install/motor_control_py:/root/GZ_DiNiu/install/imu_bno08x:/opt/ros/humble /usr/bin/cmake --build /root/GZ_DiNiu/build/encoder_vel -- -j4 -l4
[4.757s] INFO:colcon.colcon_core.task.python.build:Building Python package in '/root/GZ_DiNiu/src/imu_bno08x'
[4.758s] INFO:colcon.colcon_core.shell:Skip shell extension 'powershell' for command environment: Not usable outside of PowerShell
[4.759s] DEBUG:colcon.colcon_core.shell:Skip shell extension 'dsv' for command environment
[6.386s] INFO:colcon.colcon_core.task.python.build:Building Python package in '/root/GZ_DiNiu/src/motor_control_py'
[6.387s] INFO:colcon.colcon_core.shell:Skip shell extension 'powershell' for command environment: Not usable outside of PowerShell
[6.387s] DEBUG:colcon.colcon_core.shell:Skip shell extension 'dsv' for command environment
[6.441s] DEBUG:colcon.colcon_core.event_handler.log_command:Invoking command in '/root/GZ_DiNiu/build/steer_closed_loop': CMAKE_PREFIX_PATH=${CMAKE_PREFIX_PATH}:/root/GZ_DiNiu/install/motor_control_py:/root/GZ_DiNiu/install/imu_bno08x:/opt/ros/humble /usr/bin/cmake --build /root/GZ_DiNiu/build/steer_closed_loop -- -j4 -l4
[6.454s] DEBUG:colcon.colcon_core.event_handler.log_command:Invoked command in '/root/GZ_DiNiu/build/encoder_vel' returned '0': CMAKE_PREFIX_PATH=${CMAKE_PREFIX_PATH}:/root/GZ_DiNiu/install/motor_control_py:/root/GZ_DiNiu/install/imu_bno08x:/opt/ros/humble /usr/bin/cmake --build /root/GZ_DiNiu/build/encoder_vel -- -j4 -l4
[6.526s] DEBUG:colcon.colcon_core.event_handler.log_command:Invoking command in '/root/GZ_DiNiu/build/encoder_vel': CMAKE_PREFIX_PATH=${CMAKE_PREFIX_PATH}:/root/GZ_DiNiu/install/motor_control_py:/root/GZ_DiNiu/install/imu_bno08x:/opt/ros/humble /usr/bin/cmake --install /root/GZ_DiNiu/build/encoder_vel
[6.660s] Level 1:colcon.colcon_core.environment:create_environment_scripts_only(encoder_vel)
[6.688s] Level 1:colcon.colcon_core.environment:checking '/root/GZ_DiNiu/install/encoder_vel' for CMake module files
[6.721s] Level 1:colcon.colcon_core.environment:checking '/root/GZ_DiNiu/install/encoder_vel' for CMake config files
[6.738s] Level 1:colcon.colcon_core.shell:create_environment_hook('encoder_vel', 'cmake_prefix_path')
[6.741s] INFO:colcon.colcon_core.shell:Creating environment hook '/root/GZ_DiNiu/install/encoder_vel/share/encoder_vel/hook/cmake_prefix_path.ps1'
[6.740s] DEBUG:colcon.colcon_core.event_handler.log_command:Invoked command in '/root/GZ_DiNiu/build/encoder_vel' returned '0': CMAKE_PREFIX_PATH=${CMAKE_PREFIX_PATH}:/root/GZ_DiNiu/install/motor_control_py:/root/GZ_DiNiu/install/imu_bno08x:/opt/ros/humble /usr/bin/cmake --install /root/GZ_DiNiu/build/encoder_vel
[6.748s] INFO:colcon.colcon_core.shell:Creating environment descriptor '/root/GZ_DiNiu/install/encoder_vel/share/encoder_vel/hook/cmake_prefix_path.dsv'
[6.752s] INFO:colcon.colcon_core.shell:Creating environment hook '/root/GZ_DiNiu/install/encoder_vel/share/encoder_vel/hook/cmake_prefix_path.sh'
[6.761s] Level 1:colcon.colcon_core.environment:checking '/root/GZ_DiNiu/install/encoder_vel/lib'
[6.762s] Level 1:colcon.colcon_core.environment:checking '/root/GZ_DiNiu/install/encoder_vel/bin'
[6.764s] Level 1:colcon.colcon_core.environment:checking '/root/GZ_DiNiu/install/encoder_vel/lib/pkgconfig/encoder_vel.pc'
[6.765s] Level 1:colcon.colcon_core.environment:checking '/root/GZ_DiNiu/install/encoder_vel/lib/python3.10/site-packages'
[6.768s] Level 1:colcon.colcon_core.environment:checking '/root/GZ_DiNiu/install/encoder_vel/bin'
[6.771s] INFO:colcon.colcon_core.shell:Creating package script '/root/GZ_DiNiu/install/encoder_vel/share/encoder_vel/package.ps1'
[6.780s] INFO:colcon.colcon_core.shell:Creating package descriptor '/root/GZ_DiNiu/install/encoder_vel/share/encoder_vel/package.dsv'
[6.785s] INFO:colcon.colcon_core.shell:Creating package script '/root/GZ_DiNiu/install/encoder_vel/share/encoder_vel/package.sh'
[6.798s] INFO:colcon.colcon_core.shell:Creating package script '/root/GZ_DiNiu/install/encoder_vel/share/encoder_vel/package.bash'
[6.807s] INFO:colcon.colcon_core.shell:Creating package script '/root/GZ_DiNiu/install/encoder_vel/share/encoder_vel/package.zsh'
[6.813s] Level 1:colcon.colcon_core.environment:create_file_with_runtime_dependencies(/root/GZ_DiNiu/install/encoder_vel/share/colcon-core/packages/encoder_vel)
[6.819s] Level 1:colcon.colcon_core.environment:create_environment_scripts_only(encoder_vel)
[6.821s] Level 1:colcon.colcon_core.environment:checking '/root/GZ_DiNiu/install/encoder_vel' for CMake module files
[6.825s] Level 1:colcon.colcon_core.environment:checking '/root/GZ_DiNiu/install/encoder_vel' for CMake config files
[6.828s] Level 1:colcon.colcon_core.shell:create_environment_hook('encoder_vel', 'cmake_prefix_path')
[6.830s] INFO:colcon.colcon_core.shell:Creating environment hook '/root/GZ_DiNiu/install/encoder_vel/share/encoder_vel/hook/cmake_prefix_path.ps1'
[6.834s] INFO:colcon.colcon_core.shell:Creating environment descriptor '/root/GZ_DiNiu/install/encoder_vel/share/encoder_vel/hook/cmake_prefix_path.dsv'
[6.839s] INFO:colcon.colcon_core.shell:Creating environment hook '/root/GZ_DiNiu/install/encoder_vel/share/encoder_vel/hook/cmake_prefix_path.sh'
[6.846s] Level 1:colcon.colcon_core.environment:checking '/root/GZ_DiNiu/install/encoder_vel/lib'
[6.848s] Level 1:colcon.colcon_core.environment:checking '/root/GZ_DiNiu/install/encoder_vel/bin'
[6.849s] Level 1:colcon.colcon_core.environment:checking '/root/GZ_DiNiu/install/encoder_vel/lib/pkgconfig/encoder_vel.pc'
[6.851s] Level 1:colcon.colcon_core.environment:checking '/root/GZ_DiNiu/install/encoder_vel/lib/python3.10/site-packages'
[6.854s] Level 1:colcon.colcon_core.environment:checking '/root/GZ_DiNiu/install/encoder_vel/bin'
[6.857s] INFO:colcon.colcon_core.shell:Creating package script '/root/GZ_DiNiu/install/encoder_vel/share/encoder_vel/package.ps1'
[6.863s] INFO:colcon.colcon_core.shell:Creating package descriptor '/root/GZ_DiNiu/install/encoder_vel/share/encoder_vel/package.dsv'
[6.868s] INFO:colcon.colcon_core.shell:Creating package script '/root/GZ_DiNiu/install/encoder_vel/share/encoder_vel/package.sh'
[6.873s] INFO:colcon.colcon_core.shell:Creating package script '/root/GZ_DiNiu/install/encoder_vel/share/encoder_vel/package.bash'
[6.878s] INFO:colcon.colcon_core.shell:Creating package script '/root/GZ_DiNiu/install/encoder_vel/share/encoder_vel/package.zsh'
[6.883s] Level 1:colcon.colcon_core.environment:create_file_with_runtime_dependencies(/root/GZ_DiNiu/install/encoder_vel/share/colcon-core/packages/encoder_vel)
[7.283s] DEBUG:colcon.colcon_core.event_handler.log_command:Invoked command in '/root/GZ_DiNiu/build/steer_closed_loop' returned '0': CMAKE_PREFIX_PATH=${CMAKE_PREFIX_PATH}:/root/GZ_DiNiu/install/motor_control_py:/root/GZ_DiNiu/install/imu_bno08x:/opt/ros/humble /usr/bin/cmake --build /root/GZ_DiNiu/build/steer_closed_loop -- -j4 -l4
[7.293s] DEBUG:colcon.colcon_core.event_handler.log_command:Invoking command in '/root/GZ_DiNiu/build/steer_closed_loop': CMAKE_PREFIX_PATH=${CMAKE_PREFIX_PATH}:/root/GZ_DiNiu/install/motor_control_py:/root/GZ_DiNiu/install/imu_bno08x:/opt/ros/humble /usr/bin/cmake --install /root/GZ_DiNiu/build/steer_closed_loop
[7.497s] Level 1:colcon.colcon_core.environment:create_environment_scripts_only(steer_closed_loop)
[7.506s] Level 1:colcon.colcon_core.environment:checking '/root/GZ_DiNiu/install/steer_closed_loop' for CMake module files
[7.526s] DEBUG:colcon.colcon_core.event_handler.log_command:Invoked command in '/root/GZ_DiNiu/build/steer_closed_loop' returned '0': CMAKE_PREFIX_PATH=${CMAKE_PREFIX_PATH}:/root/GZ_DiNiu/install/motor_control_py:/root/GZ_DiNiu/install/imu_bno08x:/opt/ros/humble /usr/bin/cmake --install /root/GZ_DiNiu/build/steer_closed_loop
[7.531s] Level 1:colcon.colcon_core.environment:checking '/root/GZ_DiNiu/install/steer_closed_loop' for CMake config files
[7.547s] Level 1:colcon.colcon_core.shell:create_environment_hook('steer_closed_loop', 'cmake_prefix_path')
[7.550s] INFO:colcon.colcon_core.shell:Creating environment hook '/root/GZ_DiNiu/install/steer_closed_loop/share/steer_closed_loop/hook/cmake_prefix_path.ps1'
[7.558s] INFO:colcon.colcon_core.shell:Creating environment descriptor '/root/GZ_DiNiu/install/steer_closed_loop/share/steer_closed_loop/hook/cmake_prefix_path.dsv'
[7.567s] INFO:colcon.colcon_core.shell:Creating environment hook '/root/GZ_DiNiu/install/steer_closed_loop/share/steer_closed_loop/hook/cmake_prefix_path.sh'
[7.576s] Level 1:colcon.colcon_core.environment:checking '/root/GZ_DiNiu/install/steer_closed_loop/lib'
[7.578s] Level 1:colcon.colcon_core.environment:checking '/root/GZ_DiNiu/install/steer_closed_loop/bin'
[7.580s] Level 1:colcon.colcon_core.environment:checking '/root/GZ_DiNiu/install/steer_closed_loop/lib/pkgconfig/steer_closed_loop.pc'
[7.583s] Level 1:colcon.colcon_core.environment:checking '/root/GZ_DiNiu/install/steer_closed_loop/lib/python3.10/site-packages'
[7.588s] Level 1:colcon.colcon_core.environment:checking '/root/GZ_DiNiu/install/steer_closed_loop/bin'
[7.591s] INFO:colcon.colcon_core.shell:Creating package script '/root/GZ_DiNiu/install/steer_closed_loop/share/steer_closed_loop/package.ps1'
[7.600s] INFO:colcon.colcon_core.shell:Creating package descriptor '/root/GZ_DiNiu/install/steer_closed_loop/share/steer_closed_loop/package.dsv'
[7.607s] INFO:colcon.colcon_core.shell:Creating package script '/root/GZ_DiNiu/install/steer_closed_loop/share/steer_closed_loop/package.sh'
[7.615s] INFO:colcon.colcon_core.shell:Creating package script '/root/GZ_DiNiu/install/steer_closed_loop/share/steer_closed_loop/package.bash'
[7.622s] INFO:colcon.colcon_core.shell:Creating package script '/root/GZ_DiNiu/install/steer_closed_loop/share/steer_closed_loop/package.zsh'
[7.628s] Level 1:colcon.colcon_core.environment:create_file_with_runtime_dependencies(/root/GZ_DiNiu/install/steer_closed_loop/share/colcon-core/packages/steer_closed_loop)
[7.637s] Level 1:colcon.colcon_core.environment:create_environment_scripts_only(steer_closed_loop)
[7.640s] Level 1:colcon.colcon_core.environment:checking '/root/GZ_DiNiu/install/steer_closed_loop' for CMake module files
[7.644s] Level 1:colcon.colcon_core.environment:checking '/root/GZ_DiNiu/install/steer_closed_loop' for CMake config files
[7.648s] Level 1:colcon.colcon_core.shell:create_environment_hook('steer_closed_loop', 'cmake_prefix_path')
[7.649s] INFO:colcon.colcon_core.shell:Creating environment hook '/root/GZ_DiNiu/install/steer_closed_loop/share/steer_closed_loop/hook/cmake_prefix_path.ps1'
[7.658s] INFO:colcon.colcon_core.shell:Creating environment descriptor '/root/GZ_DiNiu/install/steer_closed_loop/share/steer_closed_loop/hook/cmake_prefix_path.dsv'
[7.664s] INFO:colcon.colcon_core.shell:Creating environment hook '/root/GZ_DiNiu/install/steer_closed_loop/share/steer_closed_loop/hook/cmake_prefix_path.sh'
[7.672s] Level 1:colcon.colcon_core.environment:checking '/root/GZ_DiNiu/install/steer_closed_loop/lib'
[7.675s] Level 1:colcon.colcon_core.environment:checking '/root/GZ_DiNiu/install/steer_closed_loop/bin'
[7.678s] Level 1:colcon.colcon_core.environment:checking '/root/GZ_DiNiu/install/steer_closed_loop/lib/pkgconfig/steer_closed_loop.pc'
[7.680s] Level 1:colcon.colcon_core.environment:checking '/root/GZ_DiNiu/install/steer_closed_loop/lib/python3.10/site-packages'
[7.685s] Level 1:colcon.colcon_core.environment:checking '/root/GZ_DiNiu/install/steer_closed_loop/bin'
[7.688s] INFO:colcon.colcon_core.shell:Creating package script '/root/GZ_DiNiu/install/steer_closed_loop/share/steer_closed_loop/package.ps1'
[7.697s] INFO:colcon.colcon_core.shell:Creating package descriptor '/root/GZ_DiNiu/install/steer_closed_loop/share/steer_closed_loop/package.dsv'
[7.705s] INFO:colcon.colcon_core.shell:Creating package script '/root/GZ_DiNiu/install/steer_closed_loop/share/steer_closed_loop/package.sh'
[7.713s] INFO:colcon.colcon_core.shell:Creating package script '/root/GZ_DiNiu/install/steer_closed_loop/share/steer_closed_loop/package.bash'
[7.724s] INFO:colcon.colcon_core.shell:Creating package script '/root/GZ_DiNiu/install/steer_closed_loop/share/steer_closed_loop/package.zsh'
[7.730s] Level 1:colcon.colcon_core.environment:create_file_with_runtime_dependencies(/root/GZ_DiNiu/install/steer_closed_loop/share/colcon-core/packages/steer_closed_loop)
[10.211s] DEBUG:colcon.colcon_core.event_handler.log_command:Invoking command in '/root/GZ_DiNiu/src/imu_bno08x': PYTHONPATH=/root/GZ_DiNiu/build/imu_bno08x/prefix_override:/usr/lib/python3/dist-packages/colcon_core/task/python/colcon_distutils_commands:/root/GZ_DiNiu/install/imu_bno08x/lib/python3.10/site-packages:${PYTHONPATH} /usr/bin/python3 -W ignore:setup.py install is deprecated -W ignore:easy_install command is deprecated setup.py egg_info --egg-base ../../build/imu_bno08x build --build-base /root/GZ_DiNiu/build/imu_bno08x/build install --record /root/GZ_DiNiu/build/imu_bno08x/install.log --single-version-externally-managed install_data
[10.461s] DEBUG:colcon.colcon_core.event_handler.log_command:Invoking command in '/root/GZ_DiNiu/src/motor_control_py': PYTHONPATH=/root/GZ_DiNiu/build/motor_control_py/prefix_override:/usr/lib/python3/dist-packages/colcon_core/task/python/colcon_distutils_commands:/root/GZ_DiNiu/install/motor_control_py/lib/python3.10/site-packages:${PYTHONPATH} /usr/bin/python3 -W ignore:setup.py install is deprecated -W ignore:easy_install command is deprecated setup.py egg_info --egg-base ../../build/motor_control_py build --build-base /root/GZ_DiNiu/build/motor_control_py/build install --record /root/GZ_DiNiu/build/motor_control_py/install.log --single-version-externally-managed install_data
[12.719s] Level 1:colcon.colcon_core.environment:checking '/root/GZ_DiNiu/install/motor_control_py' for CMake module files
[12.728s] DEBUG:colcon.colcon_core.event_handler.log_command:Invoked command in '/root/GZ_DiNiu/src/motor_control_py' returned '0': PYTHONPATH=/root/GZ_DiNiu/build/motor_control_py/prefix_override:/usr/lib/python3/dist-packages/colcon_core/task/python/colcon_distutils_commands:/root/GZ_DiNiu/install/motor_control_py/lib/python3.10/site-packages:${PYTHONPATH} /usr/bin/python3 -W ignore:setup.py install is deprecated -W ignore:easy_install command is deprecated setup.py egg_info --egg-base ../../build/motor_control_py build --build-base /root/GZ_DiNiu/build/motor_control_py/build install --record /root/GZ_DiNiu/build/motor_control_py/install.log --single-version-externally-managed install_data
[12.734s] Level 1:colcon.colcon_core.environment:checking '/root/GZ_DiNiu/install/motor_control_py' for CMake config files
[12.742s] Level 1:colcon.colcon_core.environment:checking '/root/GZ_DiNiu/install/motor_control_py/lib'
[12.748s] Level 1:colcon.colcon_core.environment:checking '/root/GZ_DiNiu/install/motor_control_py/bin'
[12.749s] Level 1:colcon.colcon_core.environment:checking '/root/GZ_DiNiu/install/motor_control_py/lib/pkgconfig/motor_control_py.pc'
[12.752s] Level 1:colcon.colcon_core.environment:checking '/root/GZ_DiNiu/install/motor_control_py/lib/python3.10/site-packages'
[12.754s] Level 1:colcon.colcon_core.shell:create_environment_hook('motor_control_py', 'pythonpath')
[12.757s] INFO:colcon.colcon_core.shell:Creating environment hook '/root/GZ_DiNiu/install/motor_control_py/share/motor_control_py/hook/pythonpath.ps1'
[12.763s] INFO:colcon.colcon_core.shell:Creating environment descriptor '/root/GZ_DiNiu/install/motor_control_py/share/motor_control_py/hook/pythonpath.dsv'
[12.772s] INFO:colcon.colcon_core.shell:Creating environment hook '/root/GZ_DiNiu/install/motor_control_py/share/motor_control_py/hook/pythonpath.sh'
[12.780s] Level 1:colcon.colcon_core.environment:checking '/root/GZ_DiNiu/install/motor_control_py/bin'
[12.784s] Level 1:colcon.colcon_core.environment:create_environment_scripts_only(motor_control_py)
[12.787s] INFO:colcon.colcon_core.shell:Creating package script '/root/GZ_DiNiu/install/motor_control_py/share/motor_control_py/package.ps1'
[12.794s] INFO:colcon.colcon_core.shell:Creating package descriptor '/root/GZ_DiNiu/install/motor_control_py/share/motor_control_py/package.dsv'
[12.807s] INFO:colcon.colcon_core.shell:Creating package script '/root/GZ_DiNiu/install/motor_control_py/share/motor_control_py/package.sh'
[12.812s] INFO:colcon.colcon_core.shell:Creating package script '/root/GZ_DiNiu/install/motor_control_py/share/motor_control_py/package.bash'
[12.821s] INFO:colcon.colcon_core.shell:Creating package script '/root/GZ_DiNiu/install/motor_control_py/share/motor_control_py/package.zsh'
[12.826s] Level 1:colcon.colcon_core.environment:create_file_with_runtime_dependencies(/root/GZ_DiNiu/install/motor_control_py/share/colcon-core/packages/motor_control_py)
[12.869s] Level 1:colcon.colcon_core.environment:checking '/root/GZ_DiNiu/install/imu_bno08x' for CMake module files
[12.872s] DEBUG:colcon.colcon_core.event_handler.log_command:Invoked command in '/root/GZ_DiNiu/src/imu_bno08x' returned '0': PYTHONPATH=/root/GZ_DiNiu/build/imu_bno08x/prefix_override:/usr/lib/python3/dist-packages/colcon_core/task/python/colcon_distutils_commands:/root/GZ_DiNiu/install/imu_bno08x/lib/python3.10/site-packages:${PYTHONPATH} /usr/bin/python3 -W ignore:setup.py install is deprecated -W ignore:easy_install command is deprecated setup.py egg_info --egg-base ../../build/imu_bno08x build --build-base /root/GZ_DiNiu/build/imu_bno08x/build install --record /root/GZ_DiNiu/build/imu_bno08x/install.log --single-version-externally-managed install_data
[12.875s] Level 1:colcon.colcon_core.environment:checking '/root/GZ_DiNiu/install/imu_bno08x' for CMake config files
[12.879s] Level 1:colcon.colcon_core.environment:checking '/root/GZ_DiNiu/install/imu_bno08x/lib'
[12.880s] Level 1:colcon.colcon_core.environment:checking '/root/GZ_DiNiu/install/imu_bno08x/bin'
[12.881s] Level 1:colcon.colcon_core.environment:checking '/root/GZ_DiNiu/install/imu_bno08x/lib/pkgconfig/imu_bno08x.pc'
[12.882s] Level 1:colcon.colcon_core.environment:checking '/root/GZ_DiNiu/install/imu_bno08x/lib/python3.10/site-packages'
[12.882s] Level 1:colcon.colcon_core.shell:create_environment_hook('imu_bno08x', 'pythonpath')
[12.883s] INFO:colcon.colcon_core.shell:Creating environment hook '/root/GZ_DiNiu/install/imu_bno08x/share/imu_bno08x/hook/pythonpath.ps1'
[12.886s] INFO:colcon.colcon_core.shell:Creating environment descriptor '/root/GZ_DiNiu/install/imu_bno08x/share/imu_bno08x/hook/pythonpath.dsv'
[12.888s] INFO:colcon.colcon_core.shell:Creating environment hook '/root/GZ_DiNiu/install/imu_bno08x/share/imu_bno08x/hook/pythonpath.sh'
[12.892s] Level 1:colcon.colcon_core.environment:checking '/root/GZ_DiNiu/install/imu_bno08x/bin'
[12.892s] Level 1:colcon.colcon_core.environment:create_environment_scripts_only(imu_bno08x)
[12.894s] INFO:colcon.colcon_core.shell:Creating package script '/root/GZ_DiNiu/install/imu_bno08x/share/imu_bno08x/package.ps1'
[12.897s] INFO:colcon.colcon_core.shell:Creating package descriptor '/root/GZ_DiNiu/install/imu_bno08x/share/imu_bno08x/package.dsv'
[12.900s] INFO:colcon.colcon_core.shell:Creating package script '/root/GZ_DiNiu/install/imu_bno08x/share/imu_bno08x/package.sh'
[12.903s] INFO:colcon.colcon_core.shell:Creating package script '/root/GZ_DiNiu/install/imu_bno08x/share/imu_bno08x/package.bash'
[12.906s] INFO:colcon.colcon_core.shell:Creating package script '/root/GZ_DiNiu/install/imu_bno08x/share/imu_bno08x/package.zsh'
[12.908s] Level 1:colcon.colcon_core.environment:create_file_with_runtime_dependencies(/root/GZ_DiNiu/install/imu_bno08x/share/colcon-core/packages/imu_bno08x)
[12.910s] DEBUG:colcon.colcon_parallel_executor.executor.parallel:closing loop
[12.910s] DEBUG:colcon.colcon_parallel_executor.executor.parallel:loop closed
[12.911s] DEBUG:colcon.colcon_parallel_executor.executor.parallel:run_until_complete finished with '0'
[12.911s] DEBUG:colcon.colcon_core.event_reactor:joining thread
[12.941s] INFO:colcon.colcon_core.plugin_system:Skipping extension 'colcon_notification.desktop_notification.terminal_notifier': Not used on non-Darwin systems
[12.942s] INFO:colcon.colcon_core.plugin_system:Skipping extension 'colcon_notification.desktop_notification.win32': Not used on non-Windows systems
[12.942s] INFO:colcon.colcon_notification.desktop_notification:Sending desktop notification using 'notify2'
[12.947s] DEBUG:colcon.colcon_notification.desktop_notification.notify2:Failed to initialize notify2: org.freedesktop.DBus.Error.ServiceUnknown: The name org.freedesktop.Notifications was not provided by any .service files
[12.948s] DEBUG:colcon.colcon_core.event_reactor:joined thread
[12.949s] INFO:colcon.colcon_core.shell:Creating prefix script '/root/GZ_DiNiu/install/local_setup.ps1'
[12.955s] INFO:colcon.colcon_core.shell:Creating prefix util module '/root/GZ_DiNiu/install/_local_setup_util_ps1.py'
[12.962s] INFO:colcon.colcon_core.shell:Creating prefix chain script '/root/GZ_DiNiu/install/setup.ps1'
[12.968s] INFO:colcon.colcon_core.shell:Creating prefix script '/root/GZ_DiNiu/install/local_setup.sh'
[12.972s] INFO:colcon.colcon_core.shell:Creating prefix util module '/root/GZ_DiNiu/install/_local_setup_util_sh.py'
[12.976s] INFO:colcon.colcon_core.shell:Creating prefix chain script '/root/GZ_DiNiu/install/setup.sh'
[12.982s] INFO:colcon.colcon_core.shell:Creating prefix script '/root/GZ_DiNiu/install/local_setup.bash'
[12.985s] INFO:colcon.colcon_core.shell:Creating prefix chain script '/root/GZ_DiNiu/install/setup.bash'
[12.991s] INFO:colcon.colcon_core.shell:Creating prefix script '/root/GZ_DiNiu/install/local_setup.zsh'
[12.994s] INFO:colcon.colcon_core.shell:Creating prefix chain script '/root/GZ_DiNiu/install/setup.zsh'
