[0.499s] DEBUG:colcon:Command line arguments: ['/usr/bin/colcon', 'build']
[0.500s] DEBUG:colcon:Parsed command line arguments: Namespace(log_base=None, log_level=None, verb_name='build', build_base='build', install_base='install', merge_install=False, symlink_install=False, test_result_base=None, continue_on_error=False, executor='parallel', parallel_workers=4, event_handlers=None, ignore_user_meta=False, metas=['./colcon.meta'], base_paths=['.'], packages_ignore=None, packages_ignore_regex=None, paths=None, packages_up_to=None, packages_up_to_regex=None, packages_above=None, packages_above_and_dependencies=None, packages_above_depth=None, packages_select_by_dep=None, packages_skip_by_dep=None, packages_skip_up_to=None, packages_select_build_failed=False, packages_skip_build_finished=False, packages_select_test_failures=False, packages_skip_test_passed=False, packages_select=None, packages_skip=None, packages_select_regex=None, packages_skip_regex=None, packages_start=None, packages_end=None, allow_overriding=[], cmake_args=None, cmake_target=None, cmake_target_skip_unavailable=False, cmake_clean_cache=False, cmake_clean_first=False, cmake_force_configure=False, ament_cmake_args=None, catkin_cmake_args=None, catkin_skip_building_tests=False, verb_parser=<colcon_defaults.argument_parser.defaults.DefaultArgumentsDecorator object at 0xffffba443460>, verb_extension=<colcon_core.verb.build.BuildVerb object at 0xffffba62c850>, main=<bound method BuildVerb.main of <colcon_core.verb.build.BuildVerb object at 0xffffba62c850>>)
[1.446s] Level 1:colcon.colcon_core.package_discovery:discover_packages(colcon_meta) check parameters
[1.446s] Level 1:colcon.colcon_core.package_discovery:discover_packages(recursive) check parameters
[1.447s] Level 1:colcon.colcon_core.package_discovery:discover_packages(ignore) check parameters
[1.447s] Level 1:colcon.colcon_core.package_discovery:discover_packages(path) check parameters
[1.447s] Level 1:colcon.colcon_core.package_discovery:discover_packages(colcon_meta) discover
[1.448s] Level 1:colcon.colcon_core.package_discovery:discover_packages(recursive) discover
[1.448s] INFO:colcon.colcon_core.package_discovery:Crawling recursively for packages in '/home/y/GZ_DiNiu'
[1.448s] Level 1:colcon.colcon_core.package_identification:_identify(.) by extensions ['ignore', 'ignore_ament_install']
[1.449s] Level 1:colcon.colcon_core.package_identification:_identify(.) by extension 'ignore'
[1.449s] Level 1:colcon.colcon_core.package_identification:_identify(.) by extension 'ignore_ament_install'
[1.449s] Level 1:colcon.colcon_core.package_identification:_identify(.) by extensions ['colcon_pkg']
[1.449s] Level 1:colcon.colcon_core.package_identification:_identify(.) by extension 'colcon_pkg'
[1.450s] Level 1:colcon.colcon_core.package_identification:_identify(.) by extensions ['colcon_meta']
[1.450s] Level 1:colcon.colcon_core.package_identification:_identify(.) by extension 'colcon_meta'
[1.450s] Level 1:colcon.colcon_core.package_identification:_identify(.) by extensions ['ros']
[1.451s] Level 1:colcon.colcon_core.package_identification:_identify(.) by extension 'ros'
[1.501s] Level 1:colcon.colcon_core.package_identification:_identify(.) by extensions ['cmake', 'python']
[1.502s] Level 1:colcon.colcon_core.package_identification:_identify(.) by extension 'cmake'
[1.502s] Level 1:colcon.colcon_core.package_identification:_identify(.) by extension 'python'
[1.502s] Level 1:colcon.colcon_core.package_identification:_identify(.) by extensions ['python_setup_py']
[1.502s] Level 1:colcon.colcon_core.package_identification:_identify(.) by extension 'python_setup_py'
[1.503s] Level 1:colcon.colcon_core.package_identification:_identify(build) by extensions ['ignore', 'ignore_ament_install']
[1.503s] Level 1:colcon.colcon_core.package_identification:_identify(build) by extension 'ignore'
[1.503s] Level 1:colcon.colcon_core.package_identification:_identify(build) ignored
[1.504s] Level 1:colcon.colcon_core.package_identification:_identify(install) by extensions ['ignore', 'ignore_ament_install']
[1.504s] Level 1:colcon.colcon_core.package_identification:_identify(install) by extension 'ignore'
[1.505s] Level 1:colcon.colcon_core.package_identification:_identify(install) ignored
[1.505s] Level 1:colcon.colcon_core.package_identification:_identify(log) by extensions ['ignore', 'ignore_ament_install']
[1.506s] Level 1:colcon.colcon_core.package_identification:_identify(log) by extension 'ignore'
[1.506s] Level 1:colcon.colcon_core.package_identification:_identify(log) ignored
[1.506s] Level 1:colcon.colcon_core.package_identification:_identify(src) by extensions ['ignore', 'ignore_ament_install']
[1.507s] Level 1:colcon.colcon_core.package_identification:_identify(src) by extension 'ignore'
[1.507s] Level 1:colcon.colcon_core.package_identification:_identify(src) by extension 'ignore_ament_install'
[1.508s] Level 1:colcon.colcon_core.package_identification:_identify(src) by extensions ['colcon_pkg']
[1.508s] Level 1:colcon.colcon_core.package_identification:_identify(src) by extension 'colcon_pkg'
[1.508s] Level 1:colcon.colcon_core.package_identification:_identify(src) by extensions ['colcon_meta']
[1.508s] Level 1:colcon.colcon_core.package_identification:_identify(src) by extension 'colcon_meta'
[1.508s] Level 1:colcon.colcon_core.package_identification:_identify(src) by extensions ['ros']
[1.508s] Level 1:colcon.colcon_core.package_identification:_identify(src) by extension 'ros'
[1.509s] Level 1:colcon.colcon_core.package_identification:_identify(src) by extensions ['cmake', 'python']
[1.509s] Level 1:colcon.colcon_core.package_identification:_identify(src) by extension 'cmake'
[1.509s] Level 1:colcon.colcon_core.package_identification:_identify(src) by extension 'python'
[1.510s] Level 1:colcon.colcon_core.package_identification:_identify(src) by extensions ['python_setup_py']
[1.510s] Level 1:colcon.colcon_core.package_identification:_identify(src) by extension 'python_setup_py'
[1.511s] Level 1:colcon.colcon_core.package_identification:_identify(src/encoder_vel) by extensions ['ignore', 'ignore_ament_install']
[1.511s] Level 1:colcon.colcon_core.package_identification:_identify(src/encoder_vel) by extension 'ignore'
[1.511s] Level 1:colcon.colcon_core.package_identification:_identify(src/encoder_vel) by extension 'ignore_ament_install'
[1.512s] Level 1:colcon.colcon_core.package_identification:_identify(src/encoder_vel) by extensions ['colcon_pkg']
[1.512s] Level 1:colcon.colcon_core.package_identification:_identify(src/encoder_vel) by extension 'colcon_pkg'
[1.512s] Level 1:colcon.colcon_core.package_identification:_identify(src/encoder_vel) by extensions ['colcon_meta']
[1.512s] Level 1:colcon.colcon_core.package_identification:_identify(src/encoder_vel) by extension 'colcon_meta'
[1.512s] Level 1:colcon.colcon_core.package_identification:_identify(src/encoder_vel) by extensions ['ros']
[1.513s] Level 1:colcon.colcon_core.package_identification:_identify(src/encoder_vel) by extension 'ros'
[1.523s] DEBUG:colcon.colcon_core.package_identification:Package 'src/encoder_vel' with type 'ros.ament_cmake' and name 'encoder_vel'
[1.524s] Level 1:colcon.colcon_core.package_identification:_identify(src/motor_control_py) by extensions ['ignore', 'ignore_ament_install']
[1.524s] Level 1:colcon.colcon_core.package_identification:_identify(src/motor_control_py) by extension 'ignore'
[1.525s] Level 1:colcon.colcon_core.package_identification:_identify(src/motor_control_py) by extension 'ignore_ament_install'
[1.525s] Level 1:colcon.colcon_core.package_identification:_identify(src/motor_control_py) by extensions ['colcon_pkg']
[1.525s] Level 1:colcon.colcon_core.package_identification:_identify(src/motor_control_py) by extension 'colcon_pkg'
[1.526s] Level 1:colcon.colcon_core.package_identification:_identify(src/motor_control_py) by extensions ['colcon_meta']
[1.526s] Level 1:colcon.colcon_core.package_identification:_identify(src/motor_control_py) by extension 'colcon_meta'
[1.526s] Level 1:colcon.colcon_core.package_identification:_identify(src/motor_control_py) by extensions ['ros']
[1.527s] Level 1:colcon.colcon_core.package_identification:_identify(src/motor_control_py) by extension 'ros'
[1.529s] DEBUG:colcon.colcon_core.package_identification:Package 'src/motor_control_py' with type 'ros.ament_python' and name 'motor_control_py'
[1.530s] Level 1:colcon.colcon_core.package_discovery:discover_packages(recursive) using defaults
[1.530s] Level 1:colcon.colcon_core.package_discovery:discover_packages(ignore) discover
[1.530s] Level 1:colcon.colcon_core.package_discovery:discover_packages(ignore) using defaults
[1.530s] Level 1:colcon.colcon_core.package_discovery:discover_packages(path) discover
[1.530s] Level 1:colcon.colcon_core.package_discovery:discover_packages(path) using defaults
[1.611s] Level 1:colcon.colcon_core.package_discovery:discover_packages(prefix_path) check parameters
[1.611s] Level 1:colcon.colcon_core.package_discovery:discover_packages(prefix_path) discover
[1.625s] DEBUG:colcon.colcon_installed_package_information.package_discovery:Found 2 installed packages in /home/y/GZ_DiNiu/install
[1.634s] DEBUG:colcon.colcon_installed_package_information.package_discovery:Found 272 installed packages in /opt/ros/humble
[1.680s] Level 1:colcon.colcon_core.package_discovery:discover_packages(prefix_path) using defaults
[1.875s] Level 5:colcon.colcon_core.verb:set package 'encoder_vel' build argument 'cmake_args' from command line to 'None'
[1.875s] Level 5:colcon.colcon_core.verb:set package 'encoder_vel' build argument 'cmake_target' from command line to 'None'
[1.875s] Level 5:colcon.colcon_core.verb:set package 'encoder_vel' build argument 'cmake_target_skip_unavailable' from command line to 'False'
[1.875s] Level 5:colcon.colcon_core.verb:set package 'encoder_vel' build argument 'cmake_clean_cache' from command line to 'False'
[1.875s] Level 5:colcon.colcon_core.verb:set package 'encoder_vel' build argument 'cmake_clean_first' from command line to 'False'
[1.876s] Level 5:colcon.colcon_core.verb:set package 'encoder_vel' build argument 'cmake_force_configure' from command line to 'False'
[1.876s] Level 5:colcon.colcon_core.verb:set package 'encoder_vel' build argument 'ament_cmake_args' from command line to 'None'
[1.876s] Level 5:colcon.colcon_core.verb:set package 'encoder_vel' build argument 'catkin_cmake_args' from command line to 'None'
[1.876s] Level 5:colcon.colcon_core.verb:set package 'encoder_vel' build argument 'catkin_skip_building_tests' from command line to 'False'
[1.876s] DEBUG:colcon.colcon_core.verb:Building package 'encoder_vel' with the following arguments: {'ament_cmake_args': None, 'build_base': '/home/y/GZ_DiNiu/build/encoder_vel', 'catkin_cmake_args': None, 'catkin_skip_building_tests': False, 'cmake_args': None, 'cmake_clean_cache': False, 'cmake_clean_first': False, 'cmake_force_configure': False, 'cmake_target': None, 'cmake_target_skip_unavailable': False, 'install_base': '/home/y/GZ_DiNiu/install/encoder_vel', 'merge_install': False, 'path': '/home/y/GZ_DiNiu/src/encoder_vel', 'symlink_install': False, 'test_result_base': None}
[1.878s] Level 5:colcon.colcon_core.verb:set package 'motor_control_py' build argument 'cmake_args' from command line to 'None'
[1.878s] Level 5:colcon.colcon_core.verb:set package 'motor_control_py' build argument 'cmake_target' from command line to 'None'
[1.878s] Level 5:colcon.colcon_core.verb:set package 'motor_control_py' build argument 'cmake_target_skip_unavailable' from command line to 'False'
[1.878s] Level 5:colcon.colcon_core.verb:set package 'motor_control_py' build argument 'cmake_clean_cache' from command line to 'False'
[1.879s] Level 5:colcon.colcon_core.verb:set package 'motor_control_py' build argument 'cmake_clean_first' from command line to 'False'
[1.879s] Level 5:colcon.colcon_core.verb:set package 'motor_control_py' build argument 'cmake_force_configure' from command line to 'False'
[1.879s] Level 5:colcon.colcon_core.verb:set package 'motor_control_py' build argument 'ament_cmake_args' from command line to 'None'
[1.879s] Level 5:colcon.colcon_core.verb:set package 'motor_control_py' build argument 'catkin_cmake_args' from command line to 'None'
[1.879s] Level 5:colcon.colcon_core.verb:set package 'motor_control_py' build argument 'catkin_skip_building_tests' from command line to 'False'
[1.879s] DEBUG:colcon.colcon_core.verb:Building package 'motor_control_py' with the following arguments: {'ament_cmake_args': None, 'build_base': '/home/y/GZ_DiNiu/build/motor_control_py', 'catkin_cmake_args': None, 'catkin_skip_building_tests': False, 'cmake_args': None, 'cmake_clean_cache': False, 'cmake_clean_first': False, 'cmake_force_configure': False, 'cmake_target': None, 'cmake_target_skip_unavailable': False, 'install_base': '/home/y/GZ_DiNiu/install/motor_control_py', 'merge_install': False, 'path': '/home/y/GZ_DiNiu/src/motor_control_py', 'symlink_install': False, 'test_result_base': None}
[1.880s] INFO:colcon.colcon_core.executor:Executing jobs using 'parallel' executor
[1.883s] DEBUG:colcon.colcon_parallel_executor.executor.parallel:run_until_complete
[1.884s] INFO:colcon.colcon_ros.task.ament_cmake.build:Building ROS package in '/home/y/GZ_DiNiu/src/encoder_vel' with build type 'ament_cmake'
[1.885s] INFO:colcon.colcon_cmake.task.cmake.build:Building CMake package in '/home/y/GZ_DiNiu/src/encoder_vel'
[1.895s] INFO:colcon.colcon_core.plugin_system:Skipping extension 'colcon_core.shell.bat': Not used on non-Windows systems
[1.897s] INFO:colcon.colcon_core.shell:Skip shell extension 'powershell' for command environment: Not usable outside of PowerShell
[1.897s] DEBUG:colcon.colcon_core.shell:Skip shell extension 'dsv' for command environment
[1.916s] INFO:colcon.colcon_ros.task.ament_python.build:Building ROS package in '/home/y/GZ_DiNiu/src/motor_control_py' with build type 'ament_python'
[1.918s] Level 1:colcon.colcon_core.shell:create_environment_hook('motor_control_py', 'ament_prefix_path')
[1.919s] INFO:colcon.colcon_core.shell:Creating environment hook '/home/y/GZ_DiNiu/install/motor_control_py/share/motor_control_py/hook/ament_prefix_path.ps1'
[1.923s] INFO:colcon.colcon_core.shell:Creating environment descriptor '/home/y/GZ_DiNiu/install/motor_control_py/share/motor_control_py/hook/ament_prefix_path.dsv'
[1.926s] INFO:colcon.colcon_core.shell:Creating environment hook '/home/y/GZ_DiNiu/install/motor_control_py/share/motor_control_py/hook/ament_prefix_path.sh'
[1.930s] INFO:colcon.colcon_core.shell:Skip shell extension 'powershell' for command environment: Not usable outside of PowerShell
[1.931s] DEBUG:colcon.colcon_core.shell:Skip shell extension 'dsv' for command environment
[1.965s] DEBUG:colcon.colcon_core.event_handler.log_command:Invoking command in '/home/y/GZ_DiNiu/build/encoder_vel': CMAKE_PREFIX_PATH=${CMAKE_PREFIX_PATH}:/home/y/GZ_DiNiu/install/motor_control_py:/opt/ros/humble /usr/bin/cmake --build /home/y/GZ_DiNiu/build/encoder_vel -- -j4 -l4
[3.391s] INFO:colcon.colcon_core.task.python.build:Building Python package in '/home/y/GZ_DiNiu/src/motor_control_py'
[3.392s] INFO:colcon.colcon_core.shell:Skip shell extension 'powershell' for command environment: Not usable outside of PowerShell
[3.393s] DEBUG:colcon.colcon_core.shell:Skip shell extension 'dsv' for command environment
[3.417s] DEBUG:colcon.colcon_core.event_handler.log_command:Invoked command in '/home/y/GZ_DiNiu/build/encoder_vel' returned '0': CMAKE_PREFIX_PATH=${CMAKE_PREFIX_PATH}:/home/y/GZ_DiNiu/install/motor_control_py:/opt/ros/humble /usr/bin/cmake --build /home/y/GZ_DiNiu/build/encoder_vel -- -j4 -l4
[3.462s] DEBUG:colcon.colcon_core.event_handler.log_command:Invoking command in '/home/y/GZ_DiNiu/build/encoder_vel': CMAKE_PREFIX_PATH=${CMAKE_PREFIX_PATH}:/home/y/GZ_DiNiu/install/motor_control_py:/opt/ros/humble /usr/bin/cmake --install /home/y/GZ_DiNiu/build/encoder_vel
[3.512s] Level 1:colcon.colcon_core.environment:create_environment_scripts_only(encoder_vel)
[3.522s] DEBUG:colcon.colcon_core.event_handler.log_command:Invoked command in '/home/y/GZ_DiNiu/build/encoder_vel' returned '0': CMAKE_PREFIX_PATH=${CMAKE_PREFIX_PATH}:/home/y/GZ_DiNiu/install/motor_control_py:/opt/ros/humble /usr/bin/cmake --install /home/y/GZ_DiNiu/build/encoder_vel
[3.532s] Level 1:colcon.colcon_core.environment:checking '/home/y/GZ_DiNiu/install/encoder_vel' for CMake module files
[3.537s] Level 1:colcon.colcon_core.environment:checking '/home/y/GZ_DiNiu/install/encoder_vel' for CMake config files
[3.540s] Level 1:colcon.colcon_core.shell:create_environment_hook('encoder_vel', 'cmake_prefix_path')
[3.541s] INFO:colcon.colcon_core.shell:Creating environment hook '/home/y/GZ_DiNiu/install/encoder_vel/share/encoder_vel/hook/cmake_prefix_path.ps1'
[3.546s] INFO:colcon.colcon_core.shell:Creating environment descriptor '/home/y/GZ_DiNiu/install/encoder_vel/share/encoder_vel/hook/cmake_prefix_path.dsv'
[3.549s] INFO:colcon.colcon_core.shell:Creating environment hook '/home/y/GZ_DiNiu/install/encoder_vel/share/encoder_vel/hook/cmake_prefix_path.sh'
[3.554s] Level 1:colcon.colcon_core.environment:checking '/home/y/GZ_DiNiu/install/encoder_vel/lib'
[3.555s] Level 1:colcon.colcon_core.environment:checking '/home/y/GZ_DiNiu/install/encoder_vel/bin'
[3.555s] Level 1:colcon.colcon_core.environment:checking '/home/y/GZ_DiNiu/install/encoder_vel/lib/pkgconfig/encoder_vel.pc'
[3.557s] Level 1:colcon.colcon_core.environment:checking '/home/y/GZ_DiNiu/install/encoder_vel/lib/python3.10/site-packages'
[3.558s] Level 1:colcon.colcon_core.environment:checking '/home/y/GZ_DiNiu/install/encoder_vel/bin'
[3.560s] INFO:colcon.colcon_core.shell:Creating package script '/home/y/GZ_DiNiu/install/encoder_vel/share/encoder_vel/package.ps1'
[3.564s] INFO:colcon.colcon_core.shell:Creating package descriptor '/home/y/GZ_DiNiu/install/encoder_vel/share/encoder_vel/package.dsv'
[3.569s] INFO:colcon.colcon_core.shell:Creating package script '/home/y/GZ_DiNiu/install/encoder_vel/share/encoder_vel/package.sh'
[3.572s] INFO:colcon.colcon_core.shell:Creating package script '/home/y/GZ_DiNiu/install/encoder_vel/share/encoder_vel/package.bash'
[3.576s] INFO:colcon.colcon_core.shell:Creating package script '/home/y/GZ_DiNiu/install/encoder_vel/share/encoder_vel/package.zsh'
[3.580s] Level 1:colcon.colcon_core.environment:create_file_with_runtime_dependencies(/home/y/GZ_DiNiu/install/encoder_vel/share/colcon-core/packages/encoder_vel)
[3.583s] Level 1:colcon.colcon_core.environment:create_environment_scripts_only(encoder_vel)
[3.584s] Level 1:colcon.colcon_core.environment:checking '/home/y/GZ_DiNiu/install/encoder_vel' for CMake module files
[3.587s] Level 1:colcon.colcon_core.environment:checking '/home/y/GZ_DiNiu/install/encoder_vel' for CMake config files
[3.589s] Level 1:colcon.colcon_core.shell:create_environment_hook('encoder_vel', 'cmake_prefix_path')
[3.591s] INFO:colcon.colcon_core.shell:Creating environment hook '/home/y/GZ_DiNiu/install/encoder_vel/share/encoder_vel/hook/cmake_prefix_path.ps1'
[3.594s] INFO:colcon.colcon_core.shell:Creating environment descriptor '/home/y/GZ_DiNiu/install/encoder_vel/share/encoder_vel/hook/cmake_prefix_path.dsv'
[3.598s] INFO:colcon.colcon_core.shell:Creating environment hook '/home/y/GZ_DiNiu/install/encoder_vel/share/encoder_vel/hook/cmake_prefix_path.sh'
[3.604s] Level 1:colcon.colcon_core.environment:checking '/home/y/GZ_DiNiu/install/encoder_vel/lib'
[3.604s] Level 1:colcon.colcon_core.environment:checking '/home/y/GZ_DiNiu/install/encoder_vel/bin'
[3.605s] Level 1:colcon.colcon_core.environment:checking '/home/y/GZ_DiNiu/install/encoder_vel/lib/pkgconfig/encoder_vel.pc'
[3.606s] Level 1:colcon.colcon_core.environment:checking '/home/y/GZ_DiNiu/install/encoder_vel/lib/python3.10/site-packages'
[3.611s] Level 1:colcon.colcon_core.environment:checking '/home/y/GZ_DiNiu/install/encoder_vel/bin'
[3.613s] INFO:colcon.colcon_core.shell:Creating package script '/home/y/GZ_DiNiu/install/encoder_vel/share/encoder_vel/package.ps1'
[3.616s] INFO:colcon.colcon_core.shell:Creating package descriptor '/home/y/GZ_DiNiu/install/encoder_vel/share/encoder_vel/package.dsv'
[3.619s] INFO:colcon.colcon_core.shell:Creating package script '/home/y/GZ_DiNiu/install/encoder_vel/share/encoder_vel/package.sh'
[3.622s] INFO:colcon.colcon_core.shell:Creating package script '/home/y/GZ_DiNiu/install/encoder_vel/share/encoder_vel/package.bash'
[3.625s] INFO:colcon.colcon_core.shell:Creating package script '/home/y/GZ_DiNiu/install/encoder_vel/share/encoder_vel/package.zsh'
[3.628s] Level 1:colcon.colcon_core.environment:create_file_with_runtime_dependencies(/home/y/GZ_DiNiu/install/encoder_vel/share/colcon-core/packages/encoder_vel)
[5.168s] DEBUG:colcon.colcon_core.event_handler.log_command:Invoking command in '/home/y/GZ_DiNiu/src/motor_control_py': PYTHONPATH=/home/y/GZ_DiNiu/build/motor_control_py/prefix_override:/usr/lib/python3/dist-packages/colcon_core/task/python/colcon_distutils_commands:/home/y/GZ_DiNiu/install/motor_control_py/lib/python3.10/site-packages:${PYTHONPATH} /usr/bin/python3 -W ignore:setup.py install is deprecated -W ignore:easy_install command is deprecated setup.py egg_info --egg-base ../../build/motor_control_py build --build-base /home/y/GZ_DiNiu/build/motor_control_py/build install --record /home/y/GZ_DiNiu/build/motor_control_py/install.log --single-version-externally-managed install_data
[6.669s] Level 1:colcon.colcon_core.environment:checking '/home/y/GZ_DiNiu/install/motor_control_py' for CMake module files
[6.673s] DEBUG:colcon.colcon_core.event_handler.log_command:Invoked command in '/home/y/GZ_DiNiu/src/motor_control_py' returned '0': PYTHONPATH=/home/y/GZ_DiNiu/build/motor_control_py/prefix_override:/usr/lib/python3/dist-packages/colcon_core/task/python/colcon_distutils_commands:/home/y/GZ_DiNiu/install/motor_control_py/lib/python3.10/site-packages:${PYTHONPATH} /usr/bin/python3 -W ignore:setup.py install is deprecated -W ignore:easy_install command is deprecated setup.py egg_info --egg-base ../../build/motor_control_py build --build-base /home/y/GZ_DiNiu/build/motor_control_py/build install --record /home/y/GZ_DiNiu/build/motor_control_py/install.log --single-version-externally-managed install_data
[6.673s] Level 1:colcon.colcon_core.environment:checking '/home/y/GZ_DiNiu/install/motor_control_py' for CMake config files
[6.678s] Level 1:colcon.colcon_core.environment:checking '/home/y/GZ_DiNiu/install/motor_control_py/lib'
[6.679s] Level 1:colcon.colcon_core.environment:checking '/home/y/GZ_DiNiu/install/motor_control_py/bin'
[6.679s] Level 1:colcon.colcon_core.environment:checking '/home/y/GZ_DiNiu/install/motor_control_py/lib/pkgconfig/motor_control_py.pc'
[6.680s] Level 1:colcon.colcon_core.environment:checking '/home/y/GZ_DiNiu/install/motor_control_py/lib/python3.10/site-packages'
[6.681s] Level 1:colcon.colcon_core.shell:create_environment_hook('motor_control_py', 'pythonpath')
[6.682s] INFO:colcon.colcon_core.shell:Creating environment hook '/home/y/GZ_DiNiu/install/motor_control_py/share/motor_control_py/hook/pythonpath.ps1'
[6.684s] INFO:colcon.colcon_core.shell:Creating environment descriptor '/home/y/GZ_DiNiu/install/motor_control_py/share/motor_control_py/hook/pythonpath.dsv'
[6.686s] INFO:colcon.colcon_core.shell:Creating environment hook '/home/y/GZ_DiNiu/install/motor_control_py/share/motor_control_py/hook/pythonpath.sh'
[6.691s] Level 1:colcon.colcon_core.environment:checking '/home/y/GZ_DiNiu/install/motor_control_py/bin'
[6.692s] Level 1:colcon.colcon_core.environment:create_environment_scripts_only(motor_control_py)
[6.693s] INFO:colcon.colcon_core.shell:Creating package script '/home/y/GZ_DiNiu/install/motor_control_py/share/motor_control_py/package.ps1'
[6.696s] INFO:colcon.colcon_core.shell:Creating package descriptor '/home/y/GZ_DiNiu/install/motor_control_py/share/motor_control_py/package.dsv'
[6.699s] INFO:colcon.colcon_core.shell:Creating package script '/home/y/GZ_DiNiu/install/motor_control_py/share/motor_control_py/package.sh'
[6.701s] INFO:colcon.colcon_core.shell:Creating package script '/home/y/GZ_DiNiu/install/motor_control_py/share/motor_control_py/package.bash'
[6.703s] INFO:colcon.colcon_core.shell:Creating package script '/home/y/GZ_DiNiu/install/motor_control_py/share/motor_control_py/package.zsh'
[6.706s] Level 1:colcon.colcon_core.environment:create_file_with_runtime_dependencies(/home/y/GZ_DiNiu/install/motor_control_py/share/colcon-core/packages/motor_control_py)
[6.707s] DEBUG:colcon.colcon_parallel_executor.executor.parallel:closing loop
[6.709s] DEBUG:colcon.colcon_parallel_executor.executor.parallel:loop closed
[6.709s] DEBUG:colcon.colcon_parallel_executor.executor.parallel:run_until_complete finished with '0'
[6.709s] DEBUG:colcon.colcon_core.event_reactor:joining thread
[6.735s] INFO:colcon.colcon_core.plugin_system:Skipping extension 'colcon_notification.desktop_notification.terminal_notifier': Not used on non-Darwin systems
[6.735s] INFO:colcon.colcon_core.plugin_system:Skipping extension 'colcon_notification.desktop_notification.win32': Not used on non-Windows systems
[6.736s] INFO:colcon.colcon_notification.desktop_notification:Sending desktop notification using 'notify2'
[6.741s] DEBUG:colcon.colcon_notification.desktop_notification.notify2:Failed to initialize notify2: org.freedesktop.DBus.Error.ServiceUnknown: The name org.freedesktop.Notifications was not provided by any .service files
[6.742s] DEBUG:colcon.colcon_core.event_reactor:joined thread
[6.743s] INFO:colcon.colcon_core.shell:Creating prefix script '/home/y/GZ_DiNiu/install/local_setup.ps1'
[6.748s] INFO:colcon.colcon_core.shell:Creating prefix util module '/home/y/GZ_DiNiu/install/_local_setup_util_ps1.py'
[6.755s] INFO:colcon.colcon_core.shell:Creating prefix chain script '/home/y/GZ_DiNiu/install/setup.ps1'
[6.761s] INFO:colcon.colcon_core.shell:Creating prefix script '/home/y/GZ_DiNiu/install/local_setup.sh'
[6.763s] INFO:colcon.colcon_core.shell:Creating prefix util module '/home/y/GZ_DiNiu/install/_local_setup_util_sh.py'
[6.766s] INFO:colcon.colcon_core.shell:Creating prefix chain script '/home/y/GZ_DiNiu/install/setup.sh'
[6.772s] INFO:colcon.colcon_core.shell:Creating prefix script '/home/y/GZ_DiNiu/install/local_setup.bash'
[6.775s] INFO:colcon.colcon_core.shell:Creating prefix chain script '/home/y/GZ_DiNiu/install/setup.bash'
[6.780s] INFO:colcon.colcon_core.shell:Creating prefix script '/home/y/GZ_DiNiu/install/local_setup.zsh'
[6.782s] INFO:colcon.colcon_core.shell:Creating prefix chain script '/home/y/GZ_DiNiu/install/setup.zsh'
