[3.762s] Invoking command in '/root/GZ_DiNiu/build/steer_closed_loop': CMAKE_PREFIX_PATH=${CMAKE_PREFIX_PATH}:/root/GZ_DiNiu/install/motor_control_py:/root/GZ_DiNiu/install/imu_bno08x:/opt/ros/humble /usr/bin/cmake --build /root/GZ_DiNiu/build/steer_closed_loop -- -j4 -l4
[4.235s] [100%] Built target steer_closed_loop_node
[4.314s] Invoked command in '/root/GZ_DiNiu/build/steer_closed_loop' returned '0': CMAKE_PREFIX_PATH=${CMAKE_PREFIX_PATH}:/root/GZ_DiNiu/install/motor_control_py:/root/GZ_DiNiu/install/imu_bno08x:/opt/ros/humble /usr/bin/cmake --build /root/GZ_DiNiu/build/steer_closed_loop -- -j4 -l4
[4.332s] Invoking command in '/root/GZ_DiNiu/build/steer_closed_loop': CMAKE_PREFIX_PATH=${CMAKE_PREFIX_PATH}:/root/GZ_DiNiu/install/motor_control_py:/root/GZ_DiNiu/install/imu_bno08x:/opt/ros/humble /usr/bin/cmake --install /root/GZ_DiNiu/build/steer_closed_loop
[4.461s] -- Install configuration: ""
[4.474s] -- Up-to-date: /root/GZ_DiNiu/install/steer_closed_loop/lib/steer_closed_loop/steer_closed_loop_node
[4.484s] -- Up-to-date: /root/GZ_DiNiu/install/steer_closed_loop/share/ament_index/resource_index/package_run_dependencies/steer_closed_loop
[4.501s] -- Up-to-date: /root/GZ_DiNiu/install/steer_closed_loop/share/ament_index/resource_index/parent_prefix_path/steer_closed_loop
[4.501s] -- Up-to-date: /root/GZ_DiNiu/install/steer_closed_loop/share/steer_closed_loop/environment/ament_prefix_path.sh
[4.506s] -- Up-to-date: /root/GZ_DiNiu/install/steer_closed_loop/share/steer_closed_loop/environment/ament_prefix_path.dsv
[4.507s] -- Up-to-date: /root/GZ_DiNiu/install/steer_closed_loop/share/steer_closed_loop/environment/path.sh
[4.508s] -- Up-to-date: /root/GZ_DiNiu/install/steer_closed_loop/share/steer_closed_loop/environment/path.dsv
[4.509s] -- Up-to-date: /root/GZ_DiNiu/install/steer_closed_loop/share/steer_closed_loop/local_setup.bash
[4.512s] -- Up-to-date: /root/GZ_DiNiu/install/steer_closed_loop/share/steer_closed_loop/local_setup.sh
[4.525s] -- Up-to-date: /root/GZ_DiNiu/install/steer_closed_loop/share/steer_closed_loop/local_setup.zsh
[4.526s] -- Up-to-date: /root/GZ_DiNiu/install/steer_closed_loop/share/steer_closed_loop/local_setup.dsv
[4.527s] -- Installing: /root/GZ_DiNiu/install/steer_closed_loop/share/steer_closed_loop/package.dsv
[4.528s] -- Up-to-date: /root/GZ_DiNiu/install/steer_closed_loop/share/ament_index/resource_index/packages/steer_closed_loop
[4.529s] -- Up-to-date: /root/GZ_DiNiu/install/steer_closed_loop/share/steer_closed_loop/cmake/steer_closed_loopConfig.cmake
[4.530s] -- Up-to-date: /root/GZ_DiNiu/install/steer_closed_loop/share/steer_closed_loop/cmake/steer_closed_loopConfig-version.cmake
[4.531s] -- Up-to-date: /root/GZ_DiNiu/install/steer_closed_loop/share/steer_closed_loop/package.xml
[4.532s] Invoked command in '/root/GZ_DiNiu/build/steer_closed_loop' returned '0': CMAKE_PREFIX_PATH=${CMAKE_PREFIX_PATH}:/root/GZ_DiNiu/install/motor_control_py:/root/GZ_DiNiu/install/imu_bno08x:/opt/ros/humble /usr/bin/cmake --install /root/GZ_DiNiu/build/steer_closed_loop
