[2.829s] Invoking command in '/home/y/GZ_DiNiu/src/motor_control_py': PYTHONPATH=/home/y/GZ_DiNiu/build/motor_control_py/prefix_override:/usr/lib/python3/dist-packages/colcon_core/task/python/colcon_distutils_commands:/home/y/GZ_DiNiu/install/motor_control_py/lib/python3.10/site-packages:${PYTHONPATH} /usr/bin/python3 -W ignore:setup.py install is deprecated -W ignore:easy_install command is deprecated setup.py egg_info --egg-base ../../build/motor_control_py build --build-base /home/y/GZ_DiNiu/build/motor_control_py/build install --record /home/y/GZ_DiNiu/build/motor_control_py/install.log --single-version-externally-managed install_data
[3.955s] running egg_info
[3.959s] writing ../../build/motor_control_py/motor_control_py.egg-info/PKG-INFO
[3.960s] writing dependency_links to ../../build/motor_control_py/motor_control_py.egg-info/dependency_links.txt
[3.961s] writing entry points to ../../build/motor_control_py/motor_control_py.egg-info/entry_points.txt
[3.962s] writing requirements to ../../build/motor_control_py/motor_control_py.egg-info/requires.txt
[3.963s] writing top-level names to ../../build/motor_control_py/motor_control_py.egg-info/top_level.txt
[3.970s] reading manifest file '../../build/motor_control_py/motor_control_py.egg-info/SOURCES.txt'
[3.974s] writing manifest file '../../build/motor_control_py/motor_control_py.egg-info/SOURCES.txt'
[3.975s] running build
[3.975s] running build_py
[3.976s] copying motor_control_py/motor_control_node.py -> /home/y/GZ_DiNiu/build/motor_control_py/build/lib/motor_control_py
[3.977s] running install
[3.978s] running install_lib
[3.982s] copying /home/y/GZ_DiNiu/build/motor_control_py/build/lib/motor_control_py/motor_control_node.py -> /home/y/GZ_DiNiu/install/motor_control_py/lib/python3.10/site-packages/motor_control_py
[3.984s] byte-compiling /home/y/GZ_DiNiu/install/motor_control_py/lib/python3.10/site-packages/motor_control_py/motor_control_node.py to motor_control_node.cpython-310.pyc
[3.990s] running install_data
[3.991s] running install_egg_info
[3.999s] removing '/home/y/GZ_DiNiu/install/motor_control_py/lib/python3.10/site-packages/motor_control_py-0.0.1-py3.10.egg-info' (and everything under it)
[4.000s] Copying ../../build/motor_control_py/motor_control_py.egg-info to /home/y/GZ_DiNiu/install/motor_control_py/lib/python3.10/site-packages/motor_control_py-0.0.1-py3.10.egg-info
[4.008s] running install_scripts
[4.090s] Installing motor_control_node script to /home/y/GZ_DiNiu/install/motor_control_py/lib/motor_control_py
[4.092s] writing list of installed files to '/home/y/GZ_DiNiu/build/motor_control_py/install.log'
[4.214s] Invoked command in '/home/y/GZ_DiNiu/src/motor_control_py' returned '0': PYTHONPATH=/home/y/GZ_DiNiu/build/motor_control_py/prefix_override:/usr/lib/python3/dist-packages/colcon_core/task/python/colcon_distutils_commands:/home/y/GZ_DiNiu/install/motor_control_py/lib/python3.10/site-packages:${PYTHONPATH} /usr/bin/python3 -W ignore:setup.py install is deprecated -W ignore:easy_install command is deprecated setup.py egg_info --egg-base ../../build/motor_control_py build --build-base /home/y/GZ_DiNiu/build/motor_control_py/build install --record /home/y/GZ_DiNiu/build/motor_control_py/install.log --single-version-externally-managed install_data
