[2.952s] Invoking command in '/root/GZ_DiNiu/build/steer_closed_loop': CMAKE_PREFIX_PATH=${CMAKE_PREFIX_PATH}:/root/GZ_DiNiu/install/motor_control_py:/root/GZ_DiNiu/install/imu_bno08x:/opt/ros/humble /usr/bin/cmake --build /root/GZ_DiNiu/build/steer_closed_loop -- -j4 -l4
[3.297s] [100%] Built target steer_closed_loop_node
[3.378s] Invoked command in '/root/GZ_DiNiu/build/steer_closed_loop' returned '0': CMAKE_PREFIX_PATH=${CMAKE_PREFIX_PATH}:/root/GZ_DiNiu/install/motor_control_py:/root/GZ_DiNiu/install/imu_bno08x:/opt/ros/humble /usr/bin/cmake --build /root/GZ_DiNiu/build/steer_closed_loop -- -j4 -l4
[3.384s] Invoking command in '/root/GZ_DiNiu/build/steer_closed_loop': CMAKE_PREFIX_PATH=${CMAKE_PREFIX_PATH}:/root/GZ_DiNiu/install/motor_control_py:/root/GZ_DiNiu/install/imu_bno08x:/opt/ros/humble /usr/bin/cmake --install /root/GZ_DiNiu/build/steer_closed_loop
[3.438s] -- Install configuration: ""
[3.439s] -- Up-to-date: /root/GZ_DiNiu/install/steer_closed_loop/lib/steer_closed_loop/steer_closed_loop_node
[3.443s] -- Up-to-date: /root/GZ_DiNiu/install/steer_closed_loop/share/ament_index/resource_index/package_run_dependencies/steer_closed_loop
[3.445s] -- Up-to-date: /root/GZ_DiNiu/install/steer_closed_loop/share/ament_index/resource_index/parent_prefix_path/steer_closed_loop
[3.447s] -- Up-to-date: /root/GZ_DiNiu/install/steer_closed_loop/share/steer_closed_loop/environment/ament_prefix_path.sh
[3.449s] -- Up-to-date: /root/GZ_DiNiu/install/steer_closed_loop/share/steer_closed_loop/environment/ament_prefix_path.dsv
[3.451s] -- Up-to-date: /root/GZ_DiNiu/install/steer_closed_loop/share/steer_closed_loop/environment/path.sh
[3.453s] -- Up-to-date: /root/GZ_DiNiu/install/steer_closed_loop/share/steer_closed_loop/environment/path.dsv
[3.459s] -- Up-to-date: /root/GZ_DiNiu/install/steer_closed_loop/share/steer_closed_loop/local_setup.bash
[3.459s] -- Up-to-date: /root/GZ_DiNiu/install/steer_closed_loop/share/steer_closed_loop/local_setup.sh
[3.461s] -- Up-to-date: /root/GZ_DiNiu/install/steer_closed_loop/share/steer_closed_loop/local_setup.zsh
[3.463s] -- Up-to-date: /root/GZ_DiNiu/install/steer_closed_loop/share/steer_closed_loop/local_setup.dsv
[3.465s] -- Installing: /root/GZ_DiNiu/install/steer_closed_loop/share/steer_closed_loop/package.dsv
[3.471s] -- Up-to-date: /root/GZ_DiNiu/install/steer_closed_loop/share/ament_index/resource_index/packages/steer_closed_loop
[3.473s] -- Up-to-date: /root/GZ_DiNiu/install/steer_closed_loop/share/steer_closed_loop/cmake/steer_closed_loopConfig.cmake
[3.475s] -- Up-to-date: /root/GZ_DiNiu/install/steer_closed_loop/share/steer_closed_loop/cmake/steer_closed_loopConfig-version.cmake
[3.478s] -- Up-to-date: /root/GZ_DiNiu/install/steer_closed_loop/share/steer_closed_loop/package.xml
[3.488s] Invoked command in '/root/GZ_DiNiu/build/steer_closed_loop' returned '0': CMAKE_PREFIX_PATH=${CMAKE_PREFIX_PATH}:/root/GZ_DiNiu/install/motor_control_py:/root/GZ_DiNiu/install/imu_bno08x:/opt/ros/humble /usr/bin/cmake --install /root/GZ_DiNiu/build/steer_closed_loop
