[10.016s] Invoking command in '/root/GZ_DiNiu/src/motor_control_py': PYTHONPATH=/root/GZ_DiNiu/build/motor_control_py/prefix_override:/usr/lib/python3/dist-packages/colcon_core/task/python/colcon_distutils_commands:/root/GZ_DiNiu/install/motor_control_py/lib/python3.10/site-packages:${PYTHONPATH} /usr/bin/python3 -W ignore:setup.py install is deprecated -W ignore:easy_install command is deprecated setup.py egg_info --egg-base ../../build/motor_control_py build --build-base /root/GZ_DiNiu/build/motor_control_py/build install --record /root/GZ_DiNiu/build/motor_control_py/install.log --single-version-externally-managed install_data
[12.118s] running egg_info
[12.124s] writing ../../build/motor_control_py/motor_control_py.egg-info/PKG-INFO
[12.125s] writing dependency_links to ../../build/motor_control_py/motor_control_py.egg-info/dependency_links.txt
[12.129s] writing entry points to ../../build/motor_control_py/motor_control_py.egg-info/entry_points.txt
[12.130s] writing requirements to ../../build/motor_control_py/motor_control_py.egg-info/requires.txt
[12.131s] writing top-level names to ../../build/motor_control_py/motor_control_py.egg-info/top_level.txt
[12.141s] reading manifest file '../../build/motor_control_py/motor_control_py.egg-info/SOURCES.txt'
[12.152s] writing manifest file '../../build/motor_control_py/motor_control_py.egg-info/SOURCES.txt'
[12.153s] running build
[12.153s] running build_py
[12.156s] running install
[12.158s] running install_lib
[12.168s] running install_data
[12.170s] running install_egg_info
[12.182s] removing '/root/GZ_DiNiu/install/motor_control_py/lib/python3.10/site-packages/motor_control_py-0.0.1-py3.10.egg-info' (and everything under it)
[12.185s] Copying ../../build/motor_control_py/motor_control_py.egg-info to /root/GZ_DiNiu/install/motor_control_py/lib/python3.10/site-packages/motor_control_py-0.0.1-py3.10.egg-info
[12.207s] running install_scripts
[12.340s] Installing motor_control_node script to /root/GZ_DiNiu/install/motor_control_py/lib/motor_control_py
[12.342s] Installing speed_web_node script to /root/GZ_DiNiu/install/motor_control_py/lib/motor_control_py
[12.343s] Installing steer_control_node script to /root/GZ_DiNiu/install/motor_control_py/lib/motor_control_py
[12.347s] writing list of installed files to '/root/GZ_DiNiu/build/motor_control_py/install.log'
[12.653s] Invoked command in '/root/GZ_DiNiu/src/motor_control_py' returned '0': PYTHONPATH=/root/GZ_DiNiu/build/motor_control_py/prefix_override:/usr/lib/python3/dist-packages/colcon_core/task/python/colcon_distutils_commands:/root/GZ_DiNiu/install/motor_control_py/lib/python3.10/site-packages:${PYTHONPATH} /usr/bin/python3 -W ignore:setup.py install is deprecated -W ignore:easy_install command is deprecated setup.py egg_info --egg-base ../../build/motor_control_py build --build-base /root/GZ_DiNiu/build/motor_control_py/build install --record /root/GZ_DiNiu/build/motor_control_py/install.log --single-version-externally-managed install_data
