[7.213s] Invoking command in '/root/GZ_DiNiu/src/motor_control_py': PYTHONPATH=/root/GZ_DiNiu/build/motor_control_py/prefix_override:/usr/lib/python3/dist-packages/colcon_core/task/python/colcon_distutils_commands:/root/GZ_DiNiu/install/motor_control_py/lib/python3.10/site-packages:${PYTHONPATH} /usr/bin/python3 -W ignore:setup.py install is deprecated -W ignore:easy_install command is deprecated setup.py egg_info --egg-base ../../build/motor_control_py build --build-base /root/GZ_DiNiu/build/motor_control_py/build install --record /root/GZ_DiNiu/build/motor_control_py/install.log --single-version-externally-managed install_data
[9.344s] running egg_info
[9.347s] writing ../../build/motor_control_py/motor_control_py.egg-info/PKG-INFO
[9.354s] writing dependency_links to ../../build/motor_control_py/motor_control_py.egg-info/dependency_links.txt
[9.357s] writing entry points to ../../build/motor_control_py/motor_control_py.egg-info/entry_points.txt
[9.359s] writing requirements to ../../build/motor_control_py/motor_control_py.egg-info/requires.txt
[9.361s] writing top-level names to ../../build/motor_control_py/motor_control_py.egg-info/top_level.txt
[9.366s] reading manifest file '../../build/motor_control_py/motor_control_py.egg-info/SOURCES.txt'
[9.372s] writing manifest file '../../build/motor_control_py/motor_control_py.egg-info/SOURCES.txt'
[9.372s] running build
[9.373s] running build_py
[9.373s] copying motor_control_py/steer_control_node.py -> /root/GZ_DiNiu/build/motor_control_py/build/lib/motor_control_py
[9.374s] running install
[9.376s] running install_lib
[9.380s] copying /root/GZ_DiNiu/build/motor_control_py/build/lib/motor_control_py/steer_control_node.py -> /root/GZ_DiNiu/install/motor_control_py/lib/python3.10/site-packages/motor_control_py
[9.384s] byte-compiling /root/GZ_DiNiu/install/motor_control_py/lib/python3.10/site-packages/motor_control_py/steer_control_node.py to steer_control_node.cpython-310.pyc
[9.391s] running install_data
[9.398s] running install_egg_info
[9.402s] removing '/root/GZ_DiNiu/install/motor_control_py/lib/python3.10/site-packages/motor_control_py-0.0.1-py3.10.egg-info' (and everything under it)
[9.405s] Copying ../../build/motor_control_py/motor_control_py.egg-info to /root/GZ_DiNiu/install/motor_control_py/lib/python3.10/site-packages/motor_control_py-0.0.1-py3.10.egg-info
[9.414s] running install_scripts
[9.517s] Installing motor_control_node script to /root/GZ_DiNiu/install/motor_control_py/lib/motor_control_py
[9.521s] Installing steer_control_node script to /root/GZ_DiNiu/install/motor_control_py/lib/motor_control_py
[9.523s] writing list of installed files to '/root/GZ_DiNiu/build/motor_control_py/install.log'
[9.710s] Invoked command in '/root/GZ_DiNiu/src/motor_control_py' returned '0': PYTHONPATH=/root/GZ_DiNiu/build/motor_control_py/prefix_override:/usr/lib/python3/dist-packages/colcon_core/task/python/colcon_distutils_commands:/root/GZ_DiNiu/install/motor_control_py/lib/python3.10/site-packages:${PYTHONPATH} /usr/bin/python3 -W ignore:setup.py install is deprecated -W ignore:easy_install command is deprecated setup.py egg_info --egg-base ../../build/motor_control_py build --build-base /root/GZ_DiNiu/build/motor_control_py/build install --record /root/GZ_DiNiu/build/motor_control_py/install.log --single-version-externally-managed install_data
